#
# There is insufficient memory for the Java Runtime Environment to continue.
# Native memory allocation (malloc) failed to allocate 2158576 bytes for Chunk::new
# Possible reasons:
#   The system is out of physical RAM or swap space
#   The process is running with CompressedOops enabled, and the Java Heap may be blocking the growth of the native heap
# Possible solutions:
#   Reduce memory load on the system
#   Increase physical memory or swap space
#   Check if swap backing store is full
#   Decrease Java heap size (-Xmx/-Xms)
#   Decrease number of Java threads
#   Decrease Java thread stack sizes (-Xss)
#   Set larger code cache with -XX:ReservedCodeCacheSize=
#   JVM is running with Unscaled Compressed Oops mode in which the Java heap is
#     placed in the first 4GB address space. The Java Heap base address is the
#     maximum limit for the native heap growth. Please use -XX:HeapBaseMinAddress
#     to set the Java Heap base and to place the Java Heap above 4GB virtual address.
# This output file may be truncated or incomplete.
#
#  Out of Memory Error (./src/hotspot/share/memory/arena.cpp:197), pid=8640, tid=15416
#
# JRE version: OpenJDK Runtime Environment (11.0.11+9) (build 11.0.11+9-b60-7590822)
# Java VM: OpenJDK 64-Bit Server VM (11.0.11+9-b60-7590822, mixed mode, tiered, compressed oops, g1 gc, windows-amd64)
# No core dump will be written. Minidumps are not enabled by default on client versions of Windows
#

---------------  S U M M A R Y ------------

Command Line: --add-opens=java.base/java.util=ALL-UNNAMED --add-opens=java.base/java.lang=ALL-UNNAMED --add-opens=java.base/java.lang.invoke=ALL-UNNAMED --add-opens=java.base/java.util=ALL-UNNAMED --add-opens=java.prefs/java.util.prefs=ALL-UNNAMED --add-opens=java.prefs/java.util.prefs=ALL-UNNAMED --add-opens=java.base/java.nio.charset=ALL-UNNAMED --add-opens=java.base/java.net=ALL-UNNAMED --add-opens=java.base/java.util.concurrent.atomic=ALL-UNNAMED -Xmx2048m -Dfile.encoding=UTF-8 -Duser.country=US -Duser.language=en -Duser.variant org.gradle.launcher.daemon.bootstrap.GradleDaemon 7.2

Host: Intel(R) Core(TM) i3-8100 CPU @ 3.60GHz, 2 cores, 14G,  Windows 10 , 64 bit Build 19041 (10.0.19041.1645)
Time: Thu Apr 28 22:23:24 2022 Malay Peninsula Standard Time elapsed time: 9.683328 seconds (0d 0h 0m 9s)

---------------  T H R E A D  ---------------

Current thread (0x000001e6ffc1e000):  JavaThread "C2 CompilerThread0" daemon [_thread_in_native, id=15416, stack(0x000000a00b500000,0x000000a00b600000)]


Current CompileTask:
C2:   9683 3810       4       java.lang.invoke.LambdaForm$Name::replaceNames (174 bytes)

Stack: [0x000000a00b500000,0x000000a00b600000]
Native frames: (J=compiled Java code, j=interpreted, Vv=VM code, C=native code)
V  [jvm.dll+0x5f214a]
V  [jvm.dll+0x726fb5]
V  [jvm.dll+0x7285cd]
V  [jvm.dll+0x728c83]
V  [jvm.dll+0x243278]
V  [jvm.dll+0xbc53c]
V  [jvm.dll+0xbca3c]
V  [jvm.dll+0x353e7d]
V  [jvm.dll+0x321893]
V  [jvm.dll+0x320d8a]
V  [jvm.dll+0x1fc1e2]
V  [jvm.dll+0x1fb3d4]
V  [jvm.dll+0x183d6c]
V  [jvm.dll+0x209a57]
V  [jvm.dll+0x2082a1]
V  [jvm.dll+0x6ef58f]
V  [jvm.dll+0x6e80b5]
V  [jvm.dll+0x5f1036]
C  [ucrtbase.dll+0x21bb2]
C  [KERNEL32.DLL+0x17034]
C  [ntdll.dll+0x52651]


---------------  P R O C E S S  ---------------

Threads class SMR info:
_java_thread_list=0x000001e699757300, length=35, elements={
0x000001e6f944c000, 0x000001e6ffbb1000, 0x000001e6ffbb4000, 0x000001e6ffc14800,
0x000001e6ffc17000, 0x000001e6ffc1b000, 0x000001e6ffc1e000, 0x000001e6ffc21000,
0x000001e6ffc87000, 0x000001e6ffd82800, 0x000001e6967fd800, 0x000001e696b58000,
0x000001e696658000, 0x000001e696adc800, 0x000001e696d7f800, 0x000001e696f5d800,
0x000001e696301000, 0x000001e696301800, 0x000001e697058800, 0x000001e6974f1000,
0x000001e6974f0800, 0x000001e6974f4800, 0x000001e6974f7000, 0x000001e6974f3000,
0x000001e6974f3800, 0x000001e6974f5000, 0x000001e6974f2000, 0x000001e6974f6000,
0x000001e69708d000, 0x000001e69708b800, 0x000001e69708c000, 0x000001e69708f800,
0x000001e697092800, 0x000001e69708d800, 0x000001e697090000
}

Java Threads: ( => current thread )
  0x000001e6f944c000 JavaThread "main" [_thread_blocked, id=2516, stack(0x000000a00a900000,0x000000a00aa00000)]
  0x000001e6ffbb1000 JavaThread "Reference Handler" daemon [_thread_blocked, id=14396, stack(0x000000a00b000000,0x000000a00b100000)]
  0x000001e6ffbb4000 JavaThread "Finalizer" daemon [_thread_blocked, id=8924, stack(0x000000a00b100000,0x000000a00b200000)]
  0x000001e6ffc14800 JavaThread "Signal Dispatcher" daemon [_thread_blocked, id=22052, stack(0x000000a00b200000,0x000000a00b300000)]
  0x000001e6ffc17000 JavaThread "Attach Listener" daemon [_thread_blocked, id=15900, stack(0x000000a00b300000,0x000000a00b400000)]
  0x000001e6ffc1b000 JavaThread "Service Thread" daemon [_thread_blocked, id=4612, stack(0x000000a00b400000,0x000000a00b500000)]
=>0x000001e6ffc1e000 JavaThread "C2 CompilerThread0" daemon [_thread_in_native, id=15416, stack(0x000000a00b500000,0x000000a00b600000)]
  0x000001e6ffc21000 JavaThread "C1 CompilerThread0" daemon [_thread_blocked, id=4604, stack(0x000000a00b600000,0x000000a00b700000)]
  0x000001e6ffc87000 JavaThread "Sweeper thread" daemon [_thread_blocked, id=5032, stack(0x000000a00b700000,0x000000a00b800000)]
  0x000001e6ffd82800 JavaThread "Common-Cleaner" daemon [_thread_blocked, id=7712, stack(0x000000a00b800000,0x000000a00b900000)]
  0x000001e6967fd800 JavaThread "Daemon health stats" [_thread_blocked, id=4584, stack(0x000000a00bb00000,0x000000a00bc00000)]
  0x000001e696b58000 JavaThread "Incoming local TCP Connector on port 55268" [_thread_in_native, id=14088, stack(0x000000a00bc00000,0x000000a00bd00000)]
  0x000001e696658000 JavaThread "Daemon periodic checks" [_thread_blocked, id=11052, stack(0x000000a00bd00000,0x000000a00be00000)]
  0x000001e696adc800 JavaThread "Daemon" [_thread_blocked, id=20344, stack(0x000000a00be00000,0x000000a00bf00000)]
  0x000001e696d7f800 JavaThread "Handler for socket connection from /127.0.0.1:55268 to /127.0.0.1:55269" [_thread_in_native, id=11348, stack(0x000000a00bf00000,0x000000a00c000000)]
  0x000001e696f5d800 JavaThread "Cancel handler" [_thread_blocked, id=12684, stack(0x000000a00c000000,0x000000a00c100000)]
  0x000001e696301000 JavaThread "Daemon worker" [_thread_in_native, id=19424, stack(0x000000a00c100000,0x000000a00c200000)]
  0x000001e696301800 JavaThread "Asynchronous log dispatcher for DefaultDaemonConnection: socket connection from /127.0.0.1:55268 to /127.0.0.1:55269" [_thread_blocked, id=11112, stack(0x000000a00c200000,0x000000a00c300000)]
  0x000001e697058800 JavaThread "Stdin handler" [_thread_blocked, id=16064, stack(0x000000a00c300000,0x000000a00c400000)]
  0x000001e6974f1000 JavaThread "Daemon client event forwarder" [_thread_blocked, id=15556, stack(0x000000a00c400000,0x000000a00c500000)]
  0x000001e6974f0800 JavaThread "Cache worker for journal cache (C:\Users\Jaen\.gradle\caches\journal-1)" [_thread_blocked, id=10620, stack(0x000000a00c500000,0x000000a00c600000)]
  0x000001e6974f4800 JavaThread "File lock request listener" [_thread_in_native, id=14888, stack(0x000000a00c600000,0x000000a00c700000)]
  0x000001e6974f7000 JavaThread "Cache worker for file hash cache (C:\Users\Jaen\.gradle\caches\7.2\fileHashes)" [_thread_blocked, id=23548, stack(0x000000a00c700000,0x000000a00c800000)]
  0x000001e6974f3000 JavaThread "Cache worker for file hash cache (C:\Users\Jaen\AndroidStudioProjects\Group8_Capstone\.gradle\7.2\fileHashes)" [_thread_blocked, id=18808, stack(0x000000a00c800000,0x000000a00c900000)]
  0x000001e6974f3800 JavaThread "File watcher server" daemon [_thread_in_native, id=5324, stack(0x000000a00c900000,0x000000a00ca00000)]
  0x000001e6974f5000 JavaThread "File watcher consumer" daemon [_thread_blocked, id=2656, stack(0x000000a00ca00000,0x000000a00cb00000)]
  0x000001e6974f2000 JavaThread "Cache worker for checksums cache (C:\Users\Jaen\AndroidStudioProjects\Group8_Capstone\.gradle\checksums)" [_thread_blocked, id=9580, stack(0x000000a00cb00000,0x000000a00cc00000)]
  0x000001e6974f6000 JavaThread "Cache worker for cache directory md-supplier (C:\Users\Jaen\.gradle\caches\7.2\md-supplier)" [_thread_blocked, id=15664, stack(0x000000a00cc00000,0x000000a00cd00000)]
  0x000001e69708d000 JavaThread "Cache worker for cache directory md-rule (C:\Users\Jaen\.gradle\caches\7.2\md-rule)" [_thread_blocked, id=13100, stack(0x000000a00cd00000,0x000000a00ce00000)]
  0x000001e69708b800 JavaThread "Cache worker for execution history cache (C:\Users\Jaen\.gradle\caches\7.2\executionHistory)" [_thread_blocked, id=13444, stack(0x000000a00ce00000,0x000000a00cf00000)]
  0x000001e69708c000 JavaThread "jar transforms" [_thread_blocked, id=16496, stack(0x000000a00cf00000,0x000000a00d000000)]
  0x000001e69708f800 JavaThread "Cache worker for file content cache (C:\Users\Jaen\.gradle\caches\7.2\fileContent)" [_thread_blocked, id=1208, stack(0x000000a00d000000,0x000000a00d100000)]
  0x000001e697092800 JavaThread "jar transforms Thread 2" [_thread_blocked, id=18896, stack(0x000000a00d100000,0x000000a00d200000)]
  0x000001e69708d800 JavaThread "Cache worker for dependencies-accessors (C:\Users\Jaen\AndroidStudioProjects\Group8_Capstone\.gradle\7.2\dependencies-accessors)" [_thread_blocked, id=9088, stack(0x000000a00d200000,0x000000a00d300000)]
  0x000001e697090000 JavaThread "Cache worker for Build Output Cleanup Cache (C:\Users\Jaen\AndroidStudioProjects\Group8_Capstone\.gradle\buildOutputCleanup)" [_thread_blocked, id=5016, stack(0x000000a00d300000,0x000000a00d400000)]

Other Threads:
  0x000001e6ffbc0800 VMThread "VM Thread" [stack: 0x000000a00af00000,0x000000a00b000000] [id=21468]
  0x000001e6ffd8c000 WatcherThread [stack: 0x000000a00b900000,0x000000a00ba00000] [id=18676]
  0x000001e6f9461800 GCTaskThread "GC Thread#0" [stack: 0x000000a00aa00000,0x000000a00ab00000] [id=20888]
  0x000001e695c5f800 GCTaskThread "GC Thread#1" [stack: 0x000000a00ba00000,0x000000a00bb00000] [id=19204]
  0x000001e6f9492800 ConcurrentGCThread "G1 Main Marker" [stack: 0x000000a00ab00000,0x000000a00ac00000] [id=5068]
  0x000001e6f9494000 ConcurrentGCThread "G1 Conc#0" [stack: 0x000000a00ac00000,0x000000a00ad00000] [id=16596]
  0x000001e6f952d800 ConcurrentGCThread "G1 Refine#0" [stack: 0x000000a00ad00000,0x000000a00ae00000] [id=2260]
  0x000001e6f952e800 ConcurrentGCThread "G1 Young RemSet Sampling" [stack: 0x000000a00ae00000,0x000000a00af00000] [id=23500]

Threads with active compile tasks:
C2 CompilerThread0   9754 3810       4       java.lang.invoke.LambdaForm$Name::replaceNames (174 bytes)

VM state:not at safepoint (normal execution)

VM Mutex/Monitor currently owned by a thread: None

Heap address: 0x0000000080000000, size: 2048 MB, Compressed Oops mode: 32-bit
Narrow klass base: 0x0000000000000000, Narrow klass shift: 3
Compressed class space size: 1073741824 Address: 0x0000000100000000

Heap:
 garbage-first heap   total 280576K, used 86671K [0x0000000080000000, 0x0000000100000000)
  region size 1024K, 69 young (70656K), 12 survivors (12288K)
 Metaspace       used 46740K, capacity 47867K, committed 48124K, reserved 1091584K
  class space    used 6010K, capacity 6467K, committed 6528K, reserved 1048576K
Heap Regions: E=young(eden), S=young(survivor), O=old, HS=humongous(starts), HC=humongous(continues), CS=collection set, F=free, A=archive, TAMS=top-at-mark-start (previous, next)
|   0|0x0000000080000000, 0x0000000080100000, 0x0000000080100000|100%|HS|  |TAMS 0x0000000080100000, 0x0000000080000000| Complete 
|   1|0x0000000080100000, 0x0000000080200000, 0x0000000080200000|100%|HC|  |TAMS 0x0000000080200000, 0x0000000080100000| Complete 
|   2|0x0000000080200000, 0x0000000080300000, 0x0000000080300000|100%|HC|  |TAMS 0x0000000080300000, 0x0000000080200000| Complete 
|   3|0x0000000080300000, 0x0000000080400000, 0x0000000080400000|100%| O|  |TAMS 0x0000000080400000, 0x0000000080300000| Untracked 
|   4|0x0000000080400000, 0x0000000080500000, 0x0000000080500000|100%| O|  |TAMS 0x0000000080500000, 0x0000000080400000| Untracked 
|   5|0x0000000080500000, 0x0000000080600000, 0x0000000080600000|100%| O|  |TAMS 0x0000000080600000, 0x0000000080500000| Untracked 
|   6|0x0000000080600000, 0x0000000080700000, 0x0000000080700000|100%| O|  |TAMS 0x0000000080700000, 0x0000000080600000| Untracked 
|   7|0x0000000080700000, 0x0000000080800000, 0x0000000080800000|100%| O|  |TAMS 0x0000000080800000, 0x0000000080700000| Untracked 
|   8|0x0000000080800000, 0x0000000080900000, 0x0000000080900000|100%| O|  |TAMS 0x0000000080900000, 0x0000000080800000| Untracked 
|   9|0x0000000080900000, 0x0000000080a00000, 0x0000000080a00000|100%| O|  |TAMS 0x0000000080a00000, 0x0000000080900000| Untracked 
|  10|0x0000000080a00000, 0x0000000080b00000, 0x0000000080b00000|100%| O|  |TAMS 0x0000000080b00000, 0x0000000080a00000| Untracked 
|  11|0x0000000080b00000, 0x0000000080c00000, 0x0000000080c00000|100%| O|  |TAMS 0x0000000080c00000, 0x0000000080b00000| Untracked 
|  12|0x0000000080c00000, 0x0000000080d00000, 0x0000000080d00000|100%| O|  |TAMS 0x0000000080d00000, 0x0000000080c00000| Untracked 
|  13|0x0000000080d00000, 0x0000000080e00000, 0x0000000080e00000|100%| O|  |TAMS 0x0000000080dc3800, 0x0000000080d00000| Untracked 
|  14|0x0000000080e00000, 0x0000000080f00000, 0x0000000080f00000|100%|HS|  |TAMS 0x0000000080e00000, 0x0000000080e00000| Complete 
|  15|0x0000000080f00000, 0x0000000080f00000, 0x0000000081000000|  0%| F|  |TAMS 0x0000000080f00000, 0x0000000080f00000| Untracked 
|  16|0x0000000081000000, 0x0000000081000000, 0x0000000081100000|  0%| F|  |TAMS 0x0000000081000000, 0x0000000081000000| Untracked 
|  17|0x0000000081100000, 0x0000000081200000, 0x0000000081200000|100%| O|  |TAMS 0x0000000081100000, 0x0000000081100000| Untracked 
|  18|0x0000000081200000, 0x00000000812ae400, 0x0000000081300000| 68%| O|  |TAMS 0x0000000081200000, 0x0000000081200000| Untracked 
|  19|0x0000000081300000, 0x0000000081300000, 0x0000000081400000|  0%| F|  |TAMS 0x0000000081300000, 0x0000000081300000| Untracked 
|  20|0x0000000081400000, 0x0000000081400000, 0x0000000081500000|  0%| F|  |TAMS 0x0000000081400000, 0x0000000081400000| Untracked 
|  21|0x0000000081500000, 0x0000000081500000, 0x0000000081600000|  0%| F|  |TAMS 0x0000000081500000, 0x0000000081500000| Untracked 
|  22|0x0000000081600000, 0x0000000081600000, 0x0000000081700000|  0%| F|  |TAMS 0x0000000081600000, 0x0000000081600000| Untracked 
|  23|0x0000000081700000, 0x0000000081700000, 0x0000000081800000|  0%| F|  |TAMS 0x0000000081700000, 0x0000000081700000| Untracked 
|  24|0x0000000081800000, 0x0000000081800000, 0x0000000081900000|  0%| F|  |TAMS 0x0000000081800000, 0x0000000081800000| Untracked 
|  25|0x0000000081900000, 0x0000000081900000, 0x0000000081a00000|  0%| F|  |TAMS 0x0000000081900000, 0x0000000081900000| Untracked 
|  26|0x0000000081a00000, 0x0000000081a00000, 0x0000000081b00000|  0%| F|  |TAMS 0x0000000081a00000, 0x0000000081a00000| Untracked 
|  27|0x0000000081b00000, 0x0000000081b00000, 0x0000000081c00000|  0%| F|  |TAMS 0x0000000081b00000, 0x0000000081b00000| Untracked 
|  28|0x0000000081c00000, 0x0000000081c00000, 0x0000000081d00000|  0%| F|  |TAMS 0x0000000081c00000, 0x0000000081c00000| Untracked 
|  29|0x0000000081d00000, 0x0000000081d00000, 0x0000000081e00000|  0%| F|  |TAMS 0x0000000081d00000, 0x0000000081d00000| Untracked 
|  30|0x0000000081e00000, 0x0000000081e00000, 0x0000000081f00000|  0%| F|  |TAMS 0x0000000081e00000, 0x0000000081e00000| Untracked 
|  31|0x0000000081f00000, 0x0000000081f00000, 0x0000000082000000|  0%| F|  |TAMS 0x0000000081f00000, 0x0000000081f00000| Untracked 
|  32|0x0000000082000000, 0x0000000082000000, 0x0000000082100000|  0%| F|  |TAMS 0x0000000082000000, 0x0000000082000000| Untracked 
|  33|0x0000000082100000, 0x0000000082100000, 0x0000000082200000|  0%| F|  |TAMS 0x0000000082100000, 0x0000000082100000| Untracked 
|  34|0x0000000082200000, 0x0000000082200000, 0x0000000082300000|  0%| F|  |TAMS 0x0000000082200000, 0x0000000082200000| Untracked 
|  35|0x0000000082300000, 0x0000000082300000, 0x0000000082400000|  0%| F|  |TAMS 0x0000000082300000, 0x0000000082300000| Untracked 
|  36|0x0000000082400000, 0x0000000082400000, 0x0000000082500000|  0%| F|  |TAMS 0x0000000082400000, 0x0000000082400000| Untracked 
|  37|0x0000000082500000, 0x0000000082500000, 0x0000000082600000|  0%| F|  |TAMS 0x0000000082500000, 0x0000000082500000| Untracked 
|  38|0x0000000082600000, 0x0000000082600000, 0x0000000082700000|  0%| F|  |TAMS 0x0000000082600000, 0x0000000082600000| Untracked 
|  39|0x0000000082700000, 0x0000000082700000, 0x0000000082800000|  0%| F|  |TAMS 0x0000000082700000, 0x0000000082700000| Untracked 
|  40|0x0000000082800000, 0x0000000082800000, 0x0000000082900000|  0%| F|  |TAMS 0x0000000082800000, 0x0000000082800000| Untracked 
|  41|0x0000000082900000, 0x0000000082900000, 0x0000000082a00000|  0%| F|  |TAMS 0x0000000082900000, 0x0000000082900000| Untracked 
|  42|0x0000000082a00000, 0x0000000082a00000, 0x0000000082b00000|  0%| F|  |TAMS 0x0000000082a00000, 0x0000000082a00000| Untracked 
|  43|0x0000000082b00000, 0x0000000082b00000, 0x0000000082c00000|  0%| F|  |TAMS 0x0000000082b00000, 0x0000000082b00000| Untracked 
|  44|0x0000000082c00000, 0x0000000082c00000, 0x0000000082d00000|  0%| F|  |TAMS 0x0000000082c00000, 0x0000000082c00000| Untracked 
|  45|0x0000000082d00000, 0x0000000082d00000, 0x0000000082e00000|  0%| F|  |TAMS 0x0000000082d00000, 0x0000000082d00000| Untracked 
|  46|0x0000000082e00000, 0x0000000082e00000, 0x0000000082f00000|  0%| F|  |TAMS 0x0000000082e00000, 0x0000000082e00000| Untracked 
|  47|0x0000000082f00000, 0x0000000082f00000, 0x0000000083000000|  0%| F|  |TAMS 0x0000000082f00000, 0x0000000082f00000| Untracked 
|  48|0x0000000083000000, 0x0000000083000000, 0x0000000083100000|  0%| F|  |TAMS 0x0000000083000000, 0x0000000083000000| Untracked 
|  49|0x0000000083100000, 0x0000000083100000, 0x0000000083200000|  0%| F|  |TAMS 0x0000000083100000, 0x0000000083100000| Untracked 
|  50|0x0000000083200000, 0x0000000083200000, 0x0000000083300000|  0%| F|  |TAMS 0x0000000083200000, 0x0000000083200000| Untracked 
|  51|0x0000000083300000, 0x0000000083300000, 0x0000000083400000|  0%| F|  |TAMS 0x0000000083300000, 0x0000000083300000| Untracked 
|  52|0x0000000083400000, 0x0000000083400000, 0x0000000083500000|  0%| F|  |TAMS 0x0000000083400000, 0x0000000083400000| Untracked 
|  53|0x0000000083500000, 0x0000000083500000, 0x0000000083600000|  0%| F|  |TAMS 0x0000000083500000, 0x0000000083500000| Untracked 
|  54|0x0000000083600000, 0x0000000083600000, 0x0000000083700000|  0%| F|  |TAMS 0x0000000083600000, 0x0000000083600000| Untracked 
|  55|0x0000000083700000, 0x0000000083700000, 0x0000000083800000|  0%| F|  |TAMS 0x0000000083700000, 0x0000000083700000| Untracked 
|  56|0x0000000083800000, 0x0000000083800000, 0x0000000083900000|  0%| F|  |TAMS 0x0000000083800000, 0x0000000083800000| Untracked 
|  57|0x0000000083900000, 0x0000000083900000, 0x0000000083a00000|  0%| F|  |TAMS 0x0000000083900000, 0x0000000083900000| Untracked 
|  58|0x0000000083a00000, 0x0000000083a00000, 0x0000000083b00000|  0%| F|  |TAMS 0x0000000083a00000, 0x0000000083a00000| Untracked 
|  59|0x0000000083b00000, 0x0000000083b00000, 0x0000000083c00000|  0%| F|  |TAMS 0x0000000083b00000, 0x0000000083b00000| Untracked 
|  60|0x0000000083c00000, 0x0000000083c00000, 0x0000000083d00000|  0%| F|  |TAMS 0x0000000083c00000, 0x0000000083c00000| Untracked 
|  61|0x0000000083d00000, 0x0000000083d00000, 0x0000000083e00000|  0%| F|  |TAMS 0x0000000083d00000, 0x0000000083d00000| Untracked 
|  62|0x0000000083e00000, 0x0000000083e00000, 0x0000000083f00000|  0%| F|  |TAMS 0x0000000083e00000, 0x0000000083e00000| Untracked 
|  63|0x0000000083f00000, 0x0000000083f00000, 0x0000000084000000|  0%| F|  |TAMS 0x0000000083f00000, 0x0000000083f00000| Untracked 
|  64|0x0000000084000000, 0x0000000084000000, 0x0000000084100000|  0%| F|  |TAMS 0x0000000084000000, 0x0000000084000000| Untracked 
|  65|0x0000000084100000, 0x0000000084100000, 0x0000000084200000|  0%| F|  |TAMS 0x0000000084100000, 0x0000000084100000| Untracked 
|  66|0x0000000084200000, 0x0000000084200000, 0x0000000084300000|  0%| F|  |TAMS 0x0000000084200000, 0x0000000084200000| Untracked 
|  67|0x0000000084300000, 0x0000000084300000, 0x0000000084400000|  0%| F|  |TAMS 0x0000000084300000, 0x0000000084300000| Untracked 
|  68|0x0000000084400000, 0x0000000084400000, 0x0000000084500000|  0%| F|  |TAMS 0x0000000084400000, 0x0000000084400000| Untracked 
|  69|0x0000000084500000, 0x0000000084500000, 0x0000000084600000|  0%| F|  |TAMS 0x0000000084500000, 0x0000000084500000| Untracked 
|  70|0x0000000084600000, 0x0000000084600000, 0x0000000084700000|  0%| F|  |TAMS 0x0000000084600000, 0x0000000084600000| Untracked 
|  71|0x0000000084700000, 0x0000000084700000, 0x0000000084800000|  0%| F|  |TAMS 0x0000000084700000, 0x0000000084700000| Untracked 
|  72|0x0000000084800000, 0x0000000084800000, 0x0000000084900000|  0%| F|  |TAMS 0x0000000084800000, 0x0000000084800000| Untracked 
|  73|0x0000000084900000, 0x0000000084900000, 0x0000000084a00000|  0%| F|  |TAMS 0x0000000084900000, 0x0000000084900000| Untracked 
|  74|0x0000000084a00000, 0x0000000084a00000, 0x0000000084b00000|  0%| F|  |TAMS 0x0000000084a00000, 0x0000000084a00000| Untracked 
|  75|0x0000000084b00000, 0x0000000084b00000, 0x0000000084c00000|  0%| F|  |TAMS 0x0000000084b00000, 0x0000000084b00000| Untracked 
|  76|0x0000000084c00000, 0x0000000084c00000, 0x0000000084d00000|  0%| F|  |TAMS 0x0000000084c00000, 0x0000000084c00000| Untracked 
|  77|0x0000000084d00000, 0x0000000084d00000, 0x0000000084e00000|  0%| F|  |TAMS 0x0000000084d00000, 0x0000000084d00000| Untracked 
|  78|0x0000000084e00000, 0x0000000084e00000, 0x0000000084f00000|  0%| F|  |TAMS 0x0000000084e00000, 0x0000000084e00000| Untracked 
|  79|0x0000000084f00000, 0x0000000084f00000, 0x0000000085000000|  0%| F|  |TAMS 0x0000000084f00000, 0x0000000084f00000| Untracked 
|  80|0x0000000085000000, 0x0000000085000000, 0x0000000085100000|  0%| F|  |TAMS 0x0000000085000000, 0x0000000085000000| Untracked 
|  81|0x0000000085100000, 0x0000000085100000, 0x0000000085200000|  0%| F|  |TAMS 0x0000000085100000, 0x0000000085100000| Untracked 
|  82|0x0000000085200000, 0x0000000085200000, 0x0000000085300000|  0%| F|  |TAMS 0x0000000085200000, 0x0000000085200000| Untracked 
|  83|0x0000000085300000, 0x0000000085300000, 0x0000000085400000|  0%| F|  |TAMS 0x0000000085300000, 0x0000000085300000| Untracked 
|  84|0x0000000085400000, 0x0000000085400000, 0x0000000085500000|  0%| F|  |TAMS 0x0000000085400000, 0x0000000085400000| Untracked 
|  85|0x0000000085500000, 0x0000000085500000, 0x0000000085600000|  0%| F|  |TAMS 0x0000000085500000, 0x0000000085500000| Untracked 
|  86|0x0000000085600000, 0x0000000085600000, 0x0000000085700000|  0%| F|  |TAMS 0x0000000085600000, 0x0000000085600000| Untracked 
|  87|0x0000000085700000, 0x0000000085700000, 0x0000000085800000|  0%| F|  |TAMS 0x0000000085700000, 0x0000000085700000| Untracked 
|  88|0x0000000085800000, 0x0000000085800000, 0x0000000085900000|  0%| F|  |TAMS 0x0000000085800000, 0x0000000085800000| Untracked 
|  89|0x0000000085900000, 0x0000000085900000, 0x0000000085a00000|  0%| F|  |TAMS 0x0000000085900000, 0x0000000085900000| Untracked 
|  90|0x0000000085a00000, 0x0000000085a00000, 0x0000000085b00000|  0%| F|  |TAMS 0x0000000085a00000, 0x0000000085a00000| Untracked 
|  91|0x0000000085b00000, 0x0000000085b00000, 0x0000000085c00000|  0%| F|  |TAMS 0x0000000085b00000, 0x0000000085b00000| Untracked 
|  92|0x0000000085c00000, 0x0000000085c00000, 0x0000000085d00000|  0%| F|  |TAMS 0x0000000085c00000, 0x0000000085c00000| Untracked 
|  93|0x0000000085d00000, 0x0000000085d00000, 0x0000000085e00000|  0%| F|  |TAMS 0x0000000085d00000, 0x0000000085d00000| Untracked 
|  94|0x0000000085e00000, 0x0000000085e00000, 0x0000000085f00000|  0%| F|  |TAMS 0x0000000085e00000, 0x0000000085e00000| Untracked 
|  95|0x0000000085f00000, 0x0000000085f00000, 0x0000000086000000|  0%| F|  |TAMS 0x0000000085f00000, 0x0000000085f00000| Untracked 
|  96|0x0000000086000000, 0x0000000086000000, 0x0000000086100000|  0%| F|  |TAMS 0x0000000086000000, 0x0000000086000000| Untracked 
|  97|0x0000000086100000, 0x0000000086100000, 0x0000000086200000|  0%| F|  |TAMS 0x0000000086100000, 0x0000000086100000| Untracked 
|  98|0x0000000086200000, 0x0000000086200000, 0x0000000086300000|  0%| F|  |TAMS 0x0000000086200000, 0x0000000086200000| Untracked 
|  99|0x0000000086300000, 0x0000000086300000, 0x0000000086400000|  0%| F|  |TAMS 0x0000000086300000, 0x0000000086300000| Untracked 
| 100|0x0000000086400000, 0x0000000086400000, 0x0000000086500000|  0%| F|  |TAMS 0x0000000086400000, 0x0000000086400000| Untracked 
| 101|0x0000000086500000, 0x0000000086500000, 0x0000000086600000|  0%| F|  |TAMS 0x0000000086500000, 0x0000000086500000| Untracked 
| 102|0x0000000086600000, 0x0000000086600000, 0x0000000086700000|  0%| F|  |TAMS 0x0000000086600000, 0x0000000086600000| Untracked 
| 103|0x0000000086700000, 0x0000000086700000, 0x0000000086800000|  0%| F|  |TAMS 0x0000000086700000, 0x0000000086700000| Untracked 
| 104|0x0000000086800000, 0x0000000086800000, 0x0000000086900000|  0%| F|  |TAMS 0x0000000086800000, 0x0000000086800000| Untracked 
| 105|0x0000000086900000, 0x0000000086900000, 0x0000000086a00000|  0%| F|  |TAMS 0x0000000086900000, 0x0000000086900000| Untracked 
| 106|0x0000000086a00000, 0x0000000086a00000, 0x0000000086b00000|  0%| F|  |TAMS 0x0000000086a00000, 0x0000000086a00000| Untracked 
| 107|0x0000000086b00000, 0x0000000086b00000, 0x0000000086c00000|  0%| F|  |TAMS 0x0000000086b00000, 0x0000000086b00000| Untracked 
| 108|0x0000000086c00000, 0x0000000086c00000, 0x0000000086d00000|  0%| F|  |TAMS 0x0000000086c00000, 0x0000000086c00000| Untracked 
| 109|0x0000000086d00000, 0x0000000086d00000, 0x0000000086e00000|  0%| F|  |TAMS 0x0000000086d00000, 0x0000000086d00000| Untracked 
| 110|0x0000000086e00000, 0x0000000086e00000, 0x0000000086f00000|  0%| F|  |TAMS 0x0000000086e00000, 0x0000000086e00000| Untracked 
| 111|0x0000000086f00000, 0x0000000086f00000, 0x0000000087000000|  0%| F|  |TAMS 0x0000000086f00000, 0x0000000086f00000| Untracked 
| 112|0x0000000087000000, 0x0000000087000000, 0x0000000087100000|  0%| F|  |TAMS 0x0000000087000000, 0x0000000087000000| Untracked 
| 113|0x0000000087100000, 0x0000000087100000, 0x0000000087200000|  0%| F|  |TAMS 0x0000000087100000, 0x0000000087100000| Untracked 
| 114|0x0000000087200000, 0x0000000087200000, 0x0000000087300000|  0%| F|  |TAMS 0x0000000087200000, 0x0000000087200000| Untracked 
| 115|0x0000000087300000, 0x0000000087300000, 0x0000000087400000|  0%| F|  |TAMS 0x0000000087300000, 0x0000000087300000| Untracked 
| 116|0x0000000087400000, 0x0000000087400000, 0x0000000087500000|  0%| F|  |TAMS 0x0000000087400000, 0x0000000087400000| Untracked 
| 117|0x0000000087500000, 0x0000000087500000, 0x0000000087600000|  0%| F|  |TAMS 0x0000000087500000, 0x0000000087500000| Untracked 
| 118|0x0000000087600000, 0x0000000087600000, 0x0000000087700000|  0%| F|  |TAMS 0x0000000087600000, 0x0000000087600000| Untracked 
| 119|0x0000000087700000, 0x0000000087700000, 0x0000000087800000|  0%| F|  |TAMS 0x0000000087700000, 0x0000000087700000| Untracked 
| 120|0x0000000087800000, 0x0000000087800000, 0x0000000087900000|  0%| F|  |TAMS 0x0000000087800000, 0x0000000087800000| Untracked 
| 121|0x0000000087900000, 0x0000000087900000, 0x0000000087a00000|  0%| F|  |TAMS 0x0000000087900000, 0x0000000087900000| Untracked 
| 122|0x0000000087a00000, 0x0000000087a00000, 0x0000000087b00000|  0%| F|  |TAMS 0x0000000087a00000, 0x0000000087a00000| Untracked 
| 123|0x0000000087b00000, 0x0000000087b00000, 0x0000000087c00000|  0%| F|  |TAMS 0x0000000087b00000, 0x0000000087b00000| Untracked 
| 124|0x0000000087c00000, 0x0000000087c00000, 0x0000000087d00000|  0%| F|  |TAMS 0x0000000087c00000, 0x0000000087c00000| Untracked 
| 125|0x0000000087d00000, 0x0000000087d00000, 0x0000000087e00000|  0%| F|  |TAMS 0x0000000087d00000, 0x0000000087d00000| Untracked 
| 126|0x0000000087e00000, 0x0000000087e00000, 0x0000000087f00000|  0%| F|  |TAMS 0x0000000087e00000, 0x0000000087e00000| Untracked 
| 127|0x0000000087f00000, 0x0000000087f00000, 0x0000000088000000|  0%| F|  |TAMS 0x0000000087f00000, 0x0000000087f00000| Untracked 
| 128|0x0000000088000000, 0x0000000088000000, 0x0000000088100000|  0%| F|  |TAMS 0x0000000088000000, 0x0000000088000000| Untracked 
| 129|0x0000000088100000, 0x0000000088100000, 0x0000000088200000|  0%| F|  |TAMS 0x0000000088100000, 0x0000000088100000| Untracked 
| 130|0x0000000088200000, 0x0000000088200000, 0x0000000088300000|  0%| F|  |TAMS 0x0000000088200000, 0x0000000088200000| Untracked 
| 131|0x0000000088300000, 0x0000000088300000, 0x0000000088400000|  0%| F|  |TAMS 0x0000000088300000, 0x0000000088300000| Untracked 
| 132|0x0000000088400000, 0x0000000088400000, 0x0000000088500000|  0%| F|  |TAMS 0x0000000088400000, 0x0000000088400000| Untracked 
| 133|0x0000000088500000, 0x0000000088500000, 0x0000000088600000|  0%| F|  |TAMS 0x0000000088500000, 0x0000000088500000| Untracked 
| 134|0x0000000088600000, 0x0000000088600000, 0x0000000088700000|  0%| F|  |TAMS 0x0000000088600000, 0x0000000088600000| Untracked 
| 135|0x0000000088700000, 0x0000000088700000, 0x0000000088800000|  0%| F|  |TAMS 0x0000000088700000, 0x0000000088700000| Untracked 
| 136|0x0000000088800000, 0x0000000088800000, 0x0000000088900000|  0%| F|  |TAMS 0x0000000088800000, 0x0000000088800000| Untracked 
| 137|0x0000000088900000, 0x0000000088900000, 0x0000000088a00000|  0%| F|  |TAMS 0x0000000088900000, 0x0000000088900000| Untracked 
| 138|0x0000000088a00000, 0x0000000088a00000, 0x0000000088b00000|  0%| F|  |TAMS 0x0000000088a00000, 0x0000000088a00000| Untracked 
| 139|0x0000000088b00000, 0x0000000088b00000, 0x0000000088c00000|  0%| F|  |TAMS 0x0000000088b00000, 0x0000000088b00000| Untracked 
| 140|0x0000000088c00000, 0x0000000088c00000, 0x0000000088d00000|  0%| F|  |TAMS 0x0000000088c00000, 0x0000000088c00000| Untracked 
| 141|0x0000000088d00000, 0x0000000088d00000, 0x0000000088e00000|  0%| F|  |TAMS 0x0000000088d00000, 0x0000000088d00000| Untracked 
| 142|0x0000000088e00000, 0x0000000088e00000, 0x0000000088f00000|  0%| F|  |TAMS 0x0000000088e00000, 0x0000000088e00000| Untracked 
| 143|0x0000000088f00000, 0x0000000088f00000, 0x0000000089000000|  0%| F|  |TAMS 0x0000000088f00000, 0x0000000088f00000| Untracked 
| 144|0x0000000089000000, 0x0000000089000000, 0x0000000089100000|  0%| F|  |TAMS 0x0000000089000000, 0x0000000089000000| Untracked 
| 145|0x0000000089100000, 0x0000000089100000, 0x0000000089200000|  0%| F|  |TAMS 0x0000000089100000, 0x0000000089100000| Untracked 
| 146|0x0000000089200000, 0x0000000089200000, 0x0000000089300000|  0%| F|  |TAMS 0x0000000089200000, 0x0000000089200000| Untracked 
| 147|0x0000000089300000, 0x0000000089300000, 0x0000000089400000|  0%| F|  |TAMS 0x0000000089300000, 0x0000000089300000| Untracked 
| 148|0x0000000089400000, 0x0000000089400000, 0x0000000089500000|  0%| F|  |TAMS 0x0000000089400000, 0x0000000089400000| Untracked 
| 149|0x0000000089500000, 0x0000000089500000, 0x0000000089600000|  0%| F|  |TAMS 0x0000000089500000, 0x0000000089500000| Untracked 
| 150|0x0000000089600000, 0x0000000089600000, 0x0000000089700000|  0%| F|  |TAMS 0x0000000089600000, 0x0000000089600000| Untracked 
| 151|0x0000000089700000, 0x0000000089700000, 0x0000000089800000|  0%| F|  |TAMS 0x0000000089700000, 0x0000000089700000| Untracked 
| 152|0x0000000089800000, 0x0000000089800000, 0x0000000089900000|  0%| F|  |TAMS 0x0000000089800000, 0x0000000089800000| Untracked 
| 153|0x0000000089900000, 0x0000000089900000, 0x0000000089a00000|  0%| F|  |TAMS 0x0000000089900000, 0x0000000089900000| Untracked 
| 154|0x0000000089a00000, 0x0000000089a00000, 0x0000000089b00000|  0%| F|  |TAMS 0x0000000089a00000, 0x0000000089a00000| Untracked 
| 155|0x0000000089b00000, 0x0000000089b00000, 0x0000000089c00000|  0%| F|  |TAMS 0x0000000089b00000, 0x0000000089b00000| Untracked 
| 156|0x0000000089c00000, 0x0000000089c00000, 0x0000000089d00000|  0%| F|  |TAMS 0x0000000089c00000, 0x0000000089c00000| Untracked 
| 157|0x0000000089d00000, 0x0000000089d00000, 0x0000000089e00000|  0%| F|  |TAMS 0x0000000089d00000, 0x0000000089d00000| Untracked 
| 158|0x0000000089e00000, 0x0000000089e00000, 0x0000000089f00000|  0%| F|  |TAMS 0x0000000089e00000, 0x0000000089e00000| Untracked 
| 159|0x0000000089f00000, 0x0000000089f00000, 0x000000008a000000|  0%| F|  |TAMS 0x0000000089f00000, 0x0000000089f00000| Untracked 
| 160|0x000000008a000000, 0x000000008a000000, 0x000000008a100000|  0%| F|  |TAMS 0x000000008a000000, 0x000000008a000000| Untracked 
| 161|0x000000008a100000, 0x000000008a100000, 0x000000008a200000|  0%| F|  |TAMS 0x000000008a100000, 0x000000008a100000| Untracked 
| 162|0x000000008a200000, 0x000000008a200000, 0x000000008a300000|  0%| F|  |TAMS 0x000000008a200000, 0x000000008a200000| Untracked 
| 163|0x000000008a300000, 0x000000008a300000, 0x000000008a400000|  0%| F|  |TAMS 0x000000008a300000, 0x000000008a300000| Untracked 
| 164|0x000000008a400000, 0x000000008a400000, 0x000000008a500000|  0%| F|  |TAMS 0x000000008a400000, 0x000000008a400000| Untracked 
| 165|0x000000008a500000, 0x000000008a500000, 0x000000008a600000|  0%| F|  |TAMS 0x000000008a500000, 0x000000008a500000| Untracked 
| 166|0x000000008a600000, 0x000000008a600000, 0x000000008a700000|  0%| F|  |TAMS 0x000000008a600000, 0x000000008a600000| Untracked 
| 167|0x000000008a700000, 0x000000008a7f5ae8, 0x000000008a800000| 95%| S|CS|TAMS 0x000000008a700000, 0x000000008a700000| Complete 
| 168|0x000000008a800000, 0x000000008a900000, 0x000000008a900000|100%| S|CS|TAMS 0x000000008a800000, 0x000000008a800000| Complete 
| 169|0x000000008a900000, 0x000000008aa00000, 0x000000008aa00000|100%| S|CS|TAMS 0x000000008a900000, 0x000000008a900000| Complete 
| 170|0x000000008aa00000, 0x000000008ab00000, 0x000000008ab00000|100%| S|CS|TAMS 0x000000008aa00000, 0x000000008aa00000| Complete 
| 171|0x000000008ab00000, 0x000000008ac00000, 0x000000008ac00000|100%| S|CS|TAMS 0x000000008ab00000, 0x000000008ab00000| Complete 
| 172|0x000000008ac00000, 0x000000008ad00000, 0x000000008ad00000|100%| S|CS|TAMS 0x000000008ac00000, 0x000000008ac00000| Complete 
| 173|0x000000008ad00000, 0x000000008ae00000, 0x000000008ae00000|100%| S|CS|TAMS 0x000000008ad00000, 0x000000008ad00000| Complete 
| 174|0x000000008ae00000, 0x000000008af00000, 0x000000008af00000|100%| S|CS|TAMS 0x000000008ae00000, 0x000000008ae00000| Complete 
| 175|0x000000008af00000, 0x000000008b000000, 0x000000008b000000|100%| S|CS|TAMS 0x000000008af00000, 0x000000008af00000| Complete 
| 176|0x000000008b000000, 0x000000008b100000, 0x000000008b100000|100%| S|CS|TAMS 0x000000008b000000, 0x000000008b000000| Complete 
| 177|0x000000008b100000, 0x000000008b200000, 0x000000008b200000|100%| S|CS|TAMS 0x000000008b100000, 0x000000008b100000| Complete 
| 178|0x000000008b200000, 0x000000008b300000, 0x000000008b300000|100%| S|CS|TAMS 0x000000008b200000, 0x000000008b200000| Complete 
| 179|0x000000008b300000, 0x000000008b300000, 0x000000008b400000|  0%| F|  |TAMS 0x000000008b300000, 0x000000008b300000| Untracked 
| 180|0x000000008b400000, 0x000000008b400000, 0x000000008b500000|  0%| F|  |TAMS 0x000000008b400000, 0x000000008b400000| Untracked 
| 181|0x000000008b500000, 0x000000008b500000, 0x000000008b600000|  0%| F|  |TAMS 0x000000008b500000, 0x000000008b500000| Untracked 
| 182|0x000000008b600000, 0x000000008b600000, 0x000000008b700000|  0%| F|  |TAMS 0x000000008b600000, 0x000000008b600000| Untracked 
| 183|0x000000008b700000, 0x000000008b700000, 0x000000008b800000|  0%| F|  |TAMS 0x000000008b700000, 0x000000008b700000| Untracked 
| 184|0x000000008b800000, 0x000000008b800000, 0x000000008b900000|  0%| F|  |TAMS 0x000000008b800000, 0x000000008b800000| Untracked 
| 185|0x000000008b900000, 0x000000008b900000, 0x000000008ba00000|  0%| F|  |TAMS 0x000000008b900000, 0x000000008b900000| Untracked 
| 186|0x000000008ba00000, 0x000000008ba00000, 0x000000008bb00000|  0%| F|  |TAMS 0x000000008ba00000, 0x000000008ba00000| Untracked 
| 187|0x000000008bb00000, 0x000000008bb00000, 0x000000008bc00000|  0%| F|  |TAMS 0x000000008bb00000, 0x000000008bb00000| Untracked 
| 188|0x000000008bc00000, 0x000000008bc00000, 0x000000008bd00000|  0%| F|  |TAMS 0x000000008bc00000, 0x000000008bc00000| Untracked 
| 189|0x000000008bd00000, 0x000000008bd00000, 0x000000008be00000|  0%| F|  |TAMS 0x000000008bd00000, 0x000000008bd00000| Untracked 
| 190|0x000000008be00000, 0x000000008be00000, 0x000000008bf00000|  0%| F|  |TAMS 0x000000008be00000, 0x000000008be00000| Untracked 
| 191|0x000000008bf00000, 0x000000008bf00000, 0x000000008c000000|  0%| F|  |TAMS 0x000000008bf00000, 0x000000008bf00000| Untracked 
| 192|0x000000008c000000, 0x000000008c000000, 0x000000008c100000|  0%| F|  |TAMS 0x000000008c000000, 0x000000008c000000| Untracked 
| 193|0x000000008c100000, 0x000000008c100000, 0x000000008c200000|  0%| F|  |TAMS 0x000000008c100000, 0x000000008c100000| Untracked 
| 194|0x000000008c200000, 0x000000008c200000, 0x000000008c300000|  0%| F|  |TAMS 0x000000008c200000, 0x000000008c200000| Untracked 
| 195|0x000000008c300000, 0x000000008c300000, 0x000000008c400000|  0%| F|  |TAMS 0x000000008c300000, 0x000000008c300000| Untracked 
| 196|0x000000008c400000, 0x000000008c400000, 0x000000008c500000|  0%| F|  |TAMS 0x000000008c400000, 0x000000008c400000| Untracked 
| 197|0x000000008c500000, 0x000000008c500000, 0x000000008c600000|  0%| F|  |TAMS 0x000000008c500000, 0x000000008c500000| Untracked 
| 198|0x000000008c600000, 0x000000008c600000, 0x000000008c700000|  0%| F|  |TAMS 0x000000008c600000, 0x000000008c600000| Untracked 
| 199|0x000000008c700000, 0x000000008c700000, 0x000000008c800000|  0%| F|  |TAMS 0x000000008c700000, 0x000000008c700000| Untracked 
| 200|0x000000008c800000, 0x000000008c800000, 0x000000008c900000|  0%| F|  |TAMS 0x000000008c800000, 0x000000008c800000| Untracked 
| 201|0x000000008c900000, 0x000000008c900000, 0x000000008ca00000|  0%| F|  |TAMS 0x000000008c900000, 0x000000008c900000| Untracked 
| 202|0x000000008ca00000, 0x000000008ca00000, 0x000000008cb00000|  0%| F|  |TAMS 0x000000008ca00000, 0x000000008ca00000| Untracked 
| 203|0x000000008cb00000, 0x000000008cb00000, 0x000000008cc00000|  0%| F|  |TAMS 0x000000008cb00000, 0x000000008cb00000| Untracked 
| 204|0x000000008cc00000, 0x000000008cc00000, 0x000000008cd00000|  0%| F|  |TAMS 0x000000008cc00000, 0x000000008cc00000| Untracked 
| 205|0x000000008cd00000, 0x000000008cd00000, 0x000000008ce00000|  0%| F|  |TAMS 0x000000008cd00000, 0x000000008cd00000| Untracked 
| 206|0x000000008ce00000, 0x000000008ce00000, 0x000000008cf00000|  0%| F|  |TAMS 0x000000008ce00000, 0x000000008ce00000| Untracked 
| 207|0x000000008cf00000, 0x000000008cf00000, 0x000000008d000000|  0%| F|  |TAMS 0x000000008cf00000, 0x000000008cf00000| Untracked 
| 208|0x000000008d000000, 0x000000008d000000, 0x000000008d100000|  0%| F|  |TAMS 0x000000008d000000, 0x000000008d000000| Untracked 
| 209|0x000000008d100000, 0x000000008d100000, 0x000000008d200000|  0%| F|  |TAMS 0x000000008d100000, 0x000000008d100000| Untracked 
| 210|0x000000008d200000, 0x000000008d200000, 0x000000008d300000|  0%| F|  |TAMS 0x000000008d200000, 0x000000008d200000| Untracked 
| 211|0x000000008d300000, 0x000000008d300000, 0x000000008d400000|  0%| F|  |TAMS 0x000000008d300000, 0x000000008d300000| Untracked 
| 212|0x000000008d400000, 0x000000008d400000, 0x000000008d500000|  0%| F|  |TAMS 0x000000008d400000, 0x000000008d400000| Untracked 
| 213|0x000000008d500000, 0x000000008d500000, 0x000000008d600000|  0%| F|  |TAMS 0x000000008d500000, 0x000000008d500000| Untracked 
| 214|0x000000008d600000, 0x000000008d600000, 0x000000008d700000|  0%| F|  |TAMS 0x000000008d600000, 0x000000008d600000| Untracked 
| 215|0x000000008d700000, 0x000000008d700000, 0x000000008d800000|  0%| F|  |TAMS 0x000000008d700000, 0x000000008d700000| Untracked 
| 216|0x000000008d800000, 0x000000008d800000, 0x000000008d900000|  0%| F|  |TAMS 0x000000008d800000, 0x000000008d800000| Untracked 
| 217|0x000000008d900000, 0x000000008d981010, 0x000000008da00000| 50%| E|  |TAMS 0x000000008d900000, 0x000000008d900000| Complete 
| 218|0x000000008da00000, 0x000000008db00000, 0x000000008db00000|100%| E|CS|TAMS 0x000000008da00000, 0x000000008da00000| Complete 
| 219|0x000000008db00000, 0x000000008dc00000, 0x000000008dc00000|100%| E|CS|TAMS 0x000000008db00000, 0x000000008db00000| Complete 
| 220|0x000000008dc00000, 0x000000008dd00000, 0x000000008dd00000|100%| E|CS|TAMS 0x000000008dc00000, 0x000000008dc00000| Complete 
| 221|0x000000008dd00000, 0x000000008de00000, 0x000000008de00000|100%| E|CS|TAMS 0x000000008dd00000, 0x000000008dd00000| Complete 
| 222|0x000000008de00000, 0x000000008df00000, 0x000000008df00000|100%| E|CS|TAMS 0x000000008de00000, 0x000000008de00000| Complete 
| 223|0x000000008df00000, 0x000000008e000000, 0x000000008e000000|100%| E|CS|TAMS 0x000000008df00000, 0x000000008df00000| Complete 
| 224|0x000000008e000000, 0x000000008e100000, 0x000000008e100000|100%| E|CS|TAMS 0x000000008e000000, 0x000000008e000000| Complete 
| 225|0x000000008e100000, 0x000000008e200000, 0x000000008e200000|100%| E|CS|TAMS 0x000000008e100000, 0x000000008e100000| Complete 
| 226|0x000000008e200000, 0x000000008e300000, 0x000000008e300000|100%| E|CS|TAMS 0x000000008e200000, 0x000000008e200000| Complete 
| 227|0x000000008e300000, 0x000000008e400000, 0x000000008e400000|100%| E|CS|TAMS 0x000000008e300000, 0x000000008e300000| Complete 
| 228|0x000000008e400000, 0x000000008e500000, 0x000000008e500000|100%| E|CS|TAMS 0x000000008e400000, 0x000000008e400000| Complete 
| 229|0x000000008e500000, 0x000000008e600000, 0x000000008e600000|100%| E|CS|TAMS 0x000000008e500000, 0x000000008e500000| Complete 
| 230|0x000000008e600000, 0x000000008e700000, 0x000000008e700000|100%| E|CS|TAMS 0x000000008e600000, 0x000000008e600000| Complete 
| 231|0x000000008e700000, 0x000000008e800000, 0x000000008e800000|100%| E|CS|TAMS 0x000000008e700000, 0x000000008e700000| Complete 
| 232|0x000000008e800000, 0x000000008e900000, 0x000000008e900000|100%| E|CS|TAMS 0x000000008e800000, 0x000000008e800000| Complete 
| 233|0x000000008e900000, 0x000000008ea00000, 0x000000008ea00000|100%| E|CS|TAMS 0x000000008e900000, 0x000000008e900000| Complete 
| 234|0x000000008ea00000, 0x000000008eb00000, 0x000000008eb00000|100%| E|CS|TAMS 0x000000008ea00000, 0x000000008ea00000| Complete 
| 235|0x000000008eb00000, 0x000000008ec00000, 0x000000008ec00000|100%| E|CS|TAMS 0x000000008eb00000, 0x000000008eb00000| Complete 
| 236|0x000000008ec00000, 0x000000008ed00000, 0x000000008ed00000|100%| E|CS|TAMS 0x000000008ec00000, 0x000000008ec00000| Complete 
| 237|0x000000008ed00000, 0x000000008ee00000, 0x000000008ee00000|100%| E|CS|TAMS 0x000000008ed00000, 0x000000008ed00000| Complete 
| 238|0x000000008ee00000, 0x000000008ef00000, 0x000000008ef00000|100%| E|CS|TAMS 0x000000008ee00000, 0x000000008ee00000| Complete 
| 239|0x000000008ef00000, 0x000000008f000000, 0x000000008f000000|100%| E|CS|TAMS 0x000000008ef00000, 0x000000008ef00000| Complete 
| 240|0x000000008f000000, 0x000000008f100000, 0x000000008f100000|100%| E|CS|TAMS 0x000000008f000000, 0x000000008f000000| Complete 
| 241|0x000000008f100000, 0x000000008f200000, 0x000000008f200000|100%| E|CS|TAMS 0x000000008f100000, 0x000000008f100000| Complete 
| 242|0x000000008f200000, 0x000000008f300000, 0x000000008f300000|100%| E|CS|TAMS 0x000000008f200000, 0x000000008f200000| Complete 
| 243|0x000000008f300000, 0x000000008f400000, 0x000000008f400000|100%| E|CS|TAMS 0x000000008f300000, 0x000000008f300000| Complete 
| 244|0x000000008f400000, 0x000000008f500000, 0x000000008f500000|100%| E|CS|TAMS 0x000000008f400000, 0x000000008f400000| Complete 
| 245|0x000000008f500000, 0x000000008f600000, 0x000000008f600000|100%| E|CS|TAMS 0x000000008f500000, 0x000000008f500000| Complete 
| 246|0x000000008f600000, 0x000000008f700000, 0x000000008f700000|100%| E|CS|TAMS 0x000000008f600000, 0x000000008f600000| Complete 
| 247|0x000000008f700000, 0x000000008f800000, 0x000000008f800000|100%| E|CS|TAMS 0x000000008f700000, 0x000000008f700000| Complete 
| 248|0x000000008f800000, 0x000000008f900000, 0x000000008f900000|100%| E|CS|TAMS 0x000000008f800000, 0x000000008f800000| Complete 
| 249|0x000000008f900000, 0x000000008fa00000, 0x000000008fa00000|100%| E|CS|TAMS 0x000000008f900000, 0x000000008f900000| Complete 
| 250|0x000000008fa00000, 0x000000008fb00000, 0x000000008fb00000|100%| E|CS|TAMS 0x000000008fa00000, 0x000000008fa00000| Complete 
| 251|0x000000008fb00000, 0x000000008fc00000, 0x000000008fc00000|100%| E|CS|TAMS 0x000000008fb00000, 0x000000008fb00000| Complete 
| 252|0x000000008fc00000, 0x000000008fd00000, 0x000000008fd00000|100%| E|CS|TAMS 0x000000008fc00000, 0x000000008fc00000| Complete 
| 253|0x000000008fd00000, 0x000000008fe00000, 0x000000008fe00000|100%| E|CS|TAMS 0x000000008fd00000, 0x000000008fd00000| Complete 
| 254|0x000000008fe00000, 0x000000008ff00000, 0x000000008ff00000|100%| E|CS|TAMS 0x000000008fe00000, 0x000000008fe00000| Complete 
| 255|0x000000008ff00000, 0x0000000090000000, 0x0000000090000000|100%| E|CS|TAMS 0x000000008ff00000, 0x000000008ff00000| Complete 
| 256|0x0000000090000000, 0x0000000090100000, 0x0000000090100000|100%| E|CS|TAMS 0x0000000090000000, 0x0000000090000000| Complete 
| 257|0x0000000090100000, 0x0000000090200000, 0x0000000090200000|100%| E|CS|TAMS 0x0000000090100000, 0x0000000090100000| Complete 
| 258|0x0000000090200000, 0x0000000090300000, 0x0000000090300000|100%| E|CS|TAMS 0x0000000090200000, 0x0000000090200000| Complete 
| 259|0x0000000090300000, 0x0000000090400000, 0x0000000090400000|100%| E|CS|TAMS 0x0000000090300000, 0x0000000090300000| Complete 
| 260|0x0000000090400000, 0x0000000090500000, 0x0000000090500000|100%| E|CS|TAMS 0x0000000090400000, 0x0000000090400000| Complete 
| 261|0x0000000090500000, 0x0000000090600000, 0x0000000090600000|100%| E|CS|TAMS 0x0000000090500000, 0x0000000090500000| Complete 
| 262|0x0000000090600000, 0x0000000090700000, 0x0000000090700000|100%| E|CS|TAMS 0x0000000090600000, 0x0000000090600000| Complete 
| 263|0x0000000090700000, 0x0000000090800000, 0x0000000090800000|100%| E|CS|TAMS 0x0000000090700000, 0x0000000090700000| Complete 
| 264|0x0000000090800000, 0x0000000090900000, 0x0000000090900000|100%| E|CS|TAMS 0x0000000090800000, 0x0000000090800000| Complete 
| 265|0x0000000090900000, 0x0000000090a00000, 0x0000000090a00000|100%| E|CS|TAMS 0x0000000090900000, 0x0000000090900000| Complete 
| 266|0x0000000090a00000, 0x0000000090b00000, 0x0000000090b00000|100%| E|CS|TAMS 0x0000000090a00000, 0x0000000090a00000| Complete 
| 267|0x0000000090b00000, 0x0000000090c00000, 0x0000000090c00000|100%| E|CS|TAMS 0x0000000090b00000, 0x0000000090b00000| Complete 
| 268|0x0000000090c00000, 0x0000000090d00000, 0x0000000090d00000|100%| E|CS|TAMS 0x0000000090c00000, 0x0000000090c00000| Complete 
| 269|0x0000000090d00000, 0x0000000090e00000, 0x0000000090e00000|100%| E|CS|TAMS 0x0000000090d00000, 0x0000000090d00000| Complete 
| 270|0x0000000090e00000, 0x0000000090f00000, 0x0000000090f00000|100%| E|CS|TAMS 0x0000000090e00000, 0x0000000090e00000| Complete 
| 271|0x0000000090f00000, 0x0000000091000000, 0x0000000091000000|100%| E|CS|TAMS 0x0000000090f00000, 0x0000000090f00000| Complete 
| 272|0x0000000091000000, 0x0000000091100000, 0x0000000091100000|100%| E|CS|TAMS 0x0000000091000000, 0x0000000091000000| Complete 
| 273|0x0000000091100000, 0x0000000091200000, 0x0000000091200000|100%| E|CS|TAMS 0x0000000091100000, 0x0000000091100000| Complete 

Card table byte_map: [0x000001e6fef40000,0x000001e6ff340000] _byte_map_base: 0x000001e6feb40000

Marking Bits (Prev, Next): (CMBitMap*) 0x000001e6f9489e28, (CMBitMap*) 0x000001e6f9489e60
 Prev Bits: [0x000001e68f000000, 0x000001e691000000)
 Next Bits: [0x000001e691000000, 0x000001e693000000)

Polling page: 0x000001e6f9530000

Metaspace:

Usage:
  Non-class:     40.43 MB capacity,    39.78 MB ( 98%) used,   553.31 KB (  1%) free+waste,   117.00 KB ( <1%) overhead. 
      Class:      6.32 MB capacity,     5.87 MB ( 93%) used,   400.17 KB (  6%) free+waste,    56.38 KB ( <1%) overhead. 
       Both:     46.75 MB capacity,    45.64 MB ( 98%) used,   953.48 KB (  2%) free+waste,   173.38 KB ( <1%) overhead. 

Virtual space:
  Non-class space:       42.00 MB reserved,      40.62 MB ( 97%) committed 
      Class space:        1.00 GB reserved,       6.38 MB ( <1%) committed 
             Both:        1.04 GB reserved,      47.00 MB (  4%) committed 

Chunk freelists:
   Non-Class:  4.00 KB
       Class:  29.00 KB
        Both:  33.00 KB

MaxMetaspaceSize: 17179869184.00 GB
CompressedClassSpaceSize: 1.00 GB

CodeHeap 'non-profiled nmethods': size=120064Kb used=2044Kb max_used=2044Kb free=118019Kb
 bounds [0x000001e687ac0000, 0x000001e687d30000, 0x000001e68f000000]
CodeHeap 'profiled nmethods': size=120000Kb used=8499Kb max_used=8499Kb free=111500Kb
 bounds [0x000001e680590000, 0x000001e680de0000, 0x000001e687ac0000]
CodeHeap 'non-nmethods': size=5696Kb used=2215Kb max_used=2248Kb free=3480Kb
 bounds [0x000001e680000000, 0x000001e680270000, 0x000001e680590000]
 total_blobs=4699 nmethods=3915 adapters=695
 compilation: enabled
              stopped_count=0, restarted_count=0
 full_count=0

Compilation events (20 events):
Event: 9.641 Thread 0x000001e6ffc21000 3890       3       org.gradle.util.internal.SimpleMapInterner::intern (40 bytes)
Event: 9.641 Thread 0x000001e6ffc21000 nmethod 3890 0x000001e680dd2690 code [0x000001e680dd2880, 0x000001e680dd2cb8]
Event: 9.642 Thread 0x000001e6ffc21000 3891       3       com.esotericsoftware.kryo.io.Input::readVarInt (192 bytes)
Event: 9.642 Thread 0x000001e6ffc21000 nmethod 3891 0x000001e680dd2e10 code [0x000001e680dd3000, 0x000001e680dd3478]
Event: 9.642 Thread 0x000001e6ffc21000 3892       1       com.google.common.collect.RegularImmutableList::isPartialView (2 bytes)
Event: 9.642 Thread 0x000001e6ffc21000 nmethod 3892 0x000001e687cbd890 code [0x000001e687cbda40, 0x000001e687cbdaf8]
Event: 9.642 Thread 0x000001e6ffc21000 3893       3       org.gradle.api.attributes.Attribute::equals (57 bytes)
Event: 9.643 Thread 0x000001e6ffc21000 nmethod 3893 0x000001e680dd3610 code [0x000001e680dd3800, 0x000001e680dd3d08]
Event: 9.643 Thread 0x000001e6ffc21000 3894       1       com.google.common.cache.LocalCache$StrongEntry::getHash (5 bytes)
Event: 9.643 Thread 0x000001e6ffc21000 nmethod 3894 0x000001e687cbdb90 code [0x000001e687cbdd40, 0x000001e687cbddf8]
Event: 9.649 Thread 0x000001e6ffc21000 3895       3       org.gradle.api.internal.attributes.DefaultImmutableAttributes::asImmutable (2 bytes)
Event: 9.649 Thread 0x000001e6ffc21000 nmethod 3895 0x000001e680dd3e90 code [0x000001e680dd4040, 0x000001e680dd4138]
Event: 9.649 Thread 0x000001e6ffc21000 3896       3       org.gradle.cache.internal.btree.BTreePersistentIndexedCache$IndexEntry::compareTo (9 bytes)
Event: 9.649 Thread 0x000001e6ffc21000 nmethod 3896 0x000001e680dd4210 code [0x000001e680dd43e0, 0x000001e680dd46f8]
Event: 9.652 Thread 0x000001e6ffc21000 3897   !   3       org.gradle.internal.serialize.kryo.KryoBackedDecoder::readBoolean (15 bytes)
Event: 9.653 Thread 0x000001e6ffc21000 nmethod 3897 0x000001e680dd4810 code [0x000001e680dd4a40, 0x000001e680dd5108]
Event: 9.663 Thread 0x000001e6ffc21000 3898       3       org.gradle.api.internal.artifacts.ivyservice.modulecache.StringDeduplicatingDecoder::readBoolean (10 bytes)
Event: 9.663 Thread 0x000001e6ffc21000 nmethod 3898 0x000001e680dd5410 code [0x000001e680dd55c0, 0x000001e680dd5788]
Event: 9.666 Thread 0x000001e6ffc21000 3899       3       com.google.common.collect.RegularImmutableSet::contains (56 bytes)
Event: 9.667 Thread 0x000001e6ffc21000 nmethod 3899 0x000001e680dd5890 code [0x000001e680dd5aa0, 0x000001e680dd60d8]

GC Heap History (20 events):
Event: 1.244 GC heap before
{Heap before GC invocations=1 (full 0):
 garbage-first heap   total 233472K, used 14056K [0x0000000080000000, 0x0000000100000000)
  region size 1024K, 11 young (11264K), 2 survivors (2048K)
 Metaspace       used 9395K, capacity 9569K, committed 9728K, reserved 1058816K
  class space    used 941K, capacity 1004K, committed 1024K, reserved 1048576K
}
Event: 1.250 GC heap after
{Heap after GC invocations=2 (full 0):
 garbage-first heap   total 233472K, used 8781K [0x0000000080000000, 0x0000000100000000)
  region size 1024K, 2 young (2048K), 2 survivors (2048K)
 Metaspace       used 9395K, capacity 9569K, committed 9728K, reserved 1058816K
  class space    used 941K, capacity 1004K, committed 1024K, reserved 1048576K
}
Event: 1.501 GC heap before
{Heap before GC invocations=2 (full 0):
 garbage-first heap   total 233472K, used 17997K [0x0000000080000000, 0x0000000100000000)
  region size 1024K, 11 young (11264K), 2 survivors (2048K)
 Metaspace       used 10370K, capacity 10600K, committed 10624K, reserved 1058816K
  class space    used 1074K, capacity 1135K, committed 1152K, reserved 1048576K
}
Event: 1.504 GC heap after
{Heap after GC invocations=3 (full 0):
 garbage-first heap   total 233472K, used 9336K [0x0000000080000000, 0x0000000100000000)
  region size 1024K, 1 young (1024K), 1 survivors (1024K)
 Metaspace       used 10370K, capacity 10600K, committed 10624K, reserved 1058816K
  class space    used 1074K, capacity 1135K, committed 1152K, reserved 1048576K
}
Event: 1.824 GC heap before
{Heap before GC invocations=3 (full 0):
 garbage-first heap   total 233472K, used 23672K [0x0000000080000000, 0x0000000100000000)
  region size 1024K, 16 young (16384K), 1 survivors (1024K)
 Metaspace       used 10870K, capacity 11073K, committed 11264K, reserved 1058816K
  class space    used 1130K, capacity 1207K, committed 1280K, reserved 1048576K
}
Event: 1.825 GC heap after
{Heap after GC invocations=4 (full 0):
 garbage-first heap   total 233472K, used 9704K [0x0000000080000000, 0x0000000100000000)
  region size 1024K, 1 young (1024K), 1 survivors (1024K)
 Metaspace       used 10870K, capacity 11073K, committed 11264K, reserved 1058816K
  class space    used 1130K, capacity 1207K, committed 1280K, reserved 1048576K
}
Event: 2.061 GC heap before
{Heap before GC invocations=4 (full 0):
 garbage-first heap   total 233472K, used 33256K [0x0000000080000000, 0x0000000100000000)
  region size 1024K, 24 young (24576K), 1 survivors (1024K)
 Metaspace       used 11131K, capacity 11417K, committed 11520K, reserved 1058816K
  class space    used 1183K, capacity 1279K, committed 1280K, reserved 1048576K
}
Event: 2.064 GC heap after
{Heap after GC invocations=5 (full 0):
 garbage-first heap   total 233472K, used 14051K [0x0000000080000000, 0x0000000100000000)
  region size 1024K, 3 young (3072K), 3 survivors (3072K)
 Metaspace       used 11131K, capacity 11417K, committed 11520K, reserved 1058816K
  class space    used 1183K, capacity 1279K, committed 1280K, reserved 1048576K
}
Event: 3.416 GC heap before
{Heap before GC invocations=5 (full 0):
 garbage-first heap   total 233472K, used 43747K [0x0000000080000000, 0x0000000100000000)
  region size 1024K, 32 young (32768K), 3 survivors (3072K)
 Metaspace       used 17756K, capacity 18123K, committed 18432K, reserved 1064960K
  class space    used 2098K, capacity 2219K, committed 2304K, reserved 1048576K
}
Event: 3.424 GC heap after
{Heap after GC invocations=6 (full 0):
 garbage-first heap   total 233472K, used 16103K [0x0000000080000000, 0x0000000100000000)
  region size 1024K, 4 young (4096K), 4 survivors (4096K)
 Metaspace       used 17756K, capacity 18123K, committed 18432K, reserved 1064960K
  class space    used 2098K, capacity 2219K, committed 2304K, reserved 1048576K
}
Event: 4.101 GC heap before
{Heap before GC invocations=6 (full 0):
 garbage-first heap   total 233472K, used 37607K [0x0000000080000000, 0x0000000100000000)
  region size 1024K, 27 young (27648K), 4 survivors (4096K)
 Metaspace       used 20696K, capacity 21102K, committed 21296K, reserved 1069056K
  class space    used 2529K, capacity 2658K, committed 2688K, reserved 1048576K
}
Event: 4.106 GC heap after
{Heap after GC invocations=7 (full 0):
 garbage-first heap   total 233472K, used 17035K [0x0000000080000000, 0x0000000100000000)
  region size 1024K, 3 young (3072K), 3 survivors (3072K)
 Metaspace       used 20696K, capacity 21102K, committed 21296K, reserved 1069056K
  class space    used 2529K, capacity 2658K, committed 2688K, reserved 1048576K
}
Event: 5.059 GC heap before
{Heap before GC invocations=8 (full 0):
 garbage-first heap   total 233472K, used 55947K [0x0000000080000000, 0x0000000100000000)
  region size 1024K, 41 young (41984K), 3 survivors (3072K)
 Metaspace       used 24514K, capacity 25126K, committed 25392K, reserved 1071104K
  class space    used 3138K, capacity 3366K, committed 3456K, reserved 1048576K
}
Event: 5.072 GC heap after
{Heap after GC invocations=9 (full 0):
 garbage-first heap   total 233472K, used 18457K [0x0000000080000000, 0x0000000100000000)
  region size 1024K, 5 young (5120K), 5 survivors (5120K)
 Metaspace       used 24514K, capacity 25126K, committed 25392K, reserved 1071104K
  class space    used 3138K, capacity 3366K, committed 3456K, reserved 1048576K
}
Event: 6.295 GC heap before
{Heap before GC invocations=9 (full 0):
 garbage-first heap   total 233472K, used 74777K [0x0000000080000000, 0x0000000100000000)
  region size 1024K, 60 young (61440K), 5 survivors (5120K)
 Metaspace       used 30043K, capacity 30699K, committed 30896K, reserved 1075200K
  class space    used 4021K, capacity 4272K, committed 4352K, reserved 1048576K
}
Event: 6.305 GC heap after
{Heap after GC invocations=10 (full 0):
 garbage-first heap   total 280576K, used 20238K [0x0000000080000000, 0x0000000100000000)
  region size 1024K, 6 young (6144K), 6 survivors (6144K)
 Metaspace       used 30043K, capacity 30699K, committed 30896K, reserved 1075200K
  class space    used 4021K, capacity 4272K, committed 4352K, reserved 1048576K
}
Event: 6.827 GC heap before
{Heap before GC invocations=10 (full 0):
 garbage-first heap   total 280576K, used 36622K [0x0000000080000000, 0x0000000100000000)
  region size 1024K, 23 young (23552K), 6 survivors (6144K)
 Metaspace       used 34884K, capacity 35643K, committed 35708K, reserved 1081344K
  class space    used 4522K, capacity 4857K, committed 4864K, reserved 1048576K
}
Event: 6.841 GC heap after
{Heap after GC invocations=11 (full 0):
 garbage-first heap   total 280576K, used 22798K [0x0000000080000000, 0x0000000100000000)
  region size 1024K, 9 young (9216K), 9 survivors (9216K)
 Metaspace       used 34884K, capacity 35643K, committed 35708K, reserved 1081344K
  class space    used 4522K, capacity 4857K, committed 4864K, reserved 1048576K
}
Event: 8.631 GC heap before
{Heap before GC invocations=12 (full 0):
 garbage-first heap   total 280576K, used 112910K [0x0000000080000000, 0x0000000100000000)
  region size 1024K, 95 young (97280K), 9 survivors (9216K)
 Metaspace       used 42048K, capacity 43026K, committed 43132K, reserved 1087488K
  class space    used 5427K, capacity 5790K, committed 5888K, reserved 1048576K
}
Event: 8.650 GC heap after
{Heap after GC invocations=13 (full 0):
 garbage-first heap   total 280576K, used 28303K [0x0000000080000000, 0x0000000100000000)
  region size 1024K, 12 young (12288K), 12 survivors (12288K)
 Metaspace       used 42048K, capacity 43026K, committed 43132K, reserved 1087488K
  class space    used 5427K, capacity 5790K, committed 5888K, reserved 1048576K
}

Deoptimization events (20 events):
Event: 8.943 Thread 0x000001e696301000 Uncommon trap: trap_request=0xffffff4d fr.pc=0x000001e687b149d4 relative=0x0000000000000114
Event: 8.943 Thread 0x000001e696301000 Uncommon trap: reason=unstable_if action=reinterpret pc=0x000001e687b149d4 method=java.net.URI.match(CJJ)Z @ 45 c2
Event: 8.943 Thread 0x000001e696301000 DEOPT PACKING pc=0x000001e687b149d4 sp=0x000000a00c1f8900
Event: 8.943 Thread 0x000001e696301000 DEOPT UNPACKING pc=0x000001e68002662f sp=0x000000a00c1f8838 mode 2
Event: 8.943 Thread 0x000001e696301000 Uncommon trap: trap_request=0xffffff4d fr.pc=0x000001e687ae0f68 relative=0x0000000000000048
Event: 8.943 Thread 0x000001e696301000 Uncommon trap: reason=unstable_if action=reinterpret pc=0x000001e687ae0f68 method=java.net.URI.match(CJJ)Z @ 19 c2
Event: 8.943 Thread 0x000001e696301000 DEOPT PACKING pc=0x000001e687ae0f68 sp=0x000000a00c1f8910
Event: 8.943 Thread 0x000001e696301000 DEOPT UNPACKING pc=0x000001e68002662f sp=0x000000a00c1f88c0 mode 2
Event: 9.374 Thread 0x000001e696301000 Uncommon trap: trap_request=0xffffffc6 fr.pc=0x000001e687c653d8 relative=0x0000000000000758
Event: 9.375 Thread 0x000001e696301000 Uncommon trap: reason=bimorphic_or_optimized_type_check action=maybe_recompile pc=0x000001e687c653d8 method=java.io.BufferedInputStream.read([BII)I @ 101 c2
Event: 9.375 Thread 0x000001e696301000 DEOPT PACKING pc=0x000001e687c653d8 sp=0x000000a00c1f7c10
Event: 9.375 Thread 0x000001e696301000 DEOPT UNPACKING pc=0x000001e68002662f sp=0x000000a00c1f7bc8 mode 2
Event: 9.485 Thread 0x000001e696301000 Uncommon trap: trap_request=0xffffff4d fr.pc=0x000001e687b1ccb0 relative=0x00000000000001f0
Event: 9.485 Thread 0x000001e696301000 Uncommon trap: reason=unstable_if action=reinterpret pc=0x000001e687b1ccb0 method=java.net.URI$Parser.scan(IILjava/lang/String;)I @ 26 c2
Event: 9.485 Thread 0x000001e696301000 DEOPT PACKING pc=0x000001e687b1ccb0 sp=0x000000a00c1f8660
Event: 9.485 Thread 0x000001e696301000 DEOPT UNPACKING pc=0x000001e68002662f sp=0x000000a00c1f8610 mode 2
Event: 9.558 Thread 0x000001e696301000 Uncommon trap: trap_request=0xffffff4d fr.pc=0x000001e687c49314 relative=0x0000000000003bf4
Event: 9.558 Thread 0x000001e696301000 Uncommon trap: reason=unstable_if action=reinterpret pc=0x000001e687c49314 method=jdk.internal.org.objectweb.asm.Frame.execute(IILjdk/internal/org/objectweb/asm/ClassWriter;Ljdk/internal/org/objectweb/asm/Item;)V @ 1 c2
Event: 9.558 Thread 0x000001e696301000 DEOPT PACKING pc=0x000001e687c49314 sp=0x000000a00c1f7220
Event: 9.558 Thread 0x000001e696301000 DEOPT UNPACKING pc=0x000001e68002662f sp=0x000000a00c1f71e8 mode 2

Classes redefined (0 events):
No events

Internal exceptions (20 events):
Event: 8.359 Thread 0x000001e6974f1000 Exception <a 'java/lang/NoSuchMethodError'{0x000000008be12dd8}: <clinit>> (0x000000008be12dd8) thrown at [./src/hotspot/share/prims/jni.cpp, line 1362]
Event: 8.563 Thread 0x000001e696301000 Implicit null exception at 0x000001e687b93774 to 0x000001e687b93984
Event: 8.792 Thread 0x000001e696301000 Exception <a 'java/lang/ClassNotFoundException'{0x0000000090a2b190}: build_3fwh2qnqevo4h1a1m7wu8miesBeanInfo> (0x0000000090a2b190) thrown at [./src/hotspot/share/classfile/systemDictionary.cpp, line 231]
Event: 8.792 Thread 0x000001e696301000 Exception <a 'java/lang/ClassNotFoundException'{0x0000000090a41688}: org/gradle/api/internal/project/ProjectScriptBeanInfo> (0x0000000090a41688) thrown at [./src/hotspot/share/classfile/systemDictionary.cpp, line 231]
Event: 8.792 Thread 0x000001e696301000 Exception <a 'java/lang/ClassNotFoundException'{0x0000000090a57800}: org/gradle/api/internal/project/ProjectScriptCustomizer> (0x0000000090a57800) thrown at [./src/hotspot/share/classfile/systemDictionary.cpp, line 231]
Event: 8.793 Thread 0x000001e696301000 Exception <a 'java/lang/ClassNotFoundException'{0x0000000090a72a80}: build_3fwh2qnqevo4h1a1m7wu8miesCustomizer> (0x0000000090a72a80) thrown at [./src/hotspot/share/classfile/systemDictionary.cpp, line 231]
Event: 8.801 Thread 0x000001e696301000 Exception <a 'java/lang/ClassNotFoundException'{0x0000000090afc1f8}: org/gradle/plugin/use/internal/PluginRequestCollector$PluginDependenciesSpecImplBeanInfo> (0x0000000090afc1f8) thrown at [./src/hotspot/share/classfile/systemDictionary.cpp, line 231]
Event: 8.802 Thread 0x000001e696301000 Exception <a 'java/lang/ClassNotFoundException'{0x000000009092b558}: org/gradle/plugin/use/internal/PluginRequestCollector$PluginDependenciesSpecImplCustomizer> (0x000000009092b558) thrown at [./src/hotspot/share/classfile/systemDictionary.cpp, line 231]
Event: 8.804 Thread 0x000001e696301000 Exception <a 'java/lang/ClassNotFoundException'{0x0000000090991508}: org/gradle/plugin/use/internal/PluginRequestCollector$PluginDependencySpecImplBeanInfo> (0x0000000090991508) thrown at [./src/hotspot/share/classfile/systemDictionary.cpp, line 231]
Event: 8.805 Thread 0x000001e696301000 Exception <a 'java/lang/ClassNotFoundException'{0x00000000909bf578}: org/gradle/plugin/use/internal/PluginRequestCollector$PluginDependencySpecImplCustomizer> (0x00000000909bf578) thrown at [./src/hotspot/share/classfile/systemDictionary.cpp, line 231]
Event: 9.322 Thread 0x000001e696301000 Exception <a 'java/lang/IncompatibleClassChangeError'{0x000000008ef5dae0}: Found class java.lang.Object, but interface was expected> (0x000000008ef5dae0) thrown at [./src/hotspot/share/interpreter/linkResolver.cpp, line 839]
Event: 9.419 Thread 0x000001e696301000 Exception <a 'java/lang/NoSuchMethodError'{0x000000008e631590}: 'int java.lang.invoke.DirectMethodHandle$Holder.invokeStaticInit(java.lang.Object)'> (0x000000008e631590) thrown at [./src/hotspot/share/interpreter/linkResolver.cpp, line 773]
Event: 9.467 Thread 0x000001e696301000 Exception <a 'java/lang/NoSuchMethodError'{0x000000008e31c268}: 'void java.lang.invoke.DirectMethodHandle$Holder.invokeStatic(java.lang.Object, java.lang.Object, java.lang.Object, int, java.lang.Object)'> (0x000000008e31c268) thrown at [./src/hotspot/share/interpreter/linkResolver.cpp, line 773]
Event: 9.557 Thread 0x000001e696301000 Exception <a 'java/lang/NoSuchMethodError'{0x000000008dd07ba8}: 'java.lang.Object java.lang.invoke.DelegatingMethodHandle$Holder.reinvoke_L(java.lang.Object, java.lang.Object, java.lang.Object, java.lang.Object, java.lang.Object, java.lang.Object, java.lang.Object, java.lang.Object, java.lang.Object, java.lang.Object, java.lang.Object, java.lang.Object, java.lang.Object, java.lang.Object, java.lang.Object, java.lang.Object, java.lang.Object, java.lang.Object, java.lang.Object, java.lang.Object)'> (0x000000
Event: 9.557 Thread 0x000001e696301000 Exception <a 'java/lang/NoSuchMethodError'{0x000000008dd13648}: 'java.lang.Object java.lang.invoke.DirectMethodHandle$Holder.invokeSpecial(java.lang.Object, java.lang.Object, java.lang.Object, java.lang.Object, java.lang.Object, java.lang.Object, java.lang.Object, java.lang.Object, java.lang.Object, java.lang.Object, java.lang.Object, java.lang.Object, java.lang.Object, java.lang.Object, java.lang.Object, java.lang.Object, java.lang.Object, java.lang.Object, java.lang.Object, java.lang.Object)'> (0x0000000
Event: 9.557 Thread 0x000001e696301000 Exception <a 'java/lang/NoSuchMethodError'{0x000000008dd19588}: 'java.lang.Object java.lang.invoke.Invokers$Holder.invoker(java.lang.Object, java.lang.Object, java.lang.Object, java.lang.Object, java.lang.Object, java.lang.Object, java.lang.Object, java.lang.Object, java.lang.Object, java.lang.Object, java.lang.Object, java.lang.Object, java.lang.Object, java.lang.Object, java.lang.Object, java.lang.Object, java.lang.Object, java.lang.Object, java.lang.Object, java.lang.Object)'> (0x000000008dd19588) throw
Event: 9.558 Thread 0x000001e696301000 Exception <a 'java/lang/NoSuchMethodError'{0x000000008dd20698}: 'java.lang.Object java.lang.invoke.DelegatingMethodHandle$Holder.delegate(java.lang.Object, java.lang.Object, java.lang.Object, java.lang.Object, java.lang.Object, java.lang.Object, java.lang.Object, java.lang.Object, java.lang.Object, java.lang.Object, java.lang.Object, java.lang.Object, java.lang.Object, java.lang.Object, java.lang.Object, java.lang.Object, java.lang.Object, java.lang.Object, java.lang.Object, java.lang.Object)'> (0x00000000
Event: 9.572 Thread 0x000001e696301000 Exception <a 'java/lang/NoSuchMethodError'{0x000000008dd67df8}: 'java.lang.Object java.lang.invoke.DirectMethodHandle$Holder.invokeStatic(java.lang.Object, java.lang.Object, java.lang.Object, java.lang.Object, java.lang.Object, java.lang.Object, java.lang.Object, java.lang.Object, java.lang.Object, java.lang.Object, java.lang.Object, java.lang.Object, java.lang.Object, java.lang.Object, java.lang.Object)'> (0x000000008dd67df8) thrown at [./src/hotspot/share/interpreter/linkResolver.cpp, line 773]
Event: 9.574 Thread 0x000001e696301000 Exception <a 'java/lang/NoSuchMethodError'{0x000000008dd78548}: 'java.lang.Object java.lang.invoke.DirectMethodHandle$Holder.invokeStatic(java.lang.Object, java.lang.Object, java.lang.Object, java.lang.Object, java.lang.Object, java.lang.Object, java.lang.Object, java.lang.Object, java.lang.Object, java.lang.Object, java.lang.Object, java.lang.Object, java.lang.Object, java.lang.Object, java.lang.Object, java.lang.Object)'> (0x000000008dd78548) thrown at [./src/hotspot/share/interpreter/linkResolver.cpp, l
Event: 9.577 Thread 0x000001e696301000 Exception <a 'java/lang/NoSuchMethodError'{0x000000008ddea0f0}: 'java.lang.Object java.lang.invoke.DelegatingMethodHandle$Holder.reinvoke_L(java.lang.Object, java.lang.Object, java.lang.Object, java.lang.Object, java.lang.Object, java.lang.Object, java.lang.Object, java.lang.Object, java.lang.Object, java.lang.Object, java.lang.Object, java.lang.Object, java.lang.Object, java.lang.Object, java.lang.Object, java.lang.Object, java.lang.Object, java.lang.Object, java.lang.Object)'> (0x000000008ddea0f0) thrown

Events (20 events):
Event: 9.620 loading class org/gradle/api/capabilities/Capability
Event: 9.620 loading class org/gradle/api/capabilities/Capability done
Event: 9.620 loading class org/gradle/api/capabilities/Capability
Event: 9.620 loading class org/gradle/api/capabilities/Capability done
Event: 9.620 loading class org/gradle/internal/component/external/model/AbstractMutableModuleComponentResolveMetadata$FileImpl
Event: 9.620 loading class org/gradle/internal/component/external/model/AbstractMutableModuleComponentResolveMetadata$FileImpl done
Event: 9.620 loading class org/gradle/internal/component/external/model/ComponentVariant$File
Event: 9.620 loading class org/gradle/internal/component/external/model/ComponentVariant$File done
Event: 9.623 loading class org/gradle/internal/component/external/model/AbstractMutableModuleComponentResolveMetadata$ImmutableVariantImpl
Event: 9.623 loading class org/gradle/internal/component/external/model/AbstractMutableModuleComponentResolveMetadata$ImmutableVariantImpl done
Event: 9.624 loading class org/gradle/internal/component/external/model/ComponentVariant
Event: 9.624 loading class org/gradle/internal/component/external/model/ComponentVariant done
Event: 9.626 loading class org/gradle/internal/component/external/model/LazyVariantBackedConfigurationMetadata
Event: 9.626 loading class org/gradle/internal/component/external/model/LazyVariantBackedConfigurationMetadata done
Event: 9.627 loading class org/gradle/internal/component/external/model/AbstractVariantBackedConfigurationMetadata
Event: 9.627 loading class org/gradle/internal/component/external/model/AbstractVariantBackedConfigurationMetadata done
Event: 9.627 loading class org/gradle/internal/component/external/model/LazyVariantBackedConfigurationMetadata$RuleAwareVariant
Event: 9.627 loading class org/gradle/internal/component/external/model/LazyVariantBackedConfigurationMetadata$RuleAwareVariant done
Event: 9.629 loading class org/gradle/internal/component/external/model/GradleDependencyMetadata
Event: 9.629 loading class org/gradle/internal/component/external/model/GradleDependencyMetadata done


Dynamic libraries:
0x00007ff6f6190000 - 0x00007ff6f619a000 	E:\Android Studio\jre\bin\java.exe
0x00007ffdd2870000 - 0x00007ffdd2a65000 	C:\WINDOWS\SYSTEM32\ntdll.dll
0x00007ffdd1520000 - 0x00007ffdd15de000 	C:\WINDOWS\System32\KERNEL32.DLL
0x00007ffdd0040000 - 0x00007ffdd0308000 	C:\WINDOWS\System32\KERNELBASE.dll
0x00007ffdd0310000 - 0x00007ffdd0410000 	C:\WINDOWS\System32\ucrtbase.dll
0x00007ffdaa860000 - 0x00007ffdaa879000 	E:\Android Studio\jre\bin\jli.dll
0x00007ffdd18e0000 - 0x00007ffdd1a80000 	C:\WINDOWS\System32\USER32.dll
0x00007ffdd0690000 - 0x00007ffdd06b2000 	C:\WINDOWS\System32\win32u.dll
0x00007ffdd0d30000 - 0x00007ffdd0d5a000 	C:\WINDOWS\System32\GDI32.dll
0x00007ffdd06c0000 - 0x00007ffdd07cb000 	C:\WINDOWS\System32\gdi32full.dll
0x00007ffdd0460000 - 0x00007ffdd04fd000 	C:\WINDOWS\System32\msvcp_win.dll
0x00007ffdc3d70000 - 0x00007ffdc400a000 	C:\WINDOWS\WinSxS\amd64_microsoft.windows.common-controls_6595b64144ccf1df_6.0.19041.1110_none_60b5254171f9507e\COMCTL32.dll
0x00007ffdd1480000 - 0x00007ffdd151e000 	C:\WINDOWS\System32\msvcrt.dll
0x00007ffda7390000 - 0x00007ffda73a7000 	E:\Android Studio\jre\bin\VCRUNTIME140.dll
0x00007ffdd1a80000 - 0x00007ffdd1ab0000 	C:\WINDOWS\System32\IMM32.DLL
0x00007ffd9fca0000 - 0x00007ffd9fd3d000 	E:\Android Studio\jre\bin\msvcp140.dll
0x00007ffd8c050000 - 0x00007ffd8cb25000 	E:\Android Studio\jre\bin\server\jvm.dll
0x00007ffdd1710000 - 0x00007ffdd17be000 	C:\WINDOWS\System32\ADVAPI32.dll
0x00007ffdd11b0000 - 0x00007ffdd124c000 	C:\WINDOWS\System32\sechost.dll
0x00007ffdd15e0000 - 0x00007ffdd1705000 	C:\WINDOWS\System32\RPCRT4.dll
0x00007ffdd0c40000 - 0x00007ffdd0c48000 	C:\WINDOWS\System32\PSAPI.DLL
0x00007ffdcb270000 - 0x00007ffdcb279000 	C:\WINDOWS\SYSTEM32\WSOCK32.dll
0x00007ffdd1410000 - 0x00007ffdd147b000 	C:\WINDOWS\System32\WS2_32.dll
0x00007ffdbc120000 - 0x00007ffdbc147000 	C:\WINDOWS\SYSTEM32\WINMM.dll
0x00007ffdc8fa0000 - 0x00007ffdc8faa000 	C:\WINDOWS\SYSTEM32\VERSION.dll
0x00007ffdcddf0000 - 0x00007ffdcde02000 	C:\WINDOWS\SYSTEM32\kernel.appcore.dll
0x00007ffdc9b70000 - 0x00007ffdc9b81000 	E:\Android Studio\jre\bin\verify.dll
0x00007ffdc7e20000 - 0x00007ffdc8004000 	C:\WINDOWS\SYSTEM32\DBGHELP.DLL
0x00007ffdc7b30000 - 0x00007ffdc7b5c000 	C:\WINDOWS\SYSTEM32\dbgcore.DLL
0x00007ffdd07d0000 - 0x00007ffdd0852000 	C:\WINDOWS\System32\bcryptPrimitives.dll
0x00007ffdbaac0000 - 0x00007ffdbaae9000 	E:\Android Studio\jre\bin\java.dll
0x00007ffdca340000 - 0x00007ffdca34b000 	E:\Android Studio\jre\bin\jimage.dll
0x00007ffdc97d0000 - 0x00007ffdc97e8000 	E:\Android Studio\jre\bin\zip.dll
0x00007ffdd1ab0000 - 0x00007ffdd21f4000 	C:\WINDOWS\System32\SHELL32.dll
0x00007ffdce0d0000 - 0x00007ffdce864000 	C:\WINDOWS\SYSTEM32\windows.storage.dll
0x00007ffdd0d60000 - 0x00007ffdd10b4000 	C:\WINDOWS\System32\combase.dll
0x00007ffdcf930000 - 0x00007ffdcf95c000 	C:\WINDOWS\SYSTEM32\Wldp.dll
0x00007ffdd0930000 - 0x00007ffdd09dd000 	C:\WINDOWS\System32\SHCORE.dll
0x00007ffdd1250000 - 0x00007ffdd12a5000 	C:\WINDOWS\System32\shlwapi.dll
0x00007ffdcfed0000 - 0x00007ffdcfeef000 	C:\WINDOWS\SYSTEM32\profapi.dll
0x00007ffdc45d0000 - 0x00007ffdc45ea000 	E:\Android Studio\jre\bin\net.dll
0x00007ffdc67f0000 - 0x00007ffdc68fa000 	C:\WINDOWS\SYSTEM32\WINHTTP.dll
0x00007ffdcf690000 - 0x00007ffdcf6fa000 	C:\WINDOWS\system32\mswsock.dll
0x00007ffdc3350000 - 0x00007ffdc3364000 	E:\Android Studio\jre\bin\nio.dll
0x00007ffda66d0000 - 0x00007ffda66f7000 	C:\Users\Jaen\.gradle\native\e1d6ef7f7dcc3fd88c89a11ec53ec762bb8ba0a96d01ffa2cd45eb1d1d8dd5c5\windows-amd64\native-platform.dll
0x00007ffd92a30000 - 0x00007ffd92b74000 	C:\Users\Jaen\.gradle\native\5664cfc778a61ccfe75a443a1ab52a65af34e5dc3c78e0209fed803814484fcb\windows-amd64\native-platform-file-events.dll
0x00007ffdc9950000 - 0x00007ffdc995a000 	E:\Android Studio\jre\bin\management.dll
0x00007ffdc32f0000 - 0x00007ffdc32fd000 	E:\Android Studio\jre\bin\management_ext.dll
0x00007ffdcf880000 - 0x00007ffdcf898000 	C:\WINDOWS\SYSTEM32\CRYPTSP.dll
0x00007ffdcf010000 - 0x00007ffdcf044000 	C:\WINDOWS\system32\rsaenh.dll
0x00007ffdd0660000 - 0x00007ffdd0687000 	C:\WINDOWS\System32\bcrypt.dll
0x00007ffdcfe90000 - 0x00007ffdcfebe000 	C:\WINDOWS\SYSTEM32\USERENV.dll
0x00007ffdcf8a0000 - 0x00007ffdcf8ac000 	C:\WINDOWS\SYSTEM32\CRYPTBASE.dll
0x00007ffdcf380000 - 0x00007ffdcf3bb000 	C:\WINDOWS\SYSTEM32\IPHLPAPI.DLL
0x00007ffdd23b0000 - 0x00007ffdd23b8000 	C:\WINDOWS\System32\NSI.dll
0x00007ffdc94c0000 - 0x00007ffdc94d7000 	C:\WINDOWS\SYSTEM32\dhcpcsvc6.DLL
0x00007ffdc9200000 - 0x00007ffdc921d000 	C:\WINDOWS\SYSTEM32\dhcpcsvc.DLL
0x00007ffdcf3c0000 - 0x00007ffdcf48b000 	C:\WINDOWS\SYSTEM32\DNSAPI.dll

dbghelp: loaded successfully - version: 4.0.5 - missing functions: none
symbol engine: initialized successfully - sym options: 0x614 - pdb path: .;E:\Android Studio\jre\bin;C:\WINDOWS\SYSTEM32;C:\WINDOWS\WinSxS\amd64_microsoft.windows.common-controls_6595b64144ccf1df_6.0.19041.1110_none_60b5254171f9507e;E:\Android Studio\jre\bin\server;C:\Users\Jaen\.gradle\native\e1d6ef7f7dcc3fd88c89a11ec53ec762bb8ba0a96d01ffa2cd45eb1d1d8dd5c5\windows-amd64;C:\Users\Jaen\.gradle\native\5664cfc778a61ccfe75a443a1ab52a65af34e5dc3c78e0209fed803814484fcb\windows-amd64

VM Arguments:
jvm_args: --add-opens=java.base/java.util=ALL-UNNAMED --add-opens=java.base/java.lang=ALL-UNNAMED --add-opens=java.base/java.lang.invoke=ALL-UNNAMED --add-opens=java.base/java.util=ALL-UNNAMED --add-opens=java.prefs/java.util.prefs=ALL-UNNAMED --add-opens=java.prefs/java.util.prefs=ALL-UNNAMED --add-opens=java.base/java.nio.charset=ALL-UNNAMED --add-opens=java.base/java.net=ALL-UNNAMED --add-opens=java.base/java.util.concurrent.atomic=ALL-UNNAMED -Xmx2048m -Dfile.encoding=UTF-8 -Duser.country=US -Duser.language=en -Duser.variant 
java_command: org.gradle.launcher.daemon.bootstrap.GradleDaemon 7.2
java_class_path (initial): C:\Users\Jaen\.gradle\wrapper\dists\gradle-7.2-bin\2dnblmf4td7x66yl1d74lt32g\gradle-7.2\lib\gradle-launcher-7.2.jar
Launcher Type: SUN_STANDARD

[Global flags]
     intx CICompilerCount                          = 2                                         {product} {ergonomic}
     uint ConcGCThreads                            = 1                                         {product} {ergonomic}
     uint G1ConcRefinementThreads                  = 2                                         {product} {ergonomic}
   size_t G1HeapRegionSize                         = 1048576                                   {product} {ergonomic}
    uintx GCDrainStackTargetSize                   = 64                                        {product} {ergonomic}
   size_t InitialHeapSize                          = 239075328                                 {product} {ergonomic}
   size_t MarkStackSize                            = 4194304                                   {product} {ergonomic}
   size_t MaxHeapSize                              = 2147483648                                {product} {command line}
   size_t MaxNewSize                               = 1287651328                                {product} {ergonomic}
   size_t MinHeapDeltaBytes                        = 1048576                                   {product} {ergonomic}
    uintx NonNMethodCodeHeapSize                   = 5825164                                {pd product} {ergonomic}
    uintx NonProfiledCodeHeapSize                  = 122916538                              {pd product} {ergonomic}
    uintx ProfiledCodeHeapSize                     = 122916538                              {pd product} {ergonomic}
    uintx ReservedCodeCacheSize                    = 251658240                              {pd product} {ergonomic}
     bool SegmentedCodeCache                       = true                                      {product} {ergonomic}
     bool UseCompressedClassPointers               = true                                 {lp64_product} {ergonomic}
     bool UseCompressedOops                        = true                                 {lp64_product} {ergonomic}
     bool UseG1GC                                  = true                                      {product} {ergonomic}
     bool UseLargePagesIndividualAllocation        = false                                  {pd product} {ergonomic}

Logging:
Log output configuration:
 #0: stdout all=warning uptime,level,tags
 #1: stderr all=off uptime,level,tags

Environment Variables:
PATH=C:\ProgramData\Oracle\Java\javapath;C:\Program Files\Common Files\Oracle\Java\javapath;C:\Program Files (x86)\Common Files\Oracle\Java\javapath;C:\Windows\system32;C:\Windows;C:\Windows\System32\Wbem;C:\Windows\System32\WindowsPowerShell\v1.0\;C:\Program Files (x86)\NVIDIA Corporation\PhysX\Common;C:\WINDOWS\system32;C:\WINDOWS;C:\WINDOWS\System32\Wbem;C:\WINDOWS\System32\WindowsPowerShell\v1.0\;C:\WINDOWS\System32\OpenSSH\;C:\ffmpeg\bin;E:\ffmpeg-20210804-65fdc0e589-win64-static;C:\Program Files\Git\cmd;E:\Program Files\NVIDIA Corporation\NVIDIA NvDLISR;C:\Users\Jaen\AppData\Local\Programs\Python\Python38-32\Scripts\;C:\Users\Jaen\AppData\Local\Programs\Python\Python38-32\;C:\Users\Jaen\AppData\Local\Microsoft\WindowsApps;
USERNAME=Jaen
OS=Windows_NT
PROCESSOR_IDENTIFIER=Intel64 Family 6 Model 158 Stepping 11, GenuineIntel



---------------  S Y S T E M  ---------------

OS: Windows 10 , 64 bit Build 19041 (10.0.19041.1645)
OS uptime: 13 days 12:57 hours

CPU:total 2 (initial active 2) (4 cores per cpu, 1 threads per core) family 6 model 158 stepping 11 microcode 0xb4, cmov, cx8, fxsr, mmx, sse, sse2, sse3, ssse3, sse4.1, sse4.2, popcnt, avx, avx2, aes, clmul, erms, 3dnowpref, lzcnt, tsc, tscinvbit, bmi1, bmi2, adx, fma

Memory: 4k page, system-wide physical 14540M (2277M free)
TotalPageFile size 14540M (AvailPageFile size 47M)
current process WorkingSet (physical memory assigned to process): 284M, peak: 285M
current process commit charge ("private bytes"): 453M, peak: 455M

vm_info: OpenJDK 64-Bit Server VM (11.0.11+9-b60-7590822) for windows-amd64 JRE (11.0.11+9-b60-7590822), built on Jul 29 2021 21:43:44 by "builder" with MS VC++ 14.0 (VS2015)

END.
