#
# There is insufficient memory for the Java Runtime Environment to continue.
# Native memory allocation (malloc) failed to allocate 1048576 bytes for AllocateHeap
# Possible reasons:
#   The system is out of physical RAM or swap space
#   The process is running with CompressedOops enabled, and the Java Heap may be blocking the growth of the native heap
# Possible solutions:
#   Reduce memory load on the system
#   Increase physical memory or swap space
#   Check if swap backing store is full
#   Decrease Java heap size (-Xmx/-Xms)
#   Decrease number of Java threads
#   Decrease Java thread stack sizes (-Xss)
#   Set larger code cache with -XX:ReservedCodeCacheSize=
#   JVM is running with Unscaled Compressed Oops mode in which the Java heap is
#     placed in the first 4GB address space. The Java Heap base address is the
#     maximum limit for the native heap growth. Please use -XX:HeapBaseMinAddress
#     to set the Java Heap base and to place the Java Heap above 4GB virtual address.
# This output file may be truncated or incomplete.
#
#  Out of Memory Error (./src/hotspot/share/memory/allocation.cpp:46), pid=2992, tid=12108
#
# JRE version: OpenJDK Runtime Environment (11.0.11+9) (build 11.0.11+9-b60-7590822)
# Java VM: OpenJDK 64-Bit Server VM (11.0.11+9-b60-7590822, mixed mode, tiered, compressed oops, g1 gc, windows-amd64)
# No core dump will be written. Minidumps are not enabled by default on client versions of Windows
#

---------------  S U M M A R Y ------------

Command Line: --add-opens=java.base/java.util=ALL-UNNAMED --add-opens=java.base/java.lang=ALL-UNNAMED --add-opens=java.base/java.lang.invoke=ALL-UNNAMED --add-opens=java.base/java.util=ALL-UNNAMED --add-opens=java.prefs/java.util.prefs=ALL-UNNAMED --add-opens=java.prefs/java.util.prefs=ALL-UNNAMED --add-opens=java.base/java.nio.charset=ALL-UNNAMED --add-opens=java.base/java.net=ALL-UNNAMED --add-opens=java.base/java.util.concurrent.atomic=ALL-UNNAMED -Xmx2048m -Dfile.encoding=UTF-8 -Duser.country=US -Duser.language=en -Duser.variant org.gradle.launcher.daemon.bootstrap.GradleDaemon 7.2

Host: Intel(R) Core(TM) i3-8100 CPU @ 3.60GHz, 2 cores, 14G,  Windows 10 , 64 bit Build 19041 (10.0.19041.1645)
Time: Fri Apr 29 19:49:14 2022 Malay Peninsula Standard Time elapsed time: 8.558457 seconds (0d 0h 0m 8s)

---------------  T H R E A D  ---------------

Current thread (0x000001bf50f21800):  VMThread "VM Thread" [stack: 0x0000004ba3300000,0x0000004ba3400000] [id=12108]

Stack: [0x0000004ba3300000,0x0000004ba3400000]
[error occurred during error reporting (printing stack bounds), id 0xc0000005, EXCEPTION_ACCESS_VIOLATION (0xc0000005) at pc=0x000001bf3a2e0f2d]

Native frames: (J=compiled Java code, j=interpreted, Vv=VM code, C=native code)
V  [jvm.dll+0x5f214a]
V  [jvm.dll+0x726fb5]
V  [jvm.dll+0x7285cd]
V  [jvm.dll+0x728be5]
V  [jvm.dll+0x728b9b]
V  [jvm.dll+0x5f14e8]
V  [jvm.dll+0x5f1c78]
C  [ntdll.dll+0xa20cf]
C  [ntdll.dll+0x51454]
C  [ntdll.dll+0xa0bfe]
C  0x000001bf3a2e0f2d

VM_Operation (0x0000004ba45f4860): CollectForMetadataAllocation, mode: safepoint, requested by thread 0x000001bf52adf000


---------------  P R O C E S S  ---------------

Threads class SMR info:
_java_thread_list=0x000001bf557185e0, length=55, elements={
0x000001bf34fb8800, 0x000001bf5070f800, 0x000001bf50712800, 0x000001bf50f75800,
0x000001bf50f79000, 0x000001bf50f7b000, 0x000001bf50f7f000, 0x000001bf50fe0000,
0x000001bf50fe0800, 0x000001bf510e2800, 0x000001bf5313a000, 0x000001bf52042800,
0x000001bf5306c800, 0x000001bf51eb8800, 0x000001bf51eb9000, 0x000001bf522af800,
0x000001bf52adf000, 0x000001bf52221000, 0x000001bf52222000, 0x000001bf52f64000,
0x000001bf52f69800, 0x000001bf52f69000, 0x000001bf52f68000, 0x000001bf52f6a800,
0x000001bf52f65800, 0x000001bf52f65000, 0x000001bf52f66800, 0x000001bf52f67000,
0x000001bf54ed1000, 0x000001bf54ed1800, 0x000001bf54ed3800, 0x000001bf54ed4000,
0x000001bf54ecf800, 0x000001bf54ed6000, 0x000001bf54ed0000, 0x000001bf54ed8000,
0x000001bf54ed7800, 0x000001bf54eda800, 0x000001bf54edb800, 0x000001bf54ed6800,
0x000001bf54ed9000, 0x000001bf54eda000, 0x000001bf54edc800, 0x000001bf54edd000,
0x000001bf54ede000, 0x000001bf51ecd800, 0x000001bf51ecc800, 0x000001bf51ed1800,
0x000001bf51ed4000, 0x000001bf51ed1000, 0x000001bf51ed3000, 0x000001bf51ece800,
0x000001bf51ed5000, 0x000001bf51ed2800, 0x000001bf51ecf000
}

Java Threads: ( => current thread )
  0x000001bf34fb8800 JavaThread "main" [_thread_blocked, id=8660, stack(0x0000004ba2d00000,0x0000004ba2e00000)]
  0x000001bf5070f800 JavaThread "Reference Handler" daemon [_thread_blocked, id=6544, stack(0x0000004ba3400000,0x0000004ba3500000)]
  0x000001bf50712800 JavaThread "Finalizer" daemon [_thread_blocked, id=15560, stack(0x0000004ba3500000,0x0000004ba3600000)]
  0x000001bf50f75800 JavaThread "Signal Dispatcher" daemon [_thread_blocked, id=6900, stack(0x0000004ba3600000,0x0000004ba3700000)]
  0x000001bf50f79000 JavaThread "Attach Listener" daemon [_thread_blocked, id=14660, stack(0x0000004ba3700000,0x0000004ba3800000)]
  0x000001bf50f7b000 JavaThread "Service Thread" daemon [_thread_blocked, id=1452, stack(0x0000004ba3800000,0x0000004ba3900000)]
  0x000001bf50f7f000 JavaThread "C2 CompilerThread0" daemon [_thread_blocked, id=11712, stack(0x0000004ba3900000,0x0000004ba3a00000)]
  0x000001bf50fe0000 JavaThread "C1 CompilerThread0" daemon [_thread_blocked, id=7716, stack(0x0000004ba3a00000,0x0000004ba3b00000)]
  0x000001bf50fe0800 JavaThread "Sweeper thread" daemon [_thread_blocked, id=3024, stack(0x0000004ba3b00000,0x0000004ba3c00000)]
  0x000001bf510e2800 JavaThread "Common-Cleaner" daemon [_thread_blocked, id=15164, stack(0x0000004ba3c00000,0x0000004ba3d00000)]
  0x000001bf5313a000 JavaThread "Daemon health stats" [_thread_blocked, id=3676, stack(0x0000004ba3f00000,0x0000004ba4000000)]
  0x000001bf52042800 JavaThread "Incoming local TCP Connector on port 53876" [_thread_in_native, id=14712, stack(0x0000004ba4000000,0x0000004ba4100000)]
  0x000001bf5306c800 JavaThread "Daemon periodic checks" [_thread_blocked, id=2628, stack(0x0000004ba4100000,0x0000004ba4200000)]
  0x000001bf51eb8800 JavaThread "Daemon" [_thread_blocked, id=12144, stack(0x0000004ba4200000,0x0000004ba4300000)]
  0x000001bf51eb9000 JavaThread "Handler for socket connection from /127.0.0.1:53876 to /127.0.0.1:53877" [_thread_in_native, id=11572, stack(0x0000004ba4300000,0x0000004ba4400000)]
  0x000001bf522af800 JavaThread "Cancel handler" [_thread_blocked, id=9712, stack(0x0000004ba4400000,0x0000004ba4500000)]
  0x000001bf52adf000 JavaThread "Daemon worker" [_thread_blocked, id=6548, stack(0x0000004ba4500000,0x0000004ba4600000)]
  0x000001bf52221000 JavaThread "Asynchronous log dispatcher for DefaultDaemonConnection: socket connection from /127.0.0.1:53876 to /127.0.0.1:53877" [_thread_blocked, id=14880, stack(0x0000004ba4600000,0x0000004ba4700000)]
  0x000001bf52222000 JavaThread "Stdin handler" [_thread_blocked, id=6468, stack(0x0000004ba4700000,0x0000004ba4800000)]
  0x000001bf52f64000 JavaThread "Daemon client event forwarder" [_thread_blocked, id=2040, stack(0x0000004ba4800000,0x0000004ba4900000)]
  0x000001bf52f69800 JavaThread "Cache worker for journal cache (C:\Users\Jaen\.gradle\caches\journal-1)" [_thread_blocked, id=10396, stack(0x0000004ba4900000,0x0000004ba4a00000)]
  0x000001bf52f69000 JavaThread "File lock request listener" [_thread_in_native, id=13468, stack(0x0000004ba4a00000,0x0000004ba4b00000)]
  0x000001bf52f68000 JavaThread "Cache worker for file hash cache (C:\Users\Jaen\.gradle\caches\7.2\fileHashes)" [_thread_blocked, id=12280, stack(0x0000004ba4b00000,0x0000004ba4c00000)]
  0x000001bf52f6a800 JavaThread "Cache worker for file hash cache (C:\Users\Jaen\AndroidStudioProjects\Group8_Capstone\.gradle\7.2\fileHashes)" [_thread_blocked, id=13436, stack(0x0000004ba4c00000,0x0000004ba4d00000)]
  0x000001bf52f65800 JavaThread "File watcher server" daemon [_thread_in_native, id=7108, stack(0x0000004ba4d00000,0x0000004ba4e00000)]
  0x000001bf52f65000 JavaThread "File watcher consumer" daemon [_thread_blocked, id=3564, stack(0x0000004ba4e00000,0x0000004ba4f00000)]
  0x000001bf52f66800 JavaThread "Cache worker for checksums cache (C:\Users\Jaen\AndroidStudioProjects\Group8_Capstone\.gradle\checksums)" [_thread_blocked, id=10732, stack(0x0000004ba4f00000,0x0000004ba5000000)]
  0x000001bf52f67000 JavaThread "Cache worker for cache directory md-supplier (C:\Users\Jaen\.gradle\caches\7.2\md-supplier)" [_thread_blocked, id=14160, stack(0x0000004ba5000000,0x0000004ba5100000)]
  0x000001bf54ed1000 JavaThread "Cache worker for cache directory md-rule (C:\Users\Jaen\.gradle\caches\7.2\md-rule)" [_thread_blocked, id=11476, stack(0x0000004ba5100000,0x0000004ba5200000)]
  0x000001bf54ed1800 JavaThread "Cache worker for execution history cache (C:\Users\Jaen\.gradle\caches\7.2\executionHistory)" [_thread_blocked, id=15028, stack(0x0000004ba5200000,0x0000004ba5300000)]
  0x000001bf54ed3800 JavaThread "jar transforms" [_thread_blocked, id=3084, stack(0x0000004ba5300000,0x0000004ba5400000)]
  0x000001bf54ed4000 JavaThread "Cache worker for file content cache (C:\Users\Jaen\.gradle\caches\7.2\fileContent)" [_thread_blocked, id=11016, stack(0x0000004ba5400000,0x0000004ba5500000)]
  0x000001bf54ecf800 JavaThread "jar transforms Thread 2" [_thread_blocked, id=7556, stack(0x0000004ba5500000,0x0000004ba5600000)]
  0x000001bf54ed6000 JavaThread "Cache worker for dependencies-accessors (C:\Users\Jaen\AndroidStudioProjects\Group8_Capstone\.gradle\7.2\dependencies-accessors)" [_thread_blocked, id=14476, stack(0x0000004ba5600000,0x0000004ba5700000)]
  0x000001bf54ed0000 JavaThread "Cache worker for Build Output Cleanup Cache (C:\Users\Jaen\AndroidStudioProjects\Group8_Capstone\.gradle\buildOutputCleanup)" [_thread_blocked, id=10880, stack(0x0000004ba5700000,0x0000004ba5800000)]
  0x000001bf54ed8000 JavaThread "Unconstrained build operations" [_thread_blocked, id=15588, stack(0x0000004ba5800000,0x0000004ba5900000)]
  0x000001bf54ed7800 JavaThread "Unconstrained build operations Thread 2" [_thread_blocked, id=15440, stack(0x0000004ba5900000,0x0000004ba5a00000)]
  0x000001bf54eda800 JavaThread "Unconstrained build operations Thread 3" [_thread_blocked, id=3336, stack(0x0000004ba5a00000,0x0000004ba5b00000)]
  0x000001bf54edb800 JavaThread "Unconstrained build operations Thread 4" [_thread_blocked, id=4080, stack(0x0000004ba5b00000,0x0000004ba5c00000)]
  0x000001bf54ed6800 JavaThread "Unconstrained build operations Thread 5" [_thread_blocked, id=7424, stack(0x0000004ba5c00000,0x0000004ba5d00000)]
  0x000001bf54ed9000 JavaThread "Unconstrained build operations Thread 6" [_thread_blocked, id=10952, stack(0x0000004ba5d00000,0x0000004ba5e00000)]
  0x000001bf54eda000 JavaThread "Unconstrained build operations Thread 7" [_thread_blocked, id=12500, stack(0x0000004ba5e00000,0x0000004ba5f00000)]
  0x000001bf54edc800 JavaThread "Unconstrained build operations Thread 8" [_thread_blocked, id=14628, stack(0x0000004ba5f00000,0x0000004ba6000000)]
  0x000001bf54edd000 JavaThread "Unconstrained build operations Thread 9" [_thread_blocked, id=15780, stack(0x0000004ba6000000,0x0000004ba6100000)]
  0x000001bf54ede000 JavaThread "Unconstrained build operations Thread 10" [_thread_blocked, id=2648, stack(0x0000004ba6100000,0x0000004ba6200000)]
  0x000001bf51ecd800 JavaThread "Unconstrained build operations Thread 11" [_thread_blocked, id=13716, stack(0x0000004ba6200000,0x0000004ba6300000)]
  0x000001bf51ecc800 JavaThread "Unconstrained build operations Thread 12" [_thread_blocked, id=11072, stack(0x0000004ba6300000,0x0000004ba6400000)]
  0x000001bf51ed1800 JavaThread "Unconstrained build operations Thread 13" [_thread_blocked, id=3188, stack(0x0000004ba6400000,0x0000004ba6500000)]
  0x000001bf51ed4000 JavaThread "Unconstrained build operations Thread 14" [_thread_blocked, id=13392, stack(0x0000004ba6500000,0x0000004ba6600000)]
  0x000001bf51ed1000 JavaThread "Unconstrained build operations Thread 15" [_thread_blocked, id=1204, stack(0x0000004ba6600000,0x0000004ba6700000)]
  0x000001bf51ed3000 JavaThread "Unconstrained build operations Thread 16" [_thread_blocked, id=13816, stack(0x0000004ba6700000,0x0000004ba6800000)]
  0x000001bf51ece800 JavaThread "Unconstrained build operations Thread 17" [_thread_blocked, id=1740, stack(0x0000004ba6800000,0x0000004ba6900000)]
  0x000001bf51ed5000 JavaThread "Unconstrained build operations Thread 18" [_thread_blocked, id=9628, stack(0x0000004ba6900000,0x0000004ba6a00000)]
  0x000001bf51ed2800 JavaThread "Unconstrained build operations Thread 19" [_thread_blocked, id=15140, stack(0x0000004ba6a00000,0x0000004ba6b00000)]
  0x000001bf51ecf000 JavaThread "Unconstrained build operations Thread 20" [_thread_blocked, id=9728, stack(0x0000004ba6b00000,0x0000004ba6c00000)]

Other Threads:
=>0x000001bf50f21800 VMThread "VM Thread" [stack: 0x0000004ba3300000,0x0000004ba3400000] [id=12108]
  0x000001bf51108800 WatcherThread [stack: 0x0000004ba3d00000,0x0000004ba3e00000] [id=10336]
  0x000001bf34fd3000 GCTaskThread "GC Thread#0" [stack: 0x0000004ba2e00000,0x0000004ba2f00000] [id=13796]
  0x000001bf5131e800 GCTaskThread "GC Thread#1" [stack: 0x0000004ba3e00000,0x0000004ba3f00000] [id=12892]
  0x000001bf35004000 ConcurrentGCThread "G1 Main Marker" [stack: 0x0000004ba2f00000,0x0000004ba3000000] [id=8628]
  0x000001bf35005800 ConcurrentGCThread "G1 Conc#0" [stack: 0x0000004ba3000000,0x0000004ba3100000] [id=8024]
  0x000001bf3509e000 ConcurrentGCThread "G1 Refine#0" [stack: 0x0000004ba3100000,0x0000004ba3200000] [id=14876]
  0x000001bf50560800 ConcurrentGCThread "G1 Young RemSet Sampling" [stack: 0x0000004ba3200000,0x0000004ba3300000] [id=9732]

Threads with active compile tasks:
C2 CompilerThread0   8589 5550       4       org.gradle.internal.service.DefaultServiceRegistry$OwnServices::getService (309 bytes)

VM state:at safepoint (normal execution)

VM Mutex/Monitor currently owned by a thread:  ([mutex/lock_event])
[0x000001bf34fb74c0] Threads_lock - owner thread: 0x000001bf50f21800
[0x000001bf34fb6740] Heap_lock - owner thread: 0x000001bf52adf000

Heap address: 0x0000000080000000, size: 2048 MB, Compressed Oops mode: 32-bit
Narrow klass base: 0x0000000000000000, Narrow klass shift: 3
Compressed class space size: 1073741824 Address: 0x0000000100000000

Heap:
 garbage-first heap   total 280576K, used 45417K [0x0000000080000000, 0x0000000100000000)
  region size 1024K, 2 young (2048K), 2 survivors (2048K)
 Metaspace       used 54088K, capacity 55345K, committed 55420K, reserved 1105920K
  class space    used 6877K, capacity 7380K, committed 7424K, reserved 1048576K
Heap Regions: E=young(eden), S=young(survivor), O=old, HS=humongous(starts), HC=humongous(continues), CS=collection set, F=free, A=archive, TAMS=top-at-mark-start (previous, next)
|   0|0x0000000080000000, 0x0000000080100000, 0x0000000080100000|100%|HS|  |TAMS 0x0000000080100000, 0x0000000080100000| Complete 
|   1|0x0000000080100000, 0x0000000080200000, 0x0000000080200000|100%|HC|  |TAMS 0x0000000080200000, 0x0000000080200000| Complete 
|   2|0x0000000080200000, 0x0000000080300000, 0x0000000080300000|100%|HC|  |TAMS 0x0000000080300000, 0x0000000080300000| Complete 
|   3|0x0000000080300000, 0x0000000080400000, 0x0000000080400000|100%| O|  |TAMS 0x0000000080400000, 0x0000000080400000| Untracked 
|   4|0x0000000080400000, 0x0000000080500000, 0x0000000080500000|100%| O|  |TAMS 0x0000000080500000, 0x0000000080500000| Untracked 
|   5|0x0000000080500000, 0x0000000080600000, 0x0000000080600000|100%| O|  |TAMS 0x0000000080600000, 0x0000000080600000| Untracked 
|   6|0x0000000080600000, 0x0000000080700000, 0x0000000080700000|100%| O|  |TAMS 0x0000000080700000, 0x0000000080700000| Untracked 
|   7|0x0000000080700000, 0x0000000080800000, 0x0000000080800000|100%| O|  |TAMS 0x0000000080800000, 0x0000000080800000| Untracked 
|   8|0x0000000080800000, 0x0000000080900000, 0x0000000080900000|100%| O|  |TAMS 0x0000000080900000, 0x0000000080900000| Untracked 
|   9|0x0000000080900000, 0x0000000080a00000, 0x0000000080a00000|100%| O|  |TAMS 0x0000000080a00000, 0x0000000080a00000| Untracked 
|  10|0x0000000080a00000, 0x0000000080b00000, 0x0000000080b00000|100%| O|  |TAMS 0x0000000080b00000, 0x0000000080b00000| Untracked 
|  11|0x0000000080b00000, 0x0000000080c00000, 0x0000000080c00000|100%| O|  |TAMS 0x0000000080c00000, 0x0000000080c00000| Untracked 
|  12|0x0000000080c00000, 0x0000000080d00000, 0x0000000080d00000|100%| O|  |TAMS 0x0000000080d00000, 0x0000000080d00000| Untracked 
|  13|0x0000000080d00000, 0x0000000080e00000, 0x0000000080e00000|100%| O|  |TAMS 0x0000000080e00000, 0x0000000080e00000| Untracked 
|  14|0x0000000080e00000, 0x0000000080f00000, 0x0000000080f00000|100%| O|  |TAMS 0x0000000080f00000, 0x0000000080f00000| Untracked 
|  15|0x0000000080f00000, 0x0000000081000000, 0x0000000081000000|100%| O|  |TAMS 0x0000000080f9f000, 0x0000000081000000| Untracked 
|  16|0x0000000081000000, 0x0000000081100000, 0x0000000081100000|100%|HS|  |TAMS 0x0000000081000000, 0x0000000081100000| Complete 
|  17|0x0000000081100000, 0x0000000081200000, 0x0000000081200000|100%|HS|  |TAMS 0x0000000081100000, 0x0000000081200000| Complete 
|  18|0x0000000081200000, 0x0000000081300000, 0x0000000081300000|100%|HS|  |TAMS 0x0000000081200000, 0x0000000081300000| Complete 
|  19|0x0000000081300000, 0x0000000081400000, 0x0000000081400000|100%|HS|  |TAMS 0x0000000081300000, 0x0000000081400000| Complete 
|  20|0x0000000081400000, 0x0000000081500000, 0x0000000081500000|100%|HC|  |TAMS 0x0000000081400000, 0x0000000081500000| Complete 
|  21|0x0000000081500000, 0x0000000081600000, 0x0000000081600000|100%| O|  |TAMS 0x0000000081500000, 0x0000000081600000| Untracked 
|  22|0x0000000081600000, 0x0000000081700000, 0x0000000081700000|100%| O|  |TAMS 0x0000000081600000, 0x0000000081700000| Untracked 
|  23|0x0000000081700000, 0x0000000081800000, 0x0000000081800000|100%| O|  |TAMS 0x0000000081700000, 0x0000000081800000| Untracked 
|  24|0x0000000081800000, 0x0000000081900000, 0x0000000081900000|100%| O|  |TAMS 0x0000000081800000, 0x0000000081900000| Untracked 
|  25|0x0000000081900000, 0x0000000081a00000, 0x0000000081a00000|100%| O|  |TAMS 0x0000000081900000, 0x0000000081a00000| Untracked 
|  26|0x0000000081a00000, 0x0000000081b00000, 0x0000000081b00000|100%| O|  |TAMS 0x0000000081a00000, 0x0000000081b00000| Untracked 
|  27|0x0000000081b00000, 0x0000000081c00000, 0x0000000081c00000|100%| O|  |TAMS 0x0000000081b00000, 0x0000000081c00000| Untracked 
|  28|0x0000000081c00000, 0x0000000081d00000, 0x0000000081d00000|100%| O|  |TAMS 0x0000000081c00000, 0x0000000081d00000| Untracked 
|  29|0x0000000081d00000, 0x0000000081e00000, 0x0000000081e00000|100%| O|  |TAMS 0x0000000081d00000, 0x0000000081e00000| Untracked 
|  30|0x0000000081e00000, 0x0000000081f00000, 0x0000000081f00000|100%| O|  |TAMS 0x0000000081e00000, 0x0000000081f00000| Untracked 
|  31|0x0000000081f00000, 0x0000000082000000, 0x0000000082000000|100%| O|  |TAMS 0x0000000081f00000, 0x0000000082000000| Untracked 
|  32|0x0000000082000000, 0x0000000082100000, 0x0000000082100000|100%| O|  |TAMS 0x0000000082000000, 0x0000000082100000| Untracked 
|  33|0x0000000082100000, 0x0000000082200000, 0x0000000082200000|100%| O|  |TAMS 0x0000000082100000, 0x0000000082200000| Untracked 
|  34|0x0000000082200000, 0x0000000082300000, 0x0000000082300000|100%| O|  |TAMS 0x0000000082200000, 0x0000000082300000| Untracked 
|  35|0x0000000082300000, 0x0000000082400000, 0x0000000082400000|100%| O|  |TAMS 0x0000000082300000, 0x0000000082400000| Untracked 
|  36|0x0000000082400000, 0x0000000082500000, 0x0000000082500000|100%| O|  |TAMS 0x0000000082400000, 0x0000000082500000| Untracked 
|  37|0x0000000082500000, 0x0000000082600000, 0x0000000082600000|100%| O|  |TAMS 0x0000000082500000, 0x0000000082600000| Untracked 
|  38|0x0000000082600000, 0x0000000082700000, 0x0000000082700000|100%| O|  |TAMS 0x0000000082600000, 0x0000000082700000| Untracked 
|  39|0x0000000082700000, 0x0000000082800000, 0x0000000082800000|100%| O|  |TAMS 0x0000000082700000, 0x0000000082800000| Untracked 
|  40|0x0000000082800000, 0x0000000082900000, 0x0000000082900000|100%| O|  |TAMS 0x0000000082800000, 0x0000000082900000| Untracked 
|  41|0x0000000082900000, 0x0000000082a00000, 0x0000000082a00000|100%| O|  |TAMS 0x0000000082900000, 0x0000000082a00000| Untracked 
|  42|0x0000000082a00000, 0x0000000082ada600, 0x0000000082b00000| 85%| O|  |TAMS 0x0000000082a00000, 0x0000000082ada600| Untracked 
|  43|0x0000000082b00000, 0x0000000082b00000, 0x0000000082c00000|  0%| F|  |TAMS 0x0000000082b00000, 0x0000000082b00000| Untracked 
|  44|0x0000000082c00000, 0x0000000082c00000, 0x0000000082d00000|  0%| F|  |TAMS 0x0000000082c00000, 0x0000000082c00000| Untracked 
|  45|0x0000000082d00000, 0x0000000082d00000, 0x0000000082e00000|  0%| F|  |TAMS 0x0000000082d00000, 0x0000000082d00000| Untracked 
|  46|0x0000000082e00000, 0x0000000082e00000, 0x0000000082f00000|  0%| F|  |TAMS 0x0000000082e00000, 0x0000000082e00000| Untracked 
|  47|0x0000000082f00000, 0x0000000082f00000, 0x0000000083000000|  0%| F|  |TAMS 0x0000000082f00000, 0x0000000082f00000| Untracked 
|  48|0x0000000083000000, 0x0000000083000000, 0x0000000083100000|  0%| F|  |TAMS 0x0000000083000000, 0x0000000083000000| Untracked 
|  49|0x0000000083100000, 0x0000000083100000, 0x0000000083200000|  0%| F|  |TAMS 0x0000000083100000, 0x0000000083100000| Untracked 
|  50|0x0000000083200000, 0x0000000083200000, 0x0000000083300000|  0%| F|  |TAMS 0x0000000083200000, 0x0000000083200000| Untracked 
|  51|0x0000000083300000, 0x0000000083300000, 0x0000000083400000|  0%| F|  |TAMS 0x0000000083300000, 0x0000000083300000| Untracked 
|  52|0x0000000083400000, 0x0000000083400000, 0x0000000083500000|  0%| F|  |TAMS 0x0000000083400000, 0x0000000083400000| Untracked 
|  53|0x0000000083500000, 0x0000000083500000, 0x0000000083600000|  0%| F|  |TAMS 0x0000000083500000, 0x0000000083500000| Untracked 
|  54|0x0000000083600000, 0x0000000083600000, 0x0000000083700000|  0%| F|  |TAMS 0x0000000083600000, 0x0000000083600000| Untracked 
|  55|0x0000000083700000, 0x0000000083700000, 0x0000000083800000|  0%| F|  |TAMS 0x0000000083700000, 0x0000000083700000| Untracked 
|  56|0x0000000083800000, 0x0000000083800000, 0x0000000083900000|  0%| F|  |TAMS 0x0000000083800000, 0x0000000083800000| Untracked 
|  57|0x0000000083900000, 0x0000000083900000, 0x0000000083a00000|  0%| F|  |TAMS 0x0000000083900000, 0x0000000083900000| Untracked 
|  58|0x0000000083a00000, 0x0000000083a00000, 0x0000000083b00000|  0%| F|  |TAMS 0x0000000083a00000, 0x0000000083a00000| Untracked 
|  59|0x0000000083b00000, 0x0000000083b00000, 0x0000000083c00000|  0%| F|  |TAMS 0x0000000083b00000, 0x0000000083b00000| Untracked 
|  60|0x0000000083c00000, 0x0000000083c00000, 0x0000000083d00000|  0%| F|  |TAMS 0x0000000083c00000, 0x0000000083c00000| Untracked 
|  61|0x0000000083d00000, 0x0000000083d00000, 0x0000000083e00000|  0%| F|  |TAMS 0x0000000083d00000, 0x0000000083d00000| Untracked 
|  62|0x0000000083e00000, 0x0000000083e00000, 0x0000000083f00000|  0%| F|  |TAMS 0x0000000083e00000, 0x0000000083e00000| Untracked 
|  63|0x0000000083f00000, 0x0000000083f00000, 0x0000000084000000|  0%| F|  |TAMS 0x0000000083f00000, 0x0000000083f00000| Untracked 
|  64|0x0000000084000000, 0x0000000084000000, 0x0000000084100000|  0%| F|  |TAMS 0x0000000084000000, 0x0000000084000000| Untracked 
|  65|0x0000000084100000, 0x0000000084100000, 0x0000000084200000|  0%| F|  |TAMS 0x0000000084100000, 0x0000000084100000| Untracked 
|  66|0x0000000084200000, 0x0000000084200000, 0x0000000084300000|  0%| F|  |TAMS 0x0000000084200000, 0x0000000084200000| Untracked 
|  67|0x0000000084300000, 0x0000000084300000, 0x0000000084400000|  0%| F|  |TAMS 0x0000000084300000, 0x0000000084300000| Untracked 
|  68|0x0000000084400000, 0x0000000084400000, 0x0000000084500000|  0%| F|  |TAMS 0x0000000084400000, 0x0000000084400000| Untracked 
|  69|0x0000000084500000, 0x0000000084500000, 0x0000000084600000|  0%| F|  |TAMS 0x0000000084500000, 0x0000000084500000| Untracked 
|  70|0x0000000084600000, 0x0000000084600000, 0x0000000084700000|  0%| F|  |TAMS 0x0000000084600000, 0x0000000084600000| Untracked 
|  71|0x0000000084700000, 0x0000000084700000, 0x0000000084800000|  0%| F|  |TAMS 0x0000000084700000, 0x0000000084700000| Untracked 
|  72|0x0000000084800000, 0x0000000084800000, 0x0000000084900000|  0%| F|  |TAMS 0x0000000084800000, 0x0000000084800000| Untracked 
|  73|0x0000000084900000, 0x0000000084900000, 0x0000000084a00000|  0%| F|  |TAMS 0x0000000084900000, 0x0000000084900000| Untracked 
|  74|0x0000000084a00000, 0x0000000084a00000, 0x0000000084b00000|  0%| F|  |TAMS 0x0000000084a00000, 0x0000000084a00000| Untracked 
|  75|0x0000000084b00000, 0x0000000084b00000, 0x0000000084c00000|  0%| F|  |TAMS 0x0000000084b00000, 0x0000000084b00000| Untracked 
|  76|0x0000000084c00000, 0x0000000084c00000, 0x0000000084d00000|  0%| F|  |TAMS 0x0000000084c00000, 0x0000000084c00000| Untracked 
|  77|0x0000000084d00000, 0x0000000084d00000, 0x0000000084e00000|  0%| F|  |TAMS 0x0000000084d00000, 0x0000000084d00000| Untracked 
|  78|0x0000000084e00000, 0x0000000084e00000, 0x0000000084f00000|  0%| F|  |TAMS 0x0000000084e00000, 0x0000000084e00000| Untracked 
|  79|0x0000000084f00000, 0x0000000084f00000, 0x0000000085000000|  0%| F|  |TAMS 0x0000000084f00000, 0x0000000084f00000| Untracked 
|  80|0x0000000085000000, 0x0000000085000000, 0x0000000085100000|  0%| F|  |TAMS 0x0000000085000000, 0x0000000085000000| Untracked 
|  81|0x0000000085100000, 0x0000000085100000, 0x0000000085200000|  0%| F|  |TAMS 0x0000000085100000, 0x0000000085100000| Untracked 
|  82|0x0000000085200000, 0x0000000085200000, 0x0000000085300000|  0%| F|  |TAMS 0x0000000085200000, 0x0000000085200000| Untracked 
|  83|0x0000000085300000, 0x0000000085300000, 0x0000000085400000|  0%| F|  |TAMS 0x0000000085300000, 0x0000000085300000| Untracked 
|  84|0x0000000085400000, 0x0000000085400000, 0x0000000085500000|  0%| F|  |TAMS 0x0000000085400000, 0x0000000085400000| Untracked 
|  85|0x0000000085500000, 0x0000000085500000, 0x0000000085600000|  0%| F|  |TAMS 0x0000000085500000, 0x0000000085500000| Untracked 
|  86|0x0000000085600000, 0x0000000085600000, 0x0000000085700000|  0%| F|  |TAMS 0x0000000085600000, 0x0000000085600000| Untracked 
|  87|0x0000000085700000, 0x0000000085700000, 0x0000000085800000|  0%| F|  |TAMS 0x0000000085700000, 0x0000000085700000| Untracked 
|  88|0x0000000085800000, 0x0000000085800000, 0x0000000085900000|  0%| F|  |TAMS 0x0000000085800000, 0x0000000085800000| Untracked 
|  89|0x0000000085900000, 0x0000000085900000, 0x0000000085a00000|  0%| F|  |TAMS 0x0000000085900000, 0x0000000085900000| Untracked 
|  90|0x0000000085a00000, 0x0000000085a00000, 0x0000000085b00000|  0%| F|  |TAMS 0x0000000085a00000, 0x0000000085a00000| Untracked 
|  91|0x0000000085b00000, 0x0000000085b00000, 0x0000000085c00000|  0%| F|  |TAMS 0x0000000085b00000, 0x0000000085b00000| Untracked 
|  92|0x0000000085c00000, 0x0000000085c00000, 0x0000000085d00000|  0%| F|  |TAMS 0x0000000085c00000, 0x0000000085c00000| Untracked 
|  93|0x0000000085d00000, 0x0000000085d00000, 0x0000000085e00000|  0%| F|  |TAMS 0x0000000085d00000, 0x0000000085d00000| Untracked 
|  94|0x0000000085e00000, 0x0000000085e00000, 0x0000000085f00000|  0%| F|  |TAMS 0x0000000085e00000, 0x0000000085e00000| Untracked 
|  95|0x0000000085f00000, 0x0000000085f00000, 0x0000000086000000|  0%| F|  |TAMS 0x0000000085f00000, 0x0000000085f00000| Untracked 
|  96|0x0000000086000000, 0x0000000086000000, 0x0000000086100000|  0%| F|  |TAMS 0x0000000086000000, 0x0000000086000000| Untracked 
|  97|0x0000000086100000, 0x0000000086100000, 0x0000000086200000|  0%| F|  |TAMS 0x0000000086100000, 0x0000000086100000| Untracked 
|  98|0x0000000086200000, 0x0000000086200000, 0x0000000086300000|  0%| F|  |TAMS 0x0000000086200000, 0x0000000086200000| Untracked 
|  99|0x0000000086300000, 0x0000000086300000, 0x0000000086400000|  0%| F|  |TAMS 0x0000000086300000, 0x0000000086300000| Untracked 
| 100|0x0000000086400000, 0x0000000086400000, 0x0000000086500000|  0%| F|  |TAMS 0x0000000086400000, 0x0000000086400000| Untracked 
| 101|0x0000000086500000, 0x0000000086500000, 0x0000000086600000|  0%| F|  |TAMS 0x0000000086500000, 0x0000000086500000| Untracked 
| 102|0x0000000086600000, 0x0000000086600000, 0x0000000086700000|  0%| F|  |TAMS 0x0000000086600000, 0x0000000086600000| Untracked 
| 103|0x0000000086700000, 0x0000000086700000, 0x0000000086800000|  0%| F|  |TAMS 0x0000000086700000, 0x0000000086700000| Untracked 
| 104|0x0000000086800000, 0x0000000086800000, 0x0000000086900000|  0%| F|  |TAMS 0x0000000086800000, 0x0000000086800000| Untracked 
| 105|0x0000000086900000, 0x0000000086900000, 0x0000000086a00000|  0%| F|  |TAMS 0x0000000086900000, 0x0000000086900000| Untracked 
| 106|0x0000000086a00000, 0x0000000086a00000, 0x0000000086b00000|  0%| F|  |TAMS 0x0000000086a00000, 0x0000000086a00000| Untracked 
| 107|0x0000000086b00000, 0x0000000086b00000, 0x0000000086c00000|  0%| F|  |TAMS 0x0000000086b00000, 0x0000000086b00000| Untracked 
| 108|0x0000000086c00000, 0x0000000086c00000, 0x0000000086d00000|  0%| F|  |TAMS 0x0000000086c00000, 0x0000000086c00000| Untracked 
| 109|0x0000000086d00000, 0x0000000086d00000, 0x0000000086e00000|  0%| F|  |TAMS 0x0000000086d00000, 0x0000000086d00000| Untracked 
| 110|0x0000000086e00000, 0x0000000086e00000, 0x0000000086f00000|  0%| F|  |TAMS 0x0000000086e00000, 0x0000000086e00000| Untracked 
| 111|0x0000000086f00000, 0x0000000086f00000, 0x0000000087000000|  0%| F|  |TAMS 0x0000000086f00000, 0x0000000086f00000| Untracked 
| 112|0x0000000087000000, 0x0000000087000000, 0x0000000087100000|  0%| F|  |TAMS 0x0000000087000000, 0x0000000087000000| Untracked 
| 113|0x0000000087100000, 0x0000000087100000, 0x0000000087200000|  0%| F|  |TAMS 0x0000000087100000, 0x0000000087100000| Untracked 
| 114|0x0000000087200000, 0x0000000087200000, 0x0000000087300000|  0%| F|  |TAMS 0x0000000087200000, 0x0000000087200000| Untracked 
| 115|0x0000000087300000, 0x0000000087300000, 0x0000000087400000|  0%| F|  |TAMS 0x0000000087300000, 0x0000000087300000| Untracked 
| 116|0x0000000087400000, 0x0000000087400000, 0x0000000087500000|  0%| F|  |TAMS 0x0000000087400000, 0x0000000087400000| Untracked 
| 117|0x0000000087500000, 0x0000000087500000, 0x0000000087600000|  0%| F|  |TAMS 0x0000000087500000, 0x0000000087500000| Untracked 
| 118|0x0000000087600000, 0x0000000087600000, 0x0000000087700000|  0%| F|  |TAMS 0x0000000087600000, 0x0000000087600000| Untracked 
| 119|0x0000000087700000, 0x0000000087700000, 0x0000000087800000|  0%| F|  |TAMS 0x0000000087700000, 0x0000000087700000| Untracked 
| 120|0x0000000087800000, 0x0000000087800000, 0x0000000087900000|  0%| F|  |TAMS 0x0000000087800000, 0x0000000087800000| Untracked 
| 121|0x0000000087900000, 0x0000000087900000, 0x0000000087a00000|  0%| F|  |TAMS 0x0000000087900000, 0x0000000087900000| Untracked 
| 122|0x0000000087a00000, 0x0000000087a00000, 0x0000000087b00000|  0%| F|  |TAMS 0x0000000087a00000, 0x0000000087a00000| Untracked 
| 123|0x0000000087b00000, 0x0000000087b00000, 0x0000000087c00000|  0%| F|  |TAMS 0x0000000087b00000, 0x0000000087b00000| Untracked 
| 124|0x0000000087c00000, 0x0000000087c00000, 0x0000000087d00000|  0%| F|  |TAMS 0x0000000087c00000, 0x0000000087c00000| Untracked 
| 125|0x0000000087d00000, 0x0000000087d00000, 0x0000000087e00000|  0%| F|  |TAMS 0x0000000087d00000, 0x0000000087d00000| Untracked 
| 126|0x0000000087e00000, 0x0000000087e00000, 0x0000000087f00000|  0%| F|  |TAMS 0x0000000087e00000, 0x0000000087e00000| Untracked 
| 127|0x0000000087f00000, 0x0000000087f00000, 0x0000000088000000|  0%| F|  |TAMS 0x0000000087f00000, 0x0000000087f00000| Untracked 
| 128|0x0000000088000000, 0x0000000088000000, 0x0000000088100000|  0%| F|  |TAMS 0x0000000088000000, 0x0000000088000000| Untracked 
| 129|0x0000000088100000, 0x0000000088100000, 0x0000000088200000|  0%| F|  |TAMS 0x0000000088100000, 0x0000000088100000| Untracked 
| 130|0x0000000088200000, 0x0000000088200000, 0x0000000088300000|  0%| F|  |TAMS 0x0000000088200000, 0x0000000088200000| Untracked 
| 131|0x0000000088300000, 0x0000000088300000, 0x0000000088400000|  0%| F|  |TAMS 0x0000000088300000, 0x0000000088300000| Untracked 
| 132|0x0000000088400000, 0x0000000088400000, 0x0000000088500000|  0%| F|  |TAMS 0x0000000088400000, 0x0000000088400000| Untracked 
| 133|0x0000000088500000, 0x0000000088500000, 0x0000000088600000|  0%| F|  |TAMS 0x0000000088500000, 0x0000000088500000| Untracked 
| 134|0x0000000088600000, 0x0000000088600000, 0x0000000088700000|  0%| F|  |TAMS 0x0000000088600000, 0x0000000088600000| Untracked 
| 135|0x0000000088700000, 0x0000000088700000, 0x0000000088800000|  0%| F|  |TAMS 0x0000000088700000, 0x0000000088700000| Untracked 
| 136|0x0000000088800000, 0x0000000088800000, 0x0000000088900000|  0%| F|  |TAMS 0x0000000088800000, 0x0000000088800000| Untracked 
| 137|0x0000000088900000, 0x0000000088900000, 0x0000000088a00000|  0%| F|  |TAMS 0x0000000088900000, 0x0000000088900000| Untracked 
| 138|0x0000000088a00000, 0x0000000088a00000, 0x0000000088b00000|  0%| F|  |TAMS 0x0000000088a00000, 0x0000000088a00000| Untracked 
| 139|0x0000000088b00000, 0x0000000088b00000, 0x0000000088c00000|  0%| F|  |TAMS 0x0000000088b00000, 0x0000000088b00000| Untracked 
| 140|0x0000000088c00000, 0x0000000088c00000, 0x0000000088d00000|  0%| F|  |TAMS 0x0000000088c00000, 0x0000000088c00000| Untracked 
| 141|0x0000000088d00000, 0x0000000088d00000, 0x0000000088e00000|  0%| F|  |TAMS 0x0000000088d00000, 0x0000000088d00000| Untracked 
| 142|0x0000000088e00000, 0x0000000088e00000, 0x0000000088f00000|  0%| F|  |TAMS 0x0000000088e00000, 0x0000000088e00000| Untracked 
| 143|0x0000000088f00000, 0x0000000088f00000, 0x0000000089000000|  0%| F|  |TAMS 0x0000000088f00000, 0x0000000088f00000| Untracked 
| 144|0x0000000089000000, 0x0000000089000000, 0x0000000089100000|  0%| F|  |TAMS 0x0000000089000000, 0x0000000089000000| Untracked 
| 145|0x0000000089100000, 0x0000000089100000, 0x0000000089200000|  0%| F|  |TAMS 0x0000000089100000, 0x0000000089100000| Untracked 
| 146|0x0000000089200000, 0x0000000089200000, 0x0000000089300000|  0%| F|  |TAMS 0x0000000089200000, 0x0000000089200000| Untracked 
| 147|0x0000000089300000, 0x0000000089300000, 0x0000000089400000|  0%| F|  |TAMS 0x0000000089300000, 0x0000000089300000| Untracked 
| 148|0x0000000089400000, 0x0000000089400000, 0x0000000089500000|  0%| F|  |TAMS 0x0000000089400000, 0x0000000089400000| Untracked 
| 149|0x0000000089500000, 0x0000000089500000, 0x0000000089600000|  0%| F|  |TAMS 0x0000000089500000, 0x0000000089500000| Untracked 
| 150|0x0000000089600000, 0x0000000089600000, 0x0000000089700000|  0%| F|  |TAMS 0x0000000089600000, 0x0000000089600000| Untracked 
| 151|0x0000000089700000, 0x0000000089700000, 0x0000000089800000|  0%| F|  |TAMS 0x0000000089700000, 0x0000000089700000| Untracked 
| 152|0x0000000089800000, 0x0000000089800000, 0x0000000089900000|  0%| F|  |TAMS 0x0000000089800000, 0x0000000089800000| Untracked 
| 153|0x0000000089900000, 0x0000000089900000, 0x0000000089a00000|  0%| F|  |TAMS 0x0000000089900000, 0x0000000089900000| Untracked 
| 154|0x0000000089a00000, 0x0000000089a00000, 0x0000000089b00000|  0%| F|  |TAMS 0x0000000089a00000, 0x0000000089a00000| Untracked 
| 155|0x0000000089b00000, 0x0000000089b00000, 0x0000000089c00000|  0%| F|  |TAMS 0x0000000089b00000, 0x0000000089b00000| Untracked 
| 156|0x0000000089c00000, 0x0000000089c00000, 0x0000000089d00000|  0%| F|  |TAMS 0x0000000089c00000, 0x0000000089c00000| Untracked 
| 157|0x0000000089d00000, 0x0000000089d00000, 0x0000000089e00000|  0%| F|  |TAMS 0x0000000089d00000, 0x0000000089d00000| Untracked 
| 158|0x0000000089e00000, 0x0000000089e00000, 0x0000000089f00000|  0%| F|  |TAMS 0x0000000089e00000, 0x0000000089e00000| Untracked 
| 159|0x0000000089f00000, 0x0000000089f00000, 0x000000008a000000|  0%| F|  |TAMS 0x0000000089f00000, 0x0000000089f00000| Untracked 
| 160|0x000000008a000000, 0x000000008a000000, 0x000000008a100000|  0%| F|  |TAMS 0x000000008a000000, 0x000000008a000000| Untracked 
| 161|0x000000008a100000, 0x000000008a100000, 0x000000008a200000|  0%| F|  |TAMS 0x000000008a100000, 0x000000008a100000| Untracked 
| 162|0x000000008a200000, 0x000000008a200000, 0x000000008a300000|  0%| F|  |TAMS 0x000000008a200000, 0x000000008a200000| Untracked 
| 163|0x000000008a300000, 0x000000008a300000, 0x000000008a400000|  0%| F|  |TAMS 0x000000008a300000, 0x000000008a300000| Untracked 
| 164|0x000000008a400000, 0x000000008a400000, 0x000000008a500000|  0%| F|  |TAMS 0x000000008a400000, 0x000000008a400000| Untracked 
| 165|0x000000008a500000, 0x000000008a500000, 0x000000008a600000|  0%| F|  |TAMS 0x000000008a500000, 0x000000008a500000| Untracked 
| 166|0x000000008a600000, 0x000000008a600000, 0x000000008a700000|  0%| F|  |TAMS 0x000000008a600000, 0x000000008a600000| Untracked 
| 167|0x000000008a700000, 0x000000008a700000, 0x000000008a800000|  0%| F|  |TAMS 0x000000008a700000, 0x000000008a700000| Untracked 
| 168|0x000000008a800000, 0x000000008a800000, 0x000000008a900000|  0%| F|  |TAMS 0x000000008a800000, 0x000000008a800000| Untracked 
| 169|0x000000008a900000, 0x000000008a900000, 0x000000008aa00000|  0%| F|  |TAMS 0x000000008a900000, 0x000000008a900000| Untracked 
| 170|0x000000008aa00000, 0x000000008aa00000, 0x000000008ab00000|  0%| F|  |TAMS 0x000000008aa00000, 0x000000008aa00000| Untracked 
| 171|0x000000008ab00000, 0x000000008ab00000, 0x000000008ac00000|  0%| F|  |TAMS 0x000000008ab00000, 0x000000008ab00000| Untracked 
| 172|0x000000008ac00000, 0x000000008ac00000, 0x000000008ad00000|  0%| F|  |TAMS 0x000000008ac00000, 0x000000008ac00000| Untracked 
| 173|0x000000008ad00000, 0x000000008ad00000, 0x000000008ae00000|  0%| F|  |TAMS 0x000000008ad00000, 0x000000008ad00000| Untracked 
| 174|0x000000008ae00000, 0x000000008ae00000, 0x000000008af00000|  0%| F|  |TAMS 0x000000008ae00000, 0x000000008ae00000| Untracked 
| 175|0x000000008af00000, 0x000000008af00000, 0x000000008b000000|  0%| F|  |TAMS 0x000000008af00000, 0x000000008af00000| Untracked 
| 176|0x000000008b000000, 0x000000008b000000, 0x000000008b100000|  0%| F|  |TAMS 0x000000008b000000, 0x000000008b000000| Untracked 
| 177|0x000000008b100000, 0x000000008b100000, 0x000000008b200000|  0%| F|  |TAMS 0x000000008b100000, 0x000000008b100000| Untracked 
| 178|0x000000008b200000, 0x000000008b200000, 0x000000008b300000|  0%| F|  |TAMS 0x000000008b200000, 0x000000008b200000| Untracked 
| 179|0x000000008b300000, 0x000000008b300000, 0x000000008b400000|  0%| F|  |TAMS 0x000000008b300000, 0x000000008b300000| Untracked 
| 180|0x000000008b400000, 0x000000008b400000, 0x000000008b500000|  0%| F|  |TAMS 0x000000008b400000, 0x000000008b400000| Untracked 
| 181|0x000000008b500000, 0x000000008b500000, 0x000000008b600000|  0%| F|  |TAMS 0x000000008b500000, 0x000000008b500000| Untracked 
| 182|0x000000008b600000, 0x000000008b600000, 0x000000008b700000|  0%| F|  |TAMS 0x000000008b600000, 0x000000008b600000| Untracked 
| 183|0x000000008b700000, 0x000000008b700000, 0x000000008b800000|  0%| F|  |TAMS 0x000000008b700000, 0x000000008b700000| Untracked 
| 184|0x000000008b800000, 0x000000008b800000, 0x000000008b900000|  0%| F|  |TAMS 0x000000008b800000, 0x000000008b800000| Untracked 
| 185|0x000000008b900000, 0x000000008b900000, 0x000000008ba00000|  0%| F|  |TAMS 0x000000008b900000, 0x000000008b900000| Untracked 
| 186|0x000000008ba00000, 0x000000008ba00000, 0x000000008bb00000|  0%| F|  |TAMS 0x000000008ba00000, 0x000000008ba00000| Untracked 
| 187|0x000000008bb00000, 0x000000008bb00000, 0x000000008bc00000|  0%| F|  |TAMS 0x000000008bb00000, 0x000000008bb00000| Untracked 
| 188|0x000000008bc00000, 0x000000008bc00000, 0x000000008bd00000|  0%| F|  |TAMS 0x000000008bc00000, 0x000000008bc00000| Untracked 
| 189|0x000000008bd00000, 0x000000008bd00000, 0x000000008be00000|  0%| F|  |TAMS 0x000000008bd00000, 0x000000008bd00000| Untracked 
| 190|0x000000008be00000, 0x000000008be00000, 0x000000008bf00000|  0%| F|  |TAMS 0x000000008be00000, 0x000000008be00000| Untracked 
| 191|0x000000008bf00000, 0x000000008bf00000, 0x000000008c000000|  0%| F|  |TAMS 0x000000008bf00000, 0x000000008bf00000| Untracked 
| 192|0x000000008c000000, 0x000000008c000000, 0x000000008c100000|  0%| F|  |TAMS 0x000000008c000000, 0x000000008c000000| Untracked 
| 193|0x000000008c100000, 0x000000008c100000, 0x000000008c200000|  0%| F|  |TAMS 0x000000008c100000, 0x000000008c100000| Untracked 
| 194|0x000000008c200000, 0x000000008c200000, 0x000000008c300000|  0%| F|  |TAMS 0x000000008c200000, 0x000000008c200000| Untracked 
| 195|0x000000008c300000, 0x000000008c300000, 0x000000008c400000|  0%| F|  |TAMS 0x000000008c300000, 0x000000008c300000| Untracked 
| 196|0x000000008c400000, 0x000000008c400000, 0x000000008c500000|  0%| F|  |TAMS 0x000000008c400000, 0x000000008c400000| Untracked 
| 197|0x000000008c500000, 0x000000008c500000, 0x000000008c600000|  0%| F|  |TAMS 0x000000008c500000, 0x000000008c500000| Untracked 
| 198|0x000000008c600000, 0x000000008c600000, 0x000000008c700000|  0%| F|  |TAMS 0x000000008c600000, 0x000000008c600000| Untracked 
| 199|0x000000008c700000, 0x000000008c700000, 0x000000008c800000|  0%| F|  |TAMS 0x000000008c700000, 0x000000008c700000| Untracked 
| 200|0x000000008c800000, 0x000000008c800000, 0x000000008c900000|  0%| F|  |TAMS 0x000000008c800000, 0x000000008c800000| Untracked 
| 201|0x000000008c900000, 0x000000008c900000, 0x000000008ca00000|  0%| F|  |TAMS 0x000000008c900000, 0x000000008c900000| Untracked 
| 202|0x000000008ca00000, 0x000000008ca00000, 0x000000008cb00000|  0%| F|  |TAMS 0x000000008ca00000, 0x000000008ca00000| Untracked 
| 203|0x000000008cb00000, 0x000000008cb00000, 0x000000008cc00000|  0%| F|  |TAMS 0x000000008cb00000, 0x000000008cb00000| Untracked 
| 204|0x000000008cc00000, 0x000000008cc00000, 0x000000008cd00000|  0%| F|  |TAMS 0x000000008cc00000, 0x000000008cc00000| Untracked 
| 205|0x000000008cd00000, 0x000000008cd00000, 0x000000008ce00000|  0%| F|  |TAMS 0x000000008cd00000, 0x000000008cd00000| Untracked 
| 206|0x000000008ce00000, 0x000000008ce00000, 0x000000008cf00000|  0%| F|  |TAMS 0x000000008ce00000, 0x000000008ce00000| Untracked 
| 207|0x000000008cf00000, 0x000000008cf00000, 0x000000008d000000|  0%| F|  |TAMS 0x000000008cf00000, 0x000000008cf00000| Untracked 
| 208|0x000000008d000000, 0x000000008d000000, 0x000000008d100000|  0%| F|  |TAMS 0x000000008d000000, 0x000000008d000000| Untracked 
| 209|0x000000008d100000, 0x000000008d100000, 0x000000008d200000|  0%| F|  |TAMS 0x000000008d100000, 0x000000008d100000| Untracked 
| 210|0x000000008d200000, 0x000000008d200000, 0x000000008d300000|  0%| F|  |TAMS 0x000000008d200000, 0x000000008d200000| Untracked 
| 211|0x000000008d300000, 0x000000008d300000, 0x000000008d400000|  0%| F|  |TAMS 0x000000008d300000, 0x000000008d300000| Untracked 
| 212|0x000000008d400000, 0x000000008d400000, 0x000000008d500000|  0%| F|  |TAMS 0x000000008d400000, 0x000000008d400000| Untracked 
| 213|0x000000008d500000, 0x000000008d500000, 0x000000008d600000|  0%| F|  |TAMS 0x000000008d500000, 0x000000008d500000| Untracked 
| 214|0x000000008d600000, 0x000000008d600000, 0x000000008d700000|  0%| F|  |TAMS 0x000000008d600000, 0x000000008d600000| Untracked 
| 215|0x000000008d700000, 0x000000008d700000, 0x000000008d800000|  0%| F|  |TAMS 0x000000008d700000, 0x000000008d700000| Untracked 
| 216|0x000000008d800000, 0x000000008d800000, 0x000000008d900000|  0%| F|  |TAMS 0x000000008d800000, 0x000000008d800000| Untracked 
| 217|0x000000008d900000, 0x000000008d900000, 0x000000008da00000|  0%| F|  |TAMS 0x000000008d900000, 0x000000008d900000| Untracked 
| 218|0x000000008da00000, 0x000000008da00000, 0x000000008db00000|  0%| F|  |TAMS 0x000000008da00000, 0x000000008da00000| Untracked 
| 219|0x000000008db00000, 0x000000008db00000, 0x000000008dc00000|  0%| F|  |TAMS 0x000000008db00000, 0x000000008db00000| Untracked 
| 220|0x000000008dc00000, 0x000000008dc00000, 0x000000008dd00000|  0%| F|  |TAMS 0x000000008dc00000, 0x000000008dc00000| Untracked 
| 221|0x000000008dd00000, 0x000000008dd00000, 0x000000008de00000|  0%| F|  |TAMS 0x000000008dd00000, 0x000000008dd00000| Untracked 
| 222|0x000000008de00000, 0x000000008de00000, 0x000000008df00000|  0%| F|  |TAMS 0x000000008de00000, 0x000000008de00000| Untracked 
| 223|0x000000008df00000, 0x000000008df00000, 0x000000008e000000|  0%| F|  |TAMS 0x000000008df00000, 0x000000008df00000| Untracked 
| 224|0x000000008e000000, 0x000000008e000000, 0x000000008e100000|  0%| F|  |TAMS 0x000000008e000000, 0x000000008e000000| Untracked 
| 225|0x000000008e100000, 0x000000008e100000, 0x000000008e200000|  0%| F|  |TAMS 0x000000008e100000, 0x000000008e100000| Untracked 
| 226|0x000000008e200000, 0x000000008e200000, 0x000000008e300000|  0%| F|  |TAMS 0x000000008e200000, 0x000000008e200000| Untracked 
| 227|0x000000008e300000, 0x000000008e300000, 0x000000008e400000|  0%| F|  |TAMS 0x000000008e300000, 0x000000008e300000| Untracked 
| 228|0x000000008e400000, 0x000000008e400000, 0x000000008e500000|  0%| F|  |TAMS 0x000000008e400000, 0x000000008e400000| Untracked 
| 229|0x000000008e500000, 0x000000008e500000, 0x000000008e600000|  0%| F|  |TAMS 0x000000008e500000, 0x000000008e500000| Untracked 
| 230|0x000000008e600000, 0x000000008e600000, 0x000000008e700000|  0%| F|  |TAMS 0x000000008e600000, 0x000000008e600000| Untracked 
| 231|0x000000008e700000, 0x000000008e700000, 0x000000008e800000|  0%| F|  |TAMS 0x000000008e700000, 0x000000008e700000| Untracked 
| 232|0x000000008e800000, 0x000000008e800000, 0x000000008e900000|  0%| F|  |TAMS 0x000000008e800000, 0x000000008e800000| Untracked 
| 233|0x000000008e900000, 0x000000008e900000, 0x000000008ea00000|  0%| F|  |TAMS 0x000000008e900000, 0x000000008e900000| Untracked 
| 234|0x000000008ea00000, 0x000000008ea00000, 0x000000008eb00000|  0%| F|  |TAMS 0x000000008ea00000, 0x000000008ea00000| Untracked 
| 235|0x000000008eb00000, 0x000000008eb00000, 0x000000008ec00000|  0%| F|  |TAMS 0x000000008eb00000, 0x000000008eb00000| Untracked 
| 236|0x000000008ec00000, 0x000000008ec00000, 0x000000008ed00000|  0%| F|  |TAMS 0x000000008ec00000, 0x000000008ec00000| Untracked 
| 237|0x000000008ed00000, 0x000000008ed00000, 0x000000008ee00000|  0%| F|  |TAMS 0x000000008ed00000, 0x000000008ed00000| Untracked 
| 238|0x000000008ee00000, 0x000000008ee00000, 0x000000008ef00000|  0%| F|  |TAMS 0x000000008ee00000, 0x000000008ee00000| Untracked 
| 239|0x000000008ef00000, 0x000000008ef00000, 0x000000008f000000|  0%| F|  |TAMS 0x000000008ef00000, 0x000000008ef00000| Untracked 
| 240|0x000000008f000000, 0x000000008f000000, 0x000000008f100000|  0%| F|  |TAMS 0x000000008f000000, 0x000000008f000000| Untracked 
| 241|0x000000008f100000, 0x000000008f100000, 0x000000008f200000|  0%| F|  |TAMS 0x000000008f100000, 0x000000008f100000| Untracked 
| 242|0x000000008f200000, 0x000000008f200000, 0x000000008f300000|  0%| F|  |TAMS 0x000000008f200000, 0x000000008f200000| Untracked 
| 243|0x000000008f300000, 0x000000008f300000, 0x000000008f400000|  0%| F|  |TAMS 0x000000008f300000, 0x000000008f300000| Untracked 
| 244|0x000000008f400000, 0x000000008f400000, 0x000000008f500000|  0%| F|  |TAMS 0x000000008f400000, 0x000000008f400000| Untracked 
| 245|0x000000008f500000, 0x000000008f500000, 0x000000008f600000|  0%| F|  |TAMS 0x000000008f500000, 0x000000008f500000| Untracked 
| 246|0x000000008f600000, 0x000000008f600000, 0x000000008f700000|  0%| F|  |TAMS 0x000000008f600000, 0x000000008f600000| Untracked 
| 247|0x000000008f700000, 0x000000008f700000, 0x000000008f800000|  0%| F|  |TAMS 0x000000008f700000, 0x000000008f700000| Untracked 
| 248|0x000000008f800000, 0x000000008f800000, 0x000000008f900000|  0%| F|  |TAMS 0x000000008f800000, 0x000000008f800000| Untracked 
| 249|0x000000008f900000, 0x000000008f900000, 0x000000008fa00000|  0%| F|  |TAMS 0x000000008f900000, 0x000000008f900000| Untracked 
| 250|0x000000008fa00000, 0x000000008fa00000, 0x000000008fb00000|  0%| F|  |TAMS 0x000000008fa00000, 0x000000008fa00000| Untracked 
| 251|0x000000008fb00000, 0x000000008fb00000, 0x000000008fc00000|  0%| F|  |TAMS 0x000000008fb00000, 0x000000008fb00000| Untracked 
| 252|0x000000008fc00000, 0x000000008fc00000, 0x000000008fd00000|  0%| F|  |TAMS 0x000000008fc00000, 0x000000008fc00000| Untracked 
| 253|0x000000008fd00000, 0x000000008fd00000, 0x000000008fe00000|  0%| F|  |TAMS 0x000000008fd00000, 0x000000008fd00000| Untracked 
| 254|0x000000008fe00000, 0x000000008fe00000, 0x000000008ff00000|  0%| F|  |TAMS 0x000000008fe00000, 0x000000008fe00000| Untracked 
| 255|0x000000008ff00000, 0x000000008ff00000, 0x0000000090000000|  0%| F|  |TAMS 0x000000008ff00000, 0x000000008ff00000| Untracked 
| 256|0x0000000090000000, 0x0000000090080000, 0x0000000090100000| 50%| S|CS|TAMS 0x0000000090000000, 0x0000000090000000| Complete 
| 257|0x0000000090100000, 0x0000000090200000, 0x0000000090200000|100%| S|CS|TAMS 0x0000000090100000, 0x0000000090100000| Complete 
| 258|0x0000000090200000, 0x0000000090200000, 0x0000000090300000|  0%| F|  |TAMS 0x0000000090200000, 0x0000000090200000| Untracked 
| 259|0x0000000090300000, 0x0000000090300000, 0x0000000090400000|  0%| F|  |TAMS 0x0000000090300000, 0x0000000090300000| Untracked 
| 260|0x0000000090400000, 0x0000000090400000, 0x0000000090500000|  0%| F|  |TAMS 0x0000000090400000, 0x0000000090400000| Untracked 
| 261|0x0000000090500000, 0x0000000090500000, 0x0000000090600000|  0%| F|  |TAMS 0x0000000090500000, 0x0000000090500000| Untracked 
| 262|0x0000000090600000, 0x0000000090600000, 0x0000000090700000|  0%| F|  |TAMS 0x0000000090600000, 0x0000000090600000| Untracked 
| 263|0x0000000090700000, 0x0000000090700000, 0x0000000090800000|  0%| F|  |TAMS 0x0000000090700000, 0x0000000090700000| Untracked 
| 264|0x0000000090800000, 0x0000000090800000, 0x0000000090900000|  0%| F|  |TAMS 0x0000000090800000, 0x0000000090800000| Untracked 
| 265|0x0000000090900000, 0x0000000090900000, 0x0000000090a00000|  0%| F|  |TAMS 0x0000000090900000, 0x0000000090900000| Untracked 
| 266|0x0000000090a00000, 0x0000000090a00000, 0x0000000090b00000|  0%| F|  |TAMS 0x0000000090a00000, 0x0000000090a00000| Untracked 
| 267|0x0000000090b00000, 0x0000000090b00000, 0x0000000090c00000|  0%| F|  |TAMS 0x0000000090b00000, 0x0000000090b00000| Untracked 
| 268|0x0000000090c00000, 0x0000000090c00000, 0x0000000090d00000|  0%| F|  |TAMS 0x0000000090c00000, 0x0000000090c00000| Untracked 
| 269|0x0000000090d00000, 0x0000000090d00000, 0x0000000090e00000|  0%| F|  |TAMS 0x0000000090d00000, 0x0000000090d00000| Untracked 
| 270|0x0000000090e00000, 0x0000000090e00000, 0x0000000090f00000|  0%| F|  |TAMS 0x0000000090e00000, 0x0000000090e00000| Untracked 
| 271|0x0000000090f00000, 0x0000000090f00000, 0x0000000091000000|  0%| F|  |TAMS 0x0000000090f00000, 0x0000000090f00000| Untracked 
| 272|0x0000000091000000, 0x0000000091000000, 0x0000000091100000|  0%| F|  |TAMS 0x0000000091000000, 0x0000000091000000| Untracked 
| 273|0x0000000091100000, 0x0000000091100000, 0x0000000091200000|  0%| F|  |TAMS 0x0000000091100000, 0x0000000091100000| Untracked 

Card table byte_map: [0x000001bf49af0000,0x000001bf49ef0000] _byte_map_base: 0x000001bf496f0000

Marking Bits (Prev, Next): (CMBitMap*) 0x000001bf34ffb2f8, (CMBitMap*) 0x000001bf34ffb330
 Prev Bits: [0x000001bf4a2f0000, 0x000001bf4c2f0000)
 Next Bits: [0x000001bf4c2f0000, 0x000001bf4e2f0000)

Polling page: 0x000001bf34dc0000

Metaspace:

Usage:
  Non-class:     46.84 MB capacity,    46.11 MB ( 98%) used,   612.82 KB (  1%) free+waste,   140.50 KB ( <1%) overhead. 
      Class:      7.21 MB capacity,     6.72 MB ( 93%) used,   436.39 KB (  6%) free+waste,    66.44 KB ( <1%) overhead. 
       Both:     54.05 MB capacity,    52.82 MB ( 98%) used,     1.02 MB (  2%) free+waste,   206.94 KB ( <1%) overhead. 

Virtual space:
  Non-class space:       56.00 MB reserved,      46.87 MB ( 84%) committed 
      Class space:        1.00 GB reserved,       7.25 MB ( <1%) committed 
             Both:        1.05 GB reserved,      54.12 MB (  5%) committed 

Chunk freelists:
   Non-Class:  31.00 KB
       Class:  12.00 KB
        Both:  43.00 KB

MaxMetaspaceSize: 17179869184.00 GB
CompressedClassSpaceSize: 1.00 GB

CodeHeap 'non-profiled nmethods': size=120064Kb used=2693Kb max_used=2693Kb free=117370Kb
 bounds [0x000001bf41da0000, 0x000001bf42050000, 0x000001bf492e0000]
CodeHeap 'profiled nmethods': size=120000Kb used=11587Kb max_used=11587Kb free=108412Kb
 bounds [0x000001bf3a870000, 0x000001bf3b3d0000, 0x000001bf41da0000]
CodeHeap 'non-nmethods': size=5696Kb used=2231Kb max_used=2261Kb free=3464Kb
 bounds [0x000001bf3a2e0000, 0x000001bf3a550000, 0x000001bf3a870000]
 total_blobs=6357 nmethods=5550 adapters=718
 compilation: enabled
              stopped_count=0, restarted_count=0
 full_count=0

Compilation events (20 events):
Event: 8.478 Thread 0x000001bf50fe0000 nmethod 5548 0x000001bf3b3b9f90 code [0x000001bf3b3ba140, 0x000001bf3b3ba278]
Event: 8.478 Thread 0x000001bf50f7f000 5549       4       com.google.common.collect.RegularImmutableList::get (7 bytes)
Event: 8.479 Thread 0x000001bf50f7f000 nmethod 5549 0x000001bf42041110 code [0x000001bf420412a0, 0x000001bf42041338]
Event: 8.479 Thread 0x000001bf50f7f000 5550       4       org.gradle.internal.service.DefaultServiceRegistry$OwnServices::getService (309 bytes)
Event: 8.479 Thread 0x000001bf50fe0000 5551       3       org.gradle.internal.instantiation.generator.ParamsMatchingConstructorSelector::forParams (426 bytes)
Event: 8.480 Thread 0x000001bf50fe0000 nmethod 5551 0x000001bf3b3ba390 code [0x000001bf3b3ba880, 0x000001bf3b3bd1c8]
Event: 8.481 Thread 0x000001bf50fe0000 5552       3       org.gradle.internal.instantiation.generator.ParamsMatchingConstructorSelector::vetoParameters (1 bytes)
Event: 8.481 Thread 0x000001bf50fe0000 nmethod 5552 0x000001bf3b3bdf10 code [0x000001bf3b3be0c0, 0x000001bf3b3be1b8]
Event: 8.489 Thread 0x000001bf50fe0000 5554       3       org.gradle.internal.instantiation.generator.AsmBackedClassGenerator::getServicesForNext (13 bytes)
Event: 8.489 Thread 0x000001bf50fe0000 nmethod 5554 0x000001bf3b3be290 code [0x000001bf3b3be460, 0x000001bf3b3be6e8]
Event: 8.490 Thread 0x000001bf50fe0000 5555       3       java.lang.reflect.AccessibleObject::verifyAccess (84 bytes)
Event: 8.490 Thread 0x000001bf50fe0000 nmethod 5555 0x000001bf3b3be810 code [0x000001bf3b3bea00, 0x000001bf3b3bf028]
Event: 8.491 Thread 0x000001bf50fe0000 5556       3       org.objectweb.asm.SymbolTable$Entry::<init> (17 bytes)
Event: 8.491 Thread 0x000001bf50fe0000 nmethod 5556 0x000001bf3b3bf190 code [0x000001bf3b3bf340, 0x000001bf3b3bf4a8]
Event: 8.495 Thread 0x000001bf50fe0000 5557       3       java.lang.invoke.BoundMethodHandle::bindArgumentL (11 bytes)
Event: 8.496 Thread 0x000001bf50fe0000 nmethod 5557 0x000001bf3b3bf590 code [0x000001bf3b3bf780, 0x000001bf3b3bfc58]
Event: 8.516 Thread 0x000001bf50fe0000 5559       3       sun.reflect.annotation.AnnotationParser::skipMemberValue (11 bytes)
Event: 8.516 Thread 0x000001bf50fe0000 nmethod 5559 0x000001bf3b3bfe90 code [0x000001bf3b3c0060, 0x000001bf3b3c0238]
Event: 8.516 Thread 0x000001bf50fe0000 5560       3       sun.reflect.annotation.AnnotationParser::skipMemberValue (65 bytes)
Event: 8.516 Thread 0x000001bf50fe0000 nmethod 5560 0x000001bf3b3c0310 code [0x000001bf3b3c0540, 0x000001bf3b3c0bd8]

GC Heap History (20 events):
Event: 0.946 GC heap before
{Heap before GC invocations=2 (full 0):
 garbage-first heap   total 233472K, used 17018K [0x0000000080000000, 0x0000000100000000)
  region size 1024K, 11 young (11264K), 2 survivors (2048K)
 Metaspace       used 10358K, capacity 10540K, committed 10624K, reserved 1058816K
  class space    used 1076K, capacity 1135K, committed 1152K, reserved 1048576K
}
Event: 0.948 GC heap after
{Heap after GC invocations=3 (full 0):
 garbage-first heap   total 233472K, used 9396K [0x0000000080000000, 0x0000000100000000)
  region size 1024K, 1 young (1024K), 1 survivors (1024K)
 Metaspace       used 10358K, capacity 10540K, committed 10624K, reserved 1058816K
  class space    used 1076K, capacity 1135K, committed 1152K, reserved 1048576K
}
Event: 1.193 GC heap before
{Heap before GC invocations=3 (full 0):
 garbage-first heap   total 233472K, used 22708K [0x0000000080000000, 0x0000000100000000)
  region size 1024K, 15 young (15360K), 1 survivors (1024K)
 Metaspace       used 10853K, capacity 11077K, committed 11264K, reserved 1058816K
  class space    used 1130K, capacity 1207K, committed 1280K, reserved 1048576K
}
Event: 1.194 GC heap after
{Heap after GC invocations=4 (full 0):
 garbage-first heap   total 233472K, used 9792K [0x0000000080000000, 0x0000000100000000)
  region size 1024K, 1 young (1024K), 1 survivors (1024K)
 Metaspace       used 10853K, capacity 11077K, committed 11264K, reserved 1058816K
  class space    used 1130K, capacity 1207K, committed 1280K, reserved 1048576K
}
Event: 1.486 GC heap before
{Heap before GC invocations=4 (full 0):
 garbage-first heap   total 233472K, used 32320K [0x0000000080000000, 0x0000000100000000)
  region size 1024K, 23 young (23552K), 1 survivors (1024K)
 Metaspace       used 11028K, capacity 11325K, committed 11520K, reserved 1058816K
  class space    used 1157K, capacity 1247K, committed 1280K, reserved 1048576K
}
Event: 1.490 GC heap after
{Heap after GC invocations=5 (full 0):
 garbage-first heap   total 233472K, used 13790K [0x0000000080000000, 0x0000000100000000)
  region size 1024K, 3 young (3072K), 3 survivors (3072K)
 Metaspace       used 11028K, capacity 11325K, committed 11520K, reserved 1058816K
  class space    used 1157K, capacity 1247K, committed 1280K, reserved 1048576K
}
Event: 2.313 GC heap before
{Heap before GC invocations=5 (full 0):
 garbage-first heap   total 233472K, used 42462K [0x0000000080000000, 0x0000000100000000)
  region size 1024K, 31 young (31744K), 3 survivors (3072K)
 Metaspace       used 17616K, capacity 17994K, committed 18176K, reserved 1064960K
  class space    used 2067K, capacity 2217K, committed 2304K, reserved 1048576K
}
Event: 2.320 GC heap after
{Heap after GC invocations=6 (full 0):
 garbage-first heap   total 233472K, used 16215K [0x0000000080000000, 0x0000000100000000)
  region size 1024K, 3 young (3072K), 3 survivors (3072K)
 Metaspace       used 17616K, capacity 17994K, committed 18176K, reserved 1064960K
  class space    used 2067K, capacity 2217K, committed 2304K, reserved 1048576K
}
Event: 2.577 GC heap before
{Heap before GC invocations=6 (full 0):
 garbage-first heap   total 233472K, used 41815K [0x0000000080000000, 0x0000000100000000)
  region size 1024K, 29 young (29696K), 3 survivors (3072K)
 Metaspace       used 20688K, capacity 21106K, committed 21296K, reserved 1069056K
  class space    used 2528K, capacity 2658K, committed 2688K, reserved 1048576K
}
Event: 2.582 GC heap after
{Heap after GC invocations=7 (full 0):
 garbage-first heap   total 233472K, used 17071K [0x0000000080000000, 0x0000000100000000)
  region size 1024K, 4 young (4096K), 4 survivors (4096K)
 Metaspace       used 20688K, capacity 21106K, committed 21296K, reserved 1069056K
  class space    used 2528K, capacity 2658K, committed 2688K, reserved 1048576K
}
Event: 3.047 GC heap before
{Heap before GC invocations=8 (full 0):
 garbage-first heap   total 233472K, used 60079K [0x0000000080000000, 0x0000000100000000)
  region size 1024K, 46 young (47104K), 4 survivors (4096K)
 Metaspace       used 24949K, capacity 25514K, committed 25648K, reserved 1071104K
  class space    used 3214K, capacity 3430K, committed 3456K, reserved 1048576K
}
Event: 3.057 GC heap after
{Heap after GC invocations=9 (full 0):
 garbage-first heap   total 233472K, used 18946K [0x0000000080000000, 0x0000000100000000)
  region size 1024K, 3 young (3072K), 3 survivors (3072K)
 Metaspace       used 24949K, capacity 25514K, committed 25648K, reserved 1071104K
  class space    used 3214K, capacity 3430K, committed 3456K, reserved 1048576K
}
Event: 4.325 GC heap before
{Heap before GC invocations=9 (full 0):
 garbage-first heap   total 233472K, used 89602K [0x0000000080000000, 0x0000000100000000)
  region size 1024K, 73 young (74752K), 3 survivors (3072K)
 Metaspace       used 34846K, capacity 35647K, committed 35708K, reserved 1081344K
  class space    used 4522K, capacity 4857K, committed 4864K, reserved 1048576K
}
Event: 4.339 GC heap after
{Heap after GC invocations=10 (full 0):
 garbage-first heap   total 233472K, used 22665K [0x0000000080000000, 0x0000000100000000)
  region size 1024K, 7 young (7168K), 7 survivors (7168K)
 Metaspace       used 34846K, capacity 35647K, committed 35708K, reserved 1081344K
  class space    used 4522K, capacity 4857K, committed 4864K, reserved 1048576K
}
Event: 6.064 GC heap before
{Heap before GC invocations=11 (full 0):
 garbage-first heap   total 233472K, used 118921K [0x0000000080000000, 0x0000000100000000)
  region size 1024K, 98 young (100352K), 7 survivors (7168K)
 Metaspace       used 43089K, capacity 44022K, committed 44156K, reserved 1087488K
  class space    used 5458K, capacity 5822K, committed 5888K, reserved 1048576K
}
Event: 6.083 GC heap after
{Heap after GC invocations=12 (full 0):
 garbage-first heap   total 233472K, used 28754K [0x0000000080000000, 0x0000000100000000)
  region size 1024K, 13 young (13312K), 13 survivors (13312K)
 Metaspace       used 43089K, capacity 44022K, committed 44156K, reserved 1087488K
  class space    used 5458K, capacity 5822K, committed 5888K, reserved 1048576K
}
Event: 8.236 GC heap before
{Heap before GC invocations=12 (full 0):
 garbage-first heap   total 233472K, used 159826K [0x0000000080000000, 0x0000000100000000)
  region size 1024K, 136 young (139264K), 13 survivors (13312K)
 Metaspace       used 51819K, capacity 53093K, committed 53372K, reserved 1095680K
  class space    used 6575K, capacity 7075K, committed 7168K, reserved 1048576K
}
Event: 8.266 GC heap after
{Heap after GC invocations=13 (full 0):
 garbage-first heap   total 280576K, used 44022K [0x0000000080000000, 0x0000000100000000)
  region size 1024K, 17 young (17408K), 17 survivors (17408K)
 Metaspace       used 51819K, capacity 53093K, committed 53372K, reserved 1095680K
  class space    used 6575K, capacity 7075K, committed 7168K, reserved 1048576K
}
Event: 8.518 GC heap before
{Heap before GC invocations=13 (full 0):
 garbage-first heap   total 280576K, used 59382K [0x0000000080000000, 0x0000000100000000)
  region size 1024K, 33 young (33792K), 17 survivors (17408K)
 Metaspace       used 54088K, capacity 55345K, committed 55420K, reserved 1103872K
  class space    used 6877K, capacity 7380K, committed 7424K, reserved 1048576K
}
Event: 8.541 GC heap after
{Heap after GC invocations=14 (full 0):
 garbage-first heap   total 280576K, used 45417K [0x0000000080000000, 0x0000000100000000)
  region size 1024K, 2 young (2048K), 2 survivors (2048K)
 Metaspace       used 54088K, capacity 55345K, committed 55420K, reserved 1103872K
  class space    used 6877K, capacity 7380K, committed 7424K, reserved 1048576K
}

Deoptimization events (20 events):
Event: 8.266 Thread 0x000001bf510e2800 Uncommon trap: trap_request=0xffffffde fr.pc=0x000001bf41ebd4ec relative=0x000000000000052c
Event: 8.266 Thread 0x000001bf510e2800 Uncommon trap: reason=class_check action=maybe_recompile pc=0x000001bf41ebd4ec method=jdk.internal.ref.PhantomCleanable.clean()V @ 12 c2
Event: 8.267 Thread 0x000001bf510e2800 DEOPT PACKING pc=0x000001bf41ebd4ec sp=0x0000004ba3cfec90
Event: 8.267 Thread 0x000001bf510e2800 DEOPT UNPACKING pc=0x000001bf3a30662f sp=0x0000004ba3cfec70 mode 2
Event: 8.313 Thread 0x000001bf52adf000 DEOPT PACKING pc=0x000001bf3b2f42e2 sp=0x0000004ba45f2860
Event: 8.313 Thread 0x000001bf52adf000 DEOPT UNPACKING pc=0x000001bf3a306dde sp=0x0000004ba45f1cf0 mode 0
Event: 8.404 Thread 0x000001bf52adf000 DEOPT PACKING pc=0x000001bf3aae6697 sp=0x0000004ba45f6350
Event: 8.404 Thread 0x000001bf52adf000 DEOPT UNPACKING pc=0x000001bf3a306dde sp=0x0000004ba45f58d8 mode 0
Event: 8.413 Thread 0x000001bf52adf000 DEOPT PACKING pc=0x000001bf3aae6697 sp=0x0000004ba45f6430
Event: 8.413 Thread 0x000001bf52adf000 DEOPT UNPACKING pc=0x000001bf3a306dde sp=0x0000004ba45f59b8 mode 0
Event: 8.420 Thread 0x000001bf52adf000 DEOPT PACKING pc=0x000001bf3aae6697 sp=0x0000004ba45f61e0
Event: 8.420 Thread 0x000001bf52adf000 DEOPT UNPACKING pc=0x000001bf3a306dde sp=0x0000004ba45f5768 mode 0
Event: 8.427 Thread 0x000001bf52adf000 DEOPT PACKING pc=0x000001bf3aae6697 sp=0x0000004ba45f6160
Event: 8.427 Thread 0x000001bf52adf000 DEOPT UNPACKING pc=0x000001bf3a306dde sp=0x0000004ba45f56e8 mode 0
Event: 8.429 Thread 0x000001bf52adf000 DEOPT PACKING pc=0x000001bf3aae6697 sp=0x0000004ba45f6160
Event: 8.429 Thread 0x000001bf52adf000 DEOPT UNPACKING pc=0x000001bf3a306dde sp=0x0000004ba45f56e8 mode 0
Event: 8.464 Thread 0x000001bf52adf000 Uncommon trap: trap_request=0xffffff4d fr.pc=0x000001bf4203eea4 relative=0x00000000000001e4
Event: 8.464 Thread 0x000001bf52adf000 Uncommon trap: reason=unstable_if action=reinterpret pc=0x000001bf4203eea4 method=org.apache.xerces.dom.DeferredDocumentImpl.clearChunkValue([[Ljava/lang/Object;II)Ljava/lang/String; @ 59 c2
Event: 8.464 Thread 0x000001bf52adf000 DEOPT PACKING pc=0x000001bf4203eea4 sp=0x0000004ba45f6bc0
Event: 8.464 Thread 0x000001bf52adf000 DEOPT UNPACKING pc=0x000001bf3a30662f sp=0x0000004ba45f6b60 mode 2

Classes redefined (0 events):
No events

Internal exceptions (20 events):
Event: 7.843 Thread 0x000001bf52adf000 Exception <a 'java/lang/ClassNotFoundException'{0x0000000088371638}: org/gradle/api/tasks/Delete_DecoratedCustomizer> (0x0000000088371638) thrown at [./src/hotspot/share/classfile/systemDictionary.cpp, line 231]
Event: 7.872 Thread 0x000001bf52adf000 Exception <a 'java/lang/NoSuchMethodError'{0x0000000088284870}: 'long java.lang.invoke.DirectMethodHandle$Holder.invokeVirtual(java.lang.Object, java.lang.Object)'> (0x0000000088284870) thrown at [./src/hotspot/share/interpreter/linkResolver.cpp, line 773]
Event: 7.891 Thread 0x000001bf52adf000 Exception <a 'java/lang/ClassNotFoundException'{0x000000008745c8d0}: build_11uqlaijra8t679utf9aq5pkoBeanInfo> (0x000000008745c8d0) thrown at [./src/hotspot/share/classfile/systemDictionary.cpp, line 231]
Event: 7.891 Thread 0x000001bf52adf000 Exception <a 'java/lang/ClassNotFoundException'{0x0000000087467888}: build_11uqlaijra8t679utf9aq5pkoCustomizer> (0x0000000087467888) thrown at [./src/hotspot/share/classfile/systemDictionary.cpp, line 231]
Event: 7.899 Thread 0x000001bf52f64000 Exception <a 'java/lang/NoSuchMethodError'{0x0000000089ab6f50}: <clinit>> (0x0000000089ab6f50) thrown at [./src/hotspot/share/prims/jni.cpp, line 1362]
Event: 7.904 Thread 0x000001bf52f64000 Exception <a 'java/lang/NoSuchMethodError'{0x0000000087309110}: <clinit>> (0x0000000087309110) thrown at [./src/hotspot/share/prims/jni.cpp, line 1362]
Event: 7.905 Thread 0x000001bf52f64000 Exception <a 'java/lang/NoSuchMethodError'{0x000000008730a220}: <clinit>> (0x000000008730a220) thrown at [./src/hotspot/share/prims/jni.cpp, line 1362]
Event: 7.905 Thread 0x000001bf52f64000 Exception <a 'java/lang/NoSuchMethodError'{0x000000008730b528}: <clinit>> (0x000000008730b528) thrown at [./src/hotspot/share/prims/jni.cpp, line 1362]
Event: 7.905 Thread 0x000001bf52f64000 Exception <a 'java/lang/NoSuchMethodError'{0x000000008730c548}: <clinit>> (0x000000008730c548) thrown at [./src/hotspot/share/prims/jni.cpp, line 1362]
Event: 7.906 Thread 0x000001bf52f64000 Exception <a 'java/lang/NoSuchMethodError'{0x000000008731e8b8}: <clinit>> (0x000000008731e8b8) thrown at [./src/hotspot/share/prims/jni.cpp, line 1362]
Event: 7.908 Thread 0x000001bf52f64000 Exception <a 'java/lang/NoSuchMethodError'{0x0000000087328bc0}: <clinit>> (0x0000000087328bc0) thrown at [./src/hotspot/share/prims/jni.cpp, line 1362]
Event: 7.909 Thread 0x000001bf52f64000 Exception <a 'java/lang/NoSuchMethodError'{0x000000008733c558}: <clinit>> (0x000000008733c558) thrown at [./src/hotspot/share/prims/jni.cpp, line 1362]
Event: 7.926 Thread 0x000001bf52adf000 Exception <a 'java/lang/ClassNotFoundException'{0x00000000872411e0}: org/gradle/api/internal/plugins/DefaultObjectConfigurationActionBeanInfo> (0x00000000872411e0) thrown at [./src/hotspot/share/classfile/systemDictionary.cpp, line 231]
Event: 7.928 Thread 0x000001bf52adf000 Exception <a 'java/lang/ClassNotFoundException'{0x00000000872762d0}: org/gradle/api/internal/plugins/DefaultObjectConfigurationActionCustomizer> (0x00000000872762d0) thrown at [./src/hotspot/share/classfile/systemDictionary.cpp, line 231]
Event: 8.054 Thread 0x000001bf52adf000 Exception <a 'java/lang/NoSuchMethodError'{0x00000000868c0c68}: 'java.lang.Object java.lang.invoke.DirectMethodHandle$Holder.invokeStatic(java.lang.Object, java.lang.Object, java.lang.Object, java.lang.Object, int)'> (0x00000000868c0c68) thrown at [./src/hotspot/share/interpreter/linkResolver.cpp, line 773]
Event: 8.054 Thread 0x000001bf52adf000 Exception <a 'java/lang/NoSuchMethodError'{0x00000000868c5660}: 'java.lang.Object java.lang.invoke.DirectMethodHandle$Holder.invokeSpecial(java.lang.Object, java.lang.Object, java.lang.Object, java.lang.Object, java.lang.Object, int)'> (0x00000000868c5660) thrown at [./src/hotspot/share/interpreter/linkResolver.cpp, line 773]
Event: 8.054 Thread 0x000001bf52adf000 Exception <a 'java/lang/NoSuchMethodError'{0x00000000868c9ca0}: 'java.lang.Object java.lang.invoke.Invokers$Holder.linkToTargetMethod(java.lang.Object, java.lang.Object, java.lang.Object, int, java.lang.Object)'> (0x00000000868c9ca0) thrown at [./src/hotspot/share/interpreter/linkResolver.cpp, line 773]
Event: 8.301 Thread 0x000001bf52adf000 Exception <a 'java/lang/NoSuchMethodError'{0x0000000090fb6918}: 'java.lang.Object java.lang.invoke.DirectMethodHandle$Holder.invokeSpecial(java.lang.Object, java.lang.Object, int, int, java.lang.Object, java.lang.Object, java.lang.Object)'> (0x0000000090fb6918) thrown at [./src/hotspot/share/interpreter/linkResolver.cpp, line 773]
Event: 8.301 Thread 0x000001bf52adf000 Exception <a 'java/lang/NoSuchMethodError'{0x0000000090fbae98}: 'java.lang.Object java.lang.invoke.DelegatingMethodHandle$Holder.reinvoke_L(java.lang.Object, int, int, java.lang.Object, java.lang.Object, java.lang.Object)'> (0x0000000090fbae98) thrown at [./src/hotspot/share/interpreter/linkResolver.cpp, line 773]
Event: 8.514 Thread 0x000001bf52adf000 Exception <a 'java/lang/NoSuchMethodError'{0x000000009021f898}: 'int java.lang.invoke.DirectMethodHandle$Holder.invokeInterface(java.lang.Object, java.lang.Object, java.lang.Object, java.lang.Object)'> (0x000000009021f898) thrown at [./src/hotspot/share/interpreter/linkResolver.cpp, line 773]

Events (20 events):
Event: 8.512 loading class com/google/common/collect/ImmutableMapEntry$NonTerminalImmutableBiMapEntry done
Event: 8.513 Executing VM operation: Deoptimize
Event: 8.513 Executing VM operation: Deoptimize done
Event: 8.514 loading class com/google/common/collect/SortedIterables
Event: 8.514 loading class com/google/common/collect/SortedIterables done
Event: 8.514 loading class org/gradle/internal/reflect/AnnotationCategory
Event: 8.514 loading class org/gradle/internal/reflect/AnnotationCategory done
Event: 8.514 loading class com/google/common/collect/SetMultimap
Event: 8.514 loading class com/google/common/collect/SetMultimap done
Event: 8.515 loading class org/gradle/api/artifacts/transform/TransformOutputs
Event: 8.515 loading class org/gradle/api/artifacts/transform/TransformOutputs done
Event: 8.515 loading class org/gradle/api/tasks/PathSensitive
Event: 8.515 loading class org/gradle/api/tasks/PathSensitive done
Event: 8.515 loading class org/gradle/api/tasks/PathSensitivity
Event: 8.515 loading class org/gradle/api/tasks/PathSensitivity done
Event: 8.515 loading class org/gradle/api/tasks/PathSensitivity
Event: 8.515 loading class org/gradle/api/tasks/PathSensitivity done
Event: 8.516 loading class org/gradle/api/artifacts/transform/InputArtifact
Event: 8.516 loading class org/gradle/api/artifacts/transform/InputArtifact done
Event: 8.518 Executing VM operation: CollectForMetadataAllocation


Dynamic libraries:
0x00007ff7771b0000 - 0x00007ff7771ba000 	E:\Android Studio\jre\bin\java.exe
0x00007ffacfc10000 - 0x00007ffacfe05000 	C:\WINDOWS\SYSTEM32\ntdll.dll
0x00007ffacec80000 - 0x00007ffaced3e000 	C:\WINDOWS\System32\KERNEL32.DLL
0x00007ffacd330000 - 0x00007ffacd5f8000 	C:\WINDOWS\System32\KERNELBASE.dll
0x00007ffacd690000 - 0x00007ffacd790000 	C:\WINDOWS\System32\ucrtbase.dll
0x00007ffab7a60000 - 0x00007ffab7a77000 	E:\Android Studio\jre\bin\VCRUNTIME140.dll
0x00007ffac8ee0000 - 0x00007ffac8ef9000 	E:\Android Studio\jre\bin\jli.dll
0x00007ffaced90000 - 0x00007ffacef30000 	C:\WINDOWS\System32\USER32.dll
0x00007ffacd9c0000 - 0x00007ffacd9e2000 	C:\WINDOWS\System32\win32u.dll
0x00007ffab8b70000 - 0x00007ffab8e0a000 	C:\WINDOWS\WinSxS\amd64_microsoft.windows.common-controls_6595b64144ccf1df_6.0.19041.1110_none_60b5254171f9507e\COMCTL32.dll
0x00007ffacf660000 - 0x00007ffacf68a000 	C:\WINDOWS\System32\GDI32.dll
0x00007fface490000 - 0x00007fface52e000 	C:\WINDOWS\System32\msvcrt.dll
0x00007ffacd8b0000 - 0x00007ffacd9bb000 	C:\WINDOWS\System32\gdi32full.dll
0x00007ffacdbd0000 - 0x00007ffacdc6d000 	C:\WINDOWS\System32\msvcp_win.dll
0x00007ffacfba0000 - 0x00007ffacfbd0000 	C:\WINDOWS\System32\IMM32.DLL
0x00007ffaa14b0000 - 0x00007ffaa154d000 	E:\Android Studio\jre\bin\msvcp140.dll
0x00007ffa927a0000 - 0x00007ffa93275000 	E:\Android Studio\jre\bin\server\jvm.dll
0x00007ffacf5b0000 - 0x00007ffacf65e000 	C:\WINDOWS\System32\ADVAPI32.dll
0x00007ffacefa0000 - 0x00007ffacf03c000 	C:\WINDOWS\System32\sechost.dll
0x00007ffacf480000 - 0x00007ffacf5a5000 	C:\WINDOWS\System32\RPCRT4.dll
0x00007ffaced50000 - 0x00007ffaced58000 	C:\WINDOWS\System32\PSAPI.DLL
0x00007ffac8d80000 - 0x00007ffac8d89000 	C:\WINDOWS\SYSTEM32\WSOCK32.dll
0x00007ffac50f0000 - 0x00007ffac5117000 	C:\WINDOWS\SYSTEM32\WINMM.dll
0x00007ffacef30000 - 0x00007ffacef9b000 	C:\WINDOWS\System32\WS2_32.dll
0x00007ffac5970000 - 0x00007ffac597a000 	C:\WINDOWS\SYSTEM32\VERSION.dll
0x00007ffacb270000 - 0x00007ffacb282000 	C:\WINDOWS\SYSTEM32\kernel.appcore.dll
0x00007ffac86b0000 - 0x00007ffac86c1000 	E:\Android Studio\jre\bin\verify.dll
0x00007ffab9ec0000 - 0x00007ffaba0a4000 	C:\WINDOWS\SYSTEM32\DBGHELP.DLL
0x00007ffab22e0000 - 0x00007ffab230c000 	C:\WINDOWS\SYSTEM32\dbgcore.DLL
0x00007ffacd600000 - 0x00007ffacd682000 	C:\WINDOWS\System32\bcryptPrimitives.dll
0x00007ffac8680000 - 0x00007ffac86a9000 	E:\Android Studio\jre\bin\java.dll
0x00007ffac7fe0000 - 0x00007ffac7feb000 	E:\Android Studio\jre\bin\jimage.dll
0x00007ffac5230000 - 0x00007ffac5248000 	E:\Android Studio\jre\bin\zip.dll
0x00007fface530000 - 0x00007ffacec74000 	C:\WINDOWS\System32\SHELL32.dll
0x00007ffacb470000 - 0x00007ffacbc04000 	C:\WINDOWS\SYSTEM32\windows.storage.dll
0x00007ffacf840000 - 0x00007ffacfb94000 	C:\WINDOWS\System32\combase.dll
0x00007ffacccd0000 - 0x00007ffacccfc000 	C:\WINDOWS\SYSTEM32\Wldp.dll
0x00007fface3e0000 - 0x00007fface48d000 	C:\WINDOWS\System32\SHCORE.dll
0x00007ffacf2f0000 - 0x00007ffacf345000 	C:\WINDOWS\System32\shlwapi.dll
0x00007ffacd270000 - 0x00007ffacd28f000 	C:\WINDOWS\SYSTEM32\profapi.dll
0x00007ffab8a70000 - 0x00007ffab8a8a000 	E:\Android Studio\jre\bin\net.dll
0x00007ffabc9e0000 - 0x00007ffabcaea000 	C:\WINDOWS\SYSTEM32\WINHTTP.dll
0x00007ffacca30000 - 0x00007ffacca9a000 	C:\WINDOWS\system32\mswsock.dll
0x00007ffab8610000 - 0x00007ffab8624000 	E:\Android Studio\jre\bin\nio.dll
0x00007ffab6420000 - 0x00007ffab6447000 	C:\Users\Jaen\.gradle\native\e1d6ef7f7dcc3fd88c89a11ec53ec762bb8ba0a96d01ffa2cd45eb1d1d8dd5c5\windows-amd64\native-platform.dll
0x00007ffa9edb0000 - 0x00007ffa9eef4000 	C:\Users\Jaen\.gradle\native\5664cfc778a61ccfe75a443a1ab52a65af34e5dc3c78e0209fed803814484fcb\windows-amd64\native-platform-file-events.dll
0x00007ffac7fd0000 - 0x00007ffac7fda000 	E:\Android Studio\jre\bin\management.dll
0x00007ffac7e70000 - 0x00007ffac7e7d000 	E:\Android Studio\jre\bin\management_ext.dll
0x00007ffaccc20000 - 0x00007ffaccc38000 	C:\WINDOWS\SYSTEM32\CRYPTSP.dll
0x00007ffacc3b0000 - 0x00007ffacc3e4000 	C:\WINDOWS\system32\rsaenh.dll
0x00007ffacd9f0000 - 0x00007ffacda17000 	C:\WINDOWS\System32\bcrypt.dll
0x00007ffacd230000 - 0x00007ffacd25e000 	C:\WINDOWS\SYSTEM32\USERENV.dll
0x00007ffaccc40000 - 0x00007ffaccc4c000 	C:\WINDOWS\SYSTEM32\CRYPTBASE.dll
0x00007ffacc720000 - 0x00007ffacc75b000 	C:\WINDOWS\SYSTEM32\IPHLPAPI.DLL
0x00007ffaced80000 - 0x00007ffaced88000 	C:\WINDOWS\System32\NSI.dll
0x00007ffac4010000 - 0x00007ffac4027000 	C:\WINDOWS\SYSTEM32\dhcpcsvc6.DLL
0x00007ffac3df0000 - 0x00007ffac3e0d000 	C:\WINDOWS\SYSTEM32\dhcpcsvc.DLL
0x00007ffacc760000 - 0x00007ffacc82b000 	C:\WINDOWS\SYSTEM32\DNSAPI.dll

dbghelp: loaded successfully - version: 4.0.5 - missing functions: none
symbol engine: initialized successfully - sym options: 0x614 - pdb path: .;E:\Android Studio\jre\bin;C:\WINDOWS\SYSTEM32;C:\WINDOWS\WinSxS\amd64_microsoft.windows.common-controls_6595b64144ccf1df_6.0.19041.1110_none_60b5254171f9507e;E:\Android Studio\jre\bin\server;C:\Users\Jaen\.gradle\native\e1d6ef7f7dcc3fd88c89a11ec53ec762bb8ba0a96d01ffa2cd45eb1d1d8dd5c5\windows-amd64;C:\Users\Jaen\.gradle\native\5664cfc778a61ccfe75a443a1ab52a65af34e5dc3c78e0209fed803814484fcb\windows-amd64

VM Arguments:
jvm_args: --add-opens=java.base/java.util=ALL-UNNAMED --add-opens=java.base/java.lang=ALL-UNNAMED --add-opens=java.base/java.lang.invoke=ALL-UNNAMED --add-opens=java.base/java.util=ALL-UNNAMED --add-opens=java.prefs/java.util.prefs=ALL-UNNAMED --add-opens=java.prefs/java.util.prefs=ALL-UNNAMED --add-opens=java.base/java.nio.charset=ALL-UNNAMED --add-opens=java.base/java.net=ALL-UNNAMED --add-opens=java.base/java.util.concurrent.atomic=ALL-UNNAMED -Xmx2048m -Dfile.encoding=UTF-8 -Duser.country=US -Duser.language=en -Duser.variant 
java_command: org.gradle.launcher.daemon.bootstrap.GradleDaemon 7.2
java_class_path (initial): C:\Users\Jaen\.gradle\wrapper\dists\gradle-7.2-bin\2dnblmf4td7x66yl1d74lt32g\gradle-7.2\lib\gradle-launcher-7.2.jar
Launcher Type: SUN_STANDARD

[Global flags]
     intx CICompilerCount                          = 2                                         {product} {ergonomic}
     uint ConcGCThreads                            = 1                                         {product} {ergonomic}
     uint G1ConcRefinementThreads                  = 2                                         {product} {ergonomic}
   size_t G1HeapRegionSize                         = 1048576                                   {product} {ergonomic}
    uintx GCDrainStackTargetSize                   = 64                                        {product} {ergonomic}
   size_t InitialHeapSize                          = 239075328                                 {product} {ergonomic}
   size_t MarkStackSize                            = 4194304                                   {product} {ergonomic}
   size_t MaxHeapSize                              = 2147483648                                {product} {command line}
   size_t MaxNewSize                               = 1287651328                                {product} {ergonomic}
   size_t MinHeapDeltaBytes                        = 1048576                                   {product} {ergonomic}
    uintx NonNMethodCodeHeapSize                   = 5825164                                {pd product} {ergonomic}
    uintx NonProfiledCodeHeapSize                  = 122916538                              {pd product} {ergonomic}
    uintx ProfiledCodeHeapSize                     = 122916538                              {pd product} {ergonomic}
    uintx ReservedCodeCacheSize                    = 251658240                              {pd product} {ergonomic}
     bool SegmentedCodeCache                       = true                                      {product} {ergonomic}
     bool UseCompressedClassPointers               = true                                 {lp64_product} {ergonomic}
     bool UseCompressedOops                        = true                                 {lp64_product} {ergonomic}
     bool UseG1GC                                  = true                                      {product} {ergonomic}
     bool UseLargePagesIndividualAllocation        = false                                  {pd product} {ergonomic}

Logging:
Log output configuration:
 #0: stdout all=warning uptime,level,tags
 #1: stderr all=off uptime,level,tags

Environment Variables:
PATH=C:\ProgramData\Oracle\Java\javapath;C:\Program Files\Common Files\Oracle\Java\javapath;C:\Program Files (x86)\Common Files\Oracle\Java\javapath;C:\Windows\system32;C:\Windows;C:\Windows\System32\Wbem;C:\Windows\System32\WindowsPowerShell\v1.0\;C:\Program Files (x86)\NVIDIA Corporation\PhysX\Common;C:\WINDOWS\system32;C:\WINDOWS;C:\WINDOWS\System32\Wbem;C:\WINDOWS\System32\WindowsPowerShell\v1.0\;C:\WINDOWS\System32\OpenSSH\;C:\ffmpeg\bin;E:\ffmpeg-20210804-65fdc0e589-win64-static;C:\Program Files\Git\cmd;E:\Program Files\NVIDIA Corporation\NVIDIA NvDLISR;C:\Users\Jaen\AppData\Local\Programs\Python\Python38-32\Scripts\;C:\Users\Jaen\AppData\Local\Programs\Python\Python38-32\;C:\Users\Jaen\AppData\Local\Microsoft\WindowsApps;
USERNAME=Jaen
OS=Windows_NT
PROCESSOR_IDENTIFIER=Intel64 Family 6 Model 158 Stepping 11, GenuineIntel



---------------  S Y S T E M  ---------------

OS: Windows 10 , 64 bit Build 19041 (10.0.19041.1645)
OS uptime: 0 days 8:48 hours

CPU:total 2 (initial active 2) (4 cores per cpu, 1 threads per core) family 6 model 158 stepping 11 microcode 0xb4, cmov, cx8, fxsr, mmx, sse, sse2, sse3, ssse3, sse4.1, sse4.2, popcnt, avx, avx2, aes, clmul, erms, 3dnowpref, lzcnt, tsc, tscinvbit, bmi1, bmi2, adx, fma

Memory: 4k page, system-wide physical 14540M (1619M free)
TotalPageFile size 14540M (AvailPageFile size 4M)
current process WorkingSet (physical memory assigned to process): 384M, peak: 384M
current process commit charge ("private bytes"): 473M, peak: 474M

vm_info: OpenJDK 64-Bit Server VM (11.0.11+9-b60-7590822) for windows-amd64 JRE (11.0.11+9-b60-7590822), built on Jul 29 2021 21:43:44 by "builder" with MS VC++ 14.0 (VS2015)

END.
