#
# There is insufficient memory for the Java Runtime Environment to continue.
# Native memory allocation (mmap) failed to map 48234496 bytes for Failed to commit area from 0x000000008e400000 to 0x0000000091200000 of length 48234496.
# Possible reasons:
#   The system is out of physical RAM or swap space
#   The process is running with CompressedOops enabled, and the Java Heap may be blocking the growth of the native heap
# Possible solutions:
#   Reduce memory load on the system
#   Increase physical memory or swap space
#   Check if swap backing store is full
#   Decrease Java heap size (-Xmx/-Xms)
#   Decrease number of Java threads
#   Decrease Java thread stack sizes (-Xss)
#   Set larger code cache with -XX:ReservedCodeCacheSize=
#   JVM is running with Unscaled Compressed Oops mode in which the Java heap is
#     placed in the first 4GB address space. The Java Heap base address is the
#     maximum limit for the native heap growth. Please use -XX:HeapBaseMinAddress
#     to set the Java Heap base and to place the Java Heap above 4GB virtual address.
# This output file may be truncated or incomplete.
#
#  Out of Memory Error (./src/hotspot/os/windows/os_windows.cpp:3301), pid=11612, tid=9324
#
# JRE version: OpenJDK Runtime Environment (11.0.11+9) (build 11.0.11+9-b60-7590822)
# Java VM: OpenJDK 64-Bit Server VM (11.0.11+9-b60-7590822, mixed mode, tiered, compressed oops, g1 gc, windows-amd64)
# No core dump will be written. Minidumps are not enabled by default on client versions of Windows
#

---------------  S U M M A R Y ------------

Command Line: --add-opens=java.base/java.util=ALL-UNNAMED --add-opens=java.base/java.lang=ALL-UNNAMED --add-opens=java.base/java.lang.invoke=ALL-UNNAMED --add-opens=java.base/java.util=ALL-UNNAMED --add-opens=java.prefs/java.util.prefs=ALL-UNNAMED --add-opens=java.prefs/java.util.prefs=ALL-UNNAMED --add-opens=java.base/java.nio.charset=ALL-UNNAMED --add-opens=java.base/java.net=ALL-UNNAMED --add-opens=java.base/java.util.concurrent.atomic=ALL-UNNAMED -Xmx2048m -Dfile.encoding=UTF-8 -Duser.country=US -Duser.language=en -Duser.variant org.gradle.launcher.daemon.bootstrap.GradleDaemon 7.2

Host: Intel(R) Core(TM) i3-8100 CPU @ 3.60GHz, 2 cores, 14G,  Windows 10 , 64 bit Build 19041 (10.0.19041.1645)
Time: Thu Apr 28 22:24:34 2022 Malay Peninsula Standard Time elapsed time: 30.031870 seconds (0d 0h 0m 30s)

---------------  T H R E A D  ---------------

Current thread (0x000002e9dc0c4000):  VMThread "VM Thread" [stack: 0x000000f9ce800000,0x000000f9ce900000] [id=9324]

Stack: [0x000000f9ce800000,0x000000f9ce900000]
[error occurred during error reporting (printing stack bounds), id 0xc0000005, EXCEPTION_ACCESS_VIOLATION (0xc0000005) at pc=0x000002e9c5440f2d]

Native frames: (J=compiled Java code, j=interpreted, Vv=VM code, C=native code)
V  [jvm.dll+0x5f214a]
V  [jvm.dll+0x726fb5]
V  [jvm.dll+0x7285cd]
V  [jvm.dll+0x728be5]
V  [jvm.dll+0x728b9b]
V  [jvm.dll+0x5f14e8]
V  [jvm.dll+0x5f1c78]
C  [ntdll.dll+0xa20cf]
C  [ntdll.dll+0x51454]
C  [ntdll.dll+0xa0bfe]
C  0x000002e9c5440f2d

VM_Operation (0x000000f9cfaf2fb0): G1CollectForAllocation, mode: safepoint, requested by thread 0x000002e9ddd6d000


---------------  P R O C E S S  ---------------

Threads class SMR info:
_java_thread_list=0x000002e9dc409350, length=55, elements={
0x000002e9c1916800, 0x000002e9db8af000, 0x000002e9db8b2000, 0x000002e9dc116800,
0x000002e9dc118800, 0x000002e9dc11c000, 0x000002e9dc11f000, 0x000002e9dc120000,
0x000002e9dc188000, 0x000002e9dc284000, 0x000002e9dd56b000, 0x000002e9ddc16800,
0x000002e9ddca8800, 0x000002e9ddd94800, 0x000002e9ddd91000, 0x000002e9ddd6c000,
0x000002e9ddd6d000, 0x000002e9ddfd0800, 0x000002e9ddfdf800, 0x000002e9ddfe5000,
0x000002e9ddfe1000, 0x000002e9ddfe6000, 0x000002e9ddfe0000, 0x000002e9ddfe2000,
0x000002e9ddfe2800, 0x000002e9ddfe7000, 0x000002e9ddfe3800, 0x000002e9ddfe4800,
0x000002e9dfe08800, 0x000002e9dfe0b800, 0x000002e9dfe0f000, 0x000002e9dfe0c800,
0x000002e9dfe0e000, 0x000002e9dfe09000, 0x000002e9dfe0f800, 0x000002e9dfe0a000,
0x000002e9dfe12000, 0x000002e9dfe11800, 0x000002e9dfe13800, 0x000002e9dfe16000,
0x000002e9dfe13000, 0x000002e9dfe10800, 0x000002e9dfe17000, 0x000002e9dfe14800,
0x000002e9dfe15800, 0x000002e9de6aa800, 0x000002e9de6a9800, 0x000002e9de6ab800,
0x000002e9de6a9000, 0x000002e9de6ac000, 0x000002e9de6ad000, 0x000002e9de6a8000,
0x000002e9de6b3800, 0x000002e9de6af800, 0x000002e9de6b0000
}

Java Threads: ( => current thread )
  0x000002e9c1916800 JavaThread "main" [_thread_blocked, id=10212, stack(0x000000f9ce200000,0x000000f9ce300000)]
  0x000002e9db8af000 JavaThread "Reference Handler" daemon [_thread_blocked, id=14480, stack(0x000000f9ce900000,0x000000f9cea00000)]
  0x000002e9db8b2000 JavaThread "Finalizer" daemon [_thread_blocked, id=16588, stack(0x000000f9cea00000,0x000000f9ceb00000)]
  0x000002e9dc116800 JavaThread "Signal Dispatcher" daemon [_thread_blocked, id=22608, stack(0x000000f9ceb00000,0x000000f9cec00000)]
  0x000002e9dc118800 JavaThread "Attach Listener" daemon [_thread_blocked, id=19212, stack(0x000000f9cec00000,0x000000f9ced00000)]
  0x000002e9dc11c000 JavaThread "Service Thread" daemon [_thread_blocked, id=9280, stack(0x000000f9ced00000,0x000000f9cee00000)]
  0x000002e9dc11f000 JavaThread "C2 CompilerThread0" daemon [_thread_blocked, id=10492, stack(0x000000f9cee00000,0x000000f9cef00000)]
  0x000002e9dc120000 JavaThread "C1 CompilerThread0" daemon [_thread_blocked, id=21268, stack(0x000000f9cef00000,0x000000f9cf000000)]
  0x000002e9dc188000 JavaThread "Sweeper thread" daemon [_thread_blocked, id=14008, stack(0x000000f9cf000000,0x000000f9cf100000)]
  0x000002e9dc284000 JavaThread "Common-Cleaner" daemon [_thread_blocked, id=17296, stack(0x000000f9cf100000,0x000000f9cf200000)]
  0x000002e9dd56b000 JavaThread "Daemon health stats" [_thread_blocked, id=22252, stack(0x000000f9cf400000,0x000000f9cf500000)]
  0x000002e9ddc16800 JavaThread "Incoming local TCP Connector on port 55305" [_thread_in_native, id=17524, stack(0x000000f9cf500000,0x000000f9cf600000)]
  0x000002e9ddca8800 JavaThread "Daemon periodic checks" [_thread_blocked, id=3312, stack(0x000000f9cf600000,0x000000f9cf700000)]
  0x000002e9ddd94800 JavaThread "Daemon" [_thread_blocked, id=20392, stack(0x000000f9cf700000,0x000000f9cf800000)]
  0x000002e9ddd91000 JavaThread "Handler for socket connection from /127.0.0.1:55305 to /127.0.0.1:55306" [_thread_in_native, id=2700, stack(0x000000f9cf800000,0x000000f9cf900000)]
  0x000002e9ddd6c000 JavaThread "Cancel handler" [_thread_blocked, id=1300, stack(0x000000f9cf900000,0x000000f9cfa00000)]
  0x000002e9ddd6d000 JavaThread "Daemon worker" [_thread_blocked, id=12244, stack(0x000000f9cfa00000,0x000000f9cfb00000)]
  0x000002e9ddfd0800 JavaThread "Asynchronous log dispatcher for DefaultDaemonConnection: socket connection from /127.0.0.1:55305 to /127.0.0.1:55306" [_thread_blocked, id=14932, stack(0x000000f9cfb00000,0x000000f9cfc00000)]
  0x000002e9ddfdf800 JavaThread "Stdin handler" [_thread_blocked, id=22624, stack(0x000000f9cfc00000,0x000000f9cfd00000)]
  0x000002e9ddfe5000 JavaThread "Daemon client event forwarder" [_thread_blocked, id=10604, stack(0x000000f9cfd00000,0x000000f9cfe00000)]
  0x000002e9ddfe1000 JavaThread "Cache worker for journal cache (C:\Users\Jaen\.gradle\caches\journal-1)" [_thread_blocked, id=17260, stack(0x000000f9cfe00000,0x000000f9cff00000)]
  0x000002e9ddfe6000 JavaThread "File lock request listener" [_thread_in_native, id=9624, stack(0x000000f9cff00000,0x000000f9d0000000)]
  0x000002e9ddfe0000 JavaThread "Cache worker for file hash cache (C:\Users\Jaen\.gradle\caches\7.2\fileHashes)" [_thread_blocked, id=7820, stack(0x000000f9d0000000,0x000000f9d0100000)]
  0x000002e9ddfe2000 JavaThread "Cache worker for file hash cache (C:\Users\Jaen\AndroidStudioProjects\Group8_Capstone\.gradle\7.2\fileHashes)" [_thread_blocked, id=19364, stack(0x000000f9d0100000,0x000000f9d0200000)]
  0x000002e9ddfe2800 JavaThread "File watcher server" daemon [_thread_in_native, id=7740, stack(0x000000f9d0200000,0x000000f9d0300000)]
  0x000002e9ddfe7000 JavaThread "File watcher consumer" daemon [_thread_blocked, id=19056, stack(0x000000f9d0300000,0x000000f9d0400000)]
  0x000002e9ddfe3800 JavaThread "Cache worker for checksums cache (C:\Users\Jaen\AndroidStudioProjects\Group8_Capstone\.gradle\checksums)" [_thread_blocked, id=20620, stack(0x000000f9d0400000,0x000000f9d0500000)]
  0x000002e9ddfe4800 JavaThread "Cache worker for cache directory md-supplier (C:\Users\Jaen\.gradle\caches\7.2\md-supplier)" [_thread_blocked, id=404, stack(0x000000f9d0500000,0x000000f9d0600000)]
  0x000002e9dfe08800 JavaThread "Cache worker for cache directory md-rule (C:\Users\Jaen\.gradle\caches\7.2\md-rule)" [_thread_blocked, id=13956, stack(0x000000f9d0600000,0x000000f9d0700000)]
  0x000002e9dfe0b800 JavaThread "Cache worker for execution history cache (C:\Users\Jaen\.gradle\caches\7.2\executionHistory)" [_thread_blocked, id=3912, stack(0x000000f9d0700000,0x000000f9d0800000)]
  0x000002e9dfe0f000 JavaThread "jar transforms" [_thread_blocked, id=15456, stack(0x000000f9d0800000,0x000000f9d0900000)]
  0x000002e9dfe0c800 JavaThread "Cache worker for file content cache (C:\Users\Jaen\.gradle\caches\7.2\fileContent)" [_thread_blocked, id=2908, stack(0x000000f9d0900000,0x000000f9d0a00000)]
  0x000002e9dfe0e000 JavaThread "jar transforms Thread 2" [_thread_blocked, id=5396, stack(0x000000f9d0a00000,0x000000f9d0b00000)]
  0x000002e9dfe09000 JavaThread "Cache worker for dependencies-accessors (C:\Users\Jaen\AndroidStudioProjects\Group8_Capstone\.gradle\7.2\dependencies-accessors)" [_thread_blocked, id=16620, stack(0x000000f9d0b00000,0x000000f9d0c00000)]
  0x000002e9dfe0f800 JavaThread "Cache worker for Build Output Cleanup Cache (C:\Users\Jaen\AndroidStudioProjects\Group8_Capstone\.gradle\buildOutputCleanup)" [_thread_blocked, id=13776, stack(0x000000f9d0c00000,0x000000f9d0d00000)]
  0x000002e9dfe0a000 JavaThread "Unconstrained build operations" [_thread_blocked, id=4256, stack(0x000000f9d0d00000,0x000000f9d0e00000)]
  0x000002e9dfe12000 JavaThread "Unconstrained build operations Thread 2" [_thread_blocked, id=23532, stack(0x000000f9d0e00000,0x000000f9d0f00000)]
  0x000002e9dfe11800 JavaThread "Unconstrained build operations Thread 3" [_thread_blocked, id=9980, stack(0x000000f9d0f00000,0x000000f9d1000000)]
  0x000002e9dfe13800 JavaThread "Unconstrained build operations Thread 4" [_thread_blocked, id=15760, stack(0x000000f9d1000000,0x000000f9d1100000)]
  0x000002e9dfe16000 JavaThread "Unconstrained build operations Thread 5" [_thread_blocked, id=17676, stack(0x000000f9d1100000,0x000000f9d1200000)]
  0x000002e9dfe13000 JavaThread "Unconstrained build operations Thread 6" [_thread_blocked, id=20060, stack(0x000000f9d1200000,0x000000f9d1300000)]
  0x000002e9dfe10800 JavaThread "Unconstrained build operations Thread 7" [_thread_blocked, id=15336, stack(0x000000f9d1300000,0x000000f9d1400000)]
  0x000002e9dfe17000 JavaThread "Unconstrained build operations Thread 8" [_thread_blocked, id=7964, stack(0x000000f9d1400000,0x000000f9d1500000)]
  0x000002e9dfe14800 JavaThread "Unconstrained build operations Thread 9" [_thread_blocked, id=22808, stack(0x000000f9d1500000,0x000000f9d1600000)]
  0x000002e9dfe15800 JavaThread "Unconstrained build operations Thread 10" [_thread_blocked, id=19480, stack(0x000000f9d1600000,0x000000f9d1700000)]
  0x000002e9de6aa800 JavaThread "Unconstrained build operations Thread 11" [_thread_blocked, id=13988, stack(0x000000f9d1700000,0x000000f9d1800000)]
  0x000002e9de6a9800 JavaThread "Unconstrained build operations Thread 12" [_thread_blocked, id=23256, stack(0x000000f9d1800000,0x000000f9d1900000)]
  0x000002e9de6ab800 JavaThread "Unconstrained build operations Thread 13" [_thread_blocked, id=7172, stack(0x000000f9d1900000,0x000000f9d1a00000)]
  0x000002e9de6a9000 JavaThread "Unconstrained build operations Thread 14" [_thread_blocked, id=8280, stack(0x000000f9d1a00000,0x000000f9d1b00000)]
  0x000002e9de6ac000 JavaThread "Unconstrained build operations Thread 15" [_thread_blocked, id=3732, stack(0x000000f9d1b00000,0x000000f9d1c00000)]
  0x000002e9de6ad000 JavaThread "Unconstrained build operations Thread 16" [_thread_blocked, id=12012, stack(0x000000f9d1c00000,0x000000f9d1d00000)]
  0x000002e9de6a8000 JavaThread "Unconstrained build operations Thread 17" [_thread_blocked, id=21488, stack(0x000000f9d1d00000,0x000000f9d1e00000)]
  0x000002e9de6b3800 JavaThread "Unconstrained build operations Thread 18" [_thread_blocked, id=12384, stack(0x000000f9d1e00000,0x000000f9d1f00000)]
  0x000002e9de6af800 JavaThread "Unconstrained build operations Thread 19" [_thread_blocked, id=16580, stack(0x000000f9d1f00000,0x000000f9d2000000)]
  0x000002e9de6b0000 JavaThread "Unconstrained build operations Thread 20" [_thread_blocked, id=22640, stack(0x000000f9d2000000,0x000000f9d2100000)]

Other Threads:
=>0x000002e9dc0c4000 VMThread "VM Thread" [stack: 0x000000f9ce800000,0x000000f9ce900000] [id=9324]
  0x000002e9dc2aa000 WatcherThread [stack: 0x000000f9cf200000,0x000000f9cf300000] [id=21104]
  0x000002e9c1931000 GCTaskThread "GC Thread#0" [stack: 0x000000f9ce300000,0x000000f9ce400000] [id=5292]
  0x000002e9dc70f000 GCTaskThread "GC Thread#1" [stack: 0x000000f9cf300000,0x000000f9cf400000] [id=10624]
  0x000002e9c1962800 ConcurrentGCThread "G1 Main Marker" [stack: 0x000000f9ce400000,0x000000f9ce500000] [id=13764]
  0x000002e9c1965000 ConcurrentGCThread "G1 Conc#0" [stack: 0x000000f9ce500000,0x000000f9ce600000] [id=18688]
  0x000002e9c19fd800 ConcurrentGCThread "G1 Refine#0" [stack: 0x000000f9ce600000,0x000000f9ce700000] [id=3084]
  0x000002e9c19fe000 ConcurrentGCThread "G1 Young RemSet Sampling" [stack: 0x000000f9ce700000,0x000000f9ce800000] [id=8832]

Threads with active compile tasks:

VM state:at safepoint (normal execution)

VM Mutex/Monitor currently owned by a thread:  ([mutex/lock_event])
[0x000002e9c1914590] Threads_lock - owner thread: 0x000002e9dc0c4000
[0x000002e9c19159d0] Heap_lock - owner thread: 0x000002e9ddd6d000

Heap address: 0x0000000080000000, size: 2048 MB, Compressed Oops mode: 32-bit
Narrow klass base: 0x0000000000000000, Narrow klass shift: 3
Compressed class space size: 1073741824 Address: 0x0000000100000000

Heap:
 garbage-first heap   total 280576K, used 44326K [0x0000000080000000, 0x0000000100000000)
  region size 1024K, 17 young (17408K), 17 survivors (17408K)
 Metaspace       used 52588K, capacity 53945K, committed 54268K, reserved 1095680K
  class space    used 6671K, capacity 7170K, committed 7296K, reserved 1048576K
Heap Regions: E=young(eden), S=young(survivor), O=old, HS=humongous(starts), HC=humongous(continues), CS=collection set, F=free, A=archive, TAMS=top-at-mark-start (previous, next)
|   0|0x0000000080000000, 0x0000000080100000, 0x0000000080100000|100%|HS|  |TAMS 0x0000000080100000, 0x0000000080000000| Complete 
|   1|0x0000000080100000, 0x0000000080200000, 0x0000000080200000|100%|HC|  |TAMS 0x0000000080200000, 0x0000000080100000| Complete 
|   2|0x0000000080200000, 0x0000000080300000, 0x0000000080300000|100%|HC|  |TAMS 0x0000000080300000, 0x0000000080200000| Complete 
|   3|0x0000000080300000, 0x0000000080400000, 0x0000000080400000|100%| O|  |TAMS 0x0000000080400000, 0x0000000080300000| Untracked 
|   4|0x0000000080400000, 0x0000000080500000, 0x0000000080500000|100%| O|  |TAMS 0x0000000080500000, 0x0000000080400000| Untracked 
|   5|0x0000000080500000, 0x0000000080600000, 0x0000000080600000|100%| O|  |TAMS 0x0000000080600000, 0x0000000080500000| Untracked 
|   6|0x0000000080600000, 0x0000000080700000, 0x0000000080700000|100%| O|  |TAMS 0x0000000080700000, 0x0000000080600000| Untracked 
|   7|0x0000000080700000, 0x0000000080800000, 0x0000000080800000|100%| O|  |TAMS 0x0000000080800000, 0x0000000080700000| Untracked 
|   8|0x0000000080800000, 0x0000000080900000, 0x0000000080900000|100%| O|  |TAMS 0x0000000080900000, 0x0000000080800000| Untracked 
|   9|0x0000000080900000, 0x0000000080a00000, 0x0000000080a00000|100%| O|  |TAMS 0x0000000080a00000, 0x0000000080900000| Untracked 
|  10|0x0000000080a00000, 0x0000000080b00000, 0x0000000080b00000|100%| O|  |TAMS 0x0000000080b00000, 0x0000000080a00000| Untracked 
|  11|0x0000000080b00000, 0x0000000080c00000, 0x0000000080c00000|100%| O|  |TAMS 0x0000000080c00000, 0x0000000080b00000| Untracked 
|  12|0x0000000080c00000, 0x0000000080d00000, 0x0000000080d00000|100%| O|  |TAMS 0x0000000080d00000, 0x0000000080c00000| Untracked 
|  13|0x0000000080d00000, 0x0000000080e00000, 0x0000000080e00000|100%| O|  |TAMS 0x0000000080db4600, 0x0000000080d00000| Untracked 
|  14|0x0000000080e00000, 0x0000000080f00000, 0x0000000080f00000|100%|HS|  |TAMS 0x0000000080e00000, 0x0000000080e00000| Complete 
|  15|0x0000000080f00000, 0x0000000081000000, 0x0000000081000000|100%|HS|  |TAMS 0x0000000080f00000, 0x0000000080f00000| Complete 
|  16|0x0000000081000000, 0x0000000081100000, 0x0000000081100000|100%|HS|  |TAMS 0x0000000081000000, 0x0000000081000000| Complete 
|  17|0x0000000081100000, 0x0000000081200000, 0x0000000081200000|100%| O|  |TAMS 0x0000000081100000, 0x0000000081100000| Untracked 
|  18|0x0000000081200000, 0x0000000081300000, 0x0000000081300000|100%| O|  |TAMS 0x0000000081200000, 0x0000000081200000| Untracked 
|  19|0x0000000081300000, 0x0000000081400000, 0x0000000081400000|100%| O|  |TAMS 0x0000000081300000, 0x0000000081300000| Untracked 
|  20|0x0000000081400000, 0x0000000081500000, 0x0000000081500000|100%|HS|  |TAMS 0x0000000081400000, 0x0000000081400000| Complete 
|  21|0x0000000081500000, 0x0000000081600000, 0x0000000081600000|100%|HC|  |TAMS 0x0000000081500000, 0x0000000081500000| Complete 
|  22|0x0000000081600000, 0x0000000081700000, 0x0000000081700000|100%| O|  |TAMS 0x0000000081600000, 0x0000000081600000| Untracked 
|  23|0x0000000081700000, 0x0000000081800000, 0x0000000081800000|100%| O|  |TAMS 0x0000000081700000, 0x0000000081700000| Untracked 
|  24|0x0000000081800000, 0x0000000081900000, 0x0000000081900000|100%| O|  |TAMS 0x0000000081800000, 0x0000000081800000| Untracked 
|  25|0x0000000081900000, 0x0000000081a00000, 0x0000000081a00000|100%| O|  |TAMS 0x0000000081900000, 0x0000000081900000| Untracked 
|  26|0x0000000081a00000, 0x0000000081ac9800, 0x0000000081b00000| 78%| O|  |TAMS 0x0000000081a00000, 0x0000000081a00000| Untracked 
|  27|0x0000000081b00000, 0x0000000081b00000, 0x0000000081c00000|  0%| F|  |TAMS 0x0000000081b00000, 0x0000000081b00000| Untracked 
|  28|0x0000000081c00000, 0x0000000081c00000, 0x0000000081d00000|  0%| F|  |TAMS 0x0000000081c00000, 0x0000000081c00000| Untracked 
|  29|0x0000000081d00000, 0x0000000081d00000, 0x0000000081e00000|  0%| F|  |TAMS 0x0000000081d00000, 0x0000000081d00000| Untracked 
|  30|0x0000000081e00000, 0x0000000081e00000, 0x0000000081f00000|  0%| F|  |TAMS 0x0000000081e00000, 0x0000000081e00000| Untracked 
|  31|0x0000000081f00000, 0x0000000081f00000, 0x0000000082000000|  0%| F|  |TAMS 0x0000000081f00000, 0x0000000081f00000| Untracked 
|  32|0x0000000082000000, 0x0000000082000000, 0x0000000082100000|  0%| F|  |TAMS 0x0000000082000000, 0x0000000082000000| Untracked 
|  33|0x0000000082100000, 0x0000000082100000, 0x0000000082200000|  0%| F|  |TAMS 0x0000000082100000, 0x0000000082100000| Untracked 
|  34|0x0000000082200000, 0x0000000082200000, 0x0000000082300000|  0%| F|  |TAMS 0x0000000082200000, 0x0000000082200000| Untracked 
|  35|0x0000000082300000, 0x0000000082300000, 0x0000000082400000|  0%| F|  |TAMS 0x0000000082300000, 0x0000000082300000| Untracked 
|  36|0x0000000082400000, 0x0000000082400000, 0x0000000082500000|  0%| F|  |TAMS 0x0000000082400000, 0x0000000082400000| Untracked 
|  37|0x0000000082500000, 0x0000000082500000, 0x0000000082600000|  0%| F|  |TAMS 0x0000000082500000, 0x0000000082500000| Untracked 
|  38|0x0000000082600000, 0x0000000082600000, 0x0000000082700000|  0%| F|  |TAMS 0x0000000082600000, 0x0000000082600000| Untracked 
|  39|0x0000000082700000, 0x0000000082700000, 0x0000000082800000|  0%| F|  |TAMS 0x0000000082700000, 0x0000000082700000| Untracked 
|  40|0x0000000082800000, 0x0000000082800000, 0x0000000082900000|  0%| F|  |TAMS 0x0000000082800000, 0x0000000082800000| Untracked 
|  41|0x0000000082900000, 0x0000000082900000, 0x0000000082a00000|  0%| F|  |TAMS 0x0000000082900000, 0x0000000082900000| Untracked 
|  42|0x0000000082a00000, 0x0000000082a00000, 0x0000000082b00000|  0%| F|  |TAMS 0x0000000082a00000, 0x0000000082a00000| Untracked 
|  43|0x0000000082b00000, 0x0000000082b00000, 0x0000000082c00000|  0%| F|  |TAMS 0x0000000082b00000, 0x0000000082b00000| Untracked 
|  44|0x0000000082c00000, 0x0000000082c00000, 0x0000000082d00000|  0%| F|  |TAMS 0x0000000082c00000, 0x0000000082c00000| Untracked 
|  45|0x0000000082d00000, 0x0000000082d00000, 0x0000000082e00000|  0%| F|  |TAMS 0x0000000082d00000, 0x0000000082d00000| Untracked 
|  46|0x0000000082e00000, 0x0000000082e00000, 0x0000000082f00000|  0%| F|  |TAMS 0x0000000082e00000, 0x0000000082e00000| Untracked 
|  47|0x0000000082f00000, 0x0000000082f00000, 0x0000000083000000|  0%| F|  |TAMS 0x0000000082f00000, 0x0000000082f00000| Untracked 
|  48|0x0000000083000000, 0x0000000083000000, 0x0000000083100000|  0%| F|  |TAMS 0x0000000083000000, 0x0000000083000000| Untracked 
|  49|0x0000000083100000, 0x0000000083100000, 0x0000000083200000|  0%| F|  |TAMS 0x0000000083100000, 0x0000000083100000| Untracked 
|  50|0x0000000083200000, 0x0000000083200000, 0x0000000083300000|  0%| F|  |TAMS 0x0000000083200000, 0x0000000083200000| Untracked 
|  51|0x0000000083300000, 0x0000000083300000, 0x0000000083400000|  0%| F|  |TAMS 0x0000000083300000, 0x0000000083300000| Untracked 
|  52|0x0000000083400000, 0x0000000083400000, 0x0000000083500000|  0%| F|  |TAMS 0x0000000083400000, 0x0000000083400000| Untracked 
|  53|0x0000000083500000, 0x0000000083500000, 0x0000000083600000|  0%| F|  |TAMS 0x0000000083500000, 0x0000000083500000| Untracked 
|  54|0x0000000083600000, 0x0000000083600000, 0x0000000083700000|  0%| F|  |TAMS 0x0000000083600000, 0x0000000083600000| Untracked 
|  55|0x0000000083700000, 0x0000000083700000, 0x0000000083800000|  0%| F|  |TAMS 0x0000000083700000, 0x0000000083700000| Untracked 
|  56|0x0000000083800000, 0x0000000083800000, 0x0000000083900000|  0%| F|  |TAMS 0x0000000083800000, 0x0000000083800000| Untracked 
|  57|0x0000000083900000, 0x0000000083900000, 0x0000000083a00000|  0%| F|  |TAMS 0x0000000083900000, 0x0000000083900000| Untracked 
|  58|0x0000000083a00000, 0x0000000083a00000, 0x0000000083b00000|  0%| F|  |TAMS 0x0000000083a00000, 0x0000000083a00000| Untracked 
|  59|0x0000000083b00000, 0x0000000083b00000, 0x0000000083c00000|  0%| F|  |TAMS 0x0000000083b00000, 0x0000000083b00000| Untracked 
|  60|0x0000000083c00000, 0x0000000083c00000, 0x0000000083d00000|  0%| F|  |TAMS 0x0000000083c00000, 0x0000000083c00000| Untracked 
|  61|0x0000000083d00000, 0x0000000083d00000, 0x0000000083e00000|  0%| F|  |TAMS 0x0000000083d00000, 0x0000000083d00000| Untracked 
|  62|0x0000000083e00000, 0x0000000083e00000, 0x0000000083f00000|  0%| F|  |TAMS 0x0000000083e00000, 0x0000000083e00000| Untracked 
|  63|0x0000000083f00000, 0x0000000083f00000, 0x0000000084000000|  0%| F|  |TAMS 0x0000000083f00000, 0x0000000083f00000| Untracked 
|  64|0x0000000084000000, 0x0000000084000000, 0x0000000084100000|  0%| F|  |TAMS 0x0000000084000000, 0x0000000084000000| Untracked 
|  65|0x0000000084100000, 0x0000000084100000, 0x0000000084200000|  0%| F|  |TAMS 0x0000000084100000, 0x0000000084100000| Untracked 
|  66|0x0000000084200000, 0x0000000084200000, 0x0000000084300000|  0%| F|  |TAMS 0x0000000084200000, 0x0000000084200000| Untracked 
|  67|0x0000000084300000, 0x0000000084300000, 0x0000000084400000|  0%| F|  |TAMS 0x0000000084300000, 0x0000000084300000| Untracked 
|  68|0x0000000084400000, 0x0000000084400000, 0x0000000084500000|  0%| F|  |TAMS 0x0000000084400000, 0x0000000084400000| Untracked 
|  69|0x0000000084500000, 0x0000000084500000, 0x0000000084600000|  0%| F|  |TAMS 0x0000000084500000, 0x0000000084500000| Untracked 
|  70|0x0000000084600000, 0x0000000084600000, 0x0000000084700000|  0%| F|  |TAMS 0x0000000084600000, 0x0000000084600000| Untracked 
|  71|0x0000000084700000, 0x0000000084700000, 0x0000000084800000|  0%| F|  |TAMS 0x0000000084700000, 0x0000000084700000| Untracked 
|  72|0x0000000084800000, 0x0000000084800000, 0x0000000084900000|  0%| F|  |TAMS 0x0000000084800000, 0x0000000084800000| Untracked 
|  73|0x0000000084900000, 0x0000000084900000, 0x0000000084a00000|  0%| F|  |TAMS 0x0000000084900000, 0x0000000084900000| Untracked 
|  74|0x0000000084a00000, 0x0000000084a00000, 0x0000000084b00000|  0%| F|  |TAMS 0x0000000084a00000, 0x0000000084a00000| Untracked 
|  75|0x0000000084b00000, 0x0000000084b80000, 0x0000000084c00000| 50%| S|CS|TAMS 0x0000000084b00000, 0x0000000084b00000| Complete 
|  76|0x0000000084c00000, 0x0000000084d00000, 0x0000000084d00000|100%| S|CS|TAMS 0x0000000084c00000, 0x0000000084c00000| Complete 
|  77|0x0000000084d00000, 0x0000000084e00000, 0x0000000084e00000|100%| S|CS|TAMS 0x0000000084d00000, 0x0000000084d00000| Complete 
|  78|0x0000000084e00000, 0x0000000084f00000, 0x0000000084f00000|100%| S|CS|TAMS 0x0000000084e00000, 0x0000000084e00000| Complete 
|  79|0x0000000084f00000, 0x0000000085000000, 0x0000000085000000|100%| S|CS|TAMS 0x0000000084f00000, 0x0000000084f00000| Complete 
|  80|0x0000000085000000, 0x0000000085100000, 0x0000000085100000|100%| S|CS|TAMS 0x0000000085000000, 0x0000000085000000| Complete 
|  81|0x0000000085100000, 0x0000000085200000, 0x0000000085200000|100%| S|CS|TAMS 0x0000000085100000, 0x0000000085100000| Complete 
|  82|0x0000000085200000, 0x0000000085300000, 0x0000000085300000|100%| S|CS|TAMS 0x0000000085200000, 0x0000000085200000| Complete 
|  83|0x0000000085300000, 0x0000000085400000, 0x0000000085400000|100%| S|CS|TAMS 0x0000000085300000, 0x0000000085300000| Complete 
|  84|0x0000000085400000, 0x0000000085500000, 0x0000000085500000|100%| S|CS|TAMS 0x0000000085400000, 0x0000000085400000| Complete 
|  85|0x0000000085500000, 0x0000000085600000, 0x0000000085600000|100%| S|CS|TAMS 0x0000000085500000, 0x0000000085500000| Complete 
|  86|0x0000000085600000, 0x0000000085700000, 0x0000000085700000|100%| S|CS|TAMS 0x0000000085600000, 0x0000000085600000| Complete 
|  87|0x0000000085700000, 0x0000000085800000, 0x0000000085800000|100%| S|CS|TAMS 0x0000000085700000, 0x0000000085700000| Complete 
|  88|0x0000000085800000, 0x0000000085900000, 0x0000000085900000|100%| S|CS|TAMS 0x0000000085800000, 0x0000000085800000| Complete 
|  89|0x0000000085900000, 0x0000000085a00000, 0x0000000085a00000|100%| S|CS|TAMS 0x0000000085900000, 0x0000000085900000| Complete 
|  90|0x0000000085a00000, 0x0000000085b00000, 0x0000000085b00000|100%| S|CS|TAMS 0x0000000085a00000, 0x0000000085a00000| Complete 
|  91|0x0000000085b00000, 0x0000000085c00000, 0x0000000085c00000|100%| S|CS|TAMS 0x0000000085b00000, 0x0000000085b00000| Complete 
|  92|0x0000000085c00000, 0x0000000085c00000, 0x0000000085d00000|  0%| F|  |TAMS 0x0000000085c00000, 0x0000000085c00000| Untracked 
|  93|0x0000000085d00000, 0x0000000085d00000, 0x0000000085e00000|  0%| F|  |TAMS 0x0000000085d00000, 0x0000000085d00000| Untracked 
|  94|0x0000000085e00000, 0x0000000085e00000, 0x0000000085f00000|  0%| F|  |TAMS 0x0000000085e00000, 0x0000000085e00000| Untracked 
|  95|0x0000000085f00000, 0x0000000085f00000, 0x0000000086000000|  0%| F|  |TAMS 0x0000000085f00000, 0x0000000085f00000| Untracked 
|  96|0x0000000086000000, 0x0000000086000000, 0x0000000086100000|  0%| F|  |TAMS 0x0000000086000000, 0x0000000086000000| Untracked 
|  97|0x0000000086100000, 0x0000000086100000, 0x0000000086200000|  0%| F|  |TAMS 0x0000000086100000, 0x0000000086100000| Untracked 
|  98|0x0000000086200000, 0x0000000086200000, 0x0000000086300000|  0%| F|  |TAMS 0x0000000086200000, 0x0000000086200000| Untracked 
|  99|0x0000000086300000, 0x0000000086300000, 0x0000000086400000|  0%| F|  |TAMS 0x0000000086300000, 0x0000000086300000| Untracked 
| 100|0x0000000086400000, 0x0000000086400000, 0x0000000086500000|  0%| F|  |TAMS 0x0000000086400000, 0x0000000086400000| Untracked 
| 101|0x0000000086500000, 0x0000000086500000, 0x0000000086600000|  0%| F|  |TAMS 0x0000000086500000, 0x0000000086500000| Untracked 
| 102|0x0000000086600000, 0x0000000086600000, 0x0000000086700000|  0%| F|  |TAMS 0x0000000086600000, 0x0000000086600000| Untracked 
| 103|0x0000000086700000, 0x0000000086700000, 0x0000000086800000|  0%| F|  |TAMS 0x0000000086700000, 0x0000000086700000| Untracked 
| 104|0x0000000086800000, 0x0000000086800000, 0x0000000086900000|  0%| F|  |TAMS 0x0000000086800000, 0x0000000086800000| Untracked 
| 105|0x0000000086900000, 0x0000000086900000, 0x0000000086a00000|  0%| F|  |TAMS 0x0000000086900000, 0x0000000086900000| Untracked 
| 106|0x0000000086a00000, 0x0000000086a00000, 0x0000000086b00000|  0%| F|  |TAMS 0x0000000086a00000, 0x0000000086a00000| Untracked 
| 107|0x0000000086b00000, 0x0000000086b00000, 0x0000000086c00000|  0%| F|  |TAMS 0x0000000086b00000, 0x0000000086b00000| Untracked 
| 108|0x0000000086c00000, 0x0000000086c00000, 0x0000000086d00000|  0%| F|  |TAMS 0x0000000086c00000, 0x0000000086c00000| Untracked 
| 109|0x0000000086d00000, 0x0000000086d00000, 0x0000000086e00000|  0%| F|  |TAMS 0x0000000086d00000, 0x0000000086d00000| Untracked 
| 110|0x0000000086e00000, 0x0000000086e00000, 0x0000000086f00000|  0%| F|  |TAMS 0x0000000086e00000, 0x0000000086e00000| Untracked 
| 111|0x0000000086f00000, 0x0000000086f00000, 0x0000000087000000|  0%| F|  |TAMS 0x0000000086f00000, 0x0000000086f00000| Untracked 
| 112|0x0000000087000000, 0x0000000087000000, 0x0000000087100000|  0%| F|  |TAMS 0x0000000087000000, 0x0000000087000000| Untracked 
| 113|0x0000000087100000, 0x0000000087100000, 0x0000000087200000|  0%| F|  |TAMS 0x0000000087100000, 0x0000000087100000| Untracked 
| 114|0x0000000087200000, 0x0000000087200000, 0x0000000087300000|  0%| F|  |TAMS 0x0000000087200000, 0x0000000087200000| Untracked 
| 115|0x0000000087300000, 0x0000000087300000, 0x0000000087400000|  0%| F|  |TAMS 0x0000000087300000, 0x0000000087300000| Untracked 
| 116|0x0000000087400000, 0x0000000087400000, 0x0000000087500000|  0%| F|  |TAMS 0x0000000087400000, 0x0000000087400000| Untracked 
| 117|0x0000000087500000, 0x0000000087500000, 0x0000000087600000|  0%| F|  |TAMS 0x0000000087500000, 0x0000000087500000| Untracked 
| 118|0x0000000087600000, 0x0000000087600000, 0x0000000087700000|  0%| F|  |TAMS 0x0000000087600000, 0x0000000087600000| Untracked 
| 119|0x0000000087700000, 0x0000000087700000, 0x0000000087800000|  0%| F|  |TAMS 0x0000000087700000, 0x0000000087700000| Untracked 
| 120|0x0000000087800000, 0x0000000087800000, 0x0000000087900000|  0%| F|  |TAMS 0x0000000087800000, 0x0000000087800000| Untracked 
| 121|0x0000000087900000, 0x0000000087900000, 0x0000000087a00000|  0%| F|  |TAMS 0x0000000087900000, 0x0000000087900000| Untracked 
| 122|0x0000000087a00000, 0x0000000087a00000, 0x0000000087b00000|  0%| F|  |TAMS 0x0000000087a00000, 0x0000000087a00000| Untracked 
| 123|0x0000000087b00000, 0x0000000087b00000, 0x0000000087c00000|  0%| F|  |TAMS 0x0000000087b00000, 0x0000000087b00000| Untracked 
| 124|0x0000000087c00000, 0x0000000087c00000, 0x0000000087d00000|  0%| F|  |TAMS 0x0000000087c00000, 0x0000000087c00000| Untracked 
| 125|0x0000000087d00000, 0x0000000087d00000, 0x0000000087e00000|  0%| F|  |TAMS 0x0000000087d00000, 0x0000000087d00000| Untracked 
| 126|0x0000000087e00000, 0x0000000087e00000, 0x0000000087f00000|  0%| F|  |TAMS 0x0000000087e00000, 0x0000000087e00000| Untracked 
| 127|0x0000000087f00000, 0x0000000087f00000, 0x0000000088000000|  0%| F|  |TAMS 0x0000000087f00000, 0x0000000087f00000| Untracked 
| 128|0x0000000088000000, 0x0000000088000000, 0x0000000088100000|  0%| F|  |TAMS 0x0000000088000000, 0x0000000088000000| Untracked 
| 129|0x0000000088100000, 0x0000000088100000, 0x0000000088200000|  0%| F|  |TAMS 0x0000000088100000, 0x0000000088100000| Untracked 
| 130|0x0000000088200000, 0x0000000088200000, 0x0000000088300000|  0%| F|  |TAMS 0x0000000088200000, 0x0000000088200000| Untracked 
| 131|0x0000000088300000, 0x0000000088300000, 0x0000000088400000|  0%| F|  |TAMS 0x0000000088300000, 0x0000000088300000| Untracked 
| 132|0x0000000088400000, 0x0000000088400000, 0x0000000088500000|  0%| F|  |TAMS 0x0000000088400000, 0x0000000088400000| Untracked 
| 133|0x0000000088500000, 0x0000000088500000, 0x0000000088600000|  0%| F|  |TAMS 0x0000000088500000, 0x0000000088500000| Untracked 
| 134|0x0000000088600000, 0x0000000088600000, 0x0000000088700000|  0%| F|  |TAMS 0x0000000088600000, 0x0000000088600000| Untracked 
| 135|0x0000000088700000, 0x0000000088700000, 0x0000000088800000|  0%| F|  |TAMS 0x0000000088700000, 0x0000000088700000| Untracked 
| 136|0x0000000088800000, 0x0000000088800000, 0x0000000088900000|  0%| F|  |TAMS 0x0000000088800000, 0x0000000088800000| Untracked 
| 137|0x0000000088900000, 0x0000000088900000, 0x0000000088a00000|  0%| F|  |TAMS 0x0000000088900000, 0x0000000088900000| Untracked 
| 138|0x0000000088a00000, 0x0000000088a00000, 0x0000000088b00000|  0%| F|  |TAMS 0x0000000088a00000, 0x0000000088a00000| Untracked 
| 139|0x0000000088b00000, 0x0000000088b00000, 0x0000000088c00000|  0%| F|  |TAMS 0x0000000088b00000, 0x0000000088b00000| Untracked 
| 140|0x0000000088c00000, 0x0000000088c00000, 0x0000000088d00000|  0%| F|  |TAMS 0x0000000088c00000, 0x0000000088c00000| Untracked 
| 141|0x0000000088d00000, 0x0000000088d00000, 0x0000000088e00000|  0%| F|  |TAMS 0x0000000088d00000, 0x0000000088d00000| Untracked 
| 142|0x0000000088e00000, 0x0000000088e00000, 0x0000000088f00000|  0%| F|  |TAMS 0x0000000088e00000, 0x0000000088e00000| Untracked 
| 143|0x0000000088f00000, 0x0000000088f00000, 0x0000000089000000|  0%| F|  |TAMS 0x0000000088f00000, 0x0000000088f00000| Untracked 
| 144|0x0000000089000000, 0x0000000089000000, 0x0000000089100000|  0%| F|  |TAMS 0x0000000089000000, 0x0000000089000000| Untracked 
| 145|0x0000000089100000, 0x0000000089100000, 0x0000000089200000|  0%| F|  |TAMS 0x0000000089100000, 0x0000000089100000| Untracked 
| 146|0x0000000089200000, 0x0000000089200000, 0x0000000089300000|  0%| F|  |TAMS 0x0000000089200000, 0x0000000089200000| Untracked 
| 147|0x0000000089300000, 0x0000000089300000, 0x0000000089400000|  0%| F|  |TAMS 0x0000000089300000, 0x0000000089300000| Untracked 
| 148|0x0000000089400000, 0x0000000089400000, 0x0000000089500000|  0%| F|  |TAMS 0x0000000089400000, 0x0000000089400000| Untracked 
| 149|0x0000000089500000, 0x0000000089500000, 0x0000000089600000|  0%| F|  |TAMS 0x0000000089500000, 0x0000000089500000| Untracked 
| 150|0x0000000089600000, 0x0000000089600000, 0x0000000089700000|  0%| F|  |TAMS 0x0000000089600000, 0x0000000089600000| Untracked 
| 151|0x0000000089700000, 0x0000000089700000, 0x0000000089800000|  0%| F|  |TAMS 0x0000000089700000, 0x0000000089700000| Untracked 
| 152|0x0000000089800000, 0x0000000089800000, 0x0000000089900000|  0%| F|  |TAMS 0x0000000089800000, 0x0000000089800000| Untracked 
| 153|0x0000000089900000, 0x0000000089900000, 0x0000000089a00000|  0%| F|  |TAMS 0x0000000089900000, 0x0000000089900000| Untracked 
| 154|0x0000000089a00000, 0x0000000089a00000, 0x0000000089b00000|  0%| F|  |TAMS 0x0000000089a00000, 0x0000000089a00000| Untracked 
| 155|0x0000000089b00000, 0x0000000089b00000, 0x0000000089c00000|  0%| F|  |TAMS 0x0000000089b00000, 0x0000000089b00000| Untracked 
| 156|0x0000000089c00000, 0x0000000089c00000, 0x0000000089d00000|  0%| F|  |TAMS 0x0000000089c00000, 0x0000000089c00000| Untracked 
| 157|0x0000000089d00000, 0x0000000089d00000, 0x0000000089e00000|  0%| F|  |TAMS 0x0000000089d00000, 0x0000000089d00000| Untracked 
| 158|0x0000000089e00000, 0x0000000089e00000, 0x0000000089f00000|  0%| F|  |TAMS 0x0000000089e00000, 0x0000000089e00000| Untracked 
| 159|0x0000000089f00000, 0x0000000089f00000, 0x000000008a000000|  0%| F|  |TAMS 0x0000000089f00000, 0x0000000089f00000| Untracked 
| 160|0x000000008a000000, 0x000000008a000000, 0x000000008a100000|  0%| F|  |TAMS 0x000000008a000000, 0x000000008a000000| Untracked 
| 161|0x000000008a100000, 0x000000008a100000, 0x000000008a200000|  0%| F|  |TAMS 0x000000008a100000, 0x000000008a100000| Untracked 
| 162|0x000000008a200000, 0x000000008a200000, 0x000000008a300000|  0%| F|  |TAMS 0x000000008a200000, 0x000000008a200000| Untracked 
| 163|0x000000008a300000, 0x000000008a300000, 0x000000008a400000|  0%| F|  |TAMS 0x000000008a300000, 0x000000008a300000| Untracked 
| 164|0x000000008a400000, 0x000000008a400000, 0x000000008a500000|  0%| F|  |TAMS 0x000000008a400000, 0x000000008a400000| Untracked 
| 165|0x000000008a500000, 0x000000008a500000, 0x000000008a600000|  0%| F|  |TAMS 0x000000008a500000, 0x000000008a500000| Untracked 
| 166|0x000000008a600000, 0x000000008a600000, 0x000000008a700000|  0%| F|  |TAMS 0x000000008a600000, 0x000000008a600000| Untracked 
| 167|0x000000008a700000, 0x000000008a700000, 0x000000008a800000|  0%| F|  |TAMS 0x000000008a700000, 0x000000008a700000| Untracked 
| 168|0x000000008a800000, 0x000000008a800000, 0x000000008a900000|  0%| F|  |TAMS 0x000000008a800000, 0x000000008a800000| Untracked 
| 169|0x000000008a900000, 0x000000008a900000, 0x000000008aa00000|  0%| F|  |TAMS 0x000000008a900000, 0x000000008a900000| Untracked 
| 170|0x000000008aa00000, 0x000000008aa00000, 0x000000008ab00000|  0%| F|  |TAMS 0x000000008aa00000, 0x000000008aa00000| Untracked 
| 171|0x000000008ab00000, 0x000000008ab00000, 0x000000008ac00000|  0%| F|  |TAMS 0x000000008ab00000, 0x000000008ab00000| Untracked 
| 172|0x000000008ac00000, 0x000000008ac00000, 0x000000008ad00000|  0%| F|  |TAMS 0x000000008ac00000, 0x000000008ac00000| Untracked 
| 173|0x000000008ad00000, 0x000000008ad00000, 0x000000008ae00000|  0%| F|  |TAMS 0x000000008ad00000, 0x000000008ad00000| Untracked 
| 174|0x000000008ae00000, 0x000000008ae00000, 0x000000008af00000|  0%| F|  |TAMS 0x000000008ae00000, 0x000000008ae00000| Untracked 
| 175|0x000000008af00000, 0x000000008af00000, 0x000000008b000000|  0%| F|  |TAMS 0x000000008af00000, 0x000000008af00000| Untracked 
| 176|0x000000008b000000, 0x000000008b000000, 0x000000008b100000|  0%| F|  |TAMS 0x000000008b000000, 0x000000008b000000| Untracked 
| 177|0x000000008b100000, 0x000000008b100000, 0x000000008b200000|  0%| F|  |TAMS 0x000000008b100000, 0x000000008b100000| Untracked 
| 178|0x000000008b200000, 0x000000008b200000, 0x000000008b300000|  0%| F|  |TAMS 0x000000008b200000, 0x000000008b200000| Untracked 
| 179|0x000000008b300000, 0x000000008b300000, 0x000000008b400000|  0%| F|  |TAMS 0x000000008b300000, 0x000000008b300000| Untracked 
| 180|0x000000008b400000, 0x000000008b400000, 0x000000008b500000|  0%| F|  |TAMS 0x000000008b400000, 0x000000008b400000| Untracked 
| 181|0x000000008b500000, 0x000000008b500000, 0x000000008b600000|  0%| F|  |TAMS 0x000000008b500000, 0x000000008b500000| Untracked 
| 182|0x000000008b600000, 0x000000008b600000, 0x000000008b700000|  0%| F|  |TAMS 0x000000008b600000, 0x000000008b600000| Untracked 
| 183|0x000000008b700000, 0x000000008b700000, 0x000000008b800000|  0%| F|  |TAMS 0x000000008b700000, 0x000000008b700000| Untracked 
| 184|0x000000008b800000, 0x000000008b800000, 0x000000008b900000|  0%| F|  |TAMS 0x000000008b800000, 0x000000008b800000| Untracked 
| 185|0x000000008b900000, 0x000000008b900000, 0x000000008ba00000|  0%| F|  |TAMS 0x000000008b900000, 0x000000008b900000| Untracked 
| 186|0x000000008ba00000, 0x000000008ba00000, 0x000000008bb00000|  0%| F|  |TAMS 0x000000008ba00000, 0x000000008ba00000| Untracked 
| 187|0x000000008bb00000, 0x000000008bb00000, 0x000000008bc00000|  0%| F|  |TAMS 0x000000008bb00000, 0x000000008bb00000| Untracked 
| 188|0x000000008bc00000, 0x000000008bc00000, 0x000000008bd00000|  0%| F|  |TAMS 0x000000008bc00000, 0x000000008bc00000| Untracked 
| 189|0x000000008bd00000, 0x000000008bd00000, 0x000000008be00000|  0%| F|  |TAMS 0x000000008bd00000, 0x000000008bd00000| Untracked 
| 190|0x000000008be00000, 0x000000008be00000, 0x000000008bf00000|  0%| F|  |TAMS 0x000000008be00000, 0x000000008be00000| Untracked 
| 191|0x000000008bf00000, 0x000000008bf00000, 0x000000008c000000|  0%| F|  |TAMS 0x000000008bf00000, 0x000000008bf00000| Untracked 
| 192|0x000000008c000000, 0x000000008c000000, 0x000000008c100000|  0%| F|  |TAMS 0x000000008c000000, 0x000000008c000000| Untracked 
| 193|0x000000008c100000, 0x000000008c100000, 0x000000008c200000|  0%| F|  |TAMS 0x000000008c100000, 0x000000008c100000| Untracked 
| 194|0x000000008c200000, 0x000000008c200000, 0x000000008c300000|  0%| F|  |TAMS 0x000000008c200000, 0x000000008c200000| Untracked 
| 195|0x000000008c300000, 0x000000008c300000, 0x000000008c400000|  0%| F|  |TAMS 0x000000008c300000, 0x000000008c300000| Untracked 
| 196|0x000000008c400000, 0x000000008c400000, 0x000000008c500000|  0%| F|  |TAMS 0x000000008c400000, 0x000000008c400000| Untracked 
| 197|0x000000008c500000, 0x000000008c500000, 0x000000008c600000|  0%| F|  |TAMS 0x000000008c500000, 0x000000008c500000| Untracked 
| 198|0x000000008c600000, 0x000000008c600000, 0x000000008c700000|  0%| F|  |TAMS 0x000000008c600000, 0x000000008c600000| Untracked 
| 199|0x000000008c700000, 0x000000008c700000, 0x000000008c800000|  0%| F|  |TAMS 0x000000008c700000, 0x000000008c700000| Untracked 
| 200|0x000000008c800000, 0x000000008c800000, 0x000000008c900000|  0%| F|  |TAMS 0x000000008c800000, 0x000000008c800000| Untracked 
| 201|0x000000008c900000, 0x000000008c900000, 0x000000008ca00000|  0%| F|  |TAMS 0x000000008c900000, 0x000000008c900000| Untracked 
| 202|0x000000008ca00000, 0x000000008ca00000, 0x000000008cb00000|  0%| F|  |TAMS 0x000000008ca00000, 0x000000008ca00000| Untracked 
| 203|0x000000008cb00000, 0x000000008cb00000, 0x000000008cc00000|  0%| F|  |TAMS 0x000000008cb00000, 0x000000008cb00000| Untracked 
| 204|0x000000008cc00000, 0x000000008cc00000, 0x000000008cd00000|  0%| F|  |TAMS 0x000000008cc00000, 0x000000008cc00000| Untracked 
| 205|0x000000008cd00000, 0x000000008cd00000, 0x000000008ce00000|  0%| F|  |TAMS 0x000000008cd00000, 0x000000008cd00000| Untracked 
| 206|0x000000008ce00000, 0x000000008ce00000, 0x000000008cf00000|  0%| F|  |TAMS 0x000000008ce00000, 0x000000008ce00000| Untracked 
| 207|0x000000008cf00000, 0x000000008cf00000, 0x000000008d000000|  0%| F|  |TAMS 0x000000008cf00000, 0x000000008cf00000| Untracked 
| 208|0x000000008d000000, 0x000000008d000000, 0x000000008d100000|  0%| F|  |TAMS 0x000000008d000000, 0x000000008d000000| Untracked 
| 209|0x000000008d100000, 0x000000008d100000, 0x000000008d200000|  0%| F|  |TAMS 0x000000008d100000, 0x000000008d100000| Untracked 
| 210|0x000000008d200000, 0x000000008d200000, 0x000000008d300000|  0%| F|  |TAMS 0x000000008d200000, 0x000000008d200000| Untracked 
| 211|0x000000008d300000, 0x000000008d300000, 0x000000008d400000|  0%| F|  |TAMS 0x000000008d300000, 0x000000008d300000| Untracked 
| 212|0x000000008d400000, 0x000000008d400000, 0x000000008d500000|  0%| F|  |TAMS 0x000000008d400000, 0x000000008d400000| Untracked 
| 213|0x000000008d500000, 0x000000008d500000, 0x000000008d600000|  0%| F|  |TAMS 0x000000008d500000, 0x000000008d500000| Untracked 
| 214|0x000000008d600000, 0x000000008d600000, 0x000000008d700000|  0%| F|  |TAMS 0x000000008d600000, 0x000000008d600000| Untracked 
| 215|0x000000008d700000, 0x000000008d700000, 0x000000008d800000|  0%| F|  |TAMS 0x000000008d700000, 0x000000008d700000| Untracked 
| 216|0x000000008d800000, 0x000000008d800000, 0x000000008d900000|  0%| F|  |TAMS 0x000000008d800000, 0x000000008d800000| Untracked 
| 217|0x000000008d900000, 0x000000008d900000, 0x000000008da00000|  0%| F|  |TAMS 0x000000008d900000, 0x000000008d900000| Untracked 
| 218|0x000000008da00000, 0x000000008da00000, 0x000000008db00000|  0%| F|  |TAMS 0x000000008da00000, 0x000000008da00000| Untracked 
| 219|0x000000008db00000, 0x000000008db00000, 0x000000008dc00000|  0%| F|  |TAMS 0x000000008db00000, 0x000000008db00000| Untracked 
| 220|0x000000008dc00000, 0x000000008dc00000, 0x000000008dd00000|  0%| F|  |TAMS 0x000000008dc00000, 0x000000008dc00000| Untracked 
| 221|0x000000008dd00000, 0x000000008dd00000, 0x000000008de00000|  0%| F|  |TAMS 0x000000008dd00000, 0x000000008dd00000| Untracked 
| 222|0x000000008de00000, 0x000000008de00000, 0x000000008df00000|  0%| F|  |TAMS 0x000000008de00000, 0x000000008de00000| Untracked 
| 223|0x000000008df00000, 0x000000008df00000, 0x000000008e000000|  0%| F|  |TAMS 0x000000008df00000, 0x000000008df00000| Untracked 
| 224|0x000000008e000000, 0x000000008e000000, 0x000000008e100000|  0%| F|  |TAMS 0x000000008e000000, 0x000000008e000000| Untracked 
| 225|0x000000008e100000, 0x000000008e100000, 0x000000008e200000|  0%| F|  |TAMS 0x000000008e100000, 0x000000008e100000| Untracked 
| 226|0x000000008e200000, 0x000000008e200000, 0x000000008e300000|  0%| F|  |TAMS 0x000000008e200000, 0x000000008e200000| Untracked 
| 227|0x000000008e300000, 0x000000008e300000, 0x000000008e400000|  0%| F|  |TAMS 0x000000008e300000, 0x000000008e300000| Untracked 

Card table byte_map: [0x000002e9d4c50000,0x000002e9d5050000] _byte_map_base: 0x000002e9d4850000

Marking Bits (Prev, Next): (CMBitMap*) 0x000002e9c1959bd8, (CMBitMap*) 0x000002e9c1959c10
 Prev Bits: [0x000002e9d5450000, 0x000002e9d7450000)
 Next Bits: [0x000002e9d7450000, 0x000002e9d9450000)

Polling page: 0x000002e9c5420000

Metaspace:

Usage:
  Non-class:     45.68 MB capacity,    44.84 MB ( 98%) used,   720.34 KB (  2%) free+waste,   137.19 KB ( <1%) overhead. 
      Class:      7.00 MB capacity,     6.51 MB ( 93%) used,   434.03 KB (  6%) free+waste,    64.94 KB ( <1%) overhead. 
       Both:     52.68 MB capacity,    51.36 MB ( 97%) used,     1.13 MB (  2%) free+waste,   202.13 KB ( <1%) overhead. 

Virtual space:
  Non-class space:       46.00 MB reserved,      45.87 MB (>99%) committed 
      Class space:        1.00 GB reserved,       7.13 MB ( <1%) committed 
             Both:        1.04 GB reserved,      53.00 MB (  5%) committed 

Chunk freelists:
   Non-Class:  5.00 KB
       Class:  0 bytes
        Both:  5.00 KB

MaxMetaspaceSize: 17179869184.00 GB
CompressedClassSpaceSize: 1.00 GB

CodeHeap 'non-profiled nmethods': size=120064Kb used=2904Kb max_used=2904Kb free=117159Kb
 bounds [0x000002e9ccf00000, 0x000002e9cd1e0000, 0x000002e9d4440000]
CodeHeap 'profiled nmethods': size=120000Kb used=11534Kb max_used=11534Kb free=108465Kb
 bounds [0x000002e9c59d0000, 0x000002e9c6520000, 0x000002e9ccf00000]
CodeHeap 'non-nmethods': size=5696Kb used=2227Kb max_used=2259Kb free=3468Kb
 bounds [0x000002e9c5440000, 0x000002e9c56b0000, 0x000002e9c59d0000]
 total_blobs=6339 nmethods=5536 adapters=714
 compilation: enabled
              stopped_count=0, restarted_count=0
 full_count=0

Compilation events (20 events):
Event: 29.955 Thread 0x000002e9dc120000 5517       3       java.lang.invoke.LambdaForm$MH/0x00000001000e1040::invoke (155 bytes)
Event: 29.955 Thread 0x000002e9dc120000 nmethod 5517 0x000002e9c650bc90 code [0x000002e9c650bf20, 0x000002e9c650ce78]
Event: 29.962 Thread 0x000002e9dc11f000 5518       4       jdk.internal.org.objectweb.asm.Frame::push (110 bytes)
Event: 29.962 Thread 0x000002e9dc120000 5519       3       jdk.internal.org.objectweb.asm.Frame::initInputFrame (158 bytes)
Event: 29.962 Thread 0x000002e9dc120000 nmethod 5519 0x000002e9c650d290 code [0x000002e9c650d4e0, 0x000002e9c650de08]
Event: 29.963 Thread 0x000002e9dc120000 5520       3       java.lang.invoke.LambdaFormBuffer::indexOf (25 bytes)
Event: 29.963 Thread 0x000002e9dc120000 nmethod 5520 0x000002e9c650e290 code [0x000002e9c650e440, 0x000002e9c650e638]
Event: 29.967 Thread 0x000002e9dc11f000 nmethod 5518 0x000002e9cd1d4910 code [0x000002e9cd1d4ac0, 0x000002e9cd1d5038]
Event: 29.968 Thread 0x000002e9dc120000 5523       3       java.lang.invoke.ClassSpecializer$Factory$1Var::nextIndex (18 bytes)
Event: 29.968 Thread 0x000002e9dc120000 nmethod 5523 0x000002e9c650e710 code [0x000002e9c650e8e0, 0x000002e9c650eb98]
Event: 29.969 Thread 0x000002e9dc120000 5526       3       java.lang.invoke.ClassSpecializer$Factory$1Var::<init> (146 bytes)
Event: 29.970 Thread 0x000002e9dc120000 nmethod 5526 0x000002e9c650ed10 code [0x000002e9c650f120, 0x000002e9c6510a18]
Event: 29.970 Thread 0x000002e9dc120000 5527       3       java.lang.invoke.ClassSpecializer$Factory$1Var::nextSlotIndex (24 bytes)
Event: 29.970 Thread 0x000002e9dc120000 nmethod 5527 0x000002e9c6511410 code [0x000002e9c65115e0, 0x000002e9c6511878]
Event: 29.970 Thread 0x000002e9dc120000 5528       3       java.lang.invoke.ClassSpecializer::classSig (34 bytes)
Event: 29.971 Thread 0x000002e9dc120000 nmethod 5528 0x000002e9c6511990 code [0x000002e9c6511bc0, 0x000002e9c65120a8]
Event: 29.971 Thread 0x000002e9dc120000 5533       3       java.lang.invoke.ClassSpecializer$Factory$1Var::emitVarInstruction (73 bytes)
Event: 29.972 Thread 0x000002e9dc120000 nmethod 5533 0x000002e9c6512290 code [0x000002e9c6512540, 0x000002e9c6513078]
Event: 29.976 Thread 0x000002e9dc120000 5536       3       java.util.jar.Attributes::<init> (17 bytes)
Event: 29.976 Thread 0x000002e9dc120000 nmethod 5536 0x000002e9c6513510 code [0x000002e9c6513700, 0x000002e9c6513a48]

GC Heap History (20 events):
Event: 0.556 GC heap after
{Heap after GC invocations=1 (full 0):
 garbage-first heap   total 233472K, used 2799K [0x0000000080000000, 0x0000000100000000)
  region size 1024K, 2 young (2048K), 2 survivors (2048K)
 Metaspace       used 6662K, capacity 6761K, committed 7040K, reserved 1056768K
  class space    used 575K, capacity 614K, committed 640K, reserved 1048576K
}
Event: 0.883 GC heap before
{Heap before GC invocations=1 (full 0):
 garbage-first heap   total 233472K, used 14063K [0x0000000080000000, 0x0000000100000000)
  region size 1024K, 11 young (11264K), 2 survivors (2048K)
 Metaspace       used 9408K, capacity 9569K, committed 9728K, reserved 1058816K
  class space    used 941K, capacity 1004K, committed 1024K, reserved 1048576K
}
Event: 0.888 GC heap after
{Heap after GC invocations=2 (full 0):
 garbage-first heap   total 233472K, used 9216K [0x0000000080000000, 0x0000000100000000)
  region size 1024K, 2 young (2048K), 2 survivors (2048K)
 Metaspace       used 9408K, capacity 9569K, committed 9728K, reserved 1058816K
  class space    used 941K, capacity 1004K, committed 1024K, reserved 1048576K
}
Event: 1.203 GC heap before
{Heap before GC invocations=2 (full 0):
 garbage-first heap   total 233472K, used 18432K [0x0000000080000000, 0x0000000100000000)
  region size 1024K, 11 young (11264K), 2 survivors (2048K)
 Metaspace       used 10342K, capacity 10536K, committed 10624K, reserved 1058816K
  class space    used 1076K, capacity 1135K, committed 1152K, reserved 1048576K
}
Event: 1.205 GC heap after
{Heap after GC invocations=3 (full 0):
 garbage-first heap   total 233472K, used 9639K [0x0000000080000000, 0x0000000100000000)
  region size 1024K, 1 young (1024K), 1 survivors (1024K)
 Metaspace       used 10342K, capacity 10536K, committed 10624K, reserved 1058816K
  class space    used 1076K, capacity 1135K, committed 1152K, reserved 1048576K
}
Event: 1.603 GC heap before
{Heap before GC invocations=3 (full 0):
 garbage-first heap   total 233472K, used 23975K [0x0000000080000000, 0x0000000100000000)
  region size 1024K, 16 young (16384K), 1 survivors (1024K)
 Metaspace       used 10836K, capacity 11073K, committed 11264K, reserved 1058816K
  class space    used 1130K, capacity 1207K, committed 1280K, reserved 1048576K
}
Event: 1.605 GC heap after
{Heap after GC invocations=4 (full 0):
 garbage-first heap   total 233472K, used 10015K [0x0000000080000000, 0x0000000100000000)
  region size 1024K, 1 young (1024K), 1 survivors (1024K)
 Metaspace       used 10836K, capacity 11073K, committed 11264K, reserved 1058816K
  class space    used 1130K, capacity 1207K, committed 1280K, reserved 1048576K
}
Event: 2.110 GC heap before
{Heap before GC invocations=4 (full 0):
 garbage-first heap   total 233472K, used 33567K [0x0000000080000000, 0x0000000100000000)
  region size 1024K, 24 young (24576K), 1 survivors (1024K)
 Metaspace       used 11139K, capacity 11353K, committed 11520K, reserved 1058816K
  class space    used 1186K, capacity 1279K, committed 1280K, reserved 1048576K
}
Event: 2.113 GC heap after
{Heap after GC invocations=5 (full 0):
 garbage-first heap   total 233472K, used 13941K [0x0000000080000000, 0x0000000100000000)
  region size 1024K, 3 young (3072K), 3 survivors (3072K)
 Metaspace       used 11139K, capacity 11353K, committed 11520K, reserved 1058816K
  class space    used 1186K, capacity 1279K, committed 1280K, reserved 1048576K
}
Event: 3.890 GC heap before
{Heap before GC invocations=5 (full 0):
 garbage-first heap   total 233472K, used 44661K [0x0000000080000000, 0x0000000100000000)
  region size 1024K, 33 young (33792K), 3 survivors (3072K)
 Metaspace       used 18146K, capacity 18577K, committed 18688K, reserved 1064960K
  class space    used 2160K, capacity 2285K, committed 2304K, reserved 1048576K
}
Event: 3.897 GC heap after
{Heap after GC invocations=6 (full 0):
 garbage-first heap   total 233472K, used 16537K [0x0000000080000000, 0x0000000100000000)
  region size 1024K, 5 young (5120K), 5 survivors (5120K)
 Metaspace       used 18146K, capacity 18577K, committed 18688K, reserved 1064960K
  class space    used 2160K, capacity 2285K, committed 2304K, reserved 1048576K
}
Event: 4.166 GC heap before
{Heap before GC invocations=6 (full 0):
 garbage-first heap   total 233472K, used 37017K [0x0000000080000000, 0x0000000100000000)
  region size 1024K, 26 young (26624K), 5 survivors (5120K)
 Metaspace       used 20685K, capacity 21102K, committed 21296K, reserved 1069056K
  class space    used 2530K, capacity 2658K, committed 2688K, reserved 1048576K
}
Event: 4.172 GC heap after
{Heap after GC invocations=7 (full 0):
 garbage-first heap   total 233472K, used 17433K [0x0000000080000000, 0x0000000100000000)
  region size 1024K, 4 young (4096K), 4 survivors (4096K)
 Metaspace       used 20685K, capacity 21102K, committed 21296K, reserved 1069056K
  class space    used 2530K, capacity 2658K, committed 2688K, reserved 1048576K
}
Event: 5.171 GC heap before
{Heap before GC invocations=8 (full 0):
 garbage-first heap   total 233472K, used 56345K [0x0000000080000000, 0x0000000100000000)
  region size 1024K, 43 young (44032K), 4 survivors (4096K)
 Metaspace       used 24679K, capacity 25286K, committed 25392K, reserved 1071104K
  class space    used 3175K, capacity 3398K, committed 3456K, reserved 1048576K
}
Event: 5.184 GC heap after
{Heap after GC invocations=9 (full 0):
 garbage-first heap   total 233472K, used 19057K [0x0000000080000000, 0x0000000100000000)
  region size 1024K, 5 young (5120K), 5 survivors (5120K)
 Metaspace       used 24679K, capacity 25286K, committed 25392K, reserved 1071104K
  class space    used 3175K, capacity 3398K, committed 3456K, reserved 1048576K
}
Event: 6.412 GC heap before
{Heap before GC invocations=9 (full 0):
 garbage-first heap   total 233472K, used 89713K [0x0000000080000000, 0x0000000100000000)
  region size 1024K, 75 young (76800K), 5 survivors (5120K)
 Metaspace       used 34899K, capacity 35656K, committed 35708K, reserved 1081344K
  class space    used 4535K, capacity 4861K, committed 4864K, reserved 1048576K
}
Event: 6.426 GC heap after
{Heap after GC invocations=10 (full 0):
 garbage-first heap   total 233472K, used 23063K [0x0000000080000000, 0x0000000100000000)
  region size 1024K, 9 young (9216K), 9 survivors (9216K)
 Metaspace       used 34899K, capacity 35656K, committed 35708K, reserved 1081344K
  class space    used 4535K, capacity 4861K, committed 4864K, reserved 1048576K
}
Event: 9.201 GC heap before
{Heap before GC invocations=11 (full 0):
 garbage-first heap   total 233472K, used 119319K [0x0000000080000000, 0x0000000100000000)
  region size 1024K, 100 young (102400K), 9 survivors (9216K)
 Metaspace       used 43234K, capacity 44182K, committed 44412K, reserved 1087488K
  class space    used 5484K, capacity 5833K, committed 5888K, reserved 1048576K
}
Event: 9.232 GC heap after
{Heap after GC invocations=12 (full 0):
 garbage-first heap   total 233472K, used 29022K [0x0000000080000000, 0x0000000100000000)
  region size 1024K, 13 young (13312K), 13 survivors (13312K)
 Metaspace       used 43234K, capacity 44182K, committed 44412K, reserved 1087488K
  class space    used 5484K, capacity 5833K, committed 5888K, reserved 1048576K
}
Event: 30.000 GC heap before
{Heap before GC invocations=12 (full 0):
 garbage-first heap   total 233472K, used 159070K [0x0000000080000000, 0x0000000100000000)
  region size 1024K, 136 young (139264K), 13 survivors (13312K)
 Metaspace       used 52588K, capacity 53945K, committed 54268K, reserved 1095680K
  class space    used 6671K, capacity 7170K, committed 7296K, reserved 1048576K
}

Deoptimization events (20 events):
Event: 29.491 Thread 0x000002e9ddd6d000 Uncommon trap: trap_request=0xffffff4d fr.pc=0x000002e9cd0f33c8 relative=0x0000000000000748
Event: 29.491 Thread 0x000002e9ddd6d000 Uncommon trap: reason=unstable_if action=reinterpret pc=0x000002e9cd0f33c8 method=java.io.BufferedInputStream.read([BII)I @ 56 c2
Event: 29.491 Thread 0x000002e9ddd6d000 DEOPT PACKING pc=0x000002e9cd0f33c8 sp=0x000000f9cfaf6ed0
Event: 29.491 Thread 0x000002e9ddd6d000 DEOPT UNPACKING pc=0x000002e9c546662f sp=0x000000f9cfaf6e88 mode 2
Event: 29.493 Thread 0x000002e9ddd6d000 Uncommon trap: trap_request=0xffffff4d fr.pc=0x000002e9ccfdd1f4 relative=0x0000000000000054
Event: 29.493 Thread 0x000002e9ddd6d000 Uncommon trap: reason=unstable_if action=reinterpret pc=0x000002e9ccfdd1f4 method=java.util.regex.Pattern.has(I)Z @ 6 c2
Event: 29.493 Thread 0x000002e9ddd6d000 DEOPT PACKING pc=0x000002e9ccfdd1f4 sp=0x000000f9cfaf5ec0
Event: 29.493 Thread 0x000002e9ddd6d000 DEOPT UNPACKING pc=0x000002e9c546662f sp=0x000000f9cfaf5e50 mode 2
Event: 29.516 Thread 0x000002e9ddd6d000 Uncommon trap: trap_request=0xffffff45 fr.pc=0x000002e9cd0cd464 relative=0x0000000000000d44
Event: 29.516 Thread 0x000002e9ddd6d000 Uncommon trap: reason=unstable_fused_if action=reinterpret pc=0x000002e9cd0cd464 method=org.objectweb.asm.ByteVector.putUTF8(Ljava/lang/String;)Lorg/objectweb/asm/ByteVector; @ 93 c2
Event: 29.516 Thread 0x000002e9ddd6d000 DEOPT PACKING pc=0x000002e9cd0cd464 sp=0x000000f9cfaf7970
Event: 29.516 Thread 0x000002e9ddd6d000 DEOPT UNPACKING pc=0x000002e9c546662f sp=0x000000f9cfaf78c8 mode 2
Event: 29.517 Thread 0x000002e9ddd6d000 Uncommon trap: trap_request=0xffffff4d fr.pc=0x000002e9cd0d60e4 relative=0x0000000000005be4
Event: 29.517 Thread 0x000002e9ddd6d000 Uncommon trap: reason=unstable_if action=reinterpret pc=0x000002e9cd0d60e4 method=org.objectweb.asm.Frame.execute(IILorg/objectweb/asm/Symbol;Lorg/objectweb/asm/SymbolTable;)V @ 1 c2
Event: 29.517 Thread 0x000002e9ddd6d000 DEOPT PACKING pc=0x000002e9cd0d60e4 sp=0x000000f9cfaf7b60
Event: 29.517 Thread 0x000002e9ddd6d000 DEOPT UNPACKING pc=0x000002e9c546662f sp=0x000000f9cfaf7b08 mode 2
Event: 29.598 Thread 0x000002e9ddd6d000 Uncommon trap: trap_request=0xffffff45 fr.pc=0x000002e9cd02c674 relative=0x0000000000000214
Event: 29.598 Thread 0x000002e9ddd6d000 Uncommon trap: reason=unstable_fused_if action=reinterpret pc=0x000002e9cd02c674 method=org.objectweb.asm.ByteVector.putUTF8(Ljava/lang/String;)Lorg/objectweb/asm/ByteVector; @ 93 c2
Event: 29.598 Thread 0x000002e9ddd6d000 DEOPT PACKING pc=0x000002e9cd02c674 sp=0x000000f9cfaf7ca0
Event: 29.598 Thread 0x000002e9ddd6d000 DEOPT UNPACKING pc=0x000002e9c546662f sp=0x000000f9cfaf7c20 mode 2

Classes redefined (0 events):
No events

Internal exceptions (20 events):
Event: 28.998 Thread 0x000002e9ddd6d000 Exception <a 'java/lang/ClassNotFoundException'{0x00000000888ccad0}: org/gradle/api/tasks/DeleteCustomizer> (0x00000000888ccad0) thrown at [./src/hotspot/share/classfile/systemDictionary.cpp, line 231]
Event: 29.003 Thread 0x000002e9ddd6d000 Exception <a 'java/lang/ClassNotFoundException'{0x0000000088709d50}: org/gradle/api/tasks/Delete_DecoratedCustomizer> (0x0000000088709d50) thrown at [./src/hotspot/share/classfile/systemDictionary.cpp, line 231]
Event: 29.033 Thread 0x000002e9ddd6d000 Exception <a 'java/lang/NoSuchMethodError'{0x000000008861b970}: 'long java.lang.invoke.DirectMethodHandle$Holder.invokeVirtual(java.lang.Object, java.lang.Object)'> (0x000000008861b970) thrown at [./src/hotspot/share/interpreter/linkResolver.cpp, line 773]
Event: 29.077 Thread 0x000002e9ddfe5000 Exception <a 'java/lang/NoSuchMethodError'{0x000000008ad8bde8}: <clinit>> (0x000000008ad8bde8) thrown at [./src/hotspot/share/prims/jni.cpp, line 1362]
Event: 29.092 Thread 0x000002e9ddfe5000 Exception <a 'java/lang/NoSuchMethodError'{0x000000008868cbf8}: <clinit>> (0x000000008868cbf8) thrown at [./src/hotspot/share/prims/jni.cpp, line 1362]
Event: 29.092 Thread 0x000002e9ddfe5000 Exception <a 'java/lang/NoSuchMethodError'{0x000000008868dd08}: <clinit>> (0x000000008868dd08) thrown at [./src/hotspot/share/prims/jni.cpp, line 1362]
Event: 29.092 Thread 0x000002e9ddfe5000 Exception <a 'java/lang/NoSuchMethodError'{0x000000008868f010}: <clinit>> (0x000000008868f010) thrown at [./src/hotspot/share/prims/jni.cpp, line 1362]
Event: 29.092 Thread 0x000002e9ddfe5000 Exception <a 'java/lang/NoSuchMethodError'{0x0000000088690030}: <clinit>> (0x0000000088690030) thrown at [./src/hotspot/share/prims/jni.cpp, line 1362]
Event: 29.093 Thread 0x000002e9ddfe5000 Exception <a 'java/lang/NoSuchMethodError'{0x00000000886a27a8}: <clinit>> (0x00000000886a27a8) thrown at [./src/hotspot/share/prims/jni.cpp, line 1362]
Event: 29.094 Thread 0x000002e9ddfe5000 Exception <a 'java/lang/NoSuchMethodError'{0x00000000886acad0}: <clinit>> (0x00000000886acad0) thrown at [./src/hotspot/share/prims/jni.cpp, line 1362]
Event: 29.095 Thread 0x000002e9ddfe5000 Exception <a 'java/lang/NoSuchMethodError'{0x00000000886c0410}: <clinit>> (0x00000000886c0410) thrown at [./src/hotspot/share/prims/jni.cpp, line 1362]
Event: 29.221 Thread 0x000002e9ddd6d000 Exception <a 'java/lang/ClassNotFoundException'{0x0000000088557920}: build_11uqlaijra8t679utf9aq5pkoBeanInfo> (0x0000000088557920) thrown at [./src/hotspot/share/classfile/systemDictionary.cpp, line 231]
Event: 29.221 Thread 0x000002e9ddd6d000 Exception <a 'java/lang/ClassNotFoundException'{0x0000000088562018}: build_11uqlaijra8t679utf9aq5pkoCustomizer> (0x0000000088562018) thrown at [./src/hotspot/share/classfile/systemDictionary.cpp, line 231]
Event: 29.269 Thread 0x000002e9ddd6d000 Exception <a 'java/lang/ClassNotFoundException'{0x00000000884dcef0}: org/gradle/api/internal/plugins/DefaultObjectConfigurationActionBeanInfo> (0x00000000884dcef0) thrown at [./src/hotspot/share/classfile/systemDictionary.cpp, line 231]
Event: 29.270 Thread 0x000002e9ddd6d000 Exception <a 'java/lang/ClassNotFoundException'{0x000000008830fe38}: org/gradle/api/internal/plugins/DefaultObjectConfigurationActionCustomizer> (0x000000008830fe38) thrown at [./src/hotspot/share/classfile/systemDictionary.cpp, line 231]
Event: 29.509 Thread 0x000002e9ddd6d000 Exception <a 'java/lang/NoSuchMethodError'{0x0000000086c3dbc8}: 'java.lang.Object java.lang.invoke.DirectMethodHandle$Holder.invokeStatic(java.lang.Object, java.lang.Object, java.lang.Object, java.lang.Object, int)'> (0x0000000086c3dbc8) thrown at [./src/hotspot/share/interpreter/linkResolver.cpp, line 773]
Event: 29.509 Thread 0x000002e9ddd6d000 Exception <a 'java/lang/NoSuchMethodError'{0x0000000086c425c0}: 'java.lang.Object java.lang.invoke.DirectMethodHandle$Holder.invokeSpecial(java.lang.Object, java.lang.Object, java.lang.Object, java.lang.Object, java.lang.Object, int)'> (0x0000000086c425c0) thrown at [./src/hotspot/share/interpreter/linkResolver.cpp, line 773]
Event: 29.510 Thread 0x000002e9ddd6d000 Exception <a 'java/lang/NoSuchMethodError'{0x0000000086c46c00}: 'java.lang.Object java.lang.invoke.Invokers$Holder.linkToTargetMethod(java.lang.Object, java.lang.Object, java.lang.Object, int, java.lang.Object)'> (0x0000000086c46c00) thrown at [./src/hotspot/share/interpreter/linkResolver.cpp, line 773]
Event: 29.967 Thread 0x000002e9ddd6d000 Exception <a 'java/lang/NoSuchMethodError'{0x0000000085ee3cc8}: 'java.lang.Object java.lang.invoke.DirectMethodHandle$Holder.invokeSpecial(java.lang.Object, java.lang.Object, int, int, java.lang.Object, java.lang.Object, java.lang.Object)'> (0x0000000085ee3cc8) thrown at [./src/hotspot/share/interpreter/linkResolver.cpp, line 773]
Event: 29.967 Thread 0x000002e9ddd6d000 Exception <a 'java/lang/NoSuchMethodError'{0x0000000085ee8248}: 'java.lang.Object java.lang.invoke.DelegatingMethodHandle$Holder.reinvoke_L(java.lang.Object, int, int, java.lang.Object, java.lang.Object, java.lang.Object)'> (0x0000000085ee8248) thrown at [./src/hotspot/share/interpreter/linkResolver.cpp, line 773]

Events (20 events):
Event: 29.993 loading class org/apache/xerces/xni/parser/XMLParseException done
Event: 29.997 loading class org/apache/xerces/parsers/ObjectFactory
Event: 29.997 loading class org/apache/xerces/parsers/ObjectFactory done
Event: 29.998 loading class org/apache/xerces/parsers/ObjectFactory$ConfigurationError
Event: 29.998 loading class org/apache/xerces/parsers/ObjectFactory$ConfigurationError done
Event: 29.998 loading class org/apache/xerces/parsers/SecuritySupport
Event: 29.998 loading class org/apache/xerces/parsers/SecuritySupport done
Event: 29.998 loading class org/apache/xerces/parsers/SecuritySupport$4
Event: 29.998 loading class org/apache/xerces/parsers/SecuritySupport$4 done
Event: 29.999 loading class org/apache/xerces/parsers/SecuritySupport$1
Event: 29.999 loading class org/apache/xerces/parsers/SecuritySupport$1 done
Event: 29.999 loading class org/apache/xerces/parsers/SecuritySupport$2
Event: 29.999 loading class org/apache/xerces/parsers/SecuritySupport$2 done
Event: 29.999 loading class org/apache/xerces/parsers/SecuritySupport$3
Event: 29.999 loading class org/apache/xerces/parsers/SecuritySupport$3 done
Event: 29.999 loading class org/apache/xerces/parsers/SecuritySupport$7
Event: 29.999 loading class org/apache/xerces/parsers/SecuritySupport$7 done
Event: 30.000 loading class org/apache/xerces/parsers/SecuritySupport$6
Event: 30.000 loading class org/apache/xerces/parsers/SecuritySupport$6 done
Event: 30.000 Executing VM operation: G1CollectForAllocation


Dynamic libraries:
0x00007ff6f6190000 - 0x00007ff6f619a000 	E:\Android Studio\jre\bin\java.exe
0x00007ffdd2870000 - 0x00007ffdd2a65000 	C:\WINDOWS\SYSTEM32\ntdll.dll
0x00007ffdd1520000 - 0x00007ffdd15de000 	C:\WINDOWS\System32\KERNEL32.DLL
0x00007ffdd0040000 - 0x00007ffdd0308000 	C:\WINDOWS\System32\KERNELBASE.dll
0x00007ffdd0310000 - 0x00007ffdd0410000 	C:\WINDOWS\System32\ucrtbase.dll
0x00007ffdb4d30000 - 0x00007ffdb4d49000 	E:\Android Studio\jre\bin\jli.dll
0x00007ffdd18e0000 - 0x00007ffdd1a80000 	C:\WINDOWS\System32\USER32.dll
0x00007ffdd0690000 - 0x00007ffdd06b2000 	C:\WINDOWS\System32\win32u.dll
0x00007ffdd0d30000 - 0x00007ffdd0d5a000 	C:\WINDOWS\System32\GDI32.dll
0x00007ffdd06c0000 - 0x00007ffdd07cb000 	C:\WINDOWS\System32\gdi32full.dll
0x00007ffdd0460000 - 0x00007ffdd04fd000 	C:\WINDOWS\System32\msvcp_win.dll
0x00007ffdafeb0000 - 0x00007ffdafec7000 	E:\Android Studio\jre\bin\VCRUNTIME140.dll
0x00007ffdc3d70000 - 0x00007ffdc400a000 	C:\WINDOWS\WinSxS\amd64_microsoft.windows.common-controls_6595b64144ccf1df_6.0.19041.1110_none_60b5254171f9507e\COMCTL32.dll
0x00007ffdd1480000 - 0x00007ffdd151e000 	C:\WINDOWS\System32\msvcrt.dll
0x00007ffdd1a80000 - 0x00007ffdd1ab0000 	C:\WINDOWS\System32\IMM32.DLL
0x00007ffda6970000 - 0x00007ffda6a0d000 	E:\Android Studio\jre\bin\msvcp140.dll
0x00007ffd8c050000 - 0x00007ffd8cb25000 	E:\Android Studio\jre\bin\server\jvm.dll
0x00007ffdd1710000 - 0x00007ffdd17be000 	C:\WINDOWS\System32\ADVAPI32.dll
0x00007ffdd11b0000 - 0x00007ffdd124c000 	C:\WINDOWS\System32\sechost.dll
0x00007ffdd15e0000 - 0x00007ffdd1705000 	C:\WINDOWS\System32\RPCRT4.dll
0x00007ffdd0c40000 - 0x00007ffdd0c48000 	C:\WINDOWS\System32\PSAPI.DLL
0x00007ffdcb270000 - 0x00007ffdcb279000 	C:\WINDOWS\SYSTEM32\WSOCK32.dll
0x00007ffdd1410000 - 0x00007ffdd147b000 	C:\WINDOWS\System32\WS2_32.dll
0x00007ffdbc120000 - 0x00007ffdbc147000 	C:\WINDOWS\SYSTEM32\WINMM.dll
0x00007ffdc8fa0000 - 0x00007ffdc8faa000 	C:\WINDOWS\SYSTEM32\VERSION.dll
0x00007ffdcddf0000 - 0x00007ffdcde02000 	C:\WINDOWS\SYSTEM32\kernel.appcore.dll
0x00007ffdc9b70000 - 0x00007ffdc9b81000 	E:\Android Studio\jre\bin\verify.dll
0x00007ffdc7e20000 - 0x00007ffdc8004000 	C:\WINDOWS\SYSTEM32\DBGHELP.DLL
0x00007ffdc7b30000 - 0x00007ffdc7b5c000 	C:\WINDOWS\SYSTEM32\dbgcore.DLL
0x00007ffdd07d0000 - 0x00007ffdd0852000 	C:\WINDOWS\System32\bcryptPrimitives.dll
0x00007ffdbaac0000 - 0x00007ffdbaae9000 	E:\Android Studio\jre\bin\java.dll
0x00007ffdca340000 - 0x00007ffdca34b000 	E:\Android Studio\jre\bin\jimage.dll
0x00007ffdc97d0000 - 0x00007ffdc97e8000 	E:\Android Studio\jre\bin\zip.dll
0x00007ffdd1ab0000 - 0x00007ffdd21f4000 	C:\WINDOWS\System32\SHELL32.dll
0x00007ffdce0d0000 - 0x00007ffdce864000 	C:\WINDOWS\SYSTEM32\windows.storage.dll
0x00007ffdd0d60000 - 0x00007ffdd10b4000 	C:\WINDOWS\System32\combase.dll
0x00007ffdcf930000 - 0x00007ffdcf95c000 	C:\WINDOWS\SYSTEM32\Wldp.dll
0x00007ffdd0930000 - 0x00007ffdd09dd000 	C:\WINDOWS\System32\SHCORE.dll
0x00007ffdd1250000 - 0x00007ffdd12a5000 	C:\WINDOWS\System32\shlwapi.dll
0x00007ffdcfed0000 - 0x00007ffdcfeef000 	C:\WINDOWS\SYSTEM32\profapi.dll
0x00007ffdc45d0000 - 0x00007ffdc45ea000 	E:\Android Studio\jre\bin\net.dll
0x00007ffdc67f0000 - 0x00007ffdc68fa000 	C:\WINDOWS\SYSTEM32\WINHTTP.dll
0x00007ffdcf690000 - 0x00007ffdcf6fa000 	C:\WINDOWS\system32\mswsock.dll
0x00007ffdc3350000 - 0x00007ffdc3364000 	E:\Android Studio\jre\bin\nio.dll
0x00007ffda66d0000 - 0x00007ffda66f7000 	C:\Users\Jaen\.gradle\native\e1d6ef7f7dcc3fd88c89a11ec53ec762bb8ba0a96d01ffa2cd45eb1d1d8dd5c5\windows-amd64\native-platform.dll
0x00007ffd9fde0000 - 0x00007ffd9ff24000 	C:\Users\Jaen\.gradle\native\5664cfc778a61ccfe75a443a1ab52a65af34e5dc3c78e0209fed803814484fcb\windows-amd64\native-platform-file-events.dll
0x00007ffdc9950000 - 0x00007ffdc995a000 	E:\Android Studio\jre\bin\management.dll
0x00007ffdc32f0000 - 0x00007ffdc32fd000 	E:\Android Studio\jre\bin\management_ext.dll
0x00007ffdcf880000 - 0x00007ffdcf898000 	C:\WINDOWS\SYSTEM32\CRYPTSP.dll
0x00007ffdcf010000 - 0x00007ffdcf044000 	C:\WINDOWS\system32\rsaenh.dll
0x00007ffdd0660000 - 0x00007ffdd0687000 	C:\WINDOWS\System32\bcrypt.dll
0x00007ffdcfe90000 - 0x00007ffdcfebe000 	C:\WINDOWS\SYSTEM32\USERENV.dll
0x00007ffdcf8a0000 - 0x00007ffdcf8ac000 	C:\WINDOWS\SYSTEM32\CRYPTBASE.dll
0x00007ffdcf380000 - 0x00007ffdcf3bb000 	C:\WINDOWS\SYSTEM32\IPHLPAPI.DLL
0x00007ffdd23b0000 - 0x00007ffdd23b8000 	C:\WINDOWS\System32\NSI.dll
0x00007ffdc94c0000 - 0x00007ffdc94d7000 	C:\WINDOWS\SYSTEM32\dhcpcsvc6.DLL
0x00007ffdc9200000 - 0x00007ffdc921d000 	C:\WINDOWS\SYSTEM32\dhcpcsvc.DLL
0x00007ffdcf3c0000 - 0x00007ffdcf48b000 	C:\WINDOWS\SYSTEM32\DNSAPI.dll

dbghelp: loaded successfully - version: 4.0.5 - missing functions: none
symbol engine: initialized successfully - sym options: 0x614 - pdb path: .;E:\Android Studio\jre\bin;C:\WINDOWS\SYSTEM32;C:\WINDOWS\WinSxS\amd64_microsoft.windows.common-controls_6595b64144ccf1df_6.0.19041.1110_none_60b5254171f9507e;E:\Android Studio\jre\bin\server;C:\Users\Jaen\.gradle\native\e1d6ef7f7dcc3fd88c89a11ec53ec762bb8ba0a96d01ffa2cd45eb1d1d8dd5c5\windows-amd64;C:\Users\Jaen\.gradle\native\5664cfc778a61ccfe75a443a1ab52a65af34e5dc3c78e0209fed803814484fcb\windows-amd64

VM Arguments:
jvm_args: --add-opens=java.base/java.util=ALL-UNNAMED --add-opens=java.base/java.lang=ALL-UNNAMED --add-opens=java.base/java.lang.invoke=ALL-UNNAMED --add-opens=java.base/java.util=ALL-UNNAMED --add-opens=java.prefs/java.util.prefs=ALL-UNNAMED --add-opens=java.prefs/java.util.prefs=ALL-UNNAMED --add-opens=java.base/java.nio.charset=ALL-UNNAMED --add-opens=java.base/java.net=ALL-UNNAMED --add-opens=java.base/java.util.concurrent.atomic=ALL-UNNAMED -Xmx2048m -Dfile.encoding=UTF-8 -Duser.country=US -Duser.language=en -Duser.variant 
java_command: org.gradle.launcher.daemon.bootstrap.GradleDaemon 7.2
java_class_path (initial): C:\Users\Jaen\.gradle\wrapper\dists\gradle-7.2-bin\2dnblmf4td7x66yl1d74lt32g\gradle-7.2\lib\gradle-launcher-7.2.jar
Launcher Type: SUN_STANDARD

[Global flags]
     intx CICompilerCount                          = 2                                         {product} {ergonomic}
     uint ConcGCThreads                            = 1                                         {product} {ergonomic}
     uint G1ConcRefinementThreads                  = 2                                         {product} {ergonomic}
   size_t G1HeapRegionSize                         = 1048576                                   {product} {ergonomic}
    uintx GCDrainStackTargetSize                   = 64                                        {product} {ergonomic}
   size_t InitialHeapSize                          = 239075328                                 {product} {ergonomic}
   size_t MarkStackSize                            = 4194304                                   {product} {ergonomic}
   size_t MaxHeapSize                              = 2147483648                                {product} {command line}
   size_t MaxNewSize                               = 1287651328                                {product} {ergonomic}
   size_t MinHeapDeltaBytes                        = 1048576                                   {product} {ergonomic}
    uintx NonNMethodCodeHeapSize                   = 5825164                                {pd product} {ergonomic}
    uintx NonProfiledCodeHeapSize                  = 122916538                              {pd product} {ergonomic}
    uintx ProfiledCodeHeapSize                     = 122916538                              {pd product} {ergonomic}
    uintx ReservedCodeCacheSize                    = 251658240                              {pd product} {ergonomic}
     bool SegmentedCodeCache                       = true                                      {product} {ergonomic}
     bool UseCompressedClassPointers               = true                                 {lp64_product} {ergonomic}
     bool UseCompressedOops                        = true                                 {lp64_product} {ergonomic}
     bool UseG1GC                                  = true                                      {product} {ergonomic}
     bool UseLargePagesIndividualAllocation        = false                                  {pd product} {ergonomic}

Logging:
Log output configuration:
 #0: stdout all=warning uptime,level,tags
 #1: stderr all=off uptime,level,tags

Environment Variables:
PATH=C:\ProgramData\Oracle\Java\javapath;C:\Program Files\Common Files\Oracle\Java\javapath;C:\Program Files (x86)\Common Files\Oracle\Java\javapath;C:\Windows\system32;C:\Windows;C:\Windows\System32\Wbem;C:\Windows\System32\WindowsPowerShell\v1.0\;C:\Program Files (x86)\NVIDIA Corporation\PhysX\Common;C:\WINDOWS\system32;C:\WINDOWS;C:\WINDOWS\System32\Wbem;C:\WINDOWS\System32\WindowsPowerShell\v1.0\;C:\WINDOWS\System32\OpenSSH\;C:\ffmpeg\bin;E:\ffmpeg-20210804-65fdc0e589-win64-static;C:\Program Files\Git\cmd;E:\Program Files\NVIDIA Corporation\NVIDIA NvDLISR;C:\Users\Jaen\AppData\Local\Programs\Python\Python38-32\Scripts\;C:\Users\Jaen\AppData\Local\Programs\Python\Python38-32\;C:\Users\Jaen\AppData\Local\Microsoft\WindowsApps;
USERNAME=Jaen
OS=Windows_NT
PROCESSOR_IDENTIFIER=Intel64 Family 6 Model 158 Stepping 11, GenuineIntel



---------------  S Y S T E M  ---------------

OS: Windows 10 , 64 bit Build 19041 (10.0.19041.1645)
OS uptime: 13 days 12:58 hours

CPU:total 2 (initial active 2) (4 cores per cpu, 1 threads per core) family 6 model 158 stepping 11 microcode 0xb4, cmov, cx8, fxsr, mmx, sse, sse2, sse3, ssse3, sse4.1, sse4.2, popcnt, avx, avx2, aes, clmul, erms, 3dnowpref, lzcnt, tsc, tscinvbit, bmi1, bmi2, adx, fma

Memory: 4k page, system-wide physical 14540M (2230M free)
TotalPageFile size 14540M (AvailPageFile size 29M)
current process WorkingSet (physical memory assigned to process): 332M, peak: 332M
current process commit charge ("private bytes"): 408M, peak: 454M

vm_info: OpenJDK 64-Bit Server VM (11.0.11+9-b60-7590822) for windows-amd64 JRE (11.0.11+9-b60-7590822), built on Jul 29 2021 21:43:44 by "builder" with MS VC++ 14.0 (VS2015)

END.
