#
# There is insufficient memory for the Java Runtime Environment to continue.
# Native memory allocation (malloc) failed to allocate 699216 bytes for Chunk::new
# Possible reasons:
#   The system is out of physical RAM or swap space
#   The process is running with CompressedOops enabled, and the Java Heap may be blocking the growth of the native heap
# Possible solutions:
#   Reduce memory load on the system
#   Increase physical memory or swap space
#   Check if swap backing store is full
#   Decrease Java heap size (-Xmx/-Xms)
#   Decrease number of Java threads
#   Decrease Java thread stack sizes (-Xss)
#   Set larger code cache with -XX:ReservedCodeCacheSize=
#   JVM is running with Unscaled Compressed Oops mode in which the Java heap is
#     placed in the first 4GB address space. The Java Heap base address is the
#     maximum limit for the native heap growth. Please use -XX:HeapBaseMinAddress
#     to set the Java Heap base and to place the Java Heap above 4GB virtual address.
# This output file may be truncated or incomplete.
#
#  Out of Memory Error (./src/hotspot/share/memory/arena.cpp:197), pid=9784, tid=3592
#
# JRE version: OpenJDK Runtime Environment (11.0.11+9) (build 11.0.11+9-b60-7590822)
# Java VM: OpenJDK 64-Bit Server VM (11.0.11+9-b60-7590822, mixed mode, tiered, compressed oops, g1 gc, windows-amd64)
# No core dump will be written. Minidumps are not enabled by default on client versions of Windows
#

---------------  S U M M A R Y ------------

Command Line: --add-opens=java.base/java.util=ALL-UNNAMED --add-opens=java.base/java.lang=ALL-UNNAMED --add-opens=java.base/java.lang.invoke=ALL-UNNAMED --add-opens=java.base/java.util=ALL-UNNAMED --add-opens=java.prefs/java.util.prefs=ALL-UNNAMED --add-opens=java.prefs/java.util.prefs=ALL-UNNAMED --add-opens=java.base/java.nio.charset=ALL-UNNAMED --add-opens=java.base/java.net=ALL-UNNAMED --add-opens=java.base/java.util.concurrent.atomic=ALL-UNNAMED -Xmx2048m -Dfile.encoding=UTF-8 -Duser.country=US -Duser.language=en -Duser.variant org.gradle.launcher.daemon.bootstrap.GradleDaemon 7.2

Host: Intel(R) Core(TM) i3-8100 CPU @ 3.60GHz, 2 cores, 14G,  Windows 10 , 64 bit Build 19041 (10.0.19041.1645)
Time: Fri Apr 29 19:50:08 2022 Malay Peninsula Standard Time elapsed time: 7.355832 seconds (0d 0h 0m 7s)

---------------  T H R E A D  ---------------

Current thread (0x000001a967cb2800):  JavaThread "C2 CompilerThread0" daemon [_thread_in_native, id=3592, stack(0x0000002ad4f00000,0x0000002ad5000000)]


Current CompileTask:
C2:   7355 5213       4       groovy.lang.MetaClassImpl$1MOPIter::methodNameAction (325 bytes)

Stack: [0x0000002ad4f00000,0x0000002ad5000000]
Native frames: (J=compiled Java code, j=interpreted, Vv=VM code, C=native code)
V  [jvm.dll+0x5f214a]
V  [jvm.dll+0x726fb5]
V  [jvm.dll+0x7285cd]
V  [jvm.dll+0x728c83]
V  [jvm.dll+0x243278]
V  [jvm.dll+0xbc53c]
V  [jvm.dll+0xbca3c]
V  [jvm.dll+0x2b5c34]
V  [jvm.dll+0x508488]
V  [jvm.dll+0x1fd4b5]
V  [jvm.dll+0x1fb35f]
V  [jvm.dll+0x183d6c]
V  [jvm.dll+0x209a57]
V  [jvm.dll+0x2082a1]
V  [jvm.dll+0x6ef58f]
V  [jvm.dll+0x6e80b5]
V  [jvm.dll+0x5f1036]
C  [ucrtbase.dll+0x21bb2]
C  [KERNEL32.DLL+0x17034]
C  [ntdll.dll+0x52651]


---------------  P R O C E S S  ---------------

Threads class SMR info:
_java_thread_list=0x000001a96c89e970, length=55, elements={
0x000001a94d528800, 0x000001a967448000, 0x000001a96744d800, 0x000001a967ca6800,
0x000001a967ca9800, 0x000001a967cad000, 0x000001a967cb2800, 0x000001a967cb4000,
0x000001a967d0b000, 0x000001a967e16000, 0x000001a968c8e800, 0x000001a968a1f000,
0x000001a969d7d000, 0x000001a96954a800, 0x000001a968f38000, 0x000001a969581000,
0x000001a969bdc000, 0x000001a969e88000, 0x000001a969794000, 0x000001a969f4e000,
0x000001a969f4d000, 0x000001a969f4e800, 0x000001a969f49000, 0x000001a969f4f800,
0x000001a969f4c000, 0x000001a969f49800, 0x000001a969f4a800, 0x000001a969f4b800,
0x000001a96ba61000, 0x000001a96ba60000, 0x000001a96ba5f800, 0x000001a96ba62800,
0x000001a96ba63800, 0x000001a96ba5d800, 0x000001a96ba6a000, 0x000001a96ba66800,
0x000001a96ba67800, 0x000001a96ba68800, 0x000001a96ba66000, 0x000001a96ba69000,
0x000001a96ba64000, 0x000001a96ba6b000, 0x000001a96ba65000, 0x000001a96ba6b800,
0x000001a96ba6c800, 0x000001a96c7ad800, 0x000001a96c7a8000, 0x000001a96c7aa800,
0x000001a96c7ae800, 0x000001a96c7ab000, 0x000001a96c7a8800, 0x000001a96c7ac000,
0x000001a96c7a9800, 0x000001a96c7af000, 0x000001a96c7b0000
}

Java Threads: ( => current thread )
  0x000001a94d528800 JavaThread "main" [_thread_blocked, id=6380, stack(0x0000002ad4300000,0x0000002ad4400000)]
  0x000001a967448000 JavaThread "Reference Handler" daemon [_thread_blocked, id=10868, stack(0x0000002ad4a00000,0x0000002ad4b00000)]
  0x000001a96744d800 JavaThread "Finalizer" daemon [_thread_blocked, id=10836, stack(0x0000002ad4b00000,0x0000002ad4c00000)]
  0x000001a967ca6800 JavaThread "Signal Dispatcher" daemon [_thread_blocked, id=16364, stack(0x0000002ad4c00000,0x0000002ad4d00000)]
  0x000001a967ca9800 JavaThread "Attach Listener" daemon [_thread_blocked, id=8404, stack(0x0000002ad4d00000,0x0000002ad4e00000)]
  0x000001a967cad000 JavaThread "Service Thread" daemon [_thread_blocked, id=15496, stack(0x0000002ad4e00000,0x0000002ad4f00000)]
=>0x000001a967cb2800 JavaThread "C2 CompilerThread0" daemon [_thread_in_native, id=3592, stack(0x0000002ad4f00000,0x0000002ad5000000)]
  0x000001a967cb4000 JavaThread "C1 CompilerThread0" daemon [_thread_blocked, id=11752, stack(0x0000002ad5000000,0x0000002ad5100000)]
  0x000001a967d0b000 JavaThread "Sweeper thread" daemon [_thread_blocked, id=14232, stack(0x0000002ad5100000,0x0000002ad5200000)]
  0x000001a967e16000 JavaThread "Common-Cleaner" daemon [_thread_blocked, id=1844, stack(0x0000002ad5200000,0x0000002ad5300000)]
  0x000001a968c8e800 JavaThread "Daemon health stats" [_thread_blocked, id=8828, stack(0x0000002ad5500000,0x0000002ad5600000)]
  0x000001a968a1f000 JavaThread "Incoming local TCP Connector on port 53900" [_thread_in_native, id=4352, stack(0x0000002ad5600000,0x0000002ad5700000)]
  0x000001a969d7d000 JavaThread "Daemon periodic checks" [_thread_blocked, id=13008, stack(0x0000002ad5700000,0x0000002ad5800000)]
  0x000001a96954a800 JavaThread "Daemon" [_thread_blocked, id=5460, stack(0x0000002ad5800000,0x0000002ad5900000)]
  0x000001a968f38000 JavaThread "Handler for socket connection from /127.0.0.1:53900 to /127.0.0.1:53901" [_thread_in_native, id=11956, stack(0x0000002ad5900000,0x0000002ad5a00000)]
  0x000001a969581000 JavaThread "Cancel handler" [_thread_blocked, id=15080, stack(0x0000002ad5a00000,0x0000002ad5b00000)]
  0x000001a969bdc000 JavaThread "Daemon worker" [_thread_in_vm, id=2180, stack(0x0000002ad5b00000,0x0000002ad5c00000)]
  0x000001a969e88000 JavaThread "Asynchronous log dispatcher for DefaultDaemonConnection: socket connection from /127.0.0.1:53900 to /127.0.0.1:53901" [_thread_blocked, id=11692, stack(0x0000002ad5c00000,0x0000002ad5d00000)]
  0x000001a969794000 JavaThread "Stdin handler" [_thread_blocked, id=13876, stack(0x0000002ad5d00000,0x0000002ad5e00000)]
  0x000001a969f4e000 JavaThread "Daemon client event forwarder" [_thread_blocked, id=6180, stack(0x0000002ad5e00000,0x0000002ad5f00000)]
  0x000001a969f4d000 JavaThread "Cache worker for journal cache (C:\Users\Jaen\.gradle\caches\journal-1)" [_thread_blocked, id=5040, stack(0x0000002ad5f00000,0x0000002ad6000000)]
  0x000001a969f4e800 JavaThread "File lock request listener" [_thread_in_native, id=11696, stack(0x0000002ad6000000,0x0000002ad6100000)]
  0x000001a969f49000 JavaThread "Cache worker for file hash cache (C:\Users\Jaen\.gradle\caches\7.2\fileHashes)" [_thread_blocked, id=13364, stack(0x0000002ad6100000,0x0000002ad6200000)]
  0x000001a969f4f800 JavaThread "Cache worker for file hash cache (C:\Users\Jaen\AndroidStudioProjects\Group8_Capstone\.gradle\7.2\fileHashes)" [_thread_blocked, id=11448, stack(0x0000002ad6200000,0x0000002ad6300000)]
  0x000001a969f4c000 JavaThread "File watcher server" daemon [_thread_in_native, id=8740, stack(0x0000002ad6300000,0x0000002ad6400000)]
  0x000001a969f49800 JavaThread "File watcher consumer" daemon [_thread_blocked, id=13864, stack(0x0000002ad6400000,0x0000002ad6500000)]
  0x000001a969f4a800 JavaThread "Cache worker for checksums cache (C:\Users\Jaen\AndroidStudioProjects\Group8_Capstone\.gradle\checksums)" [_thread_blocked, id=13928, stack(0x0000002ad6500000,0x0000002ad6600000)]
  0x000001a969f4b800 JavaThread "Cache worker for cache directory md-supplier (C:\Users\Jaen\.gradle\caches\7.2\md-supplier)" [_thread_blocked, id=15100, stack(0x0000002ad6600000,0x0000002ad6700000)]
  0x000001a96ba61000 JavaThread "Cache worker for cache directory md-rule (C:\Users\Jaen\.gradle\caches\7.2\md-rule)" [_thread_blocked, id=9012, stack(0x0000002ad6700000,0x0000002ad6800000)]
  0x000001a96ba60000 JavaThread "Cache worker for execution history cache (C:\Users\Jaen\.gradle\caches\7.2\executionHistory)" [_thread_blocked, id=15012, stack(0x0000002ad6800000,0x0000002ad6900000)]
  0x000001a96ba5f800 JavaThread "jar transforms" [_thread_blocked, id=1208, stack(0x0000002ad6900000,0x0000002ad6a00000)]
  0x000001a96ba62800 JavaThread "Cache worker for file content cache (C:\Users\Jaen\.gradle\caches\7.2\fileContent)" [_thread_blocked, id=2064, stack(0x0000002ad6a00000,0x0000002ad6b00000)]
  0x000001a96ba63800 JavaThread "jar transforms Thread 2" [_thread_blocked, id=14520, stack(0x0000002ad6b00000,0x0000002ad6c00000)]
  0x000001a96ba5d800 JavaThread "Cache worker for dependencies-accessors (C:\Users\Jaen\AndroidStudioProjects\Group8_Capstone\.gradle\7.2\dependencies-accessors)" [_thread_blocked, id=12852, stack(0x0000002ad6c00000,0x0000002ad6d00000)]
  0x000001a96ba6a000 JavaThread "Cache worker for Build Output Cleanup Cache (C:\Users\Jaen\AndroidStudioProjects\Group8_Capstone\.gradle\buildOutputCleanup)" [_thread_blocked, id=14636, stack(0x0000002ad6d00000,0x0000002ad6e00000)]
  0x000001a96ba66800 JavaThread "Unconstrained build operations" [_thread_blocked, id=11992, stack(0x0000002ad6e00000,0x0000002ad6f00000)]
  0x000001a96ba67800 JavaThread "Unconstrained build operations Thread 2" [_thread_blocked, id=9896, stack(0x0000002ad6f00000,0x0000002ad7000000)]
  0x000001a96ba68800 JavaThread "Unconstrained build operations Thread 3" [_thread_blocked, id=2708, stack(0x0000002ad7000000,0x0000002ad7100000)]
  0x000001a96ba66000 JavaThread "Unconstrained build operations Thread 4" [_thread_blocked, id=16220, stack(0x0000002ad7100000,0x0000002ad7200000)]
  0x000001a96ba69000 JavaThread "Unconstrained build operations Thread 5" [_thread_blocked, id=7728, stack(0x0000002ad7200000,0x0000002ad7300000)]
  0x000001a96ba64000 JavaThread "Unconstrained build operations Thread 6" [_thread_blocked, id=4668, stack(0x0000002ad7300000,0x0000002ad7400000)]
  0x000001a96ba6b000 JavaThread "Unconstrained build operations Thread 7" [_thread_blocked, id=14824, stack(0x0000002ad7400000,0x0000002ad7500000)]
  0x000001a96ba65000 JavaThread "Unconstrained build operations Thread 8" [_thread_blocked, id=15572, stack(0x0000002ad7500000,0x0000002ad7600000)]
  0x000001a96ba6b800 JavaThread "Unconstrained build operations Thread 9" [_thread_blocked, id=7736, stack(0x0000002ad7600000,0x0000002ad7700000)]
  0x000001a96ba6c800 JavaThread "Unconstrained build operations Thread 10" [_thread_blocked, id=748, stack(0x0000002ad7700000,0x0000002ad7800000)]
  0x000001a96c7ad800 JavaThread "Unconstrained build operations Thread 11" [_thread_blocked, id=16144, stack(0x0000002ad7800000,0x0000002ad7900000)]
  0x000001a96c7a8000 JavaThread "Unconstrained build operations Thread 12" [_thread_blocked, id=15492, stack(0x0000002ad7900000,0x0000002ad7a00000)]
  0x000001a96c7aa800 JavaThread "Unconstrained build operations Thread 13" [_thread_blocked, id=15156, stack(0x0000002ad7a00000,0x0000002ad7b00000)]
  0x000001a96c7ae800 JavaThread "Unconstrained build operations Thread 14" [_thread_blocked, id=12704, stack(0x0000002ad7b00000,0x0000002ad7c00000)]
  0x000001a96c7ab000 JavaThread "Unconstrained build operations Thread 15" [_thread_blocked, id=3472, stack(0x0000002ad7c00000,0x0000002ad7d00000)]
  0x000001a96c7a8800 JavaThread "Unconstrained build operations Thread 16" [_thread_blocked, id=6840, stack(0x0000002ad7d00000,0x0000002ad7e00000)]
  0x000001a96c7ac000 JavaThread "Unconstrained build operations Thread 17" [_thread_blocked, id=6712, stack(0x0000002ad7e00000,0x0000002ad7f00000)]
  0x000001a96c7a9800 JavaThread "Unconstrained build operations Thread 18" [_thread_blocked, id=8832, stack(0x0000002ad7f00000,0x0000002ad8000000)]
  0x000001a96c7af000 JavaThread "Unconstrained build operations Thread 19" [_thread_blocked, id=10116, stack(0x0000002ad8000000,0x0000002ad8100000)]
  0x000001a96c7b0000 JavaThread "Unconstrained build operations Thread 20" [_thread_blocked, id=11184, stack(0x0000002ad8100000,0x0000002ad8200000)]

Other Threads:
  0x000001a967444000 VMThread "VM Thread" [stack: 0x0000002ad4900000,0x0000002ad4a00000] [id=15820]
  0x000001a967e3f800 WatcherThread [stack: 0x0000002ad5300000,0x0000002ad5400000] [id=10520]
  0x000001a94d543000 GCTaskThread "GC Thread#0" [stack: 0x0000002ad4400000,0x0000002ad4500000] [id=13420]
  0x000001a9683e7000 GCTaskThread "GC Thread#1" [stack: 0x0000002ad5400000,0x0000002ad5500000] [id=11056]
  0x000001a94d574800 ConcurrentGCThread "G1 Main Marker" [stack: 0x0000002ad4500000,0x0000002ad4600000] [id=12536]
  0x000001a94d575800 ConcurrentGCThread "G1 Conc#0" [stack: 0x0000002ad4600000,0x0000002ad4700000] [id=9568]
  0x000001a967292800 ConcurrentGCThread "G1 Refine#0" [stack: 0x0000002ad4700000,0x0000002ad4800000] [id=15800]
  0x000001a967293000 ConcurrentGCThread "G1 Young RemSet Sampling" [stack: 0x0000002ad4800000,0x0000002ad4900000] [id=4908]

Threads with active compile tasks:
C2 CompilerThread0   7390 5213       4       groovy.lang.MetaClassImpl$1MOPIter::methodNameAction (325 bytes)

VM state:not at safepoint (normal execution)

VM Mutex/Monitor currently owned by a thread: None

OutOfMemory and StackOverflow Exception counts:
OutOfMemoryError java_heap_errors=5
LinkageErrors=72

Heap address: 0x0000000080000000, size: 2048 MB, Compressed Oops mode: 32-bit
Narrow klass base: 0x0000000000000000, Narrow klass shift: 3
Compressed class space size: 1073741824 Address: 0x0000000100000000

Heap:
 garbage-first heap   total 280576K, used 112490K [0x0000000080000000, 0x0000000100000000)
  region size 1024K, 93 young (95232K), 13 survivors (13312K)
 Metaspace       used 48041K, capacity 49257K, committed 49532K, reserved 1091584K
  class space    used 6111K, capacity 6577K, committed 6656K, reserved 1048576K
Heap Regions: E=young(eden), S=young(survivor), O=old, HS=humongous(starts), HC=humongous(continues), CS=collection set, F=free, A=archive, TAMS=top-at-mark-start (previous, next)
|   0|0x0000000080000000, 0x0000000080100000, 0x0000000080100000|100%|HS|  |TAMS 0x0000000080100000, 0x0000000080000000| Complete 
|   1|0x0000000080100000, 0x0000000080200000, 0x0000000080200000|100%|HC|  |TAMS 0x0000000080200000, 0x0000000080100000| Complete 
|   2|0x0000000080200000, 0x0000000080300000, 0x0000000080300000|100%|HC|  |TAMS 0x0000000080300000, 0x0000000080200000| Complete 
|   3|0x0000000080300000, 0x0000000080400000, 0x0000000080400000|100%| O|  |TAMS 0x0000000080400000, 0x0000000080300000| Untracked 
|   4|0x0000000080400000, 0x0000000080500000, 0x0000000080500000|100%| O|  |TAMS 0x0000000080500000, 0x0000000080400000| Untracked 
|   5|0x0000000080500000, 0x0000000080600000, 0x0000000080600000|100%| O|  |TAMS 0x0000000080600000, 0x0000000080500000| Untracked 
|   6|0x0000000080600000, 0x0000000080700000, 0x0000000080700000|100%| O|  |TAMS 0x0000000080700000, 0x0000000080600000| Untracked 
|   7|0x0000000080700000, 0x0000000080800000, 0x0000000080800000|100%| O|  |TAMS 0x0000000080800000, 0x0000000080700000| Untracked 
|   8|0x0000000080800000, 0x0000000080900000, 0x0000000080900000|100%| O|  |TAMS 0x0000000080900000, 0x0000000080800000| Untracked 
|   9|0x0000000080900000, 0x0000000080a00000, 0x0000000080a00000|100%| O|  |TAMS 0x0000000080a00000, 0x0000000080900000| Untracked 
|  10|0x0000000080a00000, 0x0000000080b00000, 0x0000000080b00000|100%| O|  |TAMS 0x0000000080b00000, 0x0000000080a00000| Untracked 
|  11|0x0000000080b00000, 0x0000000080c00000, 0x0000000080c00000|100%| O|  |TAMS 0x0000000080c00000, 0x0000000080b00000| Untracked 
|  12|0x0000000080c00000, 0x0000000080d00000, 0x0000000080d00000|100%| O|  |TAMS 0x0000000080d00000, 0x0000000080c00000| Untracked 
|  13|0x0000000080d00000, 0x0000000080e00000, 0x0000000080e00000|100%| O|  |TAMS 0x0000000080e00000, 0x0000000080d00000| Untracked 
|  14|0x0000000080e00000, 0x0000000080f00000, 0x0000000080f00000|100%| O|  |TAMS 0x0000000080f00000, 0x0000000080e00000| Untracked 
|  15|0x0000000080f00000, 0x0000000081000000, 0x0000000081000000|100%| O|  |TAMS 0x0000000081000000, 0x0000000080f00000| Untracked 
|  16|0x0000000081000000, 0x0000000081064e00, 0x0000000081100000| 39%| O|  |TAMS 0x0000000081064e00, 0x0000000081000000| Untracked 
|  17|0x0000000081100000, 0x0000000081200000, 0x0000000081200000|100%|HS|  |TAMS 0x0000000081100000, 0x0000000081100000| Complete 
|  18|0x0000000081200000, 0x0000000081300000, 0x0000000081300000|100%|HS|  |TAMS 0x0000000081200000, 0x0000000081200000| Complete 
|  19|0x0000000081300000, 0x0000000081400000, 0x0000000081400000|100%|HS|  |TAMS 0x0000000081300000, 0x0000000081300000| Complete 
|  20|0x0000000081400000, 0x0000000081400000, 0x0000000081500000|  0%| F|  |TAMS 0x0000000081400000, 0x0000000081400000| Untracked 
|  21|0x0000000081500000, 0x0000000081500000, 0x0000000081600000|  0%| F|  |TAMS 0x0000000081500000, 0x0000000081500000| Untracked 
|  22|0x0000000081600000, 0x0000000081600000, 0x0000000081700000|  0%| F|  |TAMS 0x0000000081600000, 0x0000000081600000| Untracked 
|  23|0x0000000081700000, 0x0000000081700000, 0x0000000081800000|  0%| F|  |TAMS 0x0000000081700000, 0x0000000081700000| Untracked 
|  24|0x0000000081800000, 0x0000000081800000, 0x0000000081900000|  0%| F|  |TAMS 0x0000000081800000, 0x0000000081800000| Untracked 
|  25|0x0000000081900000, 0x0000000081900000, 0x0000000081a00000|  0%| F|  |TAMS 0x0000000081900000, 0x0000000081900000| Untracked 
|  26|0x0000000081a00000, 0x0000000081a00000, 0x0000000081b00000|  0%| F|  |TAMS 0x0000000081a00000, 0x0000000081a00000| Untracked 
|  27|0x0000000081b00000, 0x0000000081b00000, 0x0000000081c00000|  0%| F|  |TAMS 0x0000000081b00000, 0x0000000081b00000| Untracked 
|  28|0x0000000081c00000, 0x0000000081c00000, 0x0000000081d00000|  0%| F|  |TAMS 0x0000000081c00000, 0x0000000081c00000| Untracked 
|  29|0x0000000081d00000, 0x0000000081d00000, 0x0000000081e00000|  0%| F|  |TAMS 0x0000000081d00000, 0x0000000081d00000| Untracked 
|  30|0x0000000081e00000, 0x0000000081e00000, 0x0000000081f00000|  0%| F|  |TAMS 0x0000000081e00000, 0x0000000081e00000| Untracked 
|  31|0x0000000081f00000, 0x0000000081f00000, 0x0000000082000000|  0%| F|  |TAMS 0x0000000081f00000, 0x0000000081f00000| Untracked 
|  32|0x0000000082000000, 0x0000000082000000, 0x0000000082100000|  0%| F|  |TAMS 0x0000000082000000, 0x0000000082000000| Untracked 
|  33|0x0000000082100000, 0x0000000082100000, 0x0000000082200000|  0%| F|  |TAMS 0x0000000082100000, 0x0000000082100000| Untracked 
|  34|0x0000000082200000, 0x0000000082200000, 0x0000000082300000|  0%| F|  |TAMS 0x0000000082200000, 0x0000000082200000| Untracked 
|  35|0x0000000082300000, 0x0000000082300000, 0x0000000082400000|  0%| F|  |TAMS 0x0000000082300000, 0x0000000082300000| Untracked 
|  36|0x0000000082400000, 0x0000000082400000, 0x0000000082500000|  0%| F|  |TAMS 0x0000000082400000, 0x0000000082400000| Untracked 
|  37|0x0000000082500000, 0x0000000082500000, 0x0000000082600000|  0%| F|  |TAMS 0x0000000082500000, 0x0000000082500000| Untracked 
|  38|0x0000000082600000, 0x0000000082600000, 0x0000000082700000|  0%| F|  |TAMS 0x0000000082600000, 0x0000000082600000| Untracked 
|  39|0x0000000082700000, 0x0000000082700000, 0x0000000082800000|  0%| F|  |TAMS 0x0000000082700000, 0x0000000082700000| Untracked 
|  40|0x0000000082800000, 0x0000000082800000, 0x0000000082900000|  0%| F|  |TAMS 0x0000000082800000, 0x0000000082800000| Untracked 
|  41|0x0000000082900000, 0x0000000082900000, 0x0000000082a00000|  0%| F|  |TAMS 0x0000000082900000, 0x0000000082900000| Untracked 
|  42|0x0000000082a00000, 0x0000000082a00000, 0x0000000082b00000|  0%| F|  |TAMS 0x0000000082a00000, 0x0000000082a00000| Untracked 
|  43|0x0000000082b00000, 0x0000000082b00000, 0x0000000082c00000|  0%| F|  |TAMS 0x0000000082b00000, 0x0000000082b00000| Untracked 
|  44|0x0000000082c00000, 0x0000000082c00000, 0x0000000082d00000|  0%| F|  |TAMS 0x0000000082c00000, 0x0000000082c00000| Untracked 
|  45|0x0000000082d00000, 0x0000000082d00000, 0x0000000082e00000|  0%| F|  |TAMS 0x0000000082d00000, 0x0000000082d00000| Untracked 
|  46|0x0000000082e00000, 0x0000000082e00000, 0x0000000082f00000|  0%| F|  |TAMS 0x0000000082e00000, 0x0000000082e00000| Untracked 
|  47|0x0000000082f00000, 0x0000000082f00000, 0x0000000083000000|  0%| F|  |TAMS 0x0000000082f00000, 0x0000000082f00000| Untracked 
|  48|0x0000000083000000, 0x0000000083000000, 0x0000000083100000|  0%| F|  |TAMS 0x0000000083000000, 0x0000000083000000| Untracked 
|  49|0x0000000083100000, 0x0000000083100000, 0x0000000083200000|  0%| F|  |TAMS 0x0000000083100000, 0x0000000083100000| Untracked 
|  50|0x0000000083200000, 0x0000000083200000, 0x0000000083300000|  0%| F|  |TAMS 0x0000000083200000, 0x0000000083200000| Untracked 
|  51|0x0000000083300000, 0x0000000083300000, 0x0000000083400000|  0%| F|  |TAMS 0x0000000083300000, 0x0000000083300000| Untracked 
|  52|0x0000000083400000, 0x0000000083400000, 0x0000000083500000|  0%| F|  |TAMS 0x0000000083400000, 0x0000000083400000| Untracked 
|  53|0x0000000083500000, 0x0000000083500000, 0x0000000083600000|  0%| F|  |TAMS 0x0000000083500000, 0x0000000083500000| Untracked 
|  54|0x0000000083600000, 0x0000000083600000, 0x0000000083700000|  0%| F|  |TAMS 0x0000000083600000, 0x0000000083600000| Untracked 
|  55|0x0000000083700000, 0x0000000083700000, 0x0000000083800000|  0%| F|  |TAMS 0x0000000083700000, 0x0000000083700000| Untracked 
|  56|0x0000000083800000, 0x0000000083800000, 0x0000000083900000|  0%| F|  |TAMS 0x0000000083800000, 0x0000000083800000| Untracked 
|  57|0x0000000083900000, 0x0000000083900000, 0x0000000083a00000|  0%| F|  |TAMS 0x0000000083900000, 0x0000000083900000| Untracked 
|  58|0x0000000083a00000, 0x0000000083a00000, 0x0000000083b00000|  0%| F|  |TAMS 0x0000000083a00000, 0x0000000083a00000| Untracked 
|  59|0x0000000083b00000, 0x0000000083b00000, 0x0000000083c00000|  0%| F|  |TAMS 0x0000000083b00000, 0x0000000083b00000| Untracked 
|  60|0x0000000083c00000, 0x0000000083c00000, 0x0000000083d00000|  0%| F|  |TAMS 0x0000000083c00000, 0x0000000083c00000| Untracked 
|  61|0x0000000083d00000, 0x0000000083d00000, 0x0000000083e00000|  0%| F|  |TAMS 0x0000000083d00000, 0x0000000083d00000| Untracked 
|  62|0x0000000083e00000, 0x0000000083e00000, 0x0000000083f00000|  0%| F|  |TAMS 0x0000000083e00000, 0x0000000083e00000| Untracked 
|  63|0x0000000083f00000, 0x0000000083f00000, 0x0000000084000000|  0%| F|  |TAMS 0x0000000083f00000, 0x0000000083f00000| Untracked 
|  64|0x0000000084000000, 0x0000000084000000, 0x0000000084100000|  0%| F|  |TAMS 0x0000000084000000, 0x0000000084000000| Untracked 
|  65|0x0000000084100000, 0x0000000084100000, 0x0000000084200000|  0%| F|  |TAMS 0x0000000084100000, 0x0000000084100000| Untracked 
|  66|0x0000000084200000, 0x0000000084200000, 0x0000000084300000|  0%| F|  |TAMS 0x0000000084200000, 0x0000000084200000| Untracked 
|  67|0x0000000084300000, 0x0000000084300000, 0x0000000084400000|  0%| F|  |TAMS 0x0000000084300000, 0x0000000084300000| Untracked 
|  68|0x0000000084400000, 0x0000000084400000, 0x0000000084500000|  0%| F|  |TAMS 0x0000000084400000, 0x0000000084400000| Untracked 
|  69|0x0000000084500000, 0x0000000084500000, 0x0000000084600000|  0%| F|  |TAMS 0x0000000084500000, 0x0000000084500000| Untracked 
|  70|0x0000000084600000, 0x0000000084600000, 0x0000000084700000|  0%| F|  |TAMS 0x0000000084600000, 0x0000000084600000| Untracked 
|  71|0x0000000084700000, 0x0000000084700000, 0x0000000084800000|  0%| F|  |TAMS 0x0000000084700000, 0x0000000084700000| Untracked 
|  72|0x0000000084800000, 0x0000000084800000, 0x0000000084900000|  0%| F|  |TAMS 0x0000000084800000, 0x0000000084800000| Untracked 
|  73|0x0000000084900000, 0x0000000084900000, 0x0000000084a00000|  0%| F|  |TAMS 0x0000000084900000, 0x0000000084900000| Untracked 
|  74|0x0000000084a00000, 0x0000000084a00000, 0x0000000084b00000|  0%| F|  |TAMS 0x0000000084a00000, 0x0000000084a00000| Untracked 
|  75|0x0000000084b00000, 0x0000000084b00000, 0x0000000084c00000|  0%| F|  |TAMS 0x0000000084b00000, 0x0000000084b00000| Untracked 
|  76|0x0000000084c00000, 0x0000000084c00000, 0x0000000084d00000|  0%| F|  |TAMS 0x0000000084c00000, 0x0000000084c00000| Untracked 
|  77|0x0000000084d00000, 0x0000000084d00000, 0x0000000084e00000|  0%| F|  |TAMS 0x0000000084d00000, 0x0000000084d00000| Untracked 
|  78|0x0000000084e00000, 0x0000000084e00000, 0x0000000084f00000|  0%| F|  |TAMS 0x0000000084e00000, 0x0000000084e00000| Untracked 
|  79|0x0000000084f00000, 0x0000000084f00000, 0x0000000085000000|  0%| F|  |TAMS 0x0000000084f00000, 0x0000000084f00000| Untracked 
|  80|0x0000000085000000, 0x0000000085000000, 0x0000000085100000|  0%| F|  |TAMS 0x0000000085000000, 0x0000000085000000| Untracked 
|  81|0x0000000085100000, 0x0000000085100000, 0x0000000085200000|  0%| F|  |TAMS 0x0000000085100000, 0x0000000085100000| Untracked 
|  82|0x0000000085200000, 0x0000000085200000, 0x0000000085300000|  0%| F|  |TAMS 0x0000000085200000, 0x0000000085200000| Untracked 
|  83|0x0000000085300000, 0x0000000085300000, 0x0000000085400000|  0%| F|  |TAMS 0x0000000085300000, 0x0000000085300000| Untracked 
|  84|0x0000000085400000, 0x0000000085400000, 0x0000000085500000|  0%| F|  |TAMS 0x0000000085400000, 0x0000000085400000| Untracked 
|  85|0x0000000085500000, 0x0000000085500000, 0x0000000085600000|  0%| F|  |TAMS 0x0000000085500000, 0x0000000085500000| Untracked 
|  86|0x0000000085600000, 0x0000000085600000, 0x0000000085700000|  0%| F|  |TAMS 0x0000000085600000, 0x0000000085600000| Untracked 
|  87|0x0000000085700000, 0x0000000085700000, 0x0000000085800000|  0%| F|  |TAMS 0x0000000085700000, 0x0000000085700000| Untracked 
|  88|0x0000000085800000, 0x0000000085800000, 0x0000000085900000|  0%| F|  |TAMS 0x0000000085800000, 0x0000000085800000| Untracked 
|  89|0x0000000085900000, 0x0000000085900000, 0x0000000085a00000|  0%| F|  |TAMS 0x0000000085900000, 0x0000000085900000| Untracked 
|  90|0x0000000085a00000, 0x0000000085a00000, 0x0000000085b00000|  0%| F|  |TAMS 0x0000000085a00000, 0x0000000085a00000| Untracked 
|  91|0x0000000085b00000, 0x0000000085b00000, 0x0000000085c00000|  0%| F|  |TAMS 0x0000000085b00000, 0x0000000085b00000| Untracked 
|  92|0x0000000085c00000, 0x0000000085c00000, 0x0000000085d00000|  0%| F|  |TAMS 0x0000000085c00000, 0x0000000085c00000| Untracked 
|  93|0x0000000085d00000, 0x0000000085d00000, 0x0000000085e00000|  0%| F|  |TAMS 0x0000000085d00000, 0x0000000085d00000| Untracked 
|  94|0x0000000085e00000, 0x0000000085e00000, 0x0000000085f00000|  0%| F|  |TAMS 0x0000000085e00000, 0x0000000085e00000| Untracked 
|  95|0x0000000085f00000, 0x0000000085f00000, 0x0000000086000000|  0%| F|  |TAMS 0x0000000085f00000, 0x0000000085f00000| Untracked 
|  96|0x0000000086000000, 0x0000000086000000, 0x0000000086100000|  0%| F|  |TAMS 0x0000000086000000, 0x0000000086000000| Untracked 
|  97|0x0000000086100000, 0x0000000086100000, 0x0000000086200000|  0%| F|  |TAMS 0x0000000086100000, 0x0000000086100000| Untracked 
|  98|0x0000000086200000, 0x0000000086200000, 0x0000000086300000|  0%| F|  |TAMS 0x0000000086200000, 0x0000000086200000| Untracked 
|  99|0x0000000086300000, 0x0000000086300000, 0x0000000086400000|  0%| F|  |TAMS 0x0000000086300000, 0x0000000086300000| Untracked 
| 100|0x0000000086400000, 0x0000000086400000, 0x0000000086500000|  0%| F|  |TAMS 0x0000000086400000, 0x0000000086400000| Untracked 
| 101|0x0000000086500000, 0x0000000086500000, 0x0000000086600000|  0%| F|  |TAMS 0x0000000086500000, 0x0000000086500000| Untracked 
| 102|0x0000000086600000, 0x0000000086600000, 0x0000000086700000|  0%| F|  |TAMS 0x0000000086600000, 0x0000000086600000| Untracked 
| 103|0x0000000086700000, 0x0000000086700000, 0x0000000086800000|  0%| F|  |TAMS 0x0000000086700000, 0x0000000086700000| Untracked 
| 104|0x0000000086800000, 0x0000000086800000, 0x0000000086900000|  0%| F|  |TAMS 0x0000000086800000, 0x0000000086800000| Untracked 
| 105|0x0000000086900000, 0x0000000086900000, 0x0000000086a00000|  0%| F|  |TAMS 0x0000000086900000, 0x0000000086900000| Untracked 
| 106|0x0000000086a00000, 0x0000000086a00000, 0x0000000086b00000|  0%| F|  |TAMS 0x0000000086a00000, 0x0000000086a00000| Untracked 
| 107|0x0000000086b00000, 0x0000000086b00000, 0x0000000086c00000|  0%| F|  |TAMS 0x0000000086b00000, 0x0000000086b00000| Untracked 
| 108|0x0000000086c00000, 0x0000000086c00000, 0x0000000086d00000|  0%| F|  |TAMS 0x0000000086c00000, 0x0000000086c00000| Untracked 
| 109|0x0000000086d00000, 0x0000000086d00000, 0x0000000086e00000|  0%| F|  |TAMS 0x0000000086d00000, 0x0000000086d00000| Untracked 
| 110|0x0000000086e00000, 0x0000000086e00000, 0x0000000086f00000|  0%| F|  |TAMS 0x0000000086e00000, 0x0000000086e00000| Untracked 
| 111|0x0000000086f00000, 0x0000000086f00000, 0x0000000087000000|  0%| F|  |TAMS 0x0000000086f00000, 0x0000000086f00000| Untracked 
| 112|0x0000000087000000, 0x0000000087000000, 0x0000000087100000|  0%| F|  |TAMS 0x0000000087000000, 0x0000000087000000| Untracked 
| 113|0x0000000087100000, 0x0000000087100000, 0x0000000087200000|  0%| F|  |TAMS 0x0000000087100000, 0x0000000087100000| Untracked 
| 114|0x0000000087200000, 0x0000000087200000, 0x0000000087300000|  0%| F|  |TAMS 0x0000000087200000, 0x0000000087200000| Untracked 
| 115|0x0000000087300000, 0x0000000087300000, 0x0000000087400000|  0%| F|  |TAMS 0x0000000087300000, 0x0000000087300000| Untracked 
| 116|0x0000000087400000, 0x0000000087400000, 0x0000000087500000|  0%| F|  |TAMS 0x0000000087400000, 0x0000000087400000| Untracked 
| 117|0x0000000087500000, 0x0000000087500000, 0x0000000087600000|  0%| F|  |TAMS 0x0000000087500000, 0x0000000087500000| Untracked 
| 118|0x0000000087600000, 0x0000000087600000, 0x0000000087700000|  0%| F|  |TAMS 0x0000000087600000, 0x0000000087600000| Untracked 
| 119|0x0000000087700000, 0x0000000087700000, 0x0000000087800000|  0%| F|  |TAMS 0x0000000087700000, 0x0000000087700000| Untracked 
| 120|0x0000000087800000, 0x0000000087800000, 0x0000000087900000|  0%| F|  |TAMS 0x0000000087800000, 0x0000000087800000| Untracked 
| 121|0x0000000087900000, 0x0000000087900000, 0x0000000087a00000|  0%| F|  |TAMS 0x0000000087900000, 0x0000000087900000| Untracked 
| 122|0x0000000087a00000, 0x0000000087a00000, 0x0000000087b00000|  0%| F|  |TAMS 0x0000000087a00000, 0x0000000087a00000| Untracked 
| 123|0x0000000087b00000, 0x0000000087b00000, 0x0000000087c00000|  0%| F|  |TAMS 0x0000000087b00000, 0x0000000087b00000| Untracked 
| 124|0x0000000087c00000, 0x0000000087c00000, 0x0000000087d00000|  0%| F|  |TAMS 0x0000000087c00000, 0x0000000087c00000| Untracked 
| 125|0x0000000087d00000, 0x0000000087d00000, 0x0000000087e00000|  0%| F|  |TAMS 0x0000000087d00000, 0x0000000087d00000| Untracked 
| 126|0x0000000087e00000, 0x0000000087e00000, 0x0000000087f00000|  0%| F|  |TAMS 0x0000000087e00000, 0x0000000087e00000| Untracked 
| 127|0x0000000087f00000, 0x0000000087f00000, 0x0000000088000000|  0%| F|  |TAMS 0x0000000087f00000, 0x0000000087f00000| Untracked 
| 128|0x0000000088000000, 0x0000000088000000, 0x0000000088100000|  0%| F|  |TAMS 0x0000000088000000, 0x0000000088000000| Untracked 
| 129|0x0000000088100000, 0x0000000088100000, 0x0000000088200000|  0%| F|  |TAMS 0x0000000088100000, 0x0000000088100000| Untracked 
| 130|0x0000000088200000, 0x0000000088200000, 0x0000000088300000|  0%| F|  |TAMS 0x0000000088200000, 0x0000000088200000| Untracked 
| 131|0x0000000088300000, 0x0000000088300000, 0x0000000088400000|  0%| F|  |TAMS 0x0000000088300000, 0x0000000088300000| Untracked 
| 132|0x0000000088400000, 0x0000000088400000, 0x0000000088500000|  0%| F|  |TAMS 0x0000000088400000, 0x0000000088400000| Untracked 
| 133|0x0000000088500000, 0x0000000088500000, 0x0000000088600000|  0%| F|  |TAMS 0x0000000088500000, 0x0000000088500000| Untracked 
| 134|0x0000000088600000, 0x0000000088600000, 0x0000000088700000|  0%| F|  |TAMS 0x0000000088600000, 0x0000000088600000| Untracked 
| 135|0x0000000088700000, 0x0000000088700000, 0x0000000088800000|  0%| F|  |TAMS 0x0000000088700000, 0x0000000088700000| Untracked 
| 136|0x0000000088800000, 0x0000000088800000, 0x0000000088900000|  0%| F|  |TAMS 0x0000000088800000, 0x0000000088800000| Untracked 
| 137|0x0000000088900000, 0x0000000088900000, 0x0000000088a00000|  0%| F|  |TAMS 0x0000000088900000, 0x0000000088900000| Untracked 
| 138|0x0000000088a00000, 0x0000000088a00000, 0x0000000088b00000|  0%| F|  |TAMS 0x0000000088a00000, 0x0000000088a00000| Untracked 
| 139|0x0000000088b00000, 0x0000000088b00000, 0x0000000088c00000|  0%| F|  |TAMS 0x0000000088b00000, 0x0000000088b00000| Untracked 
| 140|0x0000000088c00000, 0x0000000088c00000, 0x0000000088d00000|  0%| F|  |TAMS 0x0000000088c00000, 0x0000000088c00000| Untracked 
| 141|0x0000000088d00000, 0x0000000088d00000, 0x0000000088e00000|  0%| F|  |TAMS 0x0000000088d00000, 0x0000000088d00000| Untracked 
| 142|0x0000000088e00000, 0x0000000088e00000, 0x0000000088f00000|  0%| F|  |TAMS 0x0000000088e00000, 0x0000000088e00000| Untracked 
| 143|0x0000000088f00000, 0x0000000088f00000, 0x0000000089000000|  0%| F|  |TAMS 0x0000000088f00000, 0x0000000088f00000| Untracked 
| 144|0x0000000089000000, 0x0000000089000000, 0x0000000089100000|  0%| F|  |TAMS 0x0000000089000000, 0x0000000089000000| Untracked 
| 145|0x0000000089100000, 0x0000000089100000, 0x0000000089200000|  0%| F|  |TAMS 0x0000000089100000, 0x0000000089100000| Untracked 
| 146|0x0000000089200000, 0x0000000089200000, 0x0000000089300000|  0%| F|  |TAMS 0x0000000089200000, 0x0000000089200000| Untracked 
| 147|0x0000000089300000, 0x0000000089300000, 0x0000000089400000|  0%| F|  |TAMS 0x0000000089300000, 0x0000000089300000| Untracked 
| 148|0x0000000089400000, 0x0000000089400000, 0x0000000089500000|  0%| F|  |TAMS 0x0000000089400000, 0x0000000089400000| Untracked 
| 149|0x0000000089500000, 0x0000000089500000, 0x0000000089600000|  0%| F|  |TAMS 0x0000000089500000, 0x0000000089500000| Untracked 
| 150|0x0000000089600000, 0x0000000089600000, 0x0000000089700000|  0%| F|  |TAMS 0x0000000089600000, 0x0000000089600000| Untracked 
| 151|0x0000000089700000, 0x0000000089700000, 0x0000000089800000|  0%| F|  |TAMS 0x0000000089700000, 0x0000000089700000| Untracked 
| 152|0x0000000089800000, 0x0000000089800000, 0x0000000089900000|  0%| F|  |TAMS 0x0000000089800000, 0x0000000089800000| Untracked 
| 153|0x0000000089900000, 0x0000000089975ae8, 0x0000000089a00000| 45%| S|CS|TAMS 0x0000000089900000, 0x0000000089900000| Complete 
| 154|0x0000000089a00000, 0x0000000089b00000, 0x0000000089b00000|100%| S|CS|TAMS 0x0000000089a00000, 0x0000000089a00000| Complete 
| 155|0x0000000089b00000, 0x0000000089c00000, 0x0000000089c00000|100%| S|CS|TAMS 0x0000000089b00000, 0x0000000089b00000| Complete 
| 156|0x0000000089c00000, 0x0000000089d00000, 0x0000000089d00000|100%| S|CS|TAMS 0x0000000089c00000, 0x0000000089c00000| Complete 
| 157|0x0000000089d00000, 0x0000000089e00000, 0x0000000089e00000|100%| S|CS|TAMS 0x0000000089d00000, 0x0000000089d00000| Complete 
| 158|0x0000000089e00000, 0x0000000089f00000, 0x0000000089f00000|100%| S|CS|TAMS 0x0000000089e00000, 0x0000000089e00000| Complete 
| 159|0x0000000089f00000, 0x000000008a000000, 0x000000008a000000|100%| S|CS|TAMS 0x0000000089f00000, 0x0000000089f00000| Complete 
| 160|0x000000008a000000, 0x000000008a100000, 0x000000008a100000|100%| S|CS|TAMS 0x000000008a000000, 0x000000008a000000| Complete 
| 161|0x000000008a100000, 0x000000008a200000, 0x000000008a200000|100%| S|CS|TAMS 0x000000008a100000, 0x000000008a100000| Complete 
| 162|0x000000008a200000, 0x000000008a300000, 0x000000008a300000|100%| S|CS|TAMS 0x000000008a200000, 0x000000008a200000| Complete 
| 163|0x000000008a300000, 0x000000008a400000, 0x000000008a400000|100%| S|CS|TAMS 0x000000008a300000, 0x000000008a300000| Complete 
| 164|0x000000008a400000, 0x000000008a500000, 0x000000008a500000|100%| S|CS|TAMS 0x000000008a400000, 0x000000008a400000| Complete 
| 165|0x000000008a500000, 0x000000008a600000, 0x000000008a600000|100%| S|CS|TAMS 0x000000008a500000, 0x000000008a500000| Complete 
| 166|0x000000008a600000, 0x000000008a600000, 0x000000008a700000|  0%| F|  |TAMS 0x000000008a600000, 0x000000008a600000| Untracked 
| 167|0x000000008a700000, 0x000000008a700000, 0x000000008a800000|  0%| F|  |TAMS 0x000000008a700000, 0x000000008a700000| Untracked 
| 168|0x000000008a800000, 0x000000008a800000, 0x000000008a900000|  0%| F|  |TAMS 0x000000008a800000, 0x000000008a800000| Untracked 
| 169|0x000000008a900000, 0x000000008a900000, 0x000000008aa00000|  0%| F|  |TAMS 0x000000008a900000, 0x000000008a900000| Untracked 
| 170|0x000000008aa00000, 0x000000008aa00000, 0x000000008ab00000|  0%| F|  |TAMS 0x000000008aa00000, 0x000000008aa00000| Untracked 
| 171|0x000000008ab00000, 0x000000008ab00000, 0x000000008ac00000|  0%| F|  |TAMS 0x000000008ab00000, 0x000000008ab00000| Untracked 
| 172|0x000000008ac00000, 0x000000008ac00000, 0x000000008ad00000|  0%| F|  |TAMS 0x000000008ac00000, 0x000000008ac00000| Untracked 
| 173|0x000000008ad00000, 0x000000008ad00000, 0x000000008ae00000|  0%| F|  |TAMS 0x000000008ad00000, 0x000000008ad00000| Untracked 
| 174|0x000000008ae00000, 0x000000008ae00000, 0x000000008af00000|  0%| F|  |TAMS 0x000000008ae00000, 0x000000008ae00000| Untracked 
| 175|0x000000008af00000, 0x000000008af00000, 0x000000008b000000|  0%| F|  |TAMS 0x000000008af00000, 0x000000008af00000| Untracked 
| 176|0x000000008b000000, 0x000000008b000000, 0x000000008b100000|  0%| F|  |TAMS 0x000000008b000000, 0x000000008b000000| Untracked 
| 177|0x000000008b100000, 0x000000008b100000, 0x000000008b200000|  0%| F|  |TAMS 0x000000008b100000, 0x000000008b100000| Untracked 
| 178|0x000000008b200000, 0x000000008b200000, 0x000000008b300000|  0%| F|  |TAMS 0x000000008b200000, 0x000000008b200000| Untracked 
| 179|0x000000008b300000, 0x000000008b300000, 0x000000008b400000|  0%| F|  |TAMS 0x000000008b300000, 0x000000008b300000| Untracked 
| 180|0x000000008b400000, 0x000000008b400000, 0x000000008b500000|  0%| F|  |TAMS 0x000000008b400000, 0x000000008b400000| Untracked 
| 181|0x000000008b500000, 0x000000008b500000, 0x000000008b600000|  0%| F|  |TAMS 0x000000008b500000, 0x000000008b500000| Untracked 
| 182|0x000000008b600000, 0x000000008b600000, 0x000000008b700000|  0%| F|  |TAMS 0x000000008b600000, 0x000000008b600000| Untracked 
| 183|0x000000008b700000, 0x000000008b700000, 0x000000008b800000|  0%| F|  |TAMS 0x000000008b700000, 0x000000008b700000| Untracked 
| 184|0x000000008b800000, 0x000000008b800000, 0x000000008b900000|  0%| F|  |TAMS 0x000000008b800000, 0x000000008b800000| Untracked 
| 185|0x000000008b900000, 0x000000008b900000, 0x000000008ba00000|  0%| F|  |TAMS 0x000000008b900000, 0x000000008b900000| Untracked 
| 186|0x000000008ba00000, 0x000000008ba00000, 0x000000008bb00000|  0%| F|  |TAMS 0x000000008ba00000, 0x000000008ba00000| Untracked 
| 187|0x000000008bb00000, 0x000000008bb00000, 0x000000008bc00000|  0%| F|  |TAMS 0x000000008bb00000, 0x000000008bb00000| Untracked 
| 188|0x000000008bc00000, 0x000000008bc00000, 0x000000008bd00000|  0%| F|  |TAMS 0x000000008bc00000, 0x000000008bc00000| Untracked 
| 189|0x000000008bd00000, 0x000000008bd00000, 0x000000008be00000|  0%| F|  |TAMS 0x000000008bd00000, 0x000000008bd00000| Untracked 
| 190|0x000000008be00000, 0x000000008be00000, 0x000000008bf00000|  0%| F|  |TAMS 0x000000008be00000, 0x000000008be00000| Untracked 
| 191|0x000000008bf00000, 0x000000008bf00000, 0x000000008c000000|  0%| F|  |TAMS 0x000000008bf00000, 0x000000008bf00000| Untracked 
| 192|0x000000008c000000, 0x000000008c000000, 0x000000008c100000|  0%| F|  |TAMS 0x000000008c000000, 0x000000008c000000| Untracked 
| 193|0x000000008c100000, 0x000000008c100000, 0x000000008c200000|  0%| F|  |TAMS 0x000000008c100000, 0x000000008c100000| Untracked 
| 194|0x000000008c200000, 0x000000008c280800, 0x000000008c300000| 50%| E|  |TAMS 0x000000008c200000, 0x000000008c200000| Complete 
| 195|0x000000008c300000, 0x000000008c400000, 0x000000008c400000|100%| E|CS|TAMS 0x000000008c300000, 0x000000008c300000| Complete 
| 196|0x000000008c400000, 0x000000008c500000, 0x000000008c500000|100%| E|  |TAMS 0x000000008c400000, 0x000000008c400000| Complete 
| 197|0x000000008c500000, 0x000000008c600000, 0x000000008c600000|100%| E|CS|TAMS 0x000000008c500000, 0x000000008c500000| Complete 
| 198|0x000000008c600000, 0x000000008c700000, 0x000000008c700000|100%| E|CS|TAMS 0x000000008c600000, 0x000000008c600000| Complete 
| 199|0x000000008c700000, 0x000000008c800000, 0x000000008c800000|100%| E|CS|TAMS 0x000000008c700000, 0x000000008c700000| Complete 
| 200|0x000000008c800000, 0x000000008c900000, 0x000000008c900000|100%| E|CS|TAMS 0x000000008c800000, 0x000000008c800000| Complete 
| 201|0x000000008c900000, 0x000000008ca00000, 0x000000008ca00000|100%| E|CS|TAMS 0x000000008c900000, 0x000000008c900000| Complete 
| 202|0x000000008ca00000, 0x000000008cb00000, 0x000000008cb00000|100%| E|CS|TAMS 0x000000008ca00000, 0x000000008ca00000| Complete 
| 203|0x000000008cb00000, 0x000000008cc00000, 0x000000008cc00000|100%| E|CS|TAMS 0x000000008cb00000, 0x000000008cb00000| Complete 
| 204|0x000000008cc00000, 0x000000008cd00000, 0x000000008cd00000|100%| E|CS|TAMS 0x000000008cc00000, 0x000000008cc00000| Complete 
| 205|0x000000008cd00000, 0x000000008ce00000, 0x000000008ce00000|100%| E|CS|TAMS 0x000000008cd00000, 0x000000008cd00000| Complete 
| 206|0x000000008ce00000, 0x000000008cf00000, 0x000000008cf00000|100%| E|CS|TAMS 0x000000008ce00000, 0x000000008ce00000| Complete 
| 207|0x000000008cf00000, 0x000000008d000000, 0x000000008d000000|100%| E|CS|TAMS 0x000000008cf00000, 0x000000008cf00000| Complete 
| 208|0x000000008d000000, 0x000000008d100000, 0x000000008d100000|100%| E|CS|TAMS 0x000000008d000000, 0x000000008d000000| Complete 
| 209|0x000000008d100000, 0x000000008d200000, 0x000000008d200000|100%| E|CS|TAMS 0x000000008d100000, 0x000000008d100000| Complete 
| 210|0x000000008d200000, 0x000000008d300000, 0x000000008d300000|100%| E|CS|TAMS 0x000000008d200000, 0x000000008d200000| Complete 
| 211|0x000000008d300000, 0x000000008d400000, 0x000000008d400000|100%| E|CS|TAMS 0x000000008d300000, 0x000000008d300000| Complete 
| 212|0x000000008d400000, 0x000000008d500000, 0x000000008d500000|100%| E|CS|TAMS 0x000000008d400000, 0x000000008d400000| Complete 
| 213|0x000000008d500000, 0x000000008d600000, 0x000000008d600000|100%| E|CS|TAMS 0x000000008d500000, 0x000000008d500000| Complete 
| 214|0x000000008d600000, 0x000000008d700000, 0x000000008d700000|100%| E|CS|TAMS 0x000000008d600000, 0x000000008d600000| Complete 
| 215|0x000000008d700000, 0x000000008d800000, 0x000000008d800000|100%| E|CS|TAMS 0x000000008d700000, 0x000000008d700000| Complete 
| 216|0x000000008d800000, 0x000000008d900000, 0x000000008d900000|100%| E|CS|TAMS 0x000000008d800000, 0x000000008d800000| Complete 
| 217|0x000000008d900000, 0x000000008da00000, 0x000000008da00000|100%| E|CS|TAMS 0x000000008d900000, 0x000000008d900000| Complete 
| 218|0x000000008da00000, 0x000000008db00000, 0x000000008db00000|100%| E|CS|TAMS 0x000000008da00000, 0x000000008da00000| Complete 
| 219|0x000000008db00000, 0x000000008dc00000, 0x000000008dc00000|100%| E|CS|TAMS 0x000000008db00000, 0x000000008db00000| Complete 
| 220|0x000000008dc00000, 0x000000008dd00000, 0x000000008dd00000|100%| E|CS|TAMS 0x000000008dc00000, 0x000000008dc00000| Complete 
| 221|0x000000008dd00000, 0x000000008de00000, 0x000000008de00000|100%| E|CS|TAMS 0x000000008dd00000, 0x000000008dd00000| Complete 
| 222|0x000000008de00000, 0x000000008df00000, 0x000000008df00000|100%| E|CS|TAMS 0x000000008de00000, 0x000000008de00000| Complete 
| 223|0x000000008df00000, 0x000000008e000000, 0x000000008e000000|100%| E|CS|TAMS 0x000000008df00000, 0x000000008df00000| Complete 
| 224|0x000000008e000000, 0x000000008e100000, 0x000000008e100000|100%| E|CS|TAMS 0x000000008e000000, 0x000000008e000000| Complete 
| 225|0x000000008e100000, 0x000000008e200000, 0x000000008e200000|100%| E|CS|TAMS 0x000000008e100000, 0x000000008e100000| Complete 
| 226|0x000000008e200000, 0x000000008e300000, 0x000000008e300000|100%| E|CS|TAMS 0x000000008e200000, 0x000000008e200000| Complete 
| 227|0x000000008e300000, 0x000000008e400000, 0x000000008e400000|100%| E|CS|TAMS 0x000000008e300000, 0x000000008e300000| Complete 
| 228|0x000000008e400000, 0x000000008e500000, 0x000000008e500000|100%| E|CS|TAMS 0x000000008e400000, 0x000000008e400000| Complete 
| 229|0x000000008e500000, 0x000000008e600000, 0x000000008e600000|100%| E|CS|TAMS 0x000000008e500000, 0x000000008e500000| Complete 
| 230|0x000000008e600000, 0x000000008e700000, 0x000000008e700000|100%| E|CS|TAMS 0x000000008e600000, 0x000000008e600000| Complete 
| 231|0x000000008e700000, 0x000000008e800000, 0x000000008e800000|100%| E|CS|TAMS 0x000000008e700000, 0x000000008e700000| Complete 
| 232|0x000000008e800000, 0x000000008e900000, 0x000000008e900000|100%| E|CS|TAMS 0x000000008e800000, 0x000000008e800000| Complete 
| 233|0x000000008e900000, 0x000000008ea00000, 0x000000008ea00000|100%| E|CS|TAMS 0x000000008e900000, 0x000000008e900000| Complete 
| 234|0x000000008ea00000, 0x000000008eb00000, 0x000000008eb00000|100%| E|CS|TAMS 0x000000008ea00000, 0x000000008ea00000| Complete 
| 235|0x000000008eb00000, 0x000000008ec00000, 0x000000008ec00000|100%| E|CS|TAMS 0x000000008eb00000, 0x000000008eb00000| Complete 
| 236|0x000000008ec00000, 0x000000008ed00000, 0x000000008ed00000|100%| E|CS|TAMS 0x000000008ec00000, 0x000000008ec00000| Complete 
| 237|0x000000008ed00000, 0x000000008ee00000, 0x000000008ee00000|100%| E|CS|TAMS 0x000000008ed00000, 0x000000008ed00000| Complete 
| 238|0x000000008ee00000, 0x000000008ef00000, 0x000000008ef00000|100%| E|CS|TAMS 0x000000008ee00000, 0x000000008ee00000| Complete 
| 239|0x000000008ef00000, 0x000000008f000000, 0x000000008f000000|100%| E|CS|TAMS 0x000000008ef00000, 0x000000008ef00000| Complete 
| 240|0x000000008f000000, 0x000000008f100000, 0x000000008f100000|100%| E|CS|TAMS 0x000000008f000000, 0x000000008f000000| Complete 
| 241|0x000000008f100000, 0x000000008f200000, 0x000000008f200000|100%| E|CS|TAMS 0x000000008f100000, 0x000000008f100000| Complete 
| 242|0x000000008f200000, 0x000000008f300000, 0x000000008f300000|100%| E|CS|TAMS 0x000000008f200000, 0x000000008f200000| Complete 
| 243|0x000000008f300000, 0x000000008f400000, 0x000000008f400000|100%| E|CS|TAMS 0x000000008f300000, 0x000000008f300000| Complete 
| 244|0x000000008f400000, 0x000000008f500000, 0x000000008f500000|100%| E|CS|TAMS 0x000000008f400000, 0x000000008f400000| Complete 
| 245|0x000000008f500000, 0x000000008f600000, 0x000000008f600000|100%| E|CS|TAMS 0x000000008f500000, 0x000000008f500000| Complete 
| 246|0x000000008f600000, 0x000000008f700000, 0x000000008f700000|100%| E|CS|TAMS 0x000000008f600000, 0x000000008f600000| Complete 
| 247|0x000000008f700000, 0x000000008f800000, 0x000000008f800000|100%| E|CS|TAMS 0x000000008f700000, 0x000000008f700000| Complete 
| 248|0x000000008f800000, 0x000000008f900000, 0x000000008f900000|100%| E|CS|TAMS 0x000000008f800000, 0x000000008f800000| Complete 
| 249|0x000000008f900000, 0x000000008fa00000, 0x000000008fa00000|100%| E|CS|TAMS 0x000000008f900000, 0x000000008f900000| Complete 
| 250|0x000000008fa00000, 0x000000008fb00000, 0x000000008fb00000|100%| E|CS|TAMS 0x000000008fa00000, 0x000000008fa00000| Complete 
| 251|0x000000008fb00000, 0x000000008fc00000, 0x000000008fc00000|100%| E|CS|TAMS 0x000000008fb00000, 0x000000008fb00000| Complete 
| 252|0x000000008fc00000, 0x000000008fd00000, 0x000000008fd00000|100%| E|CS|TAMS 0x000000008fc00000, 0x000000008fc00000| Complete 
| 253|0x000000008fd00000, 0x000000008fe00000, 0x000000008fe00000|100%| E|CS|TAMS 0x000000008fd00000, 0x000000008fd00000| Complete 
| 254|0x000000008fe00000, 0x000000008ff00000, 0x000000008ff00000|100%| E|CS|TAMS 0x000000008fe00000, 0x000000008fe00000| Complete 
| 255|0x000000008ff00000, 0x0000000090000000, 0x0000000090000000|100%| E|CS|TAMS 0x000000008ff00000, 0x000000008ff00000| Complete 
| 256|0x0000000090000000, 0x0000000090100000, 0x0000000090100000|100%| E|CS|TAMS 0x0000000090000000, 0x0000000090000000| Complete 
| 257|0x0000000090100000, 0x0000000090200000, 0x0000000090200000|100%| E|CS|TAMS 0x0000000090100000, 0x0000000090100000| Complete 
| 258|0x0000000090200000, 0x0000000090300000, 0x0000000090300000|100%| E|CS|TAMS 0x0000000090200000, 0x0000000090200000| Complete 
| 259|0x0000000090300000, 0x0000000090400000, 0x0000000090400000|100%| E|CS|TAMS 0x0000000090300000, 0x0000000090300000| Complete 
| 260|0x0000000090400000, 0x0000000090500000, 0x0000000090500000|100%| E|CS|TAMS 0x0000000090400000, 0x0000000090400000| Complete 
| 261|0x0000000090500000, 0x0000000090600000, 0x0000000090600000|100%| E|CS|TAMS 0x0000000090500000, 0x0000000090500000| Complete 
| 262|0x0000000090600000, 0x0000000090700000, 0x0000000090700000|100%| E|CS|TAMS 0x0000000090600000, 0x0000000090600000| Complete 
| 263|0x0000000090700000, 0x0000000090800000, 0x0000000090800000|100%| E|CS|TAMS 0x0000000090700000, 0x0000000090700000| Complete 
| 264|0x0000000090800000, 0x0000000090900000, 0x0000000090900000|100%| E|CS|TAMS 0x0000000090800000, 0x0000000090800000| Complete 
| 265|0x0000000090900000, 0x0000000090a00000, 0x0000000090a00000|100%| E|CS|TAMS 0x0000000090900000, 0x0000000090900000| Complete 
| 266|0x0000000090a00000, 0x0000000090b00000, 0x0000000090b00000|100%| E|CS|TAMS 0x0000000090a00000, 0x0000000090a00000| Complete 
| 267|0x0000000090b00000, 0x0000000090c00000, 0x0000000090c00000|100%| E|CS|TAMS 0x0000000090b00000, 0x0000000090b00000| Complete 
| 268|0x0000000090c00000, 0x0000000090d00000, 0x0000000090d00000|100%| E|CS|TAMS 0x0000000090c00000, 0x0000000090c00000| Complete 
| 269|0x0000000090d00000, 0x0000000090e00000, 0x0000000090e00000|100%| E|CS|TAMS 0x0000000090d00000, 0x0000000090d00000| Complete 
| 270|0x0000000090e00000, 0x0000000090f00000, 0x0000000090f00000|100%| E|CS|TAMS 0x0000000090e00000, 0x0000000090e00000| Complete 
| 271|0x0000000090f00000, 0x0000000091000000, 0x0000000091000000|100%| E|CS|TAMS 0x0000000090f00000, 0x0000000090f00000| Complete 
| 272|0x0000000091000000, 0x0000000091100000, 0x0000000091100000|100%| E|CS|TAMS 0x0000000091000000, 0x0000000091000000| Complete 
| 273|0x0000000091100000, 0x0000000091200000, 0x0000000091200000|100%| E|CS|TAMS 0x0000000091100000, 0x0000000091100000| Complete 

Card table byte_map: [0x000001a960830000,0x000001a960c30000] _byte_map_base: 0x000001a960430000

Marking Bits (Prev, Next): (CMBitMap*) 0x000001a94d56b798, (CMBitMap*) 0x000001a94d56b7d0
 Prev Bits: [0x000001a961030000, 0x000001a963030000)
 Next Bits: [0x000001a963030000, 0x000001a965030000)

Polling page: 0x000001a94bc80000

Metaspace:

Usage:
  Non-class:     41.68 MB capacity,    40.95 MB ( 98%) used,   621.96 KB (  1%) free+waste,   125.56 KB ( <1%) overhead. 
      Class:      6.42 MB capacity,     5.97 MB ( 93%) used,   406.17 KB (  6%) free+waste,    59.25 KB ( <1%) overhead. 
       Both:     48.10 MB capacity,    46.92 MB ( 98%) used,     1.00 MB (  2%) free+waste,   184.81 KB ( <1%) overhead. 

Virtual space:
  Non-class space:       42.00 MB reserved,      41.87 MB (>99%) committed 
      Class space:        1.00 GB reserved,       6.50 MB ( <1%) committed 
             Both:        1.04 GB reserved,      48.37 MB (  5%) committed 

Chunk freelists:
   Non-Class:  4.00 KB
       Class:  15.00 KB
        Both:  19.00 KB

MaxMetaspaceSize: 17179869184.00 GB
CompressedClassSpaceSize: 1.00 GB

CodeHeap 'non-profiled nmethods': size=120064Kb used=2384Kb max_used=2384Kb free=117679Kb
 bounds [0x000001a958af0000, 0x000001a958d60000, 0x000001a960030000]
CodeHeap 'profiled nmethods': size=120000Kb used=10494Kb max_used=10494Kb free=109505Kb
 bounds [0x000001a9515c0000, 0x000001a952000000, 0x000001a958af0000]
CodeHeap 'non-nmethods': size=5696Kb used=2215Kb max_used=2243Kb free=3481Kb
 bounds [0x000001a951030000, 0x000001a9512a0000, 0x000001a9515c0000]
 total_blobs=5999 nmethods=5213 adapters=697
 compilation: enabled
              stopped_count=0, restarted_count=0
 full_count=0

Compilation events (20 events):
Event: 7.326 Thread 0x000001a967cb4000 5210       3       java.util.stream.ReferencePipeline::makeNodeBuilder (6 bytes)
Event: 7.326 Thread 0x000001a967cb4000 nmethod 5210 0x000001a951fed090 code [0x000001a951fed2a0, 0x000001a951fed8e8]
Event: 7.328 Thread 0x000001a967cb4000 5211   !   3       org.codehaus.groovy.reflection.stdclasses.CachedSAMClass::getSAMMethodImpl (151 bytes)
Event: 7.329 Thread 0x000001a967cb4000 nmethod 5211 0x000001a951fedb10 code [0x000001a951fedec0, 0x000001a951fef768]
Event: 7.332 Thread 0x000001a967cb2800 nmethod 5201 0x000001a958d42e90 code [0x000001a958d43060, 0x000001a958d43cb8]
Event: 7.333 Thread 0x000001a967cb2800 5213       4       groovy.lang.MetaClassImpl$1MOPIter::methodNameAction (325 bytes)
Event: 7.342 Thread 0x000001a967cb4000 5215   !   3       sun.nio.fs.WindowsPath::getPathForWin32Calls (138 bytes)
Event: 7.343 Thread 0x000001a967cb4000 nmethod 5215 0x000001a951ff0010 code [0x000001a951ff0320, 0x000001a951ff1498]
Event: 7.345 Thread 0x000001a967cb4000 5216       3       sun.nio.fs.WindowsPath::checkRead (17 bytes)
Event: 7.345 Thread 0x000001a967cb4000 nmethod 5216 0x000001a951ff1a90 code [0x000001a951ff1ca0, 0x000001a951ff2348]
Event: 7.347 Thread 0x000001a967cb4000 5217       3       sun.nio.fs.WindowsFileSystemProvider::getFileAttributeView (132 bytes)
Event: 7.347 Thread 0x000001a967cb4000 nmethod 5217 0x000001a951ff2590 code [0x000001a951ff28c0, 0x000001a951ff3ce8]
Event: 7.348 Thread 0x000001a967cb4000 5218   !   3       sun.nio.fs.WindowsFileAttributes::get (214 bytes)
Event: 7.350 Thread 0x000001a967cb4000 nmethod 5218 0x000001a951ff4310 code [0x000001a951ff4820, 0x000001a951ff6968]
Event: 7.351 Thread 0x000001a967cb4000 5219   !   3       sun.nio.fs.WindowsFileAttributeViews$Basic::readAttributes (30 bytes)
Event: 7.351 Thread 0x000001a967cb4000 nmethod 5219 0x000001a951ff7c10 code [0x000001a951ff7e60, 0x000001a951ff86a8]
Event: 7.351 Thread 0x000001a967cb4000 5220       3       sun.nio.fs.WindowsFileAttributeViews$Basic::readAttributes (5 bytes)
Event: 7.352 Thread 0x000001a967cb4000 nmethod 5220 0x000001a951ff8990 code [0x000001a951ff8b40, 0x000001a951ff8ce8]
Event: 7.353 Thread 0x000001a967cb4000 5221       3       java.util.zip.ZipFile$Source$Key::hashCode (29 bytes)
Event: 7.353 Thread 0x000001a967cb4000 nmethod 5221 0x000001a951ff8d90 code [0x000001a951ff8fa0, 0x000001a951ff9338]

GC Heap History (20 events):
Event: 0.755 GC heap before
{Heap before GC invocations=1 (full 0):
 garbage-first heap   total 233472K, used 14552K [0x0000000080000000, 0x0000000100000000)
  region size 1024K, 11 young (11264K), 2 survivors (2048K)
 Metaspace       used 9417K, capacity 9569K, committed 9728K, reserved 1058816K
  class space    used 941K, capacity 1004K, committed 1024K, reserved 1048576K
}
Event: 0.758 GC heap after
{Heap after GC invocations=2 (full 0):
 garbage-first heap   total 233472K, used 8764K [0x0000000080000000, 0x0000000100000000)
  region size 1024K, 2 young (2048K), 2 survivors (2048K)
 Metaspace       used 9417K, capacity 9569K, committed 9728K, reserved 1058816K
  class space    used 941K, capacity 1004K, committed 1024K, reserved 1048576K
}
Event: 1.070 GC heap before
{Heap before GC invocations=2 (full 0):
 garbage-first heap   total 233472K, used 21052K [0x0000000080000000, 0x0000000100000000)
  region size 1024K, 15 young (15360K), 2 survivors (2048K)
 Metaspace       used 10833K, capacity 11073K, committed 11264K, reserved 1058816K
  class space    used 1130K, capacity 1207K, committed 1280K, reserved 1048576K
}
Event: 1.072 GC heap after
{Heap after GC invocations=3 (full 0):
 garbage-first heap   total 233472K, used 9472K [0x0000000080000000, 0x0000000100000000)
  region size 1024K, 1 young (1024K), 1 survivors (1024K)
 Metaspace       used 10833K, capacity 11073K, committed 11264K, reserved 1058816K
  class space    used 1130K, capacity 1207K, committed 1280K, reserved 1048576K
}
Event: 1.351 GC heap before
{Heap before GC invocations=3 (full 0):
 garbage-first heap   total 233472K, used 28928K [0x0000000080000000, 0x0000000100000000)
  region size 1024K, 19 young (19456K), 1 survivors (1024K)
 Metaspace       used 10905K, capacity 11137K, committed 11264K, reserved 1058816K
  class space    used 1131K, capacity 1207K, committed 1280K, reserved 1048576K
}
Event: 1.353 GC heap after
{Heap after GC invocations=4 (full 0):
 garbage-first heap   total 233472K, used 11720K [0x0000000080000000, 0x0000000100000000)
  region size 1024K, 2 young (2048K), 2 survivors (2048K)
 Metaspace       used 10905K, capacity 11137K, committed 11264K, reserved 1058816K
  class space    used 1131K, capacity 1207K, committed 1280K, reserved 1048576K
}
Event: 1.759 GC heap before
{Heap before GC invocations=4 (full 0):
 garbage-first heap   total 233472K, used 38344K [0x0000000080000000, 0x0000000100000000)
  region size 1024K, 28 young (28672K), 2 survivors (2048K)
 Metaspace       used 13808K, capacity 14137K, committed 14208K, reserved 1062912K
  class space    used 1528K, capacity 1654K, committed 1664K, reserved 1048576K
}
Event: 1.765 GC heap after
{Heap after GC invocations=5 (full 0):
 garbage-first heap   total 233472K, used 15525K [0x0000000080000000, 0x0000000100000000)
  region size 1024K, 4 young (4096K), 4 survivors (4096K)
 Metaspace       used 13808K, capacity 14137K, committed 14208K, reserved 1062912K
  class space    used 1528K, capacity 1654K, committed 1664K, reserved 1048576K
}
Event: 2.511 GC heap before
{Heap before GC invocations=5 (full 0):
 garbage-first heap   total 233472K, used 48293K [0x0000000080000000, 0x0000000100000000)
  region size 1024K, 36 young (36864K), 4 survivors (4096K)
 Metaspace       used 19513K, capacity 19968K, committed 20224K, reserved 1067008K
  class space    used 2373K, capacity 2514K, committed 2560K, reserved 1048576K
}
Event: 2.517 GC heap after
{Heap after GC invocations=6 (full 0):
 garbage-first heap   total 233472K, used 16888K [0x0000000080000000, 0x0000000100000000)
  region size 1024K, 4 young (4096K), 4 survivors (4096K)
 Metaspace       used 19513K, capacity 19968K, committed 20224K, reserved 1067008K
  class space    used 2373K, capacity 2514K, committed 2560K, reserved 1048576K
}
Event: 2.635 GC heap before
{Heap before GC invocations=6 (full 0):
 garbage-first heap   total 233472K, used 24056K [0x0000000080000000, 0x0000000100000000)
  region size 1024K, 12 young (12288K), 4 survivors (4096K)
 Metaspace       used 20690K, capacity 21102K, committed 21296K, reserved 1069056K
  class space    used 2528K, capacity 2658K, committed 2688K, reserved 1048576K
}
Event: 2.640 GC heap after
{Heap after GC invocations=7 (full 0):
 garbage-first heap   total 233472K, used 17321K [0x0000000080000000, 0x0000000100000000)
  region size 1024K, 2 young (2048K), 2 survivors (2048K)
 Metaspace       used 20690K, capacity 21102K, committed 21296K, reserved 1069056K
  class space    used 2528K, capacity 2658K, committed 2688K, reserved 1048576K
}
Event: 3.223 GC heap before
{Heap before GC invocations=8 (full 0):
 garbage-first heap   total 233472K, used 59305K [0x0000000080000000, 0x0000000100000000)
  region size 1024K, 44 young (45056K), 2 survivors (2048K)
 Metaspace       used 25069K, capacity 25580K, committed 25648K, reserved 1071104K
  class space    used 3228K, capacity 3433K, committed 3456K, reserved 1048576K
}
Event: 3.231 GC heap after
{Heap after GC invocations=9 (full 0):
 garbage-first heap   total 233472K, used 19195K [0x0000000080000000, 0x0000000100000000)
  region size 1024K, 4 young (4096K), 4 survivors (4096K)
 Metaspace       used 25069K, capacity 25580K, committed 25648K, reserved 1071104K
  class space    used 3228K, capacity 3433K, committed 3456K, reserved 1048576K
}
Event: 4.066 GC heap before
{Heap before GC invocations=9 (full 0):
 garbage-first heap   total 233472K, used 80635K [0x0000000080000000, 0x0000000100000000)
  region size 1024K, 64 young (65536K), 4 survivors (4096K)
 Metaspace       used 32350K, capacity 33024K, committed 33200K, reserved 1077248K
  class space    used 4255K, capacity 4536K, committed 4608K, reserved 1048576K
}
Event: 4.076 GC heap after
{Heap after GC invocations=10 (full 0):
 garbage-first heap   total 233472K, used 22058K [0x0000000080000000, 0x0000000100000000)
  region size 1024K, 7 young (7168K), 7 survivors (7168K)
 Metaspace       used 32350K, capacity 33024K, committed 33200K, reserved 1077248K
  class space    used 4255K, capacity 4536K, committed 4608K, reserved 1048576K
}
Event: 4.196 GC heap before
{Heap before GC invocations=10 (full 0):
 garbage-first heap   total 233472K, used 27178K [0x0000000080000000, 0x0000000100000000)
  region size 1024K, 13 young (13312K), 7 survivors (7168K)
 Metaspace       used 34903K, capacity 35643K, committed 35708K, reserved 1081344K
  class space    used 4530K, capacity 4857K, committed 4864K, reserved 1048576K
}
Event: 4.208 GC heap after
{Heap after GC invocations=11 (full 0):
 garbage-first heap   total 280576K, used 22931K [0x0000000080000000, 0x0000000100000000)
  region size 1024K, 6 young (6144K), 6 survivors (6144K)
 Metaspace       used 34903K, capacity 35643K, committed 35708K, reserved 1081344K
  class space    used 4530K, capacity 4857K, committed 4864K, reserved 1048576K
}
Event: 5.624 GC heap before
{Heap before GC invocations=12 (full 0):
 garbage-first heap   total 280576K, used 130451K [0x0000000080000000, 0x0000000100000000)
  region size 1024K, 108 young (110592K), 6 survivors (6144K)
 Metaspace       used 43832K, capacity 44891K, committed 45052K, reserved 1089536K
  class space    used 5590K, capacity 5983K, committed 6016K, reserved 1048576K
}
Event: 5.643 GC heap after
{Heap after GC invocations=13 (full 0):
 garbage-first heap   total 280576K, used 29546K [0x0000000080000000, 0x0000000100000000)
  region size 1024K, 13 young (13312K), 13 survivors (13312K)
 Metaspace       used 43832K, capacity 44891K, committed 45052K, reserved 1089536K
  class space    used 5590K, capacity 5983K, committed 6016K, reserved 1048576K
}

Deoptimization events (20 events):
Event: 7.191 Thread 0x000001a96ba63800 Uncommon trap: trap_request=0xffffff4d fr.pc=0x000001a958d3381c relative=0x000000000000017c
Event: 7.191 Thread 0x000001a96ba63800 Uncommon trap: reason=unstable_if action=reinterpret pc=0x000001a958d3381c method=java.util.concurrent.locks.ReentrantLock$Sync.nonfairTryAcquire(I)Z @ 34 c2
Event: 7.191 Thread 0x000001a96ba63800 DEOPT PACKING pc=0x000001a958d3381c sp=0x0000002ad6bfe510
Event: 7.191 Thread 0x000001a96ba63800 DEOPT UNPACKING pc=0x000001a95105662f sp=0x0000002ad6bfe448 mode 2
Event: 7.191 Thread 0x000001a96ba63800 Uncommon trap: trap_request=0xffffff4d fr.pc=0x000001a958d2809c relative=0x000000000000017c
Event: 7.191 Thread 0x000001a96ba63800 Uncommon trap: reason=unstable_if action=reinterpret pc=0x000001a958d2809c method=java.util.concurrent.locks.ReentrantLock$Sync.nonfairTryAcquire(I)Z @ 34 c2
Event: 7.191 Thread 0x000001a96ba63800 DEOPT PACKING pc=0x000001a958d2809c sp=0x0000002ad6bfe3a0
Event: 7.191 Thread 0x000001a96ba63800 DEOPT UNPACKING pc=0x000001a95105662f sp=0x0000002ad6bfe350 mode 2
Event: 7.203 Thread 0x000001a969f4d000 DEOPT PACKING pc=0x000001a951904ffa sp=0x0000002ad5ffe7a0
Event: 7.203 Thread 0x000001a969f4d000 DEOPT UNPACKING pc=0x000001a951056dde sp=0x0000002ad5ffdbd8 mode 0
Event: 7.289 Thread 0x000001a969f49000 DEOPT PACKING pc=0x000001a951ed8e7d sp=0x0000002ad61fdf10
Event: 7.289 Thread 0x000001a969f49000 DEOPT UNPACKING pc=0x000001a951056dde sp=0x0000002ad61fd348 mode 0
Event: 7.296 Thread 0x000001a969bdc000 DEOPT PACKING pc=0x000001a951d848f1 sp=0x0000002ad5bf99a0
Event: 7.296 Thread 0x000001a969bdc000 DEOPT UNPACKING pc=0x000001a951056dde sp=0x0000002ad5bf8e98 mode 0
Event: 7.331 Thread 0x000001a969bdc000 DEOPT PACKING pc=0x000001a95168dac4 sp=0x0000002ad5bf1be0
Event: 7.331 Thread 0x000001a969bdc000 DEOPT UNPACKING pc=0x000001a951056dde sp=0x0000002ad5bf11b8 mode 0
Event: 7.334 Thread 0x000001a969bdc000 DEOPT PACKING pc=0x000001a95168dac4 sp=0x0000002ad5bf1be0
Event: 7.334 Thread 0x000001a969bdc000 DEOPT UNPACKING pc=0x000001a951056dde sp=0x0000002ad5bf11b8 mode 0
Event: 7.335 Thread 0x000001a969bdc000 DEOPT PACKING pc=0x000001a95168d583 sp=0x0000002ad5bf1be0
Event: 7.336 Thread 0x000001a969bdc000 DEOPT UNPACKING pc=0x000001a951056dde sp=0x0000002ad5bf1140 mode 0

Classes redefined (0 events):
No events

Internal exceptions (20 events):
Event: 7.341 Thread 0x000001a969bdc000 Exception <a 'java/security/PrivilegedActionException'{0x000000008c7a6ad8}> (0x000000008c7a6ad8) thrown at [./src/hotspot/share/prims/jvm.cpp, line 1306]
Event: 7.341 Thread 0x000001a969bdc000 Exception <a 'java/security/PrivilegedActionException'{0x000000008c7a7d98}> (0x000000008c7a7d98) thrown at [./src/hotspot/share/prims/jvm.cpp, line 1306]
Event: 7.341 Thread 0x000001a969bdc000 Exception <a 'java/security/PrivilegedActionException'{0x000000008c7aa9c8}> (0x000000008c7aa9c8) thrown at [./src/hotspot/share/prims/jvm.cpp, line 1306]
Event: 7.341 Thread 0x000001a969bdc000 Exception <a 'java/security/PrivilegedActionException'{0x000000008c7abc88}> (0x000000008c7abc88) thrown at [./src/hotspot/share/prims/jvm.cpp, line 1306]
Event: 7.341 Thread 0x000001a969bdc000 Exception <a 'java/security/PrivilegedActionException'{0x000000008c7ae8b0}> (0x000000008c7ae8b0) thrown at [./src/hotspot/share/prims/jvm.cpp, line 1306]
Event: 7.341 Thread 0x000001a969bdc000 Exception <a 'java/security/PrivilegedActionException'{0x000000008c7afb70}> (0x000000008c7afb70) thrown at [./src/hotspot/share/prims/jvm.cpp, line 1306]
Event: 7.341 Thread 0x000001a969bdc000 Exception <a 'java/security/PrivilegedActionException'{0x000000008c7b27d0}> (0x000000008c7b27d0) thrown at [./src/hotspot/share/prims/jvm.cpp, line 1306]
Event: 7.342 Thread 0x000001a969bdc000 Exception <a 'java/security/PrivilegedActionException'{0x000000008c7b3a90}> (0x000000008c7b3a90) thrown at [./src/hotspot/share/prims/jvm.cpp, line 1306]
Event: 7.342 Thread 0x000001a969bdc000 Exception <a 'java/security/PrivilegedActionException'{0x000000008c7b6710}> (0x000000008c7b6710) thrown at [./src/hotspot/share/prims/jvm.cpp, line 1306]
Event: 7.342 Thread 0x000001a969bdc000 Exception <a 'java/security/PrivilegedActionException'{0x000000008c7b79d0}> (0x000000008c7b79d0) thrown at [./src/hotspot/share/prims/jvm.cpp, line 1306]
Event: 7.342 Thread 0x000001a969bdc000 Exception <a 'java/security/PrivilegedActionException'{0x000000008c7ba808}> (0x000000008c7ba808) thrown at [./src/hotspot/share/prims/jvm.cpp, line 1306]
Event: 7.342 Thread 0x000001a969bdc000 Exception <a 'java/security/PrivilegedActionException'{0x000000008c7bbac8}> (0x000000008c7bbac8) thrown at [./src/hotspot/share/prims/jvm.cpp, line 1306]
Event: 7.342 Thread 0x000001a969bdc000 Exception <a 'java/security/PrivilegedActionException'{0x000000008c7be6f0}> (0x000000008c7be6f0) thrown at [./src/hotspot/share/prims/jvm.cpp, line 1306]
Event: 7.342 Thread 0x000001a969bdc000 Exception <a 'java/security/PrivilegedActionException'{0x000000008c7bf9b0}> (0x000000008c7bf9b0) thrown at [./src/hotspot/share/prims/jvm.cpp, line 1306]
Event: 7.342 Thread 0x000001a969bdc000 Exception <a 'java/security/PrivilegedActionException'{0x000000008c7c2630}> (0x000000008c7c2630) thrown at [./src/hotspot/share/prims/jvm.cpp, line 1306]
Event: 7.342 Thread 0x000001a969bdc000 Exception <a 'java/security/PrivilegedActionException'{0x000000008c7c38f0}> (0x000000008c7c38f0) thrown at [./src/hotspot/share/prims/jvm.cpp, line 1306]
Event: 7.342 Thread 0x000001a969bdc000 Exception <a 'java/security/PrivilegedActionException'{0x000000008c7c6578}> (0x000000008c7c6578) thrown at [./src/hotspot/share/prims/jvm.cpp, line 1306]
Event: 7.342 Thread 0x000001a969bdc000 Exception <a 'java/security/PrivilegedActionException'{0x000000008c7c7838}> (0x000000008c7c7838) thrown at [./src/hotspot/share/prims/jvm.cpp, line 1306]
Event: 7.342 Thread 0x000001a969bdc000 Exception <a 'java/security/PrivilegedActionException'{0x000000008c7ca460}> (0x000000008c7ca460) thrown at [./src/hotspot/share/prims/jvm.cpp, line 1306]
Event: 7.342 Thread 0x000001a969bdc000 Exception <a 'java/security/PrivilegedActionException'{0x000000008c7cb720}> (0x000000008c7cb720) thrown at [./src/hotspot/share/prims/jvm.cpp, line 1306]

Events (20 events):
Event: 7.316 loading class build_3fwh2qnqevo4h1a1m7wu8miesBeanInfo
Event: 7.316 loading class build_3fwh2qnqevo4h1a1m7wu8miesBeanInfo done
Event: 7.316 loading class build_3fwh2qnqevo4h1a1m7wu8miesCustomizer
Event: 7.316 loading class build_3fwh2qnqevo4h1a1m7wu8miesCustomizer done
Event: 7.316 loading class build_3fwh2qnqevo4h1a1m7wu8miesCustomizer
Event: 7.316 loading class build_3fwh2qnqevo4h1a1m7wu8miesCustomizer done
Event: 7.319 loading class org/gradle/api/tasks/Delete
Event: 7.319 loading class org/gradle/api/tasks/Delete done
Event: 7.320 loading class org/gradle/api/tasks/Delete
Event: 7.320 loading class org/gradle/api/tasks/Delete done
Event: 7.320 loading class groovy/runtime/metaclass/build_3fwh2qnqevo4h1a1m7wu8mies$_run_closure1MetaClass
Event: 7.320 loading class groovy/runtime/metaclass/build_3fwh2qnqevo4h1a1m7wu8mies$_run_closure1MetaClass done
Event: 7.321 loading class groovy/runtime/metaclass/org/gradle/api/internal/project/DefaultProject_DecoratedMetaClass
Event: 7.321 loading class groovy/runtime/metaclass/org/gradle/api/internal/project/DefaultProject_DecoratedMetaClass done
Event: 7.330 loading class org/gradle/api/internal/project/DefaultProject_DecoratedBeanInfo
Event: 7.330 loading class org/gradle/api/internal/project/DefaultProject_DecoratedBeanInfo done
Event: 7.330 loading class org/gradle/api/internal/project/DefaultProject_DecoratedBeanInfo
Event: 7.330 loading class org/gradle/api/internal/project/DefaultProject_DecoratedBeanInfo done
Event: 7.330 loading class org/gradle/api/internal/project/DefaultProject_DecoratedBeanInfo
Event: 7.330 loading class org/gradle/api/internal/project/DefaultProject_DecoratedBeanInfo done


Dynamic libraries:
0x00007ff7771b0000 - 0x00007ff7771ba000 	E:\Android Studio\jre\bin\java.exe
0x00007ffacfc10000 - 0x00007ffacfe05000 	C:\WINDOWS\SYSTEM32\ntdll.dll
0x00007ffacec80000 - 0x00007ffaced3e000 	C:\WINDOWS\System32\KERNEL32.DLL
0x00007ffacd330000 - 0x00007ffacd5f8000 	C:\WINDOWS\System32\KERNELBASE.dll
0x00007ffacd690000 - 0x00007ffacd790000 	C:\WINDOWS\System32\ucrtbase.dll
0x00007ffab7a60000 - 0x00007ffab7a77000 	E:\Android Studio\jre\bin\VCRUNTIME140.dll
0x00007ffac8ee0000 - 0x00007ffac8ef9000 	E:\Android Studio\jre\bin\jli.dll
0x00007ffaced90000 - 0x00007ffacef30000 	C:\WINDOWS\System32\USER32.dll
0x00007ffacd9c0000 - 0x00007ffacd9e2000 	C:\WINDOWS\System32\win32u.dll
0x00007ffab8b70000 - 0x00007ffab8e0a000 	C:\WINDOWS\WinSxS\amd64_microsoft.windows.common-controls_6595b64144ccf1df_6.0.19041.1110_none_60b5254171f9507e\COMCTL32.dll
0x00007ffacf660000 - 0x00007ffacf68a000 	C:\WINDOWS\System32\GDI32.dll
0x00007fface490000 - 0x00007fface52e000 	C:\WINDOWS\System32\msvcrt.dll
0x00007ffacd8b0000 - 0x00007ffacd9bb000 	C:\WINDOWS\System32\gdi32full.dll
0x00007ffacdbd0000 - 0x00007ffacdc6d000 	C:\WINDOWS\System32\msvcp_win.dll
0x00007ffacfba0000 - 0x00007ffacfbd0000 	C:\WINDOWS\System32\IMM32.DLL
0x00007ffaa14b0000 - 0x00007ffaa154d000 	E:\Android Studio\jre\bin\msvcp140.dll
0x00007ffa927a0000 - 0x00007ffa93275000 	E:\Android Studio\jre\bin\server\jvm.dll
0x00007ffacf5b0000 - 0x00007ffacf65e000 	C:\WINDOWS\System32\ADVAPI32.dll
0x00007ffacefa0000 - 0x00007ffacf03c000 	C:\WINDOWS\System32\sechost.dll
0x00007ffacf480000 - 0x00007ffacf5a5000 	C:\WINDOWS\System32\RPCRT4.dll
0x00007ffaced50000 - 0x00007ffaced58000 	C:\WINDOWS\System32\PSAPI.DLL
0x00007ffac8d80000 - 0x00007ffac8d89000 	C:\WINDOWS\SYSTEM32\WSOCK32.dll
0x00007ffacef30000 - 0x00007ffacef9b000 	C:\WINDOWS\System32\WS2_32.dll
0x00007ffac50f0000 - 0x00007ffac5117000 	C:\WINDOWS\SYSTEM32\WINMM.dll
0x00007ffac5970000 - 0x00007ffac597a000 	C:\WINDOWS\SYSTEM32\VERSION.dll
0x00007ffacb270000 - 0x00007ffacb282000 	C:\WINDOWS\SYSTEM32\kernel.appcore.dll
0x00007ffac86b0000 - 0x00007ffac86c1000 	E:\Android Studio\jre\bin\verify.dll
0x00007ffab9ec0000 - 0x00007ffaba0a4000 	C:\WINDOWS\SYSTEM32\DBGHELP.DLL
0x00007ffab22e0000 - 0x00007ffab230c000 	C:\WINDOWS\SYSTEM32\dbgcore.DLL
0x00007ffacd600000 - 0x00007ffacd682000 	C:\WINDOWS\System32\bcryptPrimitives.dll
0x00007ffac8680000 - 0x00007ffac86a9000 	E:\Android Studio\jre\bin\java.dll
0x00007ffac7fe0000 - 0x00007ffac7feb000 	E:\Android Studio\jre\bin\jimage.dll
0x00007ffac5230000 - 0x00007ffac5248000 	E:\Android Studio\jre\bin\zip.dll
0x00007fface530000 - 0x00007ffacec74000 	C:\WINDOWS\System32\SHELL32.dll
0x00007ffacb470000 - 0x00007ffacbc04000 	C:\WINDOWS\SYSTEM32\windows.storage.dll
0x00007ffacf840000 - 0x00007ffacfb94000 	C:\WINDOWS\System32\combase.dll
0x00007ffacccd0000 - 0x00007ffacccfc000 	C:\WINDOWS\SYSTEM32\Wldp.dll
0x00007fface3e0000 - 0x00007fface48d000 	C:\WINDOWS\System32\SHCORE.dll
0x00007ffacf2f0000 - 0x00007ffacf345000 	C:\WINDOWS\System32\shlwapi.dll
0x00007ffacd270000 - 0x00007ffacd28f000 	C:\WINDOWS\SYSTEM32\profapi.dll
0x00007ffab8a70000 - 0x00007ffab8a8a000 	E:\Android Studio\jre\bin\net.dll
0x00007ffabc9e0000 - 0x00007ffabcaea000 	C:\WINDOWS\SYSTEM32\WINHTTP.dll
0x00007ffacca30000 - 0x00007ffacca9a000 	C:\WINDOWS\system32\mswsock.dll
0x00007ffab8610000 - 0x00007ffab8624000 	E:\Android Studio\jre\bin\nio.dll
0x00007ffab6420000 - 0x00007ffab6447000 	C:\Users\Jaen\.gradle\native\e1d6ef7f7dcc3fd88c89a11ec53ec762bb8ba0a96d01ffa2cd45eb1d1d8dd5c5\windows-amd64\native-platform.dll
0x00007ffa9edb0000 - 0x00007ffa9eef4000 	C:\Users\Jaen\.gradle\native\5664cfc778a61ccfe75a443a1ab52a65af34e5dc3c78e0209fed803814484fcb\windows-amd64\native-platform-file-events.dll
0x00007ffac7fd0000 - 0x00007ffac7fda000 	E:\Android Studio\jre\bin\management.dll
0x00007ffac7e70000 - 0x00007ffac7e7d000 	E:\Android Studio\jre\bin\management_ext.dll
0x00007ffaccc20000 - 0x00007ffaccc38000 	C:\WINDOWS\SYSTEM32\CRYPTSP.dll
0x00007ffacc3b0000 - 0x00007ffacc3e4000 	C:\WINDOWS\system32\rsaenh.dll
0x00007ffacd9f0000 - 0x00007ffacda17000 	C:\WINDOWS\System32\bcrypt.dll
0x00007ffacd230000 - 0x00007ffacd25e000 	C:\WINDOWS\SYSTEM32\USERENV.dll
0x00007ffaccc40000 - 0x00007ffaccc4c000 	C:\WINDOWS\SYSTEM32\CRYPTBASE.dll
0x00007ffacc720000 - 0x00007ffacc75b000 	C:\WINDOWS\SYSTEM32\IPHLPAPI.DLL
0x00007ffaced80000 - 0x00007ffaced88000 	C:\WINDOWS\System32\NSI.dll
0x00007ffac4010000 - 0x00007ffac4027000 	C:\WINDOWS\SYSTEM32\dhcpcsvc6.DLL
0x00007ffac3df0000 - 0x00007ffac3e0d000 	C:\WINDOWS\SYSTEM32\dhcpcsvc.DLL
0x00007ffacc760000 - 0x00007ffacc82b000 	C:\WINDOWS\SYSTEM32\DNSAPI.dll

dbghelp: loaded successfully - version: 4.0.5 - missing functions: none
symbol engine: initialized successfully - sym options: 0x614 - pdb path: (cannot be retrieved)

VM Arguments:
jvm_args: --add-opens=java.base/java.util=ALL-UNNAMED --add-opens=java.base/java.lang=ALL-UNNAMED --add-opens=java.base/java.lang.invoke=ALL-UNNAMED --add-opens=java.base/java.util=ALL-UNNAMED --add-opens=java.prefs/java.util.prefs=ALL-UNNAMED --add-opens=java.prefs/java.util.prefs=ALL-UNNAMED --add-opens=java.base/java.nio.charset=ALL-UNNAMED --add-opens=java.base/java.net=ALL-UNNAMED --add-opens=java.base/java.util.concurrent.atomic=ALL-UNNAMED -Xmx2048m -Dfile.encoding=UTF-8 -Duser.country=US -Duser.language=en -Duser.variant 
java_command: org.gradle.launcher.daemon.bootstrap.GradleDaemon 7.2
java_class_path (initial): C:\Users\Jaen\.gradle\wrapper\dists\gradle-7.2-bin\2dnblmf4td7x66yl1d74lt32g\gradle-7.2\lib\gradle-launcher-7.2.jar
Launcher Type: SUN_STANDARD

[Global flags]
     intx CICompilerCount                          = 2                                         {product} {ergonomic}
     uint ConcGCThreads                            = 1                                         {product} {ergonomic}
     uint G1ConcRefinementThreads                  = 2                                         {product} {ergonomic}
   size_t G1HeapRegionSize                         = 1048576                                   {product} {ergonomic}
    uintx GCDrainStackTargetSize                   = 64                                        {product} {ergonomic}
   size_t InitialHeapSize                          = 239075328                                 {product} {ergonomic}
   size_t MarkStackSize                            = 4194304                                   {product} {ergonomic}
   size_t MaxHeapSize                              = 2147483648                                {product} {command line}
   size_t MaxNewSize                               = 1287651328                                {product} {ergonomic}
   size_t MinHeapDeltaBytes                        = 1048576                                   {product} {ergonomic}
    uintx NonNMethodCodeHeapSize                   = 5825164                                {pd product} {ergonomic}
    uintx NonProfiledCodeHeapSize                  = 122916538                              {pd product} {ergonomic}
    uintx ProfiledCodeHeapSize                     = 122916538                              {pd product} {ergonomic}
    uintx ReservedCodeCacheSize                    = 251658240                              {pd product} {ergonomic}
     bool SegmentedCodeCache                       = true                                      {product} {ergonomic}
     bool UseCompressedClassPointers               = true                                 {lp64_product} {ergonomic}
     bool UseCompressedOops                        = true                                 {lp64_product} {ergonomic}
     bool UseG1GC                                  = true                                      {product} {ergonomic}
     bool UseLargePagesIndividualAllocation        = false                                  {pd product} {ergonomic}

Logging:
Log output configuration:
 #0: stdout all=warning uptime,level,tags
 #1: stderr all=off uptime,level,tags

Environment Variables:
PATH=C:\ProgramData\Oracle\Java\javapath;C:\Program Files\Common Files\Oracle\Java\javapath;C:\Program Files (x86)\Common Files\Oracle\Java\javapath;C:\Windows\system32;C:\Windows;C:\Windows\System32\Wbem;C:\Windows\System32\WindowsPowerShell\v1.0\;C:\Program Files (x86)\NVIDIA Corporation\PhysX\Common;C:\WINDOWS\system32;C:\WINDOWS;C:\WINDOWS\System32\Wbem;C:\WINDOWS\System32\WindowsPowerShell\v1.0\;C:\WINDOWS\System32\OpenSSH\;C:\ffmpeg\bin;E:\ffmpeg-20210804-65fdc0e589-win64-static;C:\Program Files\Git\cmd;E:\Program Files\NVIDIA Corporation\NVIDIA NvDLISR;C:\Users\Jaen\AppData\Local\Programs\Python\Python38-32\Scripts\;C:\Users\Jaen\AppData\Local\Programs\Python\Python38-32\;C:\Users\Jaen\AppData\Local\Microsoft\WindowsApps;
USERNAME=Jaen
OS=Windows_NT
PROCESSOR_IDENTIFIER=Intel64 Family 6 Model 158 Stepping 11, GenuineIntel



---------------  S Y S T E M  ---------------

OS: Windows 10 , 64 bit Build 19041 (10.0.19041.1645)
OS uptime: 0 days 8:49 hours

CPU:total 2 (initial active 2) (4 cores per cpu, 1 threads per core) family 6 model 158 stepping 11 microcode 0xb4, cmov, cx8, fxsr, mmx, sse, sse2, sse3, ssse3, sse4.1, sse4.2, popcnt, avx, avx2, aes, clmul, erms, 3dnowpref, lzcnt, tsc, tscinvbit, bmi1, bmi2, adx, fma

Memory: 4k page, system-wide physical 14540M (1745M free)
TotalPageFile size 14540M (AvailPageFile size 5M)
current process WorkingSet (physical memory assigned to process): 298M, peak: 298M
current process commit charge ("private bytes"): 456M, peak: 456M

vm_info: OpenJDK 64-Bit Server VM (11.0.11+9-b60-7590822) for windows-amd64 JRE (11.0.11+9-b60-7590822), built on Jul 29 2021 21:43:44 by "builder" with MS VC++ 14.0 (VS2015)

END.
